Temporary header file '/tmp/mdvn0wKpdf/dump2.h' with the following content will be compiled to create GCC translation unit dump:

  // add includes
  #include "/home/kayes/abi_tool/execution/mobile/abi-tool_v3.0/manual_approach/3.0/usr/include/v8/v8.h"
  #include "/home/kayes/abi_tool/execution/mobile/abi-tool_v3.0/manual_approach/3.0/usr/include/v8/v8-util.h"
  #include "/home/kayes/abi_tool/execution/mobile/abi-tool_v3.0/manual_approach/3.0/usr/include/v8/v8config.h"
  #include "/home/kayes/abi_tool/execution/mobile/abi-tool_v3.0/manual_approach/3.0/usr/include/v8/v8-debug.h"
  #include "/home/kayes/abi_tool/execution/mobile/abi-tool_v3.0/manual_approach/3.0/usr/include/v8/v8-platform.h"
  #include "/home/kayes/abi_tool/execution/mobile/abi-tool_v3.0/manual_approach/3.0/usr/include/v8/v8-profiler.h"
  #include "/home/kayes/abi_tool/execution/mobile/abi-tool_v3.0/manual_approach/3.0/usr/include/v8/v8-testing.h"
  #include "/home/kayes/abi_tool/execution/mobile/abi-tool_v3.0/manual_approach/3.0/usr/include/v8/v8-version.h"
  #include "/home/kayes/abi_tool/execution/mobile/abi-tool_v3.0/manual_approach/3.0/usr/include/chromium-ewk/ewk_application_cache_manager_internal.h"
  #include "/home/kayes/abi_tool/execution/mobile/abi-tool_v3.0/manual_approach/3.0/usr/include/chromium-ewk/ewk_auth_challenge_internal.h"
  #include "/home/kayes/abi_tool/execution/mobile/abi-tool_v3.0/manual_approach/3.0/usr/include/chromium-ewk/ewk_auth_challenge_product.h"
  #include "/home/kayes/abi_tool/execution/mobile/abi-tool_v3.0/manual_approach/3.0/usr/include/chromium-ewk/ewk_auth_request_internal.h"
  #include "/home/kayes/abi_tool/execution/mobile/abi-tool_v3.0/manual_approach/3.0/usr/include/chromium-ewk/ewk_autofill_profile.h"
  #include "/home/kayes/abi_tool/execution/mobile/abi-tool_v3.0/manual_approach/3.0/usr/include/chromium-ewk/ewk_back_forward_list.h"
  #include "/home/kayes/abi_tool/execution/mobile/abi-tool_v3.0/manual_approach/3.0/usr/include/chromium-ewk/ewk_back_forward_list_item.h"
  #include "/home/kayes/abi_tool/execution/mobile/abi-tool_v3.0/manual_approach/3.0/usr/include/chromium-ewk/ewk_certificate_internal.h"
  #include "/home/kayes/abi_tool/execution/mobile/abi-tool_v3.0/manual_approach/3.0/usr/include/chromium-ewk/ewk_certificate_product.h"
  #include "/home/kayes/abi_tool/execution/mobile/abi-tool_v3.0/manual_approach/3.0/usr/include/chromium-ewk/ewk_chromium.h"
  #include "/home/kayes/abi_tool/execution/mobile/abi-tool_v3.0/manual_approach/3.0/usr/include/chromium-ewk/ewk_console_message_internal.h"
  #include "/home/kayes/abi_tool/execution/mobile/abi-tool_v3.0/manual_approach/3.0/usr/include/chromium-ewk/ewk_console_message_product.h"
  #include "/home/kayes/abi_tool/execution/mobile/abi-tool_v3.0/manual_approach/3.0/usr/include/chromium-ewk/ewk_content_screening_detection_internal.h"
  #include "/home/kayes/abi_tool/execution/mobile/abi-tool_v3.0/manual_approach/3.0/usr/include/chromium-ewk/ewk_content_screening_detection_product.h"
  #include "/home/kayes/abi_tool/execution/mobile/abi-tool_v3.0/manual_approach/3.0/usr/include/chromium-ewk/ewk_context.h"
  #include "/home/kayes/abi_tool/execution/mobile/abi-tool_v3.0/manual_approach/3.0/usr/include/chromium-ewk/ewk_context_internal.h"
  #include "/home/kayes/abi_tool/execution/mobile/abi-tool_v3.0/manual_approach/3.0/usr/include/chromium-ewk/ewk_context_menu.h"
  #include "/home/kayes/abi_tool/execution/mobile/abi-tool_v3.0/manual_approach/3.0/usr/include/chromium-ewk/ewk_context_menu_internal.h"
  #include "/home/kayes/abi_tool/execution/mobile/abi-tool_v3.0/manual_approach/3.0/usr/include/chromium-ewk/ewk_context_menu_product.h"
  #include "/home/kayes/abi_tool/execution/mobile/abi-tool_v3.0/manual_approach/3.0/usr/include/chromium-ewk/ewk_context_product.h"
  #include "/home/kayes/abi_tool/execution/mobile/abi-tool_v3.0/manual_approach/3.0/usr/include/chromium-ewk/ewk_cookie_manager.h"
  #include "/home/kayes/abi_tool/execution/mobile/abi-tool_v3.0/manual_approach/3.0/usr/include/chromium-ewk/ewk_cookie_manager_internal.h"
  #include "/home/kayes/abi_tool/execution/mobile/abi-tool_v3.0/manual_approach/3.0/usr/include/chromium-ewk/ewk_cookie_manager_product.h"
  #include "/home/kayes/abi_tool/execution/mobile/abi-tool_v3.0/manual_approach/3.0/usr/include/chromium-ewk/ewk_custom_handlers_internal.h"
  #include "/home/kayes/abi_tool/execution/mobile/abi-tool_v3.0/manual_approach/3.0/usr/include/chromium-ewk/ewk_custom_handlers_product.h"
  #include "/home/kayes/abi_tool/execution/mobile/abi-tool_v3.0/manual_approach/3.0/usr/include/chromium-ewk/ewk_dispatcher_internal.h"
  #include "/home/kayes/abi_tool/execution/mobile/abi-tool_v3.0/manual_approach/3.0/usr/include/chromium-ewk/ewk_enums_internal.h"
  #include "/home/kayes/abi_tool/execution/mobile/abi-tool_v3.0/manual_approach/3.0/usr/include/chromium-ewk/ewk_enums_product.h"
  #include "/home/kayes/abi_tool/execution/mobile/abi-tool_v3.0/manual_approach/3.0/usr/include/chromium-ewk/ewk_error.h"
  #include "/home/kayes/abi_tool/execution/mobile/abi-tool_v3.0/manual_approach/3.0/usr/include/chromium-ewk/ewk_error_internal.h"
  #include "/home/kayes/abi_tool/execution/mobile/abi-tool_v3.0/manual_approach/3.0/usr/include/chromium-ewk/ewk_favicon_database_internal.h"
  #include "/home/kayes/abi_tool/execution/mobile/abi-tool_v3.0/manual_approach/3.0/usr/include/chromium-ewk/ewk_frame_internal.h"
  #include "/home/kayes/abi_tool/execution/mobile/abi-tool_v3.0/manual_approach/3.0/usr/include/chromium-ewk/ewk_frame_product.h"
  #include "/home/kayes/abi_tool/execution/mobile/abi-tool_v3.0/manual_approach/3.0/usr/include/chromium-ewk/ewk_geolocation.h"
  #include "/home/kayes/abi_tool/execution/mobile/abi-tool_v3.0/manual_approach/3.0/usr/include/chromium-ewk/ewk_geolocation_internal.h"
  #include "/home/kayes/abi_tool/execution/mobile/abi-tool_v3.0/manual_approach/3.0/usr/include/chromium-ewk/ewk_geolocation_product.h"
  #include "/home/kayes/abi_tool/execution/mobile/abi-tool_v3.0/manual_approach/3.0/usr/include/chromium-ewk/ewk_highcontrast_product.h"
  #include "/home/kayes/abi_tool/execution/mobile/abi-tool_v3.0/manual_approach/3.0/usr/include/chromium-ewk/ewk_history_internal.h"
  #include "/home/kayes/abi_tool/execution/mobile/abi-tool_v3.0/manual_approach/3.0/usr/include/chromium-ewk/ewk_history_product.h"
  #include "/home/kayes/abi_tool/execution/mobile/abi-tool_v3.0/manual_approach/3.0/usr/include/chromium-ewk/ewk_hit_test_internal.h"
  #include "/home/kayes/abi_tool/execution/mobile/abi-tool_v3.0/manual_approach/3.0/usr/include/chromium-ewk/ewk_hit_test_product.h"
  #include "/home/kayes/abi_tool/execution/mobile/abi-tool_v3.0/manual_approach/3.0/usr/include/chromium-ewk/ewk_intercept_request.h"
  #include "/home/kayes/abi_tool/execution/mobile/abi-tool_v3.0/manual_approach/3.0/usr/include/chromium-ewk/ewk_intercept_request_internal.h"
  #include "/home/kayes/abi_tool/execution/mobile/abi-tool_v3.0/manual_approach/3.0/usr/include/chromium-ewk/ewk_ipc_message_internal.h"
  #include "/home/kayes/abi_tool/execution/mobile/abi-tool_v3.0/manual_approach/3.0/usr/include/chromium-ewk/ewk_log_internal.h"
  #include "/home/kayes/abi_tool/execution/mobile/abi-tool_v3.0/manual_approach/3.0/usr/include/chromium-ewk/ewk_main.h"
  #include "/home/kayes/abi_tool/execution/mobile/abi-tool_v3.0/manual_approach/3.0/usr/include/chromium-ewk/ewk_main_internal.h"
  #include "/home/kayes/abi_tool/execution/mobile/abi-tool_v3.0/manual_approach/3.0/usr/include/chromium-ewk/ewk_main_product.h"
  #include "/home/kayes/abi_tool/execution/mobile/abi-tool_v3.0/manual_approach/3.0/usr/include/chromium-ewk/ewk_manifest.h"
  #include "/home/kayes/abi_tool/execution/mobile/abi-tool_v3.0/manual_approach/3.0/usr/include/chromium-ewk/ewk_media_playback_info.h"
  #include "/home/kayes/abi_tool/execution/mobile/abi-tool_v3.0/manual_approach/3.0/usr/include/chromium-ewk/ewk_media_subtitle_info.h"
  #include "/home/kayes/abi_tool/execution/mobile/abi-tool_v3.0/manual_approach/3.0/usr/include/chromium-ewk/ewk_notification_internal.h"
  #include "/home/kayes/abi_tool/execution/mobile/abi-tool_v3.0/manual_approach/3.0/usr/include/chromium-ewk/ewk_notification_product.h"
  #include "/home/kayes/abi_tool/execution/mobile/abi-tool_v3.0/manual_approach/3.0/usr/include/chromium-ewk/ewk_object_internal.h"
  #include "/home/kayes/abi_tool/execution/mobile/abi-tool_v3.0/manual_approach/3.0/usr/include/chromium-ewk/ewk_page_group_internal.h"
  #include "/home/kayes/abi_tool/execution/mobile/abi-tool_v3.0/manual_approach/3.0/usr/include/chromium-ewk/ewk_policy_decision.h"
  #include "/home/kayes/abi_tool/execution/mobile/abi-tool_v3.0/manual_approach/3.0/usr/include/chromium-ewk/ewk_policy_decision_internal.h"
  #include "/home/kayes/abi_tool/execution/mobile/abi-tool_v3.0/manual_approach/3.0/usr/include/chromium-ewk/ewk_policy_decision_product.h"
  #include "/home/kayes/abi_tool/execution/mobile/abi-tool_v3.0/manual_approach/3.0/usr/include/chromium-ewk/ewk_popup_menu_item_internal.h"
  #include "/home/kayes/abi_tool/execution/mobile/abi-tool_v3.0/manual_approach/3.0/usr/include/chromium-ewk/ewk_quota_permission_request_internal.h"
  #include "/home/kayes/abi_tool/execution/mobile/abi-tool_v3.0/manual_approach/3.0/usr/include/chromium-ewk/ewk_security_origin.h"
  #include "/home/kayes/abi_tool/execution/mobile/abi-tool_v3.0/manual_approach/3.0/usr/include/chromium-ewk/ewk_security_origin_internal.h"
  #include "/home/kayes/abi_tool/execution/mobile/abi-tool_v3.0/manual_approach/3.0/usr/include/chromium-ewk/ewk_security_origin_product.h"
  #include "/home/kayes/abi_tool/execution/mobile/abi-tool_v3.0/manual_approach/3.0/usr/include/chromium-ewk/ewk_settings.h"
  #include "/home/kayes/abi_tool/execution/mobile/abi-tool_v3.0/manual_approach/3.0/usr/include/chromium-ewk/ewk_settings_internal.h"
  #include "/home/kayes/abi_tool/execution/mobile/abi-tool_v3.0/manual_approach/3.0/usr/include/chromium-ewk/ewk_settings_product.h"
  #include "/home/kayes/abi_tool/execution/mobile/abi-tool_v3.0/manual_approach/3.0/usr/include/chromium-ewk/ewk_storage_manager_internal.h"
  #include "/home/kayes/abi_tool/execution/mobile/abi-tool_v3.0/manual_approach/3.0/usr/include/chromium-ewk/ewk_text_style_internal.h"
  #include "/home/kayes/abi_tool/execution/mobile/abi-tool_v3.0/manual_approach/3.0/usr/include/chromium-ewk/ewk_text_style_product.h"
  #include "/home/kayes/abi_tool/execution/mobile/abi-tool_v3.0/manual_approach/3.0/usr/include/chromium-ewk/ewk_touch_internal.h"
  #include "/home/kayes/abi_tool/execution/mobile/abi-tool_v3.0/manual_approach/3.0/usr/include/chromium-ewk/ewk_tracing_internal.h"
  #include "/home/kayes/abi_tool/execution/mobile/abi-tool_v3.0/manual_approach/3.0/usr/include/chromium-ewk/ewk_user_media_internal.h"
  #include "/home/kayes/abi_tool/execution/mobile/abi-tool_v3.0/manual_approach/3.0/usr/include/chromium-ewk/ewk_user_media_product.h"
  #include "/home/kayes/abi_tool/execution/mobile/abi-tool_v3.0/manual_approach/3.0/usr/include/chromium-ewk/ewk_value_product.h"
  #include "/home/kayes/abi_tool/execution/mobile/abi-tool_v3.0/manual_approach/3.0/usr/include/chromium-ewk/ewk_view.h"
  #include "/home/kayes/abi_tool/execution/mobile/abi-tool_v3.0/manual_approach/3.0/usr/include/chromium-ewk/ewk_view_internal.h"
  #include "/home/kayes/abi_tool/execution/mobile/abi-tool_v3.0/manual_approach/3.0/usr/include/chromium-ewk/ewk_view_product.h"
  #include "/home/kayes/abi_tool/execution/mobile/abi-tool_v3.0/manual_approach/3.0/usr/include/chromium-ewk/ewk_web_application_icon_data_internal.h"
  #include "/home/kayes/abi_tool/execution/mobile/abi-tool_v3.0/manual_approach/3.0/usr/include/chromium-ewk/ewk_window_features_internal.h"
  #include "/home/kayes/abi_tool/execution/mobile/abi-tool_v3.0/manual_approach/3.0/usr/include/chromium-ewk/EWebKit.h"
  #include "/home/kayes/abi_tool/execution/mobile/abi-tool_v3.0/manual_approach/3.0/usr/include/chromium-ewk/EWebKit_internal.h"
  #include "/home/kayes/abi_tool/execution/mobile/abi-tool_v3.0/manual_approach/3.0/usr/include/chromium-ewk/EWebKit_product.h"

  // add namespaces
  namespace v8{typedef int tmp_add_type_1;}
  v8::tmp_add_type_1 tmp_add_func_1(){return 0;};
  namespace v8{namespace internal{typedef int tmp_add_type_2;}}
  v8::internal::tmp_add_type_2 tmp_add_func_2(){return 0;};

  // add classes
  Eina_Tile_Grid_Info* tmp_add_class_0;
  Ewk_Event_Gesture* tmp_add_class_1;
  Ewk_Password_Data* tmp_add_class_2;
  Ewk_View_Smart_Class* tmp_add_class_3;
  Ewk_View_Smart_Data* tmp_add_class_4;
  _Efl_Gfx_Dash* tmp_add_class_5;
  _Efl_Gfx_Gradient_Stop* tmp_add_class_6;
  _Eina_Accessor* tmp_add_class_7;
  _Eina_Array* tmp_add_class_8;
  _Eina_Barrier* tmp_add_class_9;
  _Eina_Bezier* tmp_add_class_10;
  _Eina_Clist* tmp_add_class_11;
  _Eina_Condition* tmp_add_class_12;
  _Eina_Evlog_Buf* tmp_add_class_13;
  _Eina_Evlog_Item* tmp_add_class_14;
  _Eina_File_Direct_Info* tmp_add_class_15;
  _Eina_File_Line* tmp_add_class_16;
  _Eina_Hash_Tuple* tmp_add_class_17;
  _Eina_Inarray* tmp_add_class_18;
  _Eina_Inlist* tmp_add_class_19;
  _Eina_Iterator* tmp_add_class_20;
  _Eina_List* tmp_add_class_21;
  _Eina_List_Accounting* tmp_add_class_22;
  _Eina_Lock* tmp_add_class_23;
  _Eina_Log_Domain* tmp_add_class_24;
  _Eina_Matrix3* tmp_add_class_25;
  _Eina_Matrix3_F16p16* tmp_add_class_26;
  _Eina_Matrix4* tmp_add_class_27;
  _Eina_Mempool* tmp_add_class_28;
  _Eina_Mempool_Backend* tmp_add_class_29;
  _Eina_Mempool_Backend_ABI1* tmp_add_class_30;
  _Eina_Mempool_Backend_ABI2* tmp_add_class_31;
  _Eina_Point_3D* tmp_add_class_32;
  _Eina_Point_3D_F16p16* tmp_add_class_33;
  _Eina_Quad* tmp_add_class_34;
  _Eina_Quaternion* tmp_add_class_35;
  _Eina_Quaternion_F16p16* tmp_add_class_36;
  _Eina_RWLock* tmp_add_class_37;
  _Eina_Rbtree* tmp_add_class_38;
  _Eina_Rectangle* tmp_add_class_39;
  _Eina_Simple_XML_Attribute* tmp_add_class_40;
  _Eina_Simple_XML_Node* tmp_add_class_41;
  _Eina_Simple_XML_Node_Data* tmp_add_class_42;
  _Eina_Simple_XML_Node_Tag* tmp_add_class_43;
  _Eina_Stat* tmp_add_class_44;
  _Eina_Thread_Queue_Msg* tmp_add_class_45;
  _Eina_Thread_Queue_Msg_Sub* tmp_add_class_46;
  _Eina_Tile_Grid_Slicer* tmp_add_class_47;
  _Eina_Trash* tmp_add_class_48;
  _Eina_Value* tmp_add_class_49;
  _Eina_Value_Array* tmp_add_class_50;
  _Eina_Value_Blob* tmp_add_class_51;
  _Eina_Value_Blob_Operations* tmp_add_class_52;
  _Eina_Value_Hash* tmp_add_class_53;
  _Eina_Value_List* tmp_add_class_54;
  _Eina_Value_Struct* tmp_add_class_55;
  _Eina_Value_Struct_Desc* tmp_add_class_56;
  _Eina_Value_Struct_Member* tmp_add_class_57;
  _Eina_Value_Struct_Operations* tmp_add_class_58;
  _Eina_Value_Type* tmp_add_class_59;
  _Eina_Value_Union* tmp_add_class_60;
  _Eina_Version* tmp_add_class_61;
  _Eina_Xattr* tmp_add_class_62;
  _Emile_Image_Animated* tmp_add_class_63;
  _Emile_Image_Load_Opts* tmp_add_class_64;
  _Emile_Image_Property* tmp_add_class_65;
  _Eo_Call_Cache* tmp_add_class_66;
  _Eo_Call_Cache_Entry* tmp_add_class_67;
  _Eo_Call_Cache_Index* tmp_add_class_68;
  _Eo_Call_Cache_Off* tmp_add_class_69;
  _Eo_Callback_Array_Item* tmp_add_class_70;
  _Eo_Class_Description* tmp_add_class_71;
  _Eo_Dbg_Info* tmp_add_class_72;
  _Eo_Event_Description* tmp_add_class_73;
  _Eo_Op_Call_Data* tmp_add_class_74;
  _Eo_Op_Description* tmp_add_class_75;
  _Evas_Axis* tmp_add_class_76;
  _Evas_Coord_Point* tmp_add_class_77;
  _Evas_Coord_Precision_Point* tmp_add_class_78;
  _Evas_Coord_Precision_Size* tmp_add_class_79;
  _Evas_Coord_Rectangle* tmp_add_class_80;
  _Evas_Coord_Size* tmp_add_class_81;
  _Evas_Cserve_Config* tmp_add_class_82;
  _Evas_Cserve_Image* tmp_add_class_83;
  _Evas_Cserve_Image_Cache* tmp_add_class_84;
  _Evas_Cserve_Stats* tmp_add_class_85;
  _Evas_Engine_Info* tmp_add_class_86;
  _Evas_Event_Axis_Update* tmp_add_class_87;
  _Evas_Event_Hold* tmp_add_class_88;
  _Evas_Event_Key_Down* tmp_add_class_89;
  _Evas_Event_Key_Up* tmp_add_class_90;
  _Evas_Event_Mouse_Down* tmp_add_class_91;
  _Evas_Event_Mouse_In* tmp_add_class_92;
  _Evas_Event_Mouse_Move* tmp_add_class_93;
  _Evas_Event_Mouse_Out* tmp_add_class_94;
  _Evas_Event_Mouse_Up* tmp_add_class_95;
  _Evas_Event_Mouse_Wheel* tmp_add_class_96;
  _Evas_Event_Multi_Down* tmp_add_class_97;
  _Evas_Event_Multi_Move* tmp_add_class_98;
  _Evas_Event_Multi_Up* tmp_add_class_99;
  _Evas_Event_Render_Post* tmp_add_class_100;
  _Evas_Image_Load_Func* tmp_add_class_101;
  _Evas_Module* tmp_add_class_102;
  _Evas_Module_Api* tmp_add_class_103;
  _Evas_Native_Surface* tmp_add_class_104;
  _Evas_Object_Box_Api* tmp_add_class_105;
  _Evas_Object_Box_Data* tmp_add_class_106;
  _Evas_Object_Box_Option* tmp_add_class_107;
  _Evas_Object_Smart_Clipped_Data* tmp_add_class_108;
  _Evas_Pixel_Import_Source* tmp_add_class_109;
  _Evas_Point* tmp_add_class_110;
  _Evas_Position* tmp_add_class_111;
  _Evas_Precision_Position* tmp_add_class_112;
  _Evas_Smart_Cb_Description* tmp_add_class_113;
  _Evas_Smart_Class* tmp_add_class_114;
  _Evas_Smart_Interface* tmp_add_class_115;
  _Evas_Textblock_Rectangle* tmp_add_class_116;
  _Evas_Textgrid_Cell* tmp_add_class_117;
  _Evas_Version* tmp_add_class_118;
  _Evas_Video_Surface* tmp_add_class_119;
  _Ewk_Notification_Permission* tmp_add_class_120;
  _Ewk_Script_Message* tmp_add_class_121;
  _Ewk_Touch_Point* tmp_add_class_122;
  itimerval* tmp_add_class_123;
  pthread_attr_t* tmp_add_class_124;

The GCC parameters:
  gcc -fdump-translation-unit -fkeep-inline-functions -c -x c++-header -fpermissive -w  -std=c++0x "/tmp/mdvn0wKpdf/dump2.h"  -I/home/kayes/tizen-sdk/platforms/tizen-3.0/mobile/rootstraps/mobile-3.0-device.core/usr/include -I/home/kayes/tizen-sdk/platforms/tizen-3.0/mobile/rootstraps/mobile-3.0-device.core/usr/include/evas-1 -I/home/kayes/tizen-sdk/platforms/tizen-3.0/mobile/rootstraps/mobile-3.0-device.core/usr/include/eo-1 -I/home/kayes/tizen-sdk/platforms/tizen-3.0/mobile/rootstraps/mobile-3.0-device.core/usr/include/emile-1 -I/home/kayes/tizen-sdk/platforms/tizen-3.0/mobile/rootstraps/mobile-3.0-device.core/usr/include/eina-1 -I/home/kayes/tizen-sdk/platforms/tizen-3.0/mobile/rootstraps/mobile-3.0-device.core/usr/include/efl-1 -I/home/kayes/tizen-sdk/platforms/tizen-3.0/mobile/rootstraps/mobile-3.0-device.core/usr/include/eina-1/eina

In file included from /tmp/mdvn0wKpdf/dump2.h:19:0:
/home/kayes/abi_tool/execution/mobile/abi-tool_v3.0/manual_approach/3.0/usr/include/chromium-ewk/ewk_certificate_product.h:60:117: error: declaration of C function ‘void ewk_certificate_policy_decision_suspend(Ewk_Certificate_Policy_Decision*)’ conflicts with
 EXPORT_API void ewk_certificate_policy_decision_suspend(Ewk_Certificate_Policy_Decision* certificate_policy_decision);
                                                                                                                     ^
In file included from /tmp/mdvn0wKpdf/dump2.h:18:0:
/home/kayes/abi_tool/execution/mobile/abi-tool_v3.0/manual_approach/3.0/usr/include/chromium-ewk/ewk_certificate_internal.h:118:22: error: previous declaration ‘Eina_Bool ewk_certificate_policy_decision_suspend(Ewk_Certificate_Policy_Decision*)’ here
 EXPORT_API Eina_Bool ewk_certificate_policy_decision_suspend(Ewk_Certificate_Policy_Decision* certificate_policy_decision);
                      ^
In file included from /home/kayes/abi_tool/execution/mobile/abi-tool_v3.0/manual_approach/3.0/usr/include/chromium-ewk/EWebKit.h:33:0,
                 from /home/kayes/abi_tool/execution/mobile/abi-tool_v3.0/manual_approach/3.0/usr/include/chromium-ewk/ewk_chromium.h:8,
                 from /tmp/mdvn0wKpdf/dump2.h:20:
/home/kayes/abi_tool/execution/mobile/abi-tool_v3.0/manual_approach/3.0/usr/include/chromium-ewk/ewk_context.h:273:75: error: expected initializer before ‘TIZEN_DEPRECATED_API’
 EXPORT_API void ewk_context_preferred_languages_set(Eina_List* languages) TIZEN_DEPRECATED_API;
                                                                           ^
In file included from /home/kayes/abi_tool/execution/mobile/abi-tool_v3.0/manual_approach/3.0/usr/include/chromium-ewk/EWebKit.h:43:0,
                 from /home/kayes/abi_tool/execution/mobile/abi-tool_v3.0/manual_approach/3.0/usr/include/chromium-ewk/ewk_chromium.h:8,
                 from /tmp/mdvn0wKpdf/dump2.h:20:
/home/kayes/abi_tool/execution/mobile/abi-tool_v3.0/manual_approach/3.0/usr/include/chromium-ewk/ewk_settings.h:239:106: error: expected initializer before ‘TIZEN_DEPRECATED_API’
 EXPORT_API Eina_Bool ewk_settings_private_browsing_enabled_set(Ewk_Settings* settings, Eina_Bool enable) TIZEN_DEPRECATED_API;
                                                                                                          ^
/home/kayes/abi_tool/execution/mobile/abi-tool_v3.0/manual_approach/3.0/usr/include/chromium-ewk/ewk_settings.h:256:94: error: expected initializer before ‘TIZEN_DEPRECATED_API’
 EXPORT_API Eina_Bool ewk_settings_private_browsing_enabled_get(const Ewk_Settings* settings) TIZEN_DEPRECATED_API;
                                                                                              ^
In file included from /home/kayes/abi_tool/execution/mobile/abi-tool_v3.0/manual_approach/3.0/usr/include/chromium-ewk/EWebKit_product.h:32:0,
                 from /home/kayes/abi_tool/execution/mobile/abi-tool_v3.0/manual_approach/3.0/usr/include/chromium-ewk/ewk_chromium.h:10,
                 from /tmp/mdvn0wKpdf/dump2.h:20:
/home/kayes/abi_tool/execution/mobile/abi-tool_v3.0/manual_approach/3.0/usr/include/chromium-ewk/ewk_console_message_product.h:25:3: error: redeclaration of ‘EWK_CONSOLE_MESSAGE_LEVEL_NULL’
   EWK_CONSOLE_MESSAGE_LEVEL_NULL,
   ^
In file included from /home/kayes/abi_tool/execution/mobile/abi-tool_v3.0/manual_approach/3.0/usr/include/chromium-ewk/EWebKit_internal.h:40:0,
                 from /home/kayes/abi_tool/execution/mobile/abi-tool_v3.0/manual_approach/3.0/usr/include/chromium-ewk/ewk_chromium.h:9,
                 from /tmp/mdvn0wKpdf/dump2.h:20:
/home/kayes/abi_tool/execution/mobile/abi-tool_v3.0/manual_approach/3.0/usr/include/chromium-ewk/ewk_console_message_internal.h:46:5: note: previous declaration ‘Ewk_Console_Message_Level EWK_CONSOLE_MESSAGE_LEVEL_NULL’
     EWK_CONSOLE_MESSAGE_LEVEL_NULL,
     ^
In file included from /home/kayes/abi_tool/execution/mobile/abi-tool_v3.0/manual_approach/3.0/usr/include/chromium-ewk/EWebKit_product.h:32:0,
                 from /home/kayes/abi_tool/execution/mobile/abi-tool_v3.0/manual_approach/3.0/usr/include/chromium-ewk/ewk_chromium.h:10,
                 from /tmp/mdvn0wKpdf/dump2.h:20:
/home/kayes/abi_tool/execution/mobile/abi-tool_v3.0/manual_approach/3.0/usr/include/chromium-ewk/ewk_console_message_product.h:26:3: error: redeclaration of ‘EWK_CONSOLE_MESSAGE_LEVEL_LOG’
   EWK_CONSOLE_MESSAGE_LEVEL_LOG,
   ^
In file included from /home/kayes/abi_tool/execution/mobile/abi-tool_v3.0/manual_approach/3.0/usr/include/chromium-ewk/EWebKit_internal.h:40:0,
                 from /home/kayes/abi_tool/execution/mobile/abi-tool_v3.0/manual_approach/3.0/usr/include/chromium-ewk/ewk_chromium.h:9,
                 from /tmp/mdvn0wKpdf/dump2.h:20:
/home/kayes/abi_tool/execution/mobile/abi-tool_v3.0/manual_approach/3.0/usr/include/chromium-ewk/ewk_console_message_internal.h:47:5: note: previous declaration ‘Ewk_Console_Message_Level EWK_CONSOLE_MESSAGE_LEVEL_LOG’
     EWK_CONSOLE_MESSAGE_LEVEL_LOG,
     ^
In file included from /home/kayes/abi_tool/execution/mobile/abi-tool_v3.0/manual_approach/3.0/usr/include/chromium-ewk/EWebKit_product.h:32:0,
                 from /home/kayes/abi_tool/execution/mobile/abi-tool_v3.0/manual_approach/3.0/usr/include/chromium-ewk/ewk_chromium.h:10,
                 from /tmp/mdvn0wKpdf/dump2.h:20:
/home/kayes/abi_tool/execution/mobile/abi-tool_v3.0/manual_approach/3.0/usr/include/chromium-ewk/ewk_console_message_product.h:27:3: error: redeclaration of ‘EWK_CONSOLE_MESSAGE_LEVEL_WARNING’
   EWK_CONSOLE_MESSAGE_LEVEL_WARNING,
   ^
In file included from /home/kayes/abi_tool/execution/mobile/abi-tool_v3.0/manual_approach/3.0/usr/include/chromium-ewk/EWebKit_internal.h:40:0,
                 from /home/kayes/abi_tool/execution/mobile/abi-tool_v3.0/manual_approach/3.0/usr/include/chromium-ewk/ewk_chromium.h:9,
                 from /tmp/mdvn0wKpdf/dump2.h:20:
/home/kayes/abi_tool/execution/mobile/abi-tool_v3.0/manual_approach/3.0/usr/include/chromium-ewk/ewk_console_message_internal.h:48:5: note: previous declaration ‘Ewk_Console_Message_Level EWK_CONSOLE_MESSAGE_LEVEL_WARNING’
     EWK_CONSOLE_MESSAGE_LEVEL_WARNING,
     ^
In file included from /home/kayes/abi_tool/execution/mobile/abi-tool_v3.0/manual_approach/3.0/usr/include/chromium-ewk/EWebKit_product.h:32:0,
                 from /home/kayes/abi_tool/execution/mobile/abi-tool_v3.0/manual_approach/3.0/usr/include/chromium-ewk/ewk_chromium.h:10,
                 from /tmp/mdvn0wKpdf/dump2.h:20:
/home/kayes/abi_tool/execution/mobile/abi-tool_v3.0/manual_approach/3.0/usr/include/chromium-ewk/ewk_console_message_product.h:28:3: error: redeclaration of ‘EWK_CONSOLE_MESSAGE_LEVEL_ERROR’
   EWK_CONSOLE_MESSAGE_LEVEL_ERROR,
   ^
In file included from /home/kayes/abi_tool/execution/mobile/abi-tool_v3.0/manual_approach/3.0/usr/include/chromium-ewk/EWebKit_internal.h:40:0,
                 from /home/kayes/abi_tool/execution/mobile/abi-tool_v3.0/manual_approach/3.0/usr/include/chromium-ewk/ewk_chromium.h:9,
                 from /tmp/mdvn0wKpdf/dump2.h:20:
/home/kayes/abi_tool/execution/mobile/abi-tool_v3.0/manual_approach/3.0/usr/include/chromium-ewk/ewk_console_message_internal.h:49:5: note: previous declaration ‘Ewk_Console_Message_Level EWK_CONSOLE_MESSAGE_LEVEL_ERROR’
     EWK_CONSOLE_MESSAGE_LEVEL_ERROR,
     ^
In file included from /home/kayes/abi_tool/execution/mobile/abi-tool_v3.0/manual_approach/3.0/usr/include/chromium-ewk/EWebKit_product.h:32:0,
                 from /home/kayes/abi_tool/execution/mobile/abi-tool_v3.0/manual_approach/3.0/usr/include/chromium-ewk/ewk_chromium.h:10,
                 from /tmp/mdvn0wKpdf/dump2.h:20:
/home/kayes/abi_tool/execution/mobile/abi-tool_v3.0/manual_approach/3.0/usr/include/chromium-ewk/ewk_console_message_product.h:29:3: error: redeclaration of ‘EWK_CONSOLE_MESSAGE_LEVEL_DEBUG’
   EWK_CONSOLE_MESSAGE_LEVEL_DEBUG,
   ^
In file included from /home/kayes/abi_tool/execution/mobile/abi-tool_v3.0/manual_approach/3.0/usr/include/chromium-ewk/EWebKit_internal.h:40:0,
                 from /home/kayes/abi_tool/execution/mobile/abi-tool_v3.0/manual_approach/3.0/usr/include/chromium-ewk/ewk_chromium.h:9,
                 from /tmp/mdvn0wKpdf/dump2.h:20:
/home/kayes/abi_tool/execution/mobile/abi-tool_v3.0/manual_approach/3.0/usr/include/chromium-ewk/ewk_console_message_internal.h:50:5: note: previous declaration ‘Ewk_Console_Message_Level EWK_CONSOLE_MESSAGE_LEVEL_DEBUG’
     EWK_CONSOLE_MESSAGE_LEVEL_DEBUG,
     ^
In file included from /home/kayes/abi_tool/execution/mobile/abi-tool_v3.0/manual_approach/3.0/usr/include/chromium-ewk/EWebKit_product.h:32:0,
                 from /home/kayes/abi_tool/execution/mobile/abi-tool_v3.0/manual_approach/3.0/usr/include/chromium-ewk/ewk_chromium.h:10,
                 from /tmp/mdvn0wKpdf/dump2.h:20:
/home/kayes/abi_tool/execution/mobile/abi-tool_v3.0/manual_approach/3.0/usr/include/chromium-ewk/ewk_console_message_product.h:30:3: error: redeclaration of ‘EWK_CONSOLE_MESSAGE_LEVEL_INFO’
   EWK_CONSOLE_MESSAGE_LEVEL_INFO,
   ^
In file included from /home/kayes/abi_tool/execution/mobile/abi-tool_v3.0/manual_approach/3.0/usr/include/chromium-ewk/EWebKit_internal.h:40:0,
                 from /home/kayes/abi_tool/execution/mobile/abi-tool_v3.0/manual_approach/3.0/usr/include/chromium-ewk/ewk_chromium.h:9,
                 from /tmp/mdvn0wKpdf/dump2.h:20:
/home/kayes/abi_tool/execution/mobile/abi-tool_v3.0/manual_approach/3.0/usr/include/chromium-ewk/ewk_console_message_internal.h:51:5: note: previous declaration ‘Ewk_Console_Message_Level EWK_CONSOLE_MESSAGE_LEVEL_INFO’
     EWK_CONSOLE_MESSAGE_LEVEL_INFO,
     ^
In file included from /home/kayes/abi_tool/execution/mobile/abi-tool_v3.0/manual_approach/3.0/usr/include/chromium-ewk/EWebKit_product.h:32:0,
                 from /home/kayes/abi_tool/execution/mobile/abi-tool_v3.0/manual_approach/3.0/usr/include/chromium-ewk/ewk_chromium.h:10,
                 from /tmp/mdvn0wKpdf/dump2.h:20:
/home/kayes/abi_tool/execution/mobile/abi-tool_v3.0/manual_approach/3.0/usr/include/chromium-ewk/ewk_console_message_product.h:31:3: error: conflicting declaration ‘typedef enum Ewk_Console_Message_Level Ewk_Console_Message_Level’
 } Ewk_Console_Message_Level;
   ^
In file included from /home/kayes/abi_tool/execution/mobile/abi-tool_v3.0/manual_approach/3.0/usr/include/chromium-ewk/EWebKit_internal.h:40:0,
                 from /home/kayes/abi_tool/execution/mobile/abi-tool_v3.0/manual_approach/3.0/usr/include/chromium-ewk/ewk_chromium.h:9,
                 from /tmp/mdvn0wKpdf/dump2.h:20:
/home/kayes/abi_tool/execution/mobile/abi-tool_v3.0/manual_approach/3.0/usr/include/chromium-ewk/ewk_console_message_internal.h:52:3: error: ‘Ewk_Console_Message_Level’ has a previous declaration as ‘typedef enum Ewk_Console_Message_Level Ewk_Console_Message_Level’
 } Ewk_Console_Message_Level;
   ^
In file included from /home/kayes/abi_tool/execution/mobile/abi-tool_v3.0/manual_approach/3.0/usr/include/chromium-ewk/EWebKit_product.h:37:0,
                 from /home/kayes/abi_tool/execution/mobile/abi-tool_v3.0/manual_approach/3.0/usr/include/chromium-ewk/ewk_chromium.h:10,
                 from /tmp/mdvn0wKpdf/dump2.h:20:
/home/kayes/abi_tool/execution/mobile/abi-tool_v3.0/manual_approach/3.0/usr/include/chromium-ewk/ewk_custom_handlers_product.h:39:6: error: multiple definition of ‘enum _Ewk_Custom_Handlers_State’
 enum _Ewk_Custom_Handlers_State {
      ^
In file included from /home/kayes/abi_tool/execution/mobile/abi-tool_v3.0/manual_approach/3.0/usr/include/chromium-ewk/EWebKit_internal.h:45:0,
                 from /home/kayes/abi_tool/execution/mobile/abi-tool_v3.0/manual_approach/3.0/usr/include/chromium-ewk/ewk_chromium.h:9,
                 from /tmp/mdvn0wKpdf/dump2.h:20:
/home/kayes/abi_tool/execution/mobile/abi-tool_v3.0/manual_approach/3.0/usr/include/chromium-ewk/ewk_custom_handlers_internal.h:45:6: error: previous definition here
 enum _Ewk_Custom_Handlers_State {
      ^
In file included from /home/kayes/abi_tool/execution/mobile/abi-tool_v3.0/manual_approach/3.0/usr/include/chromium-ewk/EWebKit_product.h:38:0,
                 from /home/kayes/abi_tool/execution/mobile/abi-tool_v3.0/manual_approach/3.0/usr/include/chromium-ewk/ewk_chromium.h:10,
                 from /tmp/mdvn0wKpdf/dump2.h:20:
/home/kayes/abi_tool/execution/mobile/abi-tool_v3.0/manual_approach/3.0/usr/include/chromium-ewk/ewk_enums_product.h:13:6: error: multiple definition of ‘enum _Ewk_Gesture_Type’
 enum _Ewk_Gesture_Type {
      ^
In file included from /home/kayes/abi_tool/execution/mobile/abi-tool_v3.0/manual_approach/3.0/usr/include/chromium-ewk/EWebKit_internal.h:47:0,
                 from /home/kayes/abi_tool/execution/mobile/abi-tool_v3.0/manual_approach/3.0/usr/include/chromium-ewk/ewk_chromium.h:9,
                 from /tmp/mdvn0wKpdf/dump2.h:20:
/home/kayes/abi_tool/execution/mobile/abi-tool_v3.0/manual_approach/3.0/usr/include/chromium-ewk/ewk_enums_internal.h:35:6: error: previous definition here
 enum _Ewk_Gesture_Type {
      ^
In file included from /home/kayes/abi_tool/execution/mobile/abi-tool_v3.0/manual_approach/3.0/usr/include/chromium-ewk/EWebKit_product.h:38:0,
                 from /home/kayes/abi_tool/execution/mobile/abi-tool_v3.0/manual_approach/3.0/usr/include/chromium-ewk/ewk_chromium.h:10,
                 from /tmp/mdvn0wKpdf/dump2.h:20:
/home/kayes/abi_tool/execution/mobile/abi-tool_v3.0/manual_approach/3.0/usr/include/chromium-ewk/ewk_enums_product.h:23:6: error: multiple definition of ‘enum _Ewk_Screen_Orientation’
 enum _Ewk_Screen_Orientation {
      ^
In file included from /home/kayes/abi_tool/execution/mobile/abi-tool_v3.0/manual_approach/3.0/usr/include/chromium-ewk/EWebKit_internal.h:47:0,
                 from /home/kayes/abi_tool/execution/mobile/abi-tool_v3.0/manual_approach/3.0/usr/include/chromium-ewk/ewk_chromium.h:9,
                 from /tmp/mdvn0wKpdf/dump2.h:20:
/home/kayes/abi_tool/execution/mobile/abi-tool_v3.0/manual_approach/3.0/usr/include/chromium-ewk/ewk_enums_internal.h:47:6: error: previous definition here
 enum _Ewk_Screen_Orientation {
      ^
In file included from /home/kayes/abi_tool/execution/mobile/abi-tool_v3.0/manual_approach/3.0/usr/include/chromium-ewk/EWebKit_product.h:43:0,
                 from /home/kayes/abi_tool/execution/mobile/abi-tool_v3.0/manual_approach/3.0/usr/include/chromium-ewk/ewk_chromium.h:10,
                 from /tmp/mdvn0wKpdf/dump2.h:20:
/home/kayes/abi_tool/execution/mobile/abi-tool_v3.0/manual_approach/3.0/usr/include/chromium-ewk/ewk_hit_test_product.h:26:38: error: redeclaration of ‘EWK_HIT_TEST_MODE_DEFAULT’
     EWK_HIT_TEST_MODE_DEFAULT = 1 << 1,
                                      ^
In file included from /home/kayes/abi_tool/execution/mobile/abi-tool_v3.0/manual_approach/3.0/usr/include/chromium-ewk/EWebKit_internal.h:53:0,
                 from /home/kayes/abi_tool/execution/mobile/abi-tool_v3.0/manual_approach/3.0/usr/include/chromium-ewk/ewk_chromium.h:9,
                 from /tmp/mdvn0wKpdf/dump2.h:20:
/home/kayes/abi_tool/execution/mobile/abi-tool_v3.0/manual_approach/3.0/usr/include/chromium-ewk/ewk_hit_test_internal.h:47:5: note: previous declaration ‘Ewk_Hit_Test_Mode EWK_HIT_TEST_MODE_DEFAULT’
     EWK_HIT_TEST_MODE_DEFAULT = 1 << 1,
     ^
In file included from /home/kayes/abi_tool/execution/mobile/abi-tool_v3.0/manual_approach/3.0/usr/include/chromium-ewk/EWebKit_product.h:43:0,
                 from /home/kayes/abi_tool/execution/mobile/abi-tool_v3.0/manual_approach/3.0/usr/include/chromium-ewk/ewk_chromium.h:10,
                 from /tmp/mdvn0wKpdf/dump2.h:20:
/home/kayes/abi_tool/execution/mobile/abi-tool_v3.0/manual_approach/3.0/usr/include/chromium-ewk/ewk_hit_test_product.h:27:40: error: redeclaration of ‘EWK_HIT_TEST_MODE_NODE_DATA’
     EWK_HIT_TEST_MODE_NODE_DATA = 1 << 2,
                                        ^
In file included from /home/kayes/abi_tool/execution/mobile/abi-tool_v3.0/manual_approach/3.0/usr/include/chromium-ewk/EWebKit_internal.h:53:0,
                 from /home/kayes/abi_tool/execution/mobile/abi-tool_v3.0/manual_approach/3.0/usr/include/chromium-ewk/ewk_chromium.h:9,
                 from /tmp/mdvn0wKpdf/dump2.h:20:
/home/kayes/abi_tool/execution/mobile/abi-tool_v3.0/manual_approach/3.0/usr/include/chromium-ewk/ewk_hit_test_internal.h:48:5: note: previous declaration ‘Ewk_Hit_Test_Mode EWK_HIT_TEST_MODE_NODE_DATA’
     EWK_HIT_TEST_MODE_NODE_DATA = 1 << 2,
     ^
In file included from /home/kayes/abi_tool/execution/mobile/abi-tool_v3.0/manual_approach/3.0/usr/include/chromium-ewk/EWebKit_product.h:43:0,
                 from /home/kayes/abi_tool/execution/mobile/abi-tool_v3.0/manual_approach/3.0/usr/include/chromium-ewk/ewk_chromium.h:10,
                 from /tmp/mdvn0wKpdf/dump2.h:20:
/home/kayes/abi_tool/execution/mobile/abi-tool_v3.0/manual_approach/3.0/usr/include/chromium-ewk/ewk_hit_test_product.h:28:41: error: redeclaration of ‘EWK_HIT_TEST_MODE_IMAGE_DATA’
     EWK_HIT_TEST_MODE_IMAGE_DATA = 1 << 3,
                                         ^
In file included from /home/kayes/abi_tool/execution/mobile/abi-tool_v3.0/manual_approach/3.0/usr/include/chromium-ewk/EWebKit_internal.h:53:0,
                 from /home/kayes/abi_tool/execution/mobile/abi-tool_v3.0/manual_approach/3.0/usr/include/chromium-ewk/ewk_chromium.h:9,
                 from /tmp/mdvn0wKpdf/dump2.h:20:
/home/kayes/abi_tool/execution/mobile/abi-tool_v3.0/manual_approach/3.0/usr/include/chromium-ewk/ewk_hit_test_internal.h:49:5: note: previous declaration ‘Ewk_Hit_Test_Mode EWK_HIT_TEST_MODE_IMAGE_DATA’
     EWK_HIT_TEST_MODE_IMAGE_DATA = 1 << 3,
     ^
In file included from /home/kayes/abi_tool/execution/mobile/abi-tool_v3.0/manual_approach/3.0/usr/include/chromium-ewk/EWebKit_product.h:43:0,
                 from /home/kayes/abi_tool/execution/mobile/abi-tool_v3.0/manual_approach/3.0/usr/include/chromium-ewk/ewk_chromium.h:10,
                 from /tmp/mdvn0wKpdf/dump2.h:20:
/home/kayes/abi_tool/execution/mobile/abi-tool_v3.0/manual_approach/3.0/usr/include/chromium-ewk/ewk_hit_test_product.h:29:87: error: redeclaration of ‘EWK_HIT_TEST_MODE_ALL’
     EWK_HIT_TEST_MODE_ALL = EWK_HIT_TEST_MODE_DEFAULT | EWK_HIT_TEST_MODE_NODE_DATA | EWK_HIT_TEST_MODE_IMAGE_DATA
                                                                                       ^
In file included from /home/kayes/abi_tool/execution/mobile/abi-tool_v3.0/manual_approach/3.0/usr/include/chromium-ewk/EWebKit_internal.h:53:0,
                 from /home/kayes/abi_tool/execution/mobile/abi-tool_v3.0/manual_approach/3.0/usr/include/chromium-ewk/ewk_chromium.h:9,
                 from /tmp/mdvn0wKpdf/dump2.h:20:
/home/kayes/abi_tool/execution/mobile/abi-tool_v3.0/manual_approach/3.0/usr/include/chromium-ewk/ewk_hit_test_internal.h:50:5: note: previous declaration ‘Ewk_Hit_Test_Mode EWK_HIT_TEST_MODE_ALL’
     EWK_HIT_TEST_MODE_ALL = EWK_HIT_TEST_MODE_DEFAULT | EWK_HIT_TEST_MODE_NODE_DATA | EWK_HIT_TEST_MODE_IMAGE_DATA
     ^
In file included from /home/kayes/abi_tool/execution/mobile/abi-tool_v3.0/manual_approach/3.0/usr/include/chromium-ewk/EWebKit_product.h:43:0,
                 from /home/kayes/abi_tool/execution/mobile/abi-tool_v3.0/manual_approach/3.0/usr/include/chromium-ewk/ewk_chromium.h:10,
                 from /tmp/mdvn0wKpdf/dump2.h:20:
/home/kayes/abi_tool/execution/mobile/abi-tool_v3.0/manual_approach/3.0/usr/include/chromium-ewk/ewk_hit_test_product.h:30:3: error: conflicting declaration ‘typedef enum Ewk_Hit_Test_Mode Ewk_Hit_Test_Mode’
 } Ewk_Hit_Test_Mode;
   ^
In file included from /home/kayes/abi_tool/execution/mobile/abi-tool_v3.0/manual_approach/3.0/usr/include/chromium-ewk/EWebKit_internal.h:53:0,
                 from /home/kayes/abi_tool/execution/mobile/abi-tool_v3.0/manual_approach/3.0/usr/include/chromium-ewk/ewk_chromium.h:9,
                 from /tmp/mdvn0wKpdf/dump2.h:20:
/home/kayes/abi_tool/execution/mobile/abi-tool_v3.0/manual_approach/3.0/usr/include/chromium-ewk/ewk_hit_test_internal.h:51:3: error: ‘Ewk_Hit_Test_Mode’ has a previous declaration as ‘typedef enum Ewk_Hit_Test_Mode Ewk_Hit_Test_Mode’
 } Ewk_Hit_Test_Mode;
   ^
In file included from /home/kayes/abi_tool/execution/mobile/abi-tool_v3.0/manual_approach/3.0/usr/include/chromium-ewk/EWebKit_product.h:43:0,
                 from /home/kayes/abi_tool/execution/mobile/abi-tool_v3.0/manual_approach/3.0/usr/include/chromium-ewk/ewk_chromium.h:10,
                 from /tmp/mdvn0wKpdf/dump2.h:20:
/home/kayes/abi_tool/execution/mobile/abi-tool_v3.0/manual_approach/3.0/usr/include/chromium-ewk/ewk_hit_test_product.h:45:49: error: redeclaration of ‘EWK_HIT_TEST_RESULT_CONTEXT_DOCUMENT’
     EWK_HIT_TEST_RESULT_CONTEXT_DOCUMENT = 1 << 1,
                                                 ^
In file included from /home/kayes/abi_tool/execution/mobile/abi-tool_v3.0/manual_approach/3.0/usr/include/chromium-ewk/EWebKit_internal.h:53:0,
                 from /home/kayes/abi_tool/execution/mobile/abi-tool_v3.0/manual_approach/3.0/usr/include/chromium-ewk/ewk_chromium.h:9,
                 from /tmp/mdvn0wKpdf/dump2.h:20:
/home/kayes/abi_tool/execution/mobile/abi-tool_v3.0/manual_approach/3.0/usr/include/chromium-ewk/ewk_hit_test_internal.h:66:5: note: previous declaration ‘Ewk_Hit_Test_Result_Context EWK_HIT_TEST_RESULT_CONTEXT_DOCUMENT’
     EWK_HIT_TEST_RESULT_CONTEXT_DOCUMENT = 1 << 1,
     ^
In file included from /home/kayes/abi_tool/execution/mobile/abi-tool_v3.0/manual_approach/3.0/usr/include/chromium-ewk/EWebKit_product.h:43:0,
                 from /home/kayes/abi_tool/execution/mobile/abi-tool_v3.0/manual_approach/3.0/usr/include/chromium-ewk/ewk_chromium.h:10,
                 from /tmp/mdvn0wKpdf/dump2.h:20:
/home/kayes/abi_tool/execution/mobile/abi-tool_v3.0/manual_approach/3.0/usr/include/chromium-ewk/ewk_hit_test_product.h:46:45: error: redeclaration of ‘EWK_HIT_TEST_RESULT_CONTEXT_LINK’
     EWK_HIT_TEST_RESULT_CONTEXT_LINK = 1 << 2,
                                             ^
In file included from /home/kayes/abi_tool/execution/mobile/abi-tool_v3.0/manual_approach/3.0/usr/include/chromium-ewk/EWebKit_internal.h:53:0,
                 from /home/kayes/abi_tool/execution/mobile/abi-tool_v3.0/manual_approach/3.0/usr/include/chromium-ewk/ewk_chromium.h:9,
                 from /tmp/mdvn0wKpdf/dump2.h:20:
/home/kayes/abi_tool/execution/mobile/abi-tool_v3.0/manual_approach/3.0/usr/include/chromium-ewk/ewk_hit_test_internal.h:67:5: note: previous declaration ‘Ewk_Hit_Test_Result_Context EWK_HIT_TEST_RESULT_CONTEXT_LINK’
     EWK_HIT_TEST_RESULT_CONTEXT_LINK = 1 << 2,
     ^
In file included from /home/kayes/abi_tool/execution/mobile/abi-tool_v3.0/manual_approach/3.0/usr/include/chromium-ewk/EWebKit_product.h:43:0,
                 from /home/kayes/abi_tool/execution/mobile/abi-tool_v3.0/manual_approach/3.0/usr/include/chromium-ewk/ewk_chromium.h:10,
                 from /tmp/mdvn0wKpdf/dump2.h:20:
/home/kayes/abi_tool/execution/mobile/abi-tool_v3.0/manual_approach/3.0/usr/include/chromium-ewk/ewk_hit_test_product.h:47:46: error: redeclaration of ‘EWK_HIT_TEST_RESULT_CONTEXT_IMAGE’
     EWK_HIT_TEST_RESULT_CONTEXT_IMAGE = 1 << 3,
                                              ^
In file included from /home/kayes/abi_tool/execution/mobile/abi-tool_v3.0/manual_approach/3.0/usr/include/chromium-ewk/EWebKit_internal.h:53:0,
                 from /home/kayes/abi_tool/execution/mobile/abi-tool_v3.0/manual_approach/3.0/usr/include/chromium-ewk/ewk_chromium.h:9,
                 from /tmp/mdvn0wKpdf/dump2.h:20:
/home/kayes/abi_tool/execution/mobile/abi-tool_v3.0/manual_approach/3.0/usr/include/chromium-ewk/ewk_hit_test_internal.h:68:5: note: previous declaration ‘Ewk_Hit_Test_Result_Context EWK_HIT_TEST_RESULT_CONTEXT_IMAGE’
     EWK_HIT_TEST_RESULT_CONTEXT_IMAGE = 1 << 3,
     ^
In file included from /home/kayes/abi_tool/execution/mobile/abi-tool_v3.0/manual_approach/3.0/usr/include/chromium-ewk/EWebKit_product.h:43:0,
                 from /home/kayes/abi_tool/execution/mobile/abi-tool_v3.0/manual_approach/3.0/usr/include/chromium-ewk/ewk_chromium.h:10,
                 from /tmp/mdvn0wKpdf/dump2.h:20:
/home/kayes/abi_tool/execution/mobile/abi-tool_v3.0/manual_approach/3.0/usr/include/chromium-ewk/ewk_hit_test_product.h:48:46: error: redeclaration of ‘EWK_HIT_TEST_RESULT_CONTEXT_MEDIA’
     EWK_HIT_TEST_RESULT_CONTEXT_MEDIA = 1 << 4,
                                              ^
In file included from /home/kayes/abi_tool/execution/mobile/abi-tool_v3.0/manual_approach/3.0/usr/include/chromium-ewk/EWebKit_internal.h:53:0,
                 from /home/kayes/abi_tool/execution/mobile/abi-tool_v3.0/manual_approach/3.0/usr/include/chromium-ewk/ewk_chromium.h:9,
                 from /tmp/mdvn0wKpdf/dump2.h:20:
/home/kayes/abi_tool/execution/mobile/abi-tool_v3.0/manual_approach/3.0/usr/include/chromium-ewk/ewk_hit_test_internal.h:69:5: note: previous declaration ‘Ewk_Hit_Test_Result_Context EWK_HIT_TEST_RESULT_CONTEXT_MEDIA’
     EWK_HIT_TEST_RESULT_CONTEXT_MEDIA = 1 << 4,
     ^
In file included from /home/kayes/abi_tool/execution/mobile/abi-tool_v3.0/manual_approach/3.0/usr/include/chromium-ewk/EWebKit_product.h:43:0,
                 from /home/kayes/abi_tool/execution/mobile/abi-tool_v3.0/manual_approach/3.0/usr/include/chromium-ewk/ewk_chromium.h:10,
                 from /tmp/mdvn0wKpdf/dump2.h:20:
/home/kayes/abi_tool/execution/mobile/abi-tool_v3.0/manual_approach/3.0/usr/include/chromium-ewk/ewk_hit_test_product.h:49:50: error: redeclaration of ‘EWK_HIT_TEST_RESULT_CONTEXT_SELECTION’
     EWK_HIT_TEST_RESULT_CONTEXT_SELECTION = 1 << 5,
                                                  ^
In file included from /home/kayes/abi_tool/execution/mobile/abi-tool_v3.0/manual_approach/3.0/usr/include/chromium-ewk/EWebKit_internal.h:53:0,
                 from /home/kayes/abi_tool/execution/mobile/abi-tool_v3.0/manual_approach/3.0/usr/include/chromium-ewk/ewk_chromium.h:9,
                 from /tmp/mdvn0wKpdf/dump2.h:20:
/home/kayes/abi_tool/execution/mobile/abi-tool_v3.0/manual_approach/3.0/usr/include/chromium-ewk/ewk_hit_test_internal.h:70:5: note: previous declaration ‘Ewk_Hit_Test_Result_Context EWK_HIT_TEST_RESULT_CONTEXT_SELECTION’
     EWK_HIT_TEST_RESULT_CONTEXT_SELECTION = 1 << 5,
     ^
In file included from /home/kayes/abi_tool/execution/mobile/abi-tool_v3.0/manual_approach/3.0/usr/include/chromium-ewk/EWebKit_product.h:43:0,
                 from /home/kayes/abi_tool/execution/mobile/abi-tool_v3.0/manual_approach/3.0/usr/include/chromium-ewk/ewk_chromium.h:10,
                 from /tmp/mdvn0wKpdf/dump2.h:20:
/home/kayes/abi_tool/execution/mobile/abi-tool_v3.0/manual_approach/3.0/usr/include/chromium-ewk/ewk_hit_test_product.h:50:49: error: redeclaration of ‘EWK_HIT_TEST_RESULT_CONTEXT_EDITABLE’
     EWK_HIT_TEST_RESULT_CONTEXT_EDITABLE = 1 << 6,
                                                 ^
In file included from /home/kayes/abi_tool/execution/mobile/abi-tool_v3.0/manual_approach/3.0/usr/include/chromium-ewk/EWebKit_internal.h:53:0,
                 from /home/kayes/abi_tool/execution/mobile/abi-tool_v3.0/manual_approach/3.0/usr/include/chromium-ewk/ewk_chromium.h:9,
                 from /tmp/mdvn0wKpdf/dump2.h:20:
/home/kayes/abi_tool/execution/mobile/abi-tool_v3.0/manual_approach/3.0/usr/include/chromium-ewk/ewk_hit_test_internal.h:71:5: note: previous declaration ‘Ewk_Hit_Test_Result_Context EWK_HIT_TEST_RESULT_CONTEXT_EDITABLE’
     EWK_HIT_TEST_RESULT_CONTEXT_EDITABLE = 1 << 6,
     ^
In file included from /home/kayes/abi_tool/execution/mobile/abi-tool_v3.0/manual_approach/3.0/usr/include/chromium-ewk/EWebKit_product.h:43:0,
                 from /home/kayes/abi_tool/execution/mobile/abi-tool_v3.0/manual_approach/3.0/usr/include/chromium-ewk/ewk_chromium.h:10,
                 from /tmp/mdvn0wKpdf/dump2.h:20:
/home/kayes/abi_tool/execution/mobile/abi-tool_v3.0/manual_approach/3.0/usr/include/chromium-ewk/ewk_hit_test_product.h:51:45: error: redeclaration of ‘EWK_HIT_TEST_RESULT_CONTEXT_TEXT’
     EWK_HIT_TEST_RESULT_CONTEXT_TEXT = 1 << 7
                                             ^
In file included from /home/kayes/abi_tool/execution/mobile/abi-tool_v3.0/manual_approach/3.0/usr/include/chromium-ewk/EWebKit_internal.h:53:0,
                 from /home/kayes/abi_tool/execution/mobile/abi-tool_v3.0/manual_approach/3.0/usr/include/chromium-ewk/ewk_chromium.h:9,
                 from /tmp/mdvn0wKpdf/dump2.h:20:
/home/kayes/abi_tool/execution/mobile/abi-tool_v3.0/manual_approach/3.0/usr/include/chromium-ewk/ewk_hit_test_internal.h:72:5: note: previous declaration ‘Ewk_Hit_Test_Result_Context EWK_HIT_TEST_RESULT_CONTEXT_TEXT’
     EWK_HIT_TEST_RESULT_CONTEXT_TEXT = 1 << 7
     ^
In file included from /home/kayes/abi_tool/execution/mobile/abi-tool_v3.0/manual_approach/3.0/usr/include/chromium-ewk/EWebKit_product.h:43:0,
                 from /home/kayes/abi_tool/execution/mobile/abi-tool_v3.0/manual_approach/3.0/usr/include/chromium-ewk/ewk_chromium.h:10,
                 from /tmp/mdvn0wKpdf/dump2.h:20:
/home/kayes/abi_tool/execution/mobile/abi-tool_v3.0/manual_approach/3.0/usr/include/chromium-ewk/ewk_hit_test_product.h:52:3: error: conflicting declaration ‘typedef enum Ewk_Hit_Test_Result_Context Ewk_Hit_Test_Result_Context’
 } Ewk_Hit_Test_Result_Context;
   ^
In file included from /home/kayes/abi_tool/execution/mobile/abi-tool_v3.0/manual_approach/3.0/usr/include/chromium-ewk/EWebKit_internal.h:53:0,
                 from /home/kayes/abi_tool/execution/mobile/abi-tool_v3.0/manual_approach/3.0/usr/include/chromium-ewk/ewk_chromium.h:9,
                 from /tmp/mdvn0wKpdf/dump2.h:20:
/home/kayes/abi_tool/execution/mobile/abi-tool_v3.0/manual_approach/3.0/usr/include/chromium-ewk/ewk_hit_test_internal.h:73:3: error: ‘Ewk_Hit_Test_Result_Context’ has a previous declaration as ‘typedef enum Ewk_Hit_Test_Result_Context Ewk_Hit_Test_Result_Context’
 } Ewk_Hit_Test_Result_Context;
   ^
In file included from /home/kayes/abi_tool/execution/mobile/abi-tool_v3.0/manual_approach/3.0/usr/include/chromium-ewk/EWebKit_product.h:48:0,
                 from /home/kayes/abi_tool/execution/mobile/abi-tool_v3.0/manual_approach/3.0/usr/include/chromium-ewk/ewk_chromium.h:10,
                 from /tmp/mdvn0wKpdf/dump2.h:20:
/home/kayes/abi_tool/execution/mobile/abi-tool_v3.0/manual_approach/3.0/usr/include/chromium-ewk/ewk_settings_product.h:41:6: error: multiple definition of ‘enum _Ewk_List_Style_Position’
 enum _Ewk_List_Style_Position {
      ^
In file included from /home/kayes/abi_tool/execution/mobile/abi-tool_v3.0/manual_approach/3.0/usr/include/chromium-ewk/EWebKit_internal.h:65:0,
                 from /home/kayes/abi_tool/execution/mobile/abi-tool_v3.0/manual_approach/3.0/usr/include/chromium-ewk/ewk_chromium.h:9,
                 from /tmp/mdvn0wKpdf/dump2.h:20:
/home/kayes/abi_tool/execution/mobile/abi-tool_v3.0/manual_approach/3.0/usr/include/chromium-ewk/ewk_settings_internal.h:73:6: error: previous definition here
 enum _Ewk_List_Style_Position {
      ^
In file included from /home/kayes/abi_tool/execution/mobile/abi-tool_v3.0/manual_approach/3.0/usr/include/chromium-ewk/EWebKit_product.h:48:0,
                 from /home/kayes/abi_tool/execution/mobile/abi-tool_v3.0/manual_approach/3.0/usr/include/chromium-ewk/ewk_chromium.h:10,
                 from /tmp/mdvn0wKpdf/dump2.h:20:
/home/kayes/abi_tool/execution/mobile/abi-tool_v3.0/manual_approach/3.0/usr/include/chromium-ewk/ewk_settings_product.h:129:6: error: multiple definition of ‘enum _Ewk_Editable_Link_Behavior’
 enum _Ewk_Editable_Link_Behavior {
      ^
In file included from /home/kayes/abi_tool/execution/mobile/abi-tool_v3.0/manual_approach/3.0/usr/include/chromium-ewk/EWebKit_internal.h:65:0,
                 from /home/kayes/abi_tool/execution/mobile/abi-tool_v3.0/manual_approach/3.0/usr/include/chromium-ewk/ewk_chromium.h:9,
                 from /tmp/mdvn0wKpdf/dump2.h:20:
/home/kayes/abi_tool/execution/mobile/abi-tool_v3.0/manual_approach/3.0/usr/include/chromium-ewk/ewk_settings_internal.h:56:6: error: previous definition here
 enum _Ewk_Editable_Link_Behavior {
      ^
In file included from /home/kayes/abi_tool/execution/mobile/abi-tool_v3.0/manual_approach/3.0/usr/include/chromium-ewk/EWebKit_product.h:49:0,
                 from /home/kayes/abi_tool/execution/mobile/abi-tool_v3.0/manual_approach/3.0/usr/include/chromium-ewk/ewk_chromium.h:10,
                 from /tmp/mdvn0wKpdf/dump2.h:20:
/home/kayes/abi_tool/execution/mobile/abi-tool_v3.0/manual_approach/3.0/usr/include/chromium-ewk/ewk_text_style_product.h:17:5: error: redeclaration of ‘EWK_TEXT_STYLE_STATE_FALSE’
     EWK_TEXT_STYLE_STATE_FALSE,
     ^
In file included from /home/kayes/abi_tool/execution/mobile/abi-tool_v3.0/manual_approach/3.0/usr/include/chromium-ewk/EWebKit_internal.h:67:0,
                 from /home/kayes/abi_tool/execution/mobile/abi-tool_v3.0/manual_approach/3.0/usr/include/chromium-ewk/ewk_chromium.h:9,
                 from /tmp/mdvn0wKpdf/dump2.h:20:
/home/kayes/abi_tool/execution/mobile/abi-tool_v3.0/manual_approach/3.0/usr/include/chromium-ewk/ewk_text_style_internal.h:38:5: note: previous declaration ‘Ewk_Text_Style_State EWK_TEXT_STYLE_STATE_FALSE’
     EWK_TEXT_STYLE_STATE_FALSE,
     ^
In file included from /home/kayes/abi_tool/execution/mobile/abi-tool_v3.0/manual_approach/3.0/usr/include/chromium-ewk/EWebKit_product.h:49:0,
                 from /home/kayes/abi_tool/execution/mobile/abi-tool_v3.0/manual_approach/3.0/usr/include/chromium-ewk/ewk_chromium.h:10,
                 from /tmp/mdvn0wKpdf/dump2.h:20:
/home/kayes/abi_tool/execution/mobile/abi-tool_v3.0/manual_approach/3.0/usr/include/chromium-ewk/ewk_text_style_product.h:18:5: error: redeclaration of ‘EWK_TEXT_STYLE_STATE_TRUE’
     EWK_TEXT_STYLE_STATE_TRUE,
     ^
In file included from /home/kayes/abi_tool/execution/mobile/abi-tool_v3.0/manual_approach/3.0/usr/include/chromium-ewk/EWebKit_internal.h:67:0,
                 from /home/kayes/abi_tool/execution/mobile/abi-tool_v3.0/manual_approach/3.0/usr/include/chromium-ewk/ewk_chromium.h:9,
                 from /tmp/mdvn0wKpdf/dump2.h:20:
/home/kayes/abi_tool/execution/mobile/abi-tool_v3.0/manual_approach/3.0/usr/include/chromium-ewk/ewk_text_style_internal.h:39:5: note: previous declaration ‘Ewk_Text_Style_State EWK_TEXT_STYLE_STATE_TRUE’
     EWK_TEXT_STYLE_STATE_TRUE,
     ^
In file included from /home/kayes/abi_tool/execution/mobile/abi-tool_v3.0/manual_approach/3.0/usr/include/chromium-ewk/EWebKit_product.h:49:0,
                 from /home/kayes/abi_tool/execution/mobile/abi-tool_v3.0/manual_approach/3.0/usr/include/chromium-ewk/ewk_chromium.h:10,
                 from /tmp/mdvn0wKpdf/dump2.h:20:
/home/kayes/abi_tool/execution/mobile/abi-tool_v3.0/manual_approach/3.0/usr/include/chromium-ewk/ewk_text_style_product.h:19:5: error: redeclaration of ‘EWK_TEXT_STYLE_STATE_MIXED’
     EWK_TEXT_STYLE_STATE_MIXED
     ^
In file included from /home/kayes/abi_tool/execution/mobile/abi-tool_v3.0/manual_approach/3.0/usr/include/chromium-ewk/EWebKit_internal.h:67:0,
                 from /home/kayes/abi_tool/execution/mobile/abi-tool_v3.0/manual_approach/3.0/usr/include/chromium-ewk/ewk_chromium.h:9,
                 from /tmp/mdvn0wKpdf/dump2.h:20:
/home/kayes/abi_tool/execution/mobile/abi-tool_v3.0/manual_approach/3.0/usr/include/chromium-ewk/ewk_text_style_internal.h:40:5: note: previous declaration ‘Ewk_Text_Style_State EWK_TEXT_STYLE_STATE_MIXED’
     EWK_TEXT_STYLE_STATE_MIXED
     ^
In file included from /home/kayes/abi_tool/execution/mobile/abi-tool_v3.0/manual_approach/3.0/usr/include/chromium-ewk/EWebKit_product.h:49:0,
                 from /home/kayes/abi_tool/execution/mobile/abi-tool_v3.0/manual_approach/3.0/usr/include/chromium-ewk/ewk_chromium.h:10,
                 from /tmp/mdvn0wKpdf/dump2.h:20:
/home/kayes/abi_tool/execution/mobile/abi-tool_v3.0/manual_approach/3.0/usr/include/chromium-ewk/ewk_text_style_product.h:20:3: error: conflicting declaration ‘typedef enum Ewk_Text_Style_State Ewk_Text_Style_State’
 } Ewk_Text_Style_State;
   ^
In file included from /home/kayes/abi_tool/execution/mobile/abi-tool_v3.0/manual_approach/3.0/usr/include/chromium-ewk/EWebKit_internal.h:67:0,
                 from /home/kayes/abi_tool/execution/mobile/abi-tool_v3.0/manual_approach/3.0/usr/include/chromium-ewk/ewk_chromium.h:9,
                 from /tmp/mdvn0wKpdf/dump2.h:20:
/home/kayes/abi_tool/execution/mobile/abi-tool_v3.0/manual_approach/3.0/usr/include/chromium-ewk/ewk_text_style_internal.h:41:3: error: ‘Ewk_Text_Style_State’ has a previous declaration as ‘typedef enum Ewk_Text_Style_State Ewk_Text_Style_State’
 } Ewk_Text_Style_State;
   ^
In file included from /home/kayes/abi_tool/execution/mobile/abi-tool_v3.0/manual_approach/3.0/usr/include/chromium-ewk/EWebKit_product.h:52:0,
                 from /home/kayes/abi_tool/execution/mobile/abi-tool_v3.0/manual_approach/3.0/usr/include/chromium-ewk/ewk_chromium.h:10,
                 from /tmp/mdvn0wKpdf/dump2.h:20:
/home/kayes/abi_tool/execution/mobile/abi-tool_v3.0/manual_approach/3.0/usr/include/chromium-ewk/ewk_view_product.h:43:5: error: redeclaration of ‘EWK_TEXT_DIRECTION_RIGHT_TO_LEFT’
     EWK_TEXT_DIRECTION_RIGHT_TO_LEFT,
     ^
In file included from /home/kayes/abi_tool/execution/mobile/abi-tool_v3.0/manual_approach/3.0/usr/include/chromium-ewk/EWebKit_internal.h:71:0,
                 from /home/kayes/abi_tool/execution/mobile/abi-tool_v3.0/manual_approach/3.0/usr/include/chromium-ewk/ewk_chromium.h:9,
                 from /tmp/mdvn0wKpdf/dump2.h:20:
/home/kayes/abi_tool/execution/mobile/abi-tool_v3.0/manual_approach/3.0/usr/include/chromium-ewk/ewk_view_internal.h:56:5: note: previous declaration ‘Ewk_Text_Direction EWK_TEXT_DIRECTION_RIGHT_TO_LEFT’
     EWK_TEXT_DIRECTION_RIGHT_TO_LEFT,
     ^
In file included from /home/kayes/abi_tool/execution/mobile/abi-tool_v3.0/manual_approach/3.0/usr/include/chromium-ewk/EWebKit_product.h:52:0,
                 from /home/kayes/abi_tool/execution/mobile/abi-tool_v3.0/manual_approach/3.0/usr/include/chromium-ewk/ewk_chromium.h:10,
                 from /tmp/mdvn0wKpdf/dump2.h:20:
/home/kayes/abi_tool/execution/mobile/abi-tool_v3.0/manual_approach/3.0/usr/include/chromium-ewk/ewk_view_product.h:44:5: error: redeclaration of ‘EWK_TEXT_DIRECTION_LEFT_TO_RIGHT’
     EWK_TEXT_DIRECTION_LEFT_TO_RIGHT
     ^
In file included from /home/kayes/abi_tool/execution/mobile/abi-tool_v3.0/manual_approach/3.0/usr/include/chromium-ewk/EWebKit_internal.h:71:0,
                 from /home/kayes/abi_tool/execution/mobile/abi-tool_v3.0/manual_approach/3.0/usr/include/chromium-ewk/ewk_chromium.h:9,
                 from /tmp/mdvn0wKpdf/dump2.h:20:
/home/kayes/abi_tool/execution/mobile/abi-tool_v3.0/manual_approach/3.0/usr/include/chromium-ewk/ewk_view_internal.h:57:5: note: previous declaration ‘Ewk_Text_Direction EWK_TEXT_DIRECTION_LEFT_TO_RIGHT’
     EWK_TEXT_DIRECTION_LEFT_TO_RIGHT
     ^
In file included from /home/kayes/abi_tool/execution/mobile/abi-tool_v3.0/manual_approach/3.0/usr/include/chromium-ewk/EWebKit_product.h:52:0,
                 from /home/kayes/abi_tool/execution/mobile/abi-tool_v3.0/manual_approach/3.0/usr/include/chromium-ewk/ewk_chromium.h:10,
                 from /tmp/mdvn0wKpdf/dump2.h:20:
/home/kayes/abi_tool/execution/mobile/abi-tool_v3.0/manual_approach/3.0/usr/include/chromium-ewk/ewk_view_product.h:45:3: error: conflicting declaration ‘typedef enum Ewk_Text_Direction Ewk_Text_Direction’
 } Ewk_Text_Direction;
   ^
In file included from /home/kayes/abi_tool/execution/mobile/abi-tool_v3.0/manual_approach/3.0/usr/include/chromium-ewk/EWebKit_internal.h:71:0,
                 from /home/kayes/abi_tool/execution/mobile/abi-tool_v3.0/manual_approach/3.0/usr/include/chromium-ewk/ewk_chromium.h:9,
                 from /tmp/mdvn0wKpdf/dump2.h:20:
/home/kayes/abi_tool/execution/mobile/abi-tool_v3.0/manual_approach/3.0/usr/include/chromium-ewk/ewk_view_internal.h:58:3: error: ‘Ewk_Text_Direction’ has a previous declaration as ‘typedef enum Ewk_Text_Direction Ewk_Text_Direction’
 } Ewk_Text_Direction;
   ^
In file included from /home/kayes/abi_tool/execution/mobile/abi-tool_v3.0/manual_approach/3.0/usr/include/chromium-ewk/EWebKit_product.h:52:0,
                 from /home/kayes/abi_tool/execution/mobile/abi-tool_v3.0/manual_approach/3.0/usr/include/chromium-ewk/ewk_chromium.h:10,
                 from /tmp/mdvn0wKpdf/dump2.h:20:
/home/kayes/abi_tool/execution/mobile/abi-tool_v3.0/manual_approach/3.0/usr/include/chromium-ewk/ewk_view_product.h:49:5: error: redeclaration of ‘EWK_TOUCH_START’
     EWK_TOUCH_START,
     ^
In file included from /home/kayes/abi_tool/execution/mobile/abi-tool_v3.0/manual_approach/3.0/usr/include/chromium-ewk/EWebKit_internal.h:68:0,
                 from /home/kayes/abi_tool/execution/mobile/abi-tool_v3.0/manual_approach/3.0/usr/include/chromium-ewk/ewk_chromium.h:9,
                 from /tmp/mdvn0wKpdf/dump2.h:20:
/home/kayes/abi_tool/execution/mobile/abi-tool_v3.0/manual_approach/3.0/usr/include/chromium-ewk/ewk_touch_internal.h:37:5: note: previous declaration ‘Ewk_Touch_Event_Type EWK_TOUCH_START’
     EWK_TOUCH_START,
     ^
In file included from /home/kayes/abi_tool/execution/mobile/abi-tool_v3.0/manual_approach/3.0/usr/include/chromium-ewk/EWebKit_product.h:52:0,
                 from /home/kayes/abi_tool/execution/mobile/abi-tool_v3.0/manual_approach/3.0/usr/include/chromium-ewk/ewk_chromium.h:10,
                 from /tmp/mdvn0wKpdf/dump2.h:20:
/home/kayes/abi_tool/execution/mobile/abi-tool_v3.0/manual_approach/3.0/usr/include/chromium-ewk/ewk_view_product.h:50:5: error: redeclaration of ‘EWK_TOUCH_MOVE’
     EWK_TOUCH_MOVE,
     ^
In file included from /home/kayes/abi_tool/execution/mobile/abi-tool_v3.0/manual_approach/3.0/usr/include/chromium-ewk/EWebKit_internal.h:68:0,
                 from /home/kayes/abi_tool/execution/mobile/abi-tool_v3.0/manual_approach/3.0/usr/include/chromium-ewk/ewk_chromium.h:9,
                 from /tmp/mdvn0wKpdf/dump2.h:20:
/home/kayes/abi_tool/execution/mobile/abi-tool_v3.0/manual_approach/3.0/usr/include/chromium-ewk/ewk_touch_internal.h:38:5: note: previous declaration ‘Ewk_Touch_Event_Type EWK_TOUCH_MOVE’
     EWK_TOUCH_MOVE,
     ^
In file included from /home/kayes/abi_tool/execution/mobile/abi-tool_v3.0/manual_approach/3.0/usr/include/chromium-ewk/EWebKit_product.h:52:0,
                 from /home/kayes/abi_tool/execution/mobile/abi-tool_v3.0/manual_approach/3.0/usr/include/chromium-ewk/ewk_chromium.h:10,
                 from /tmp/mdvn0wKpdf/dump2.h:20:
/home/kayes/abi_tool/execution/mobile/abi-tool_v3.0/manual_approach/3.0/usr/include/chromium-ewk/ewk_view_product.h:51:5: error: redeclaration of ‘EWK_TOUCH_END’
     EWK_TOUCH_END,
     ^
In file included from /home/kayes/abi_tool/execution/mobile/abi-tool_v3.0/manual_approach/3.0/usr/include/chromium-ewk/EWebKit_internal.h:68:0,
                 from /home/kayes/abi_tool/execution/mobile/abi-tool_v3.0/manual_approach/3.0/usr/include/chromium-ewk/ewk_chromium.h:9,
                 from /tmp/mdvn0wKpdf/dump2.h:20:
/home/kayes/abi_tool/execution/mobile/abi-tool_v3.0/manual_approach/3.0/usr/include/chromium-ewk/ewk_touch_internal.h:39:5: note: previous declaration ‘Ewk_Touch_Event_Type EWK_TOUCH_END’
     EWK_TOUCH_END,
     ^
In file included from /home/kayes/abi_tool/execution/mobile/abi-tool_v3.0/manual_approach/3.0/usr/include/chromium-ewk/EWebKit_product.h:52:0,
                 from /home/kayes/abi_tool/execution/mobile/abi-tool_v3.0/manual_approach/3.0/usr/include/chromium-ewk/ewk_chromium.h:10,
                 from /tmp/mdvn0wKpdf/dump2.h:20:
/home/kayes/abi_tool/execution/mobile/abi-tool_v3.0/manual_approach/3.0/usr/include/chromium-ewk/ewk_view_product.h:52:5: error: redeclaration of ‘EWK_TOUCH_CANCEL’
     EWK_TOUCH_CANCEL
     ^
In file included from /home/kayes/abi_tool/execution/mobile/abi-tool_v3.0/manual_approach/3.0/usr/include/chromium-ewk/EWebKit_internal.h:68:0,
                 from /home/kayes/abi_tool/execution/mobile/abi-tool_v3.0/manual_approach/3.0/usr/include/chromium-ewk/ewk_chromium.h:9,
                 from /tmp/mdvn0wKpdf/dump2.h:20:
/home/kayes/abi_tool/execution/mobile/abi-tool_v3.0/manual_approach/3.0/usr/include/chromium-ewk/ewk_touch_internal.h:40:5: note: previous declaration ‘Ewk_Touch_Event_Type EWK_TOUCH_CANCEL’
     EWK_TOUCH_CANCEL
     ^
In file included from /home/kayes/abi_tool/execution/mobile/abi-tool_v3.0/manual_approach/3.0/usr/include/chromium-ewk/EWebKit_product.h:52:0,
                 from /home/kayes/abi_tool/execution/mobile/abi-tool_v3.0/manual_approach/3.0/usr/include/chromium-ewk/ewk_chromium.h:10,
                 from /tmp/mdvn0wKpdf/dump2.h:20:
/home/kayes/abi_tool/execution/mobile/abi-tool_v3.0/manual_approach/3.0/usr/include/chromium-ewk/ewk_view_product.h:53:3: error: conflicting declaration ‘typedef enum Ewk_Touch_Event_Type Ewk_Touch_Event_Type’
 } Ewk_Touch_Event_Type;
   ^
In file included from /home/kayes/abi_tool/execution/mobile/abi-tool_v3.0/manual_approach/3.0/usr/include/chromium-ewk/EWebKit_internal.h:68:0,
                 from /home/kayes/abi_tool/execution/mobile/abi-tool_v3.0/manual_approach/3.0/usr/include/chromium-ewk/ewk_chromium.h:9,
                 from /tmp/mdvn0wKpdf/dump2.h:20:
/home/kayes/abi_tool/execution/mobile/abi-tool_v3.0/manual_approach/3.0/usr/include/chromium-ewk/ewk_touch_internal.h:41:3: error: ‘Ewk_Touch_Event_Type’ has a previous declaration as ‘typedef enum Ewk_Touch_Event_Type Ewk_Touch_Event_Type’
 } Ewk_Touch_Event_Type;
   ^
In file included from /home/kayes/abi_tool/execution/mobile/abi-tool_v3.0/manual_approach/3.0/usr/include/chromium-ewk/EWebKit_product.h:52:0,
                 from /home/kayes/abi_tool/execution/mobile/abi-tool_v3.0/manual_approach/3.0/usr/include/chromium-ewk/ewk_chromium.h:10,
                 from /tmp/mdvn0wKpdf/dump2.h:20:
/home/kayes/abi_tool/execution/mobile/abi-tool_v3.0/manual_approach/3.0/usr/include/chromium-ewk/ewk_view_product.h:59:8: error: redefinition of ‘struct _Ewk_Touch_Point’
 struct _Ewk_Touch_Point {
        ^
In file included from /home/kayes/abi_tool/execution/mobile/abi-tool_v3.0/manual_approach/3.0/usr/include/chromium-ewk/EWebKit_internal.h:68:0,
                 from /home/kayes/abi_tool/execution/mobile/abi-tool_v3.0/manual_approach/3.0/usr/include/chromium-ewk/ewk_chromium.h:9,
                 from /tmp/mdvn0wKpdf/dump2.h:20:
/home/kayes/abi_tool/execution/mobile/abi-tool_v3.0/manual_approach/3.0/usr/include/chromium-ewk/ewk_touch_internal.h:47:8: error: previous definition of ‘struct _Ewk_Touch_Point’
 struct _Ewk_Touch_Point {
        ^
In file included from /home/kayes/abi_tool/execution/mobile/abi-tool_v3.0/manual_approach/3.0/usr/include/chromium-ewk/EWebKit_product.h:52:0,
                 from /home/kayes/abi_tool/execution/mobile/abi-tool_v3.0/manual_approach/3.0/usr/include/chromium-ewk/ewk_chromium.h:10,
                 from /tmp/mdvn0wKpdf/dump2.h:20:
/home/kayes/abi_tool/execution/mobile/abi-tool_v3.0/manual_approach/3.0/usr/include/chromium-ewk/ewk_view_product.h:74:8: error: redefinition of ‘struct Ewk_Event_Gesture’
 struct Ewk_Event_Gesture {
        ^
In file included from /home/kayes/abi_tool/execution/mobile/abi-tool_v3.0/manual_approach/3.0/usr/include/chromium-ewk/EWebKit_internal.h:71:0,
                 from /home/kayes/abi_tool/execution/mobile/abi-tool_v3.0/manual_approach/3.0/usr/include/chromium-ewk/ewk_chromium.h:9,
                 from /tmp/mdvn0wKpdf/dump2.h:20:
/home/kayes/abi_tool/execution/mobile/abi-tool_v3.0/manual_approach/3.0/usr/include/chromium-ewk/ewk_view_internal.h:77:8: error: previous definition of ‘struct Ewk_Event_Gesture’
 struct Ewk_Event_Gesture {
        ^
In file included from /home/kayes/abi_tool/execution/mobile/abi-tool_v3.0/manual_approach/3.0/usr/include/chromium-ewk/EWebKit_product.h:52:0,
                 from /home/kayes/abi_tool/execution/mobile/abi-tool_v3.0/manual_approach/3.0/usr/include/chromium-ewk/ewk_chromium.h:10,
                 from /tmp/mdvn0wKpdf/dump2.h:20:
/home/kayes/abi_tool/execution/mobile/abi-tool_v3.0/manual_approach/3.0/usr/include/chromium-ewk/ewk_view_product.h:88:6: error: multiple definition of ‘enum Ewk_Input_Type’
 enum Ewk_Input_Type {
      ^
In file included from /home/kayes/abi_tool/execution/mobile/abi-tool_v3.0/manual_approach/3.0/usr/include/chromium-ewk/EWebKit_internal.h:71:0,
                 from /home/kayes/abi_tool/execution/mobile/abi-tool_v3.0/manual_approach/3.0/usr/include/chromium-ewk/ewk_chromium.h:9,
                 from /tmp/mdvn0wKpdf/dump2.h:20:
/home/kayes/abi_tool/execution/mobile/abi-tool_v3.0/manual_approach/3.0/usr/include/chromium-ewk/ewk_view_internal.h:104:6: error: previous definition here
 enum Ewk_Input_Type {
      ^
In file included from /home/kayes/abi_tool/execution/mobile/abi-tool_v3.0/manual_approach/3.0/usr/include/chromium-ewk/EWebKit_product.h:52:0,
                 from /home/kayes/abi_tool/execution/mobile/abi-tool_v3.0/manual_approach/3.0/usr/include/chromium-ewk/ewk_chromium.h:10,
                 from /tmp/mdvn0wKpdf/dump2.h:20:
/home/kayes/abi_tool/execution/mobile/abi-tool_v3.0/manual_approach/3.0/usr/include/chromium-ewk/ewk_view_product.h:111:6: error: multiple definition of ‘enum Ewk_Selection_Handle_Type’
 enum Ewk_Selection_Handle_Type {
      ^
In file included from /home/kayes/abi_tool/execution/mobile/abi-tool_v3.0/manual_approach/3.0/usr/include/chromium-ewk/EWebKit_internal.h:71:0,
                 from /home/kayes/abi_tool/execution/mobile/abi-tool_v3.0/manual_approach/3.0/usr/include/chromium-ewk/ewk_chromium.h:9,
                 from /tmp/mdvn0wKpdf/dump2.h:20:
/home/kayes/abi_tool/execution/mobile/abi-tool_v3.0/manual_approach/3.0/usr/include/chromium-ewk/ewk_view_internal.h:127:6: error: previous definition here
 enum Ewk_Selection_Handle_Type {
      ^
In file included from /home/kayes/abi_tool/execution/mobile/abi-tool_v3.0/manual_approach/3.0/usr/include/chromium-ewk/EWebKit_product.h:52:0,
                 from /home/kayes/abi_tool/execution/mobile/abi-tool_v3.0/manual_approach/3.0/usr/include/chromium-ewk/ewk_chromium.h:10,
                 from /tmp/mdvn0wKpdf/dump2.h:20:
/home/kayes/abi_tool/execution/mobile/abi-tool_v3.0/manual_approach/3.0/usr/include/chromium-ewk/ewk_view_product.h:120:6: error: multiple definition of ‘enum Ewk_View_Mode’
 enum Ewk_View_Mode {
      ^
In file included from /home/kayes/abi_tool/execution/mobile/abi-tool_v3.0/manual_approach/3.0/usr/include/chromium-ewk/EWebKit_internal.h:71:0,
                 from /home/kayes/abi_tool/execution/mobile/abi-tool_v3.0/manual_approach/3.0/usr/include/chromium-ewk/ewk_chromium.h:9,
                 from /tmp/mdvn0wKpdf/dump2.h:20:
/home/kayes/abi_tool/execution/mobile/abi-tool_v3.0/manual_approach/3.0/usr/include/chromium-ewk/ewk_view_internal.h:136:6: error: previous definition here
 enum Ewk_View_Mode {
      ^
In file included from /home/kayes/abi_tool/execution/mobile/abi-tool_v3.0/manual_approach/3.0/usr/include/chromium-ewk/EWebKit_product.h:52:0,
                 from /home/kayes/abi_tool/execution/mobile/abi-tool_v3.0/manual_approach/3.0/usr/include/chromium-ewk/ewk_chromium.h:10,
                 from /tmp/mdvn0wKpdf/dump2.h:20:
/home/kayes/abi_tool/execution/mobile/abi-tool_v3.0/manual_approach/3.0/usr/include/chromium-ewk/ewk_view_product.h:129:6: error: multiple definition of ‘enum Ewk_Top_Control_State’
 enum Ewk_Top_Control_State {
      ^
In file included from /home/kayes/abi_tool/execution/mobile/abi-tool_v3.0/manual_approach/3.0/usr/include/chromium-ewk/EWebKit_internal.h:71:0,
                 from /home/kayes/abi_tool/execution/mobile/abi-tool_v3.0/manual_approach/3.0/usr/include/chromium-ewk/ewk_chromium.h:9,
                 from /tmp/mdvn0wKpdf/dump2.h:20:
/home/kayes/abi_tool/execution/mobile/abi-tool_v3.0/manual_approach/3.0/usr/include/chromium-ewk/ewk_view_internal.h:145:6: error: previous definition here
 enum Ewk_Top_Control_State {
      ^
In file included from /home/kayes/abi_tool/execution/mobile/abi-tool_v3.0/manual_approach/3.0/usr/include/chromium-ewk/EWebKit_product.h:52:0,
                 from /home/kayes/abi_tool/execution/mobile/abi-tool_v3.0/manual_approach/3.0/usr/include/chromium-ewk/ewk_chromium.h:10,
                 from /tmp/mdvn0wKpdf/dump2.h:20:
/home/kayes/abi_tool/execution/mobile/abi-tool_v3.0/manual_approach/3.0/usr/include/chromium-ewk/ewk_view_product.h:137:8: error: redefinition of ‘struct Ewk_View_Smart_Class’
 struct Ewk_View_Smart_Class {
        ^
In file included from /home/kayes/abi_tool/execution/mobile/abi-tool_v3.0/manual_approach/3.0/usr/include/chromium-ewk/EWebKit_internal.h:71:0,
                 from /home/kayes/abi_tool/execution/mobile/abi-tool_v3.0/manual_approach/3.0/usr/include/chromium-ewk/ewk_chromium.h:9,
                 from /tmp/mdvn0wKpdf/dump2.h:20:
/home/kayes/abi_tool/execution/mobile/abi-tool_v3.0/manual_approach/3.0/usr/include/chromium-ewk/ewk_view_internal.h:153:8: error: previous definition of ‘struct Ewk_View_Smart_Class’
 struct Ewk_View_Smart_Class {
        ^
In file included from /home/kayes/abi_tool/execution/mobile/abi-tool_v3.0/manual_approach/3.0/usr/include/chromium-ewk/EWebKit_product.h:52:0,
                 from /home/kayes/abi_tool/execution/mobile/abi-tool_v3.0/manual_approach/3.0/usr/include/chromium-ewk/ewk_chromium.h:10,
                 from /tmp/mdvn0wKpdf/dump2.h:20:
/home/kayes/abi_tool/execution/mobile/abi-tool_v3.0/manual_approach/3.0/usr/include/chromium-ewk/ewk_view_product.h:252:8: error: redefinition of ‘struct Ewk_View_Smart_Data’
 struct Ewk_View_Smart_Data {
        ^
In file included from /home/kayes/abi_tool/execution/mobile/abi-tool_v3.0/manual_approach/3.0/usr/include/chromium-ewk/EWebKit_internal.h:71:0,
                 from /home/kayes/abi_tool/execution/mobile/abi-tool_v3.0/manual_approach/3.0/usr/include/chromium-ewk/ewk_chromium.h:9,
                 from /tmp/mdvn0wKpdf/dump2.h:20:
/home/kayes/abi_tool/execution/mobile/abi-tool_v3.0/manual_approach/3.0/usr/include/chromium-ewk/ewk_view_internal.h:321:8: error: previous definition of ‘struct Ewk_View_Smart_Data’
 struct Ewk_View_Smart_Data {
        ^
In file included from /home/kayes/abi_tool/execution/mobile/abi-tool_v3.0/manual_approach/3.0/usr/include/chromium-ewk/EWebKit_product.h:52:0,
                 from /home/kayes/abi_tool/execution/mobile/abi-tool_v3.0/manual_approach/3.0/usr/include/chromium-ewk/ewk_chromium.h:10,
                 from /tmp/mdvn0wKpdf/dump2.h:20:
/home/kayes/abi_tool/execution/mobile/abi-tool_v3.0/manual_approach/3.0/usr/include/chromium-ewk/ewk_view_product.h:422:6: error: multiple definition of ‘enum Ewk_Unfocus_Direction’
 enum Ewk_Unfocus_Direction {
      ^
In file included from /home/kayes/abi_tool/execution/mobile/abi-tool_v3.0/manual_approach/3.0/usr/include/chromium-ewk/EWebKit_internal.h:71:0,
                 from /home/kayes/abi_tool/execution/mobile/abi-tool_v3.0/manual_approach/3.0/usr/include/chromium-ewk/ewk_chromium.h:9,
                 from /tmp/mdvn0wKpdf/dump2.h:20:
/home/kayes/abi_tool/execution/mobile/abi-tool_v3.0/manual_approach/3.0/usr/include/chromium-ewk/ewk_view_internal.h:87:6: error: previous definition here
 enum Ewk_Unfocus_Direction {
      ^

