==============================elementary-debuginfo==============================
module is selected for comparision. 
module dump successful for comparision. 
module is selected for comparision. 
module dump successful for comparision. 
module is selected for comparision. 
module dump successful for comparision. 
module is selected for comparision. 
module dump successful for comparision. 
module is selected for comparision. 
module dump successful for comparision. 
module is selected for comparision. 
module dump successful for comparision. 
module is selected for comparision. 
module dump successful for comparision. 
module is selected for comparision. 
module dump successful for comparision. 
module is selected for comparision. 
module dump successful for comparision. 
module is selected for comparision. 
module dump successful for comparision. 
module is selected for comparision. 
module dump successful for comparision. 
module is selected for comparision. 
module dump successful for comparision. 
module is selected for comparision. 
module dump successful for comparision. 
libelementary is selected for comparision. 
libelementary dump successful for comparision. 
elementary_testql is not selected for comparision. 
==============================evas-debuginfo==============================
libevas is selected for comparision. 
libevas dump successful for comparision. 
module is selected for comparision. 
module dump successful for comparision. 
module is selected for comparision. 
module dump successful for comparision. 
module is selected for comparision. 
module dump successful for comparision. 
module is selected for comparision. 
module dump successful for comparision. 
module is selected for comparision. 
module dump successful for comparision. 
module is selected for comparision. 
module dump successful for comparision. 
module is selected for comparision. 
module dump successful for comparision. 
module is selected for comparision. 
module dump successful for comparision. 
module is selected for comparision. 
module dump successful for comparision. 
module is selected for comparision. 
module dump successful for comparision. 
module is selected for comparision. 
module dump successful for comparision. 
module is selected for comparision. 
module dump successful for comparision. 
module is selected for comparision. 
module dump successful for comparision. 
module is selected for comparision. 
module dump successful for comparision. 
module is selected for comparision. 
module dump successful for comparision. 
module is selected for comparision. 
module dump successful for comparision. 
module is selected for comparision. 
module dump successful for comparision. 
module is selected for comparision. 
module dump successful for comparision. 
module is selected for comparision. 
module dump successful for comparision. 
==============================cairo-debuginfo==============================
libcairo-gobject is selected for comparision. 
libcairo-gobject dump successful for comparision. 
libcairo-script-interpreter is selected for comparision. 
libcairo-script-interpreter dump successful for comparision. 
libcairo is selected for comparision. 
libcairo dump successful for comparision. 
==============================capi-data-control-debuginfo==============================
libcapi-data-control is not selected for comparision. 
==============================capi-message-port-debuginfo==============================
libcapi-message-port is not selected for comparision. 
==============================capi-network-nfc-debuginfo==============================
libcapi-network-nfc is selected for comparision. 
libcapi-network-nfc dump successful for comparision. 
==============================appcore-agent-debuginfo==============================
libappcore-agent is selected for comparision. 
libappcore-agent dump successful for comparision. 
==============================appcore-widget-debuginfo==============================
libcapi-appfw-widget-application is selected for comparision. 
libcapi-appfw-widget-application dump successful for comparision. 
==============================libslp-tapi-debuginfo==============================
libSLP-tapi is selected for comparision. 
libSLP-tapi dump successful for comparision. 
