*&ERROR&* File not found :compat_reports/#summary (No such file or directory)
***********module.so***********compat_reports/module/2.3.1_to_3.0/compat_report.html
Page in compatible!!!!
***********module.so***********compat_reports/module/2.3.1_to_3.0/compat_report.html
Page in compatible!!!!
***********module.so***********compat_reports/module/2.3.1_to_3.0/compat_report.html
Page in compatible!!!!
***********module.so***********compat_reports/module/2.3.1_to_3.0/compat_report.html
Page in compatible!!!!
***********module.so***********compat_reports/module/2.3.1_to_3.0/compat_report.html
Page in compatible!!!!
***********module.so***********compat_reports/module/2.3.1_to_3.0/compat_report.html
Page in compatible!!!!
***********module.so***********compat_reports/module/2.3.1_to_3.0/compat_report.html
Page in compatible!!!!
***********module.so***********compat_reports/module/2.3.1_to_3.0/compat_report.html
Page in compatible!!!!
***********module.so***********compat_reports/module/2.3.1_to_3.0/compat_report.html
Page in compatible!!!!
***********module.so***********compat_reports/module/2.3.1_to_3.0/compat_report.html
Page in compatible!!!!
***********module.so***********compat_reports/module/2.3.1_to_3.0/compat_report.html
Page in compatible!!!!
***********module.so***********compat_reports/module/2.3.1_to_3.0/compat_report.html
Page in compatible!!!!
***********module.so***********compat_reports/module/2.3.1_to_3.0/compat_report.html
Page in compatible!!!!
***********libelementary.so***********compat_reports/libelementary/2.3.1_to_3.0/compat_report.html
Page in incompatible!!!!
<a name='Binary_Removed'></a><a name='Binary_Withdrawn'></a> <a name='Type_Binary_Problems_High'></a>
<a name='Type_Binary_Problems_High'></a> <a name='Interface_Binary_Problems_High'></a>
<a name='Interface_Binary_Problems_High'></a> <a name='Type_Binary_Problems_Medium'></a>
<a name='Type_Binary_Problems_Medium'></a> <a name='Interface_Binary_Problems_Medium'></a>
<a name='Interface_Binary_Problems_Medium'></a> <a name='Type_Binary_Problems_Low'></a>
<a name='Type_Binary_Problems_Low'></a> <a name='Interface_Binary_Problems_Low'></a>
<a name='Interface_Binary_Problems_Low'></a> to the top</a>
***********libevas.so***********compat_reports/libevas/2.3.1_to_3.0/compat_report.html
Page in incompatible!!!!
<a name='Binary_Removed'></a><a name='Binary_Withdrawn'></a> <a name='Type_Binary_Problems_High'></a>
<a name='Type_Binary_Problems_High'></a> <a name='Interface_Binary_Problems_High'></a>
<a name='Interface_Binary_Problems_High'></a> <a name='Type_Binary_Problems_Medium'></a>
<a name='Type_Binary_Problems_Medium'></a> <a name='Interface_Binary_Problems_Medium'></a>
<a name='Interface_Binary_Problems_Medium'></a> <a name='Type_Binary_Problems_Low'></a>
<a name='Type_Binary_Problems_Low'></a> <a name='Interface_Binary_Problems_Low'></a>
<a name='Interface_Binary_Problems_Low'></a> to the top</a>
***********module.so***********compat_reports/module/2.3.1_to_3.0/compat_report.html
Page in compatible!!!!
***********module.so***********compat_reports/module/2.3.1_to_3.0/compat_report.html
Page in compatible!!!!
***********module.so***********compat_reports/module/2.3.1_to_3.0/compat_report.html
Page in compatible!!!!
***********module.so***********compat_reports/module/2.3.1_to_3.0/compat_report.html
Page in compatible!!!!
***********module.so***********compat_reports/module/2.3.1_to_3.0/compat_report.html
Page in compatible!!!!
***********module.so***********compat_reports/module/2.3.1_to_3.0/compat_report.html
Page in compatible!!!!
***********module.so***********compat_reports/module/2.3.1_to_3.0/compat_report.html
Page in compatible!!!!
***********module.so***********compat_reports/module/2.3.1_to_3.0/compat_report.html
Page in compatible!!!!
***********module.so***********compat_reports/module/2.3.1_to_3.0/compat_report.html
Page in compatible!!!!
***********module.so***********compat_reports/module/2.3.1_to_3.0/compat_report.html
Page in compatible!!!!
***********module.so***********compat_reports/module/2.3.1_to_3.0/compat_report.html
Page in compatible!!!!
***********module.so***********compat_reports/module/2.3.1_to_3.0/compat_report.html
Page in compatible!!!!
***********module.so***********compat_reports/module/2.3.1_to_3.0/compat_report.html
Page in compatible!!!!
***********module.so***********compat_reports/module/2.3.1_to_3.0/compat_report.html
Page in compatible!!!!
***********module.so***********compat_reports/module/2.3.1_to_3.0/compat_report.html
Page in compatible!!!!
***********module.so***********compat_reports/module/2.3.1_to_3.0/compat_report.html
Page in compatible!!!!
***********module.so***********compat_reports/module/2.3.1_to_3.0/compat_report.html
Page in compatible!!!!
***********module.so***********compat_reports/module/2.3.1_to_3.0/compat_report.html
Page in compatible!!!!
***********module.so***********compat_reports/module/2.3.1_to_3.0/compat_report.html
Page in compatible!!!!
***********libcairo-gobject.so***********compat_reports/libcairo-gobject/2.3.1_to_3.0/compat_report.html
Page in compatible!!!!
***********libcairo-script-interpreter.so***********compat_reports/libcairo-script-interpreter/2.3.1_to_3.0/compat_report.html
Page in compatible!!!!
***********libcairo.so***********compat_reports/libcairo/2.3.1_to_3.0/compat_report.html
Page in incompatible!!!!
<a name='Binary_Removed'></a><a name='Binary_Withdrawn'></a> <a name='Type_Binary_Problems_Medium'></a>
<a name='Type_Binary_Problems_Medium'></a> <a name='Type_Binary_Problems_Low'></a>
<a name='Type_Binary_Problems_Low'></a> to the top</a>
***********libcapi-network-nfc.so***********compat_reports/libcapi-network-nfc/2.3.1_to_3.0/compat_report.html
Page in compatible!!!!
***********libappcore-agent.so***********compat_reports/libappcore-agent/2.3.1_to_3.0/compat_report.html
Page in incompatible!!!!
<a name='Binary_Removed'></a><a name='Binary_Withdrawn'></a> to the top</a>
***********libcapi-appfw-widget-application.so***********compat_reports/libcapi-appfw-widget-application/2.3.1_to_3.0/compat_report.html
Page in incompatible!!!!
<a name='Binary_Removed'></a><a name='Binary_Withdrawn'></a> <a name='Type_Binary_Problems_High'></a>
<a name='Type_Binary_Problems_High'></a> <a name='Type_Binary_Problems_Medium'></a>
<a name='Type_Binary_Problems_Medium'></a> <a name='Type_Binary_Problems_Low'></a>
<a name='Type_Binary_Problems_Low'></a> to the top</a>
***********libSLP-tapi.so***********compat_reports/libSLP-tapi/2.3.1_to_3.0/compat_report.html
Page in incompatible!!!!
<a name='Type_Binary_Problems_High'></a> <a name='Type_Binary_Problems_Medium'></a>
<a name='Type_Binary_Problems_Medium'></a> <a name='Type_Binary_Problems_Low'></a>
<a name='Type_Binary_Problems_Low'></a> <a name='Interface_Binary_Problems_Low'></a>
<a name='Interface_Binary_Problems_Low'></a> to the top</a>
