Temporary header file '/tmp/VupMZr0vX7/dump1.h' with the following content will be compiled to create GCC translation unit dump:

  // add includes
  #include "/home/kayes/abi_tool/abi-tool-2.7w/2.3.1_w/usr/include/widget_viewer_evas/widget_viewer_evas.h"
  #include "/home/kayes/abi_tool/abi-tool-2.7w/2.3.1_w/usr/include/widget_viewer_evas/widget_viewer_evas_internal.h"

The GCC parameters:
  gcc -fdump-translation-unit -fkeep-inline-functions -c -x c++-header -fpermissive -w "/tmp/VupMZr0vX7/dump1.h"  -I/home/kayes/tizen-sdk/platforms/tizen-3.0/mobile/rootstraps/mobile-3.0-device.core/usr/include -I/home/kayes/tizen-sdk/platforms/tizen-3.0/mobile/rootstraps/mobile-3.0-device.core/usr/include/widget_service

In file included from /tmp/VupMZr0vX7/dump1.h:3:0:
/home/kayes/abi_tool/abi-tool-2.7w/2.3.1_w/usr/include/widget_viewer_evas/widget_viewer_evas.h:129:36: error: ‘Evas_Object’ was not declared in this scope
 extern int widget_viewer_evas_init(Evas_Object *win);
                                    ^
/home/kayes/abi_tool/abi-tool-2.7w/2.3.1_w/usr/include/widget_viewer_evas/widget_viewer_evas.h:129:49: error: ‘win’ was not declared in this scope
 extern int widget_viewer_evas_init(Evas_Object *win);
                                                 ^
/home/kayes/abi_tool/abi-tool-2.7w/2.3.1_w/usr/include/widget_viewer_evas/widget_viewer_evas.h:152:8: error: ‘Evas_Object’ does not name a type
 extern Evas_Object *widget_viewer_evas_add_widget(Evas_Object *parent, const char *widget_id, const char *content_info, double period);
        ^
/home/kayes/abi_tool/abi-tool-2.7w/2.3.1_w/usr/include/widget_viewer_evas/widget_viewer_evas.h:208:44: error: ‘Evas_Object’ was not declared in this scope
 extern int widget_viewer_evas_pause_widget(Evas_Object *widget);
                                            ^
/home/kayes/abi_tool/abi-tool-2.7w/2.3.1_w/usr/include/widget_viewer_evas/widget_viewer_evas.h:208:57: error: ‘widget’ was not declared in this scope
 extern int widget_viewer_evas_pause_widget(Evas_Object *widget);
                                                         ^
/home/kayes/abi_tool/abi-tool-2.7w/2.3.1_w/usr/include/widget_viewer_evas/widget_viewer_evas.h:222:45: error: ‘Evas_Object’ was not declared in this scope
 extern int widget_viewer_evas_resume_widget(Evas_Object *widget);
                                             ^
/home/kayes/abi_tool/abi-tool-2.7w/2.3.1_w/usr/include/widget_viewer_evas/widget_viewer_evas.h:222:58: error: ‘widget’ was not declared in this scope
 extern int widget_viewer_evas_resume_widget(Evas_Object *widget);
                                                          ^
/home/kayes/abi_tool/abi-tool-2.7w/2.3.1_w/usr/include/widget_viewer_evas/widget_viewer_evas.h:246:56: error: ‘Evas_Object’ was not declared in this scope
 extern const char *widget_viewer_evas_get_content_info(Evas_Object *widget);
                                                        ^
/home/kayes/abi_tool/abi-tool-2.7w/2.3.1_w/usr/include/widget_viewer_evas/widget_viewer_evas.h:246:69: error: ‘widget’ was not declared in this scope
 extern const char *widget_viewer_evas_get_content_info(Evas_Object *widget);
                                                                     ^
/home/kayes/abi_tool/abi-tool-2.7w/2.3.1_w/usr/include/widget_viewer_evas/widget_viewer_evas.h:257:56: error: ‘Evas_Object’ was not declared in this scope
 extern const char *widget_viewer_evas_get_title_string(Evas_Object *widget);
                                                        ^
/home/kayes/abi_tool/abi-tool-2.7w/2.3.1_w/usr/include/widget_viewer_evas/widget_viewer_evas.h:257:69: error: ‘widget’ was not declared in this scope
 extern const char *widget_viewer_evas_get_title_string(Evas_Object *widget);
                                                                     ^
/home/kayes/abi_tool/abi-tool-2.7w/2.3.1_w/usr/include/widget_viewer_evas/widget_viewer_evas.h:267:53: error: ‘Evas_Object’ was not declared in this scope
 extern const char *widget_viewer_evas_get_widget_id(Evas_Object *widget);
                                                     ^
/home/kayes/abi_tool/abi-tool-2.7w/2.3.1_w/usr/include/widget_viewer_evas/widget_viewer_evas.h:267:66: error: ‘widget’ was not declared in this scope
 extern const char *widget_viewer_evas_get_widget_id(Evas_Object *widget);
                                                                  ^
/home/kayes/abi_tool/abi-tool-2.7w/2.3.1_w/usr/include/widget_viewer_evas/widget_viewer_evas.h:276:45: error: ‘Evas_Object’ was not declared in this scope
 extern double widget_viewer_evas_get_period(Evas_Object *widget);
                                             ^
/home/kayes/abi_tool/abi-tool-2.7w/2.3.1_w/usr/include/widget_viewer_evas/widget_viewer_evas.h:276:58: error: ‘widget’ was not declared in this scope
 extern double widget_viewer_evas_get_period(Evas_Object *widget);
                                                          ^
/home/kayes/abi_tool/abi-tool-2.7w/2.3.1_w/usr/include/widget_viewer_evas/widget_viewer_evas.h:286:51: error: variable or field ‘widget_viewer_evas_cancel_click_event’ declared void
 extern void widget_viewer_evas_cancel_click_event(Evas_Object *widget);
                                                   ^
/home/kayes/abi_tool/abi-tool-2.7w/2.3.1_w/usr/include/widget_viewer_evas/widget_viewer_evas.h:286:51: error: ‘Evas_Object’ was not declared in this scope
/home/kayes/abi_tool/abi-tool-2.7w/2.3.1_w/usr/include/widget_viewer_evas/widget_viewer_evas.h:286:64: error: ‘widget’ was not declared in this scope
 extern void widget_viewer_evas_cancel_click_event(Evas_Object *widget);
                                                                ^
/home/kayes/abi_tool/abi-tool-2.7w/2.3.1_w/usr/include/widget_viewer_evas/widget_viewer_evas.h:294:48: error: variable or field ‘widget_viewer_evas_disable_preview’ declared void
 extern void widget_viewer_evas_disable_preview(Evas_Object *widget);
                                                ^
/home/kayes/abi_tool/abi-tool-2.7w/2.3.1_w/usr/include/widget_viewer_evas/widget_viewer_evas.h:294:48: error: ‘Evas_Object’ was not declared in this scope
/home/kayes/abi_tool/abi-tool-2.7w/2.3.1_w/usr/include/widget_viewer_evas/widget_viewer_evas.h:294:61: error: ‘widget’ was not declared in this scope
 extern void widget_viewer_evas_disable_preview(Evas_Object *widget);
                                                             ^
/home/kayes/abi_tool/abi-tool-2.7w/2.3.1_w/usr/include/widget_viewer_evas/widget_viewer_evas.h:303:53: error: variable or field ‘widget_viewer_evas_disable_overlay_text’ declared void
 extern void widget_viewer_evas_disable_overlay_text(Evas_Object *widget);
                                                     ^
/home/kayes/abi_tool/abi-tool-2.7w/2.3.1_w/usr/include/widget_viewer_evas/widget_viewer_evas.h:303:53: error: ‘Evas_Object’ was not declared in this scope
/home/kayes/abi_tool/abi-tool-2.7w/2.3.1_w/usr/include/widget_viewer_evas/widget_viewer_evas.h:303:66: error: ‘widget’ was not declared in this scope
 extern void widget_viewer_evas_disable_overlay_text(Evas_Object *widget);
                                                                  ^
/home/kayes/abi_tool/abi-tool-2.7w/2.3.1_w/usr/include/widget_viewer_evas/widget_viewer_evas.h:312:48: error: variable or field ‘widget_viewer_evas_disable_loading’ declared void
 extern void widget_viewer_evas_disable_loading(Evas_Object *widget);
                                                ^
/home/kayes/abi_tool/abi-tool-2.7w/2.3.1_w/usr/include/widget_viewer_evas/widget_viewer_evas.h:312:48: error: ‘Evas_Object’ was not declared in this scope
/home/kayes/abi_tool/abi-tool-2.7w/2.3.1_w/usr/include/widget_viewer_evas/widget_viewer_evas.h:312:61: error: ‘widget’ was not declared in this scope
 extern void widget_viewer_evas_disable_loading(Evas_Object *widget);
                                                             ^
/home/kayes/abi_tool/abi-tool-2.7w/2.3.1_w/usr/include/widget_viewer_evas/widget_viewer_evas.h:327:51: error: ‘Evas_Object’ was not declared in this scope
 extern int widget_viewer_evas_feed_mouse_up_event(Evas_Object *widget);
                                                   ^
/home/kayes/abi_tool/abi-tool-2.7w/2.3.1_w/usr/include/widget_viewer_evas/widget_viewer_evas.h:327:64: error: ‘widget’ was not declared in this scope
 extern int widget_viewer_evas_feed_mouse_up_event(Evas_Object *widget);
                                                                ^
/home/kayes/abi_tool/abi-tool-2.7w/2.3.1_w/usr/include/widget_viewer_evas/widget_viewer_evas.h:337:56: error: variable or field ‘widget_viewer_evas_activate_faulted_widget’ declared void
 extern void widget_viewer_evas_activate_faulted_widget(Evas_Object *widget);
                                                        ^
/home/kayes/abi_tool/abi-tool-2.7w/2.3.1_w/usr/include/widget_viewer_evas/widget_viewer_evas.h:337:56: error: ‘Evas_Object’ was not declared in this scope
/home/kayes/abi_tool/abi-tool-2.7w/2.3.1_w/usr/include/widget_viewer_evas/widget_viewer_evas.h:337:69: error: ‘widget’ was not declared in this scope
 extern void widget_viewer_evas_activate_faulted_widget(Evas_Object *widget);
                                                                     ^
/home/kayes/abi_tool/abi-tool-2.7w/2.3.1_w/usr/include/widget_viewer_evas/widget_viewer_evas.h:347:43: error: ‘Evas_Object’ was not declared in this scope
 extern bool widget_viewer_evas_is_faulted(Evas_Object *widget);
                                           ^
/home/kayes/abi_tool/abi-tool-2.7w/2.3.1_w/usr/include/widget_viewer_evas/widget_viewer_evas.h:347:56: error: ‘widget’ was not declared in this scope
 extern bool widget_viewer_evas_is_faulted(Evas_Object *widget);
                                                        ^
/home/kayes/abi_tool/abi-tool-2.7w/2.3.1_w/usr/include/widget_viewer_evas/widget_viewer_evas.h:361:49: error: ‘Evas_Object’ was not declared in this scope
 extern int widget_viewer_evas_freeze_visibility(Evas_Object *widget, widget_visibility_status_e status);
                                                 ^
/home/kayes/abi_tool/abi-tool-2.7w/2.3.1_w/usr/include/widget_viewer_evas/widget_viewer_evas.h:361:62: error: ‘widget’ was not declared in this scope
 extern int widget_viewer_evas_freeze_visibility(Evas_Object *widget, widget_visibility_status_e status);
                                                              ^
/home/kayes/abi_tool/abi-tool-2.7w/2.3.1_w/usr/include/widget_viewer_evas/widget_viewer_evas.h:361:97: error: expected primary-expression before ‘status’
 extern int widget_viewer_evas_freeze_visibility(Evas_Object *widget, widget_visibility_status_e status);
                                                                                                 ^
/home/kayes/abi_tool/abi-tool-2.7w/2.3.1_w/usr/include/widget_viewer_evas/widget_viewer_evas.h:372:47: error: ‘Evas_Object’ was not declared in this scope
 extern int widget_viewer_evas_thaw_visibility(Evas_Object *widget);
                                               ^
/home/kayes/abi_tool/abi-tool-2.7w/2.3.1_w/usr/include/widget_viewer_evas/widget_viewer_evas.h:372:60: error: ‘widget’ was not declared in this scope
 extern int widget_viewer_evas_thaw_visibility(Evas_Object *widget);
                                                            ^
/home/kayes/abi_tool/abi-tool-2.7w/2.3.1_w/usr/include/widget_viewer_evas/widget_viewer_evas.h:382:53: error: ‘Evas_Object’ was not declared in this scope
 extern bool widget_viewer_evas_is_visibility_frozen(Evas_Object *widget);
                                                     ^
/home/kayes/abi_tool/abi-tool-2.7w/2.3.1_w/usr/include/widget_viewer_evas/widget_viewer_evas.h:382:66: error: ‘widget’ was not declared in this scope
 extern bool widget_viewer_evas_is_visibility_frozen(Evas_Object *widget);
                                                                  ^
/home/kayes/abi_tool/abi-tool-2.7w/2.3.1_w/usr/include/widget_viewer_evas/widget_viewer_evas.h:392:42: error: ‘Evas_Object’ was not declared in this scope
 extern bool widget_viewer_evas_is_widget(Evas_Object *widget);
                                          ^
/home/kayes/abi_tool/abi-tool-2.7w/2.3.1_w/usr/include/widget_viewer_evas/widget_viewer_evas.h:392:55: error: ‘widget’ was not declared in this scope
 extern bool widget_viewer_evas_is_widget(Evas_Object *widget);
                                                       ^
/home/kayes/abi_tool/abi-tool-2.7w/2.3.1_w/usr/include/widget_viewer_evas/widget_viewer_evas.h:400:53: error: variable or field ‘widget_viewer_evas_set_permanent_delete’ declared void
 extern void widget_viewer_evas_set_permanent_delete(Evas_Object *widget, int flag);
                                                     ^
/home/kayes/abi_tool/abi-tool-2.7w/2.3.1_w/usr/include/widget_viewer_evas/widget_viewer_evas.h:400:53: error: ‘Evas_Object’ was not declared in this scope
/home/kayes/abi_tool/abi-tool-2.7w/2.3.1_w/usr/include/widget_viewer_evas/widget_viewer_evas.h:400:66: error: ‘widget’ was not declared in this scope
 extern void widget_viewer_evas_set_permanent_delete(Evas_Object *widget, int flag);
                                                                  ^
/home/kayes/abi_tool/abi-tool-2.7w/2.3.1_w/usr/include/widget_viewer_evas/widget_viewer_evas.h:400:74: error: expected primary-expression before ‘int’
 extern void widget_viewer_evas_set_permanent_delete(Evas_Object *widget, int flag);
                                                                          ^
In file included from /tmp/VupMZr0vX7/dump1.h:4:0:
/home/kayes/abi_tool/abi-tool-2.7w/2.3.1_w/usr/include/widget_viewer_evas/widget_viewer_evas_internal.h:75:5: error: ‘Evas_Object’ does not name a type
     Evas_Object *widget;
     ^
/home/kayes/abi_tool/abi-tool-2.7w/2.3.1_w/usr/include/widget_viewer_evas/widget_viewer_evas_internal.h:84:50: error: ‘Evas_Object’ was not declared in this scope
 extern int widget_viewer_evas_destroy_glance_bar(Evas_Object *widget);
                                                  ^
/home/kayes/abi_tool/abi-tool-2.7w/2.3.1_w/usr/include/widget_viewer_evas/widget_viewer_evas_internal.h:84:63: error: ‘widget’ was not declared in this scope
 extern int widget_viewer_evas_destroy_glance_bar(Evas_Object *widget);
                                                               ^
/home/kayes/abi_tool/abi-tool-2.7w/2.3.1_w/usr/include/widget_viewer_evas/widget_viewer_evas_internal.h:96:45: error: ‘Evas_Object’ was not declared in this scope
 extern int widget_viewer_evas_set_view_port(Evas_Object *widget, int x, int y, int w, int h);
                                             ^
/home/kayes/abi_tool/abi-tool-2.7w/2.3.1_w/usr/include/widget_viewer_evas/widget_viewer_evas_internal.h:96:58: error: ‘widget’ was not declared in this scope
 extern int widget_viewer_evas_set_view_port(Evas_Object *widget, int x, int y, int w, int h);
                                                          ^
/home/kayes/abi_tool/abi-tool-2.7w/2.3.1_w/usr/include/widget_viewer_evas/widget_viewer_evas_internal.h:96:66: error: expected primary-expression before ‘int’
 extern int widget_viewer_evas_set_view_port(Evas_Object *widget, int x, int y, int w, int h);
                                                                  ^
/home/kayes/abi_tool/abi-tool-2.7w/2.3.1_w/usr/include/widget_viewer_evas/widget_viewer_evas_internal.h:96:73: error: expected primary-expression before ‘int’
 extern int widget_viewer_evas_set_view_port(Evas_Object *widget, int x, int y, int w, int h);
                                                                         ^
/home/kayes/abi_tool/abi-tool-2.7w/2.3.1_w/usr/include/widget_viewer_evas/widget_viewer_evas_internal.h:96:80: error: expected primary-expression before ‘int’
 extern int widget_viewer_evas_set_view_port(Evas_Object *widget, int x, int y, int w, int h);
                                                                                ^
/home/kayes/abi_tool/abi-tool-2.7w/2.3.1_w/usr/include/widget_viewer_evas/widget_viewer_evas_internal.h:96:87: error: expected primary-expression before ‘int’
 extern int widget_viewer_evas_set_view_port(Evas_Object *widget, int x, int y, int w, int h);
                                                                                       ^
/home/kayes/abi_tool/abi-tool-2.7w/2.3.1_w/usr/include/widget_viewer_evas/widget_viewer_evas_internal.h:108:45: error: ‘Evas_Object’ was not declared in this scope
 extern int widget_viewer_evas_get_view_port(Evas_Object *widget, int *x, int *y, int *w, int *h);
                                             ^
/home/kayes/abi_tool/abi-tool-2.7w/2.3.1_w/usr/include/widget_viewer_evas/widget_viewer_evas_internal.h:108:58: error: ‘widget’ was not declared in this scope
 extern int widget_viewer_evas_get_view_port(Evas_Object *widget, int *x, int *y, int *w, int *h);
                                                          ^
/home/kayes/abi_tool/abi-tool-2.7w/2.3.1_w/usr/include/widget_viewer_evas/widget_viewer_evas_internal.h:108:66: error: expected primary-expression before ‘int’
 extern int widget_viewer_evas_get_view_port(Evas_Object *widget, int *x, int *y, int *w, int *h);
                                                                  ^
/home/kayes/abi_tool/abi-tool-2.7w/2.3.1_w/usr/include/widget_viewer_evas/widget_viewer_evas_internal.h:108:74: error: expected primary-expression before ‘int’
 extern int widget_viewer_evas_get_view_port(Evas_Object *widget, int *x, int *y, int *w, int *h);
                                                                          ^
/home/kayes/abi_tool/abi-tool-2.7w/2.3.1_w/usr/include/widget_viewer_evas/widget_viewer_evas_internal.h:108:82: error: expected primary-expression before ‘int’
 extern int widget_viewer_evas_get_view_port(Evas_Object *widget, int *x, int *y, int *w, int *h);
                                                                                  ^
/home/kayes/abi_tool/abi-tool-2.7w/2.3.1_w/usr/include/widget_viewer_evas/widget_viewer_evas_internal.h:108:90: error: expected primary-expression before ‘int’
 extern int widget_viewer_evas_get_view_port(Evas_Object *widget, int *x, int *y, int *w, int *h);
                                                                                          ^
/home/kayes/abi_tool/abi-tool-2.7w/2.3.1_w/usr/include/widget_viewer_evas/widget_viewer_evas_internal.h:121:49: error: ‘Evas_Object’ was not declared in this scope
 extern int widget_viewer_evas_feed_access_event(Evas_Object *widget, int type, void *info, void (*ret_cb)(Evas_Object *obj, int ret, void *data), void *data);
                                                 ^
/home/kayes/abi_tool/abi-tool-2.7w/2.3.1_w/usr/include/widget_viewer_evas/widget_viewer_evas_internal.h:121:62: error: ‘widget’ was not declared in this scope
 extern int widget_viewer_evas_feed_access_event(Evas_Object *widget, int type, void *info, void (*ret_cb)(Evas_Object *obj, int ret, void *data), void *data);
                                                              ^
/home/kayes/abi_tool/abi-tool-2.7w/2.3.1_w/usr/include/widget_viewer_evas/widget_viewer_evas_internal.h:121:70: error: expected primary-expression before ‘int’
 extern int widget_viewer_evas_feed_access_event(Evas_Object *widget, int type, void *info, void (*ret_cb)(Evas_Object *obj, int ret, void *data), void *data);
                                                                      ^
/home/kayes/abi_tool/abi-tool-2.7w/2.3.1_w/usr/include/widget_viewer_evas/widget_viewer_evas_internal.h:121:80: error: expected primary-expression before ‘void’
 extern int widget_viewer_evas_feed_access_event(Evas_Object *widget, int type, void *info, void (*ret_cb)(Evas_Object *obj, int ret, void *data), void *data);
                                                                                ^
/home/kayes/abi_tool/abi-tool-2.7w/2.3.1_w/usr/include/widget_viewer_evas/widget_viewer_evas_internal.h:121:99: error: ‘ret_cb’ was not declared in this scope
 extern int widget_viewer_evas_feed_access_event(Evas_Object *widget, int type, void *info, void (*ret_cb)(Evas_Object *obj, int ret, void *data), void *data);
                                                                                                   ^
/home/kayes/abi_tool/abi-tool-2.7w/2.3.1_w/usr/include/widget_viewer_evas/widget_viewer_evas_internal.h:121:107: error: ‘Evas_Object’ was not declared in this scope
 extern int widget_viewer_evas_feed_access_event(Evas_Object *widget, int type, void *info, void (*ret_cb)(Evas_Object *obj, int ret, void *data), void *data);
                                                                                                           ^
/home/kayes/abi_tool/abi-tool-2.7w/2.3.1_w/usr/include/widget_viewer_evas/widget_viewer_evas_internal.h:121:120: error: ‘obj’ was not declared in this scope
 extern int widget_viewer_evas_feed_access_event(Evas_Object *widget, int type, void *info, void (*ret_cb)(Evas_Object *obj, int ret, void *data), void *data);
                                                                                                                        ^
/home/kayes/abi_tool/abi-tool-2.7w/2.3.1_w/usr/include/widget_viewer_evas/widget_viewer_evas_internal.h:121:125: error: expected primary-expression before ‘int’
 extern int widget_viewer_evas_feed_access_event(Evas_Object *widget, int type, void *info, void (*ret_cb)(Evas_Object *obj, int ret, void *data), void *data);
                                                                                                                             ^
/home/kayes/abi_tool/abi-tool-2.7w/2.3.1_w/usr/include/widget_viewer_evas/widget_viewer_evas_internal.h:121:134: error: expected primary-expression before ‘void’
 extern int widget_viewer_evas_feed_access_event(Evas_Object *widget, int type, void *info, void (*ret_cb)(Evas_Object *obj, int ret, void *data), void *data);
                                                                                                                                      ^
/home/kayes/abi_tool/abi-tool-2.7w/2.3.1_w/usr/include/widget_viewer_evas/widget_viewer_evas_internal.h:121:147: error: expected primary-expression before ‘void’
 extern int widget_viewer_evas_feed_access_event(Evas_Object *widget, int type, void *info, void (*ret_cb)(Evas_Object *obj, int ret, void *data), void *data);
                                                                                                                                                   ^
/home/kayes/abi_tool/abi-tool-2.7w/2.3.1_w/usr/include/widget_viewer_evas/widget_viewer_evas_internal.h:130:44: error: ‘Evas_Object’ was not declared in this scope
 extern int widget_viewer_evas_dump_to_file(Evas_Object *widget, const char *filename);
                                            ^
/home/kayes/abi_tool/abi-tool-2.7w/2.3.1_w/usr/include/widget_viewer_evas/widget_viewer_evas_internal.h:130:57: error: ‘widget’ was not declared in this scope
 extern int widget_viewer_evas_dump_to_file(Evas_Object *widget, const char *filename);
                                                         ^
/home/kayes/abi_tool/abi-tool-2.7w/2.3.1_w/usr/include/widget_viewer_evas/widget_viewer_evas_internal.h:130:65: error: expected primary-expression before ‘const’
 extern int widget_viewer_evas_dump_to_file(Evas_Object *widget, const char *filename);
                                                                 ^
/home/kayes/abi_tool/abi-tool-2.7w/2.3.1_w/usr/include/widget_viewer_evas/widget_viewer_evas_internal.h:221:47: error: ‘Evas_Object’ was not declared in this scope
 extern int widget_viewer_evas_get_instance_id(Evas_Object *widget, char **instance_id);
                                               ^
/home/kayes/abi_tool/abi-tool-2.7w/2.3.1_w/usr/include/widget_viewer_evas/widget_viewer_evas_internal.h:221:60: error: ‘widget’ was not declared in this scope
 extern int widget_viewer_evas_get_instance_id(Evas_Object *widget, char **instance_id);
                                                            ^
/home/kayes/abi_tool/abi-tool-2.7w/2.3.1_w/usr/include/widget_viewer_evas/widget_viewer_evas_internal.h:221:68: error: expected primary-expression before ‘char’
 extern int widget_viewer_evas_get_instance_id(Evas_Object *widget, char **instance_id);
                                                                    ^
/home/kayes/abi_tool/abi-tool-2.7w/2.3.1_w/usr/include/widget_viewer_evas/widget_viewer_evas_internal.h:223:49: error: ‘Evas_Object’ was not declared in this scope
 extern int widget_viewer_evas_set_widget_option(Evas_Object *widget, widget_option_widget_e option, int value);
                                                 ^
/home/kayes/abi_tool/abi-tool-2.7w/2.3.1_w/usr/include/widget_viewer_evas/widget_viewer_evas_internal.h:223:62: error: ‘widget’ was not declared in this scope
 extern int widget_viewer_evas_set_widget_option(Evas_Object *widget, widget_option_widget_e option, int value);
                                                              ^
/home/kayes/abi_tool/abi-tool-2.7w/2.3.1_w/usr/include/widget_viewer_evas/widget_viewer_evas_internal.h:223:93: error: expected primary-expression before ‘option’
 extern int widget_viewer_evas_set_widget_option(Evas_Object *widget, widget_option_widget_e option, int value);
                                                                                             ^
/home/kayes/abi_tool/abi-tool-2.7w/2.3.1_w/usr/include/widget_viewer_evas/widget_viewer_evas_internal.h:223:101: error: expected primary-expression before ‘int’
 extern int widget_viewer_evas_set_widget_option(Evas_Object *widget, widget_option_widget_e option, int value);
                                                                                                     ^
/home/kayes/abi_tool/abi-tool-2.7w/2.3.1_w/usr/include/widget_viewer_evas/widget_viewer_evas_internal.h:249:48: error: ‘Evas_Object’ was not declared in this scope
 extern int widget_viewer_evas_emit_text_signal(Evas_Object *widget, widget_text_signal_s event_info, void *data);
                                                ^
/home/kayes/abi_tool/abi-tool-2.7w/2.3.1_w/usr/include/widget_viewer_evas/widget_viewer_evas_internal.h:249:61: error: ‘widget’ was not declared in this scope
 extern int widget_viewer_evas_emit_text_signal(Evas_Object *widget, widget_text_signal_s event_info, void *data);
                                                             ^
/home/kayes/abi_tool/abi-tool-2.7w/2.3.1_w/usr/include/widget_viewer_evas/widget_viewer_evas_internal.h:249:90: error: expected primary-expression before ‘event_info’
 extern int widget_viewer_evas_emit_text_signal(Evas_Object *widget, widget_text_signal_s event_info, void *data);
                                                                                          ^
/home/kayes/abi_tool/abi-tool-2.7w/2.3.1_w/usr/include/widget_viewer_evas/widget_viewer_evas_internal.h:249:102: error: expected primary-expression before ‘void’
 extern int widget_viewer_evas_emit_text_signal(Evas_Object *widget, widget_text_signal_s event_info, void *data);
                                                                                                      ^
/home/kayes/abi_tool/abi-tool-2.7w/2.3.1_w/usr/include/widget_viewer_evas/widget_viewer_evas_internal.h:260:49: error: ‘Evas_Object’ was not declared in this scope
 extern int widget_viewer_evas_set_preview_image(Evas_Object *widget, widget_size_type_e type, const char *preview);
                                                 ^
/home/kayes/abi_tool/abi-tool-2.7w/2.3.1_w/usr/include/widget_viewer_evas/widget_viewer_evas_internal.h:260:62: error: ‘widget’ was not declared in this scope
 extern int widget_viewer_evas_set_preview_image(Evas_Object *widget, widget_size_type_e type, const char *preview);
                                                              ^
/home/kayes/abi_tool/abi-tool-2.7w/2.3.1_w/usr/include/widget_viewer_evas/widget_viewer_evas_internal.h:260:89: error: expected primary-expression before ‘type’
 extern int widget_viewer_evas_set_preview_image(Evas_Object *widget, widget_size_type_e type, const char *preview);
                                                                                         ^
/home/kayes/abi_tool/abi-tool-2.7w/2.3.1_w/usr/include/widget_viewer_evas/widget_viewer_evas_internal.h:260:95: error: expected primary-expression before ‘const’
 extern int widget_viewer_evas_set_preview_image(Evas_Object *widget, widget_size_type_e type, const char *preview);
                                                                                               ^
/home/kayes/abi_tool/abi-tool-2.7w/2.3.1_w/usr/include/widget_viewer_evas/widget_viewer_evas_internal.h:270:44: error: ‘Evas_Object’ was not declared in this scope
 extern int widget_viewer_evas_hide_overlay(Evas_Object *widget);
                                            ^
/home/kayes/abi_tool/abi-tool-2.7w/2.3.1_w/usr/include/widget_viewer_evas/widget_viewer_evas_internal.h:270:57: error: ‘widget’ was not declared in this scope
 extern int widget_viewer_evas_hide_overlay(Evas_Object *widget);
                                                         ^

Temporary header file '/tmp/VupMZr0vX7/dump2.h' with the following content will be compiled to create GCC translation unit dump:

  // add includes
  #include "/home/kayes/abi_tool/abi-tool-2.7w/3.0_w/usr/include/widget_viewer_evas/widget_viewer_evas.h"

The GCC parameters:
  gcc -fdump-translation-unit -fkeep-inline-functions -c -x c++-header -fpermissive -w "/tmp/VupMZr0vX7/dump2.h"  -I/home/kayes/tizen-sdk/platforms/tizen-3.0/mobile/rootstraps/mobile-3.0-device.core/usr/include -I/home/kayes/tizen-sdk/platforms/tizen-3.0/mobile/rootstraps/mobile-3.0-device.core/usr/include/widget_service

In file included from /tmp/VupMZr0vX7/dump2.h:3:0:
/home/kayes/abi_tool/abi-tool-2.7w/3.0_w/usr/include/widget_viewer_evas/widget_viewer_evas.h:133:36: error: ‘Evas_Object’ was not declared in this scope
 extern int widget_viewer_evas_init(Evas_Object *win);
                                    ^
/home/kayes/abi_tool/abi-tool-2.7w/3.0_w/usr/include/widget_viewer_evas/widget_viewer_evas.h:133:49: error: ‘win’ was not declared in this scope
 extern int widget_viewer_evas_init(Evas_Object *win);
                                                 ^
/home/kayes/abi_tool/abi-tool-2.7w/3.0_w/usr/include/widget_viewer_evas/widget_viewer_evas.h:166:8: error: ‘Evas_Object’ does not name a type
 extern Evas_Object *widget_viewer_evas_add_widget(Evas_Object *parent, const char *widget_id, const char *content_info, double period);
        ^
/home/kayes/abi_tool/abi-tool-2.7w/3.0_w/usr/include/widget_viewer_evas/widget_viewer_evas.h:226:44: error: ‘Evas_Object’ was not declared in this scope
 extern int widget_viewer_evas_pause_widget(Evas_Object *widget);
                                            ^
/home/kayes/abi_tool/abi-tool-2.7w/3.0_w/usr/include/widget_viewer_evas/widget_viewer_evas.h:226:57: error: ‘widget’ was not declared in this scope
 extern int widget_viewer_evas_pause_widget(Evas_Object *widget);
                                                         ^
/home/kayes/abi_tool/abi-tool-2.7w/3.0_w/usr/include/widget_viewer_evas/widget_viewer_evas.h:241:45: error: ‘Evas_Object’ was not declared in this scope
 extern int widget_viewer_evas_resume_widget(Evas_Object *widget);
                                             ^
/home/kayes/abi_tool/abi-tool-2.7w/3.0_w/usr/include/widget_viewer_evas/widget_viewer_evas.h:241:58: error: ‘widget’ was not declared in this scope
 extern int widget_viewer_evas_resume_widget(Evas_Object *widget);
                                                          ^
/home/kayes/abi_tool/abi-tool-2.7w/3.0_w/usr/include/widget_viewer_evas/widget_viewer_evas.h:276:56: error: ‘Evas_Object’ was not declared in this scope
 extern const char *widget_viewer_evas_get_content_info(Evas_Object *widget);
                                                        ^
/home/kayes/abi_tool/abi-tool-2.7w/3.0_w/usr/include/widget_viewer_evas/widget_viewer_evas.h:276:69: error: ‘widget’ was not declared in this scope
 extern const char *widget_viewer_evas_get_content_info(Evas_Object *widget);
                                                                     ^
/home/kayes/abi_tool/abi-tool-2.7w/3.0_w/usr/include/widget_viewer_evas/widget_viewer_evas.h:294:56: error: ‘Evas_Object’ was not declared in this scope
 extern const char *widget_viewer_evas_get_title_string(Evas_Object *widget);
                                                        ^
/home/kayes/abi_tool/abi-tool-2.7w/3.0_w/usr/include/widget_viewer_evas/widget_viewer_evas.h:294:69: error: ‘widget’ was not declared in this scope
 extern const char *widget_viewer_evas_get_title_string(Evas_Object *widget);
                                                                     ^
/home/kayes/abi_tool/abi-tool-2.7w/3.0_w/usr/include/widget_viewer_evas/widget_viewer_evas.h:311:53: error: ‘Evas_Object’ was not declared in this scope
 extern const char *widget_viewer_evas_get_widget_id(Evas_Object *widget);
                                                     ^
/home/kayes/abi_tool/abi-tool-2.7w/3.0_w/usr/include/widget_viewer_evas/widget_viewer_evas.h:311:66: error: ‘widget’ was not declared in this scope
 extern const char *widget_viewer_evas_get_widget_id(Evas_Object *widget);
                                                                  ^
/home/kayes/abi_tool/abi-tool-2.7w/3.0_w/usr/include/widget_viewer_evas/widget_viewer_evas.h:327:45: error: ‘Evas_Object’ was not declared in this scope
 extern double widget_viewer_evas_get_period(Evas_Object *widget);
                                             ^
/home/kayes/abi_tool/abi-tool-2.7w/3.0_w/usr/include/widget_viewer_evas/widget_viewer_evas.h:327:58: error: ‘widget’ was not declared in this scope
 extern double widget_viewer_evas_get_period(Evas_Object *widget);
                                                          ^
/home/kayes/abi_tool/abi-tool-2.7w/3.0_w/usr/include/widget_viewer_evas/widget_viewer_evas.h:343:51: error: variable or field ‘widget_viewer_evas_cancel_click_event’ declared void
 extern void widget_viewer_evas_cancel_click_event(Evas_Object *widget);
                                                   ^
/home/kayes/abi_tool/abi-tool-2.7w/3.0_w/usr/include/widget_viewer_evas/widget_viewer_evas.h:343:51: error: ‘Evas_Object’ was not declared in this scope
/home/kayes/abi_tool/abi-tool-2.7w/3.0_w/usr/include/widget_viewer_evas/widget_viewer_evas.h:343:64: error: ‘widget’ was not declared in this scope
 extern void widget_viewer_evas_cancel_click_event(Evas_Object *widget);
                                                                ^
/home/kayes/abi_tool/abi-tool-2.7w/3.0_w/usr/include/widget_viewer_evas/widget_viewer_evas.h:358:48: error: variable or field ‘widget_viewer_evas_disable_preview’ declared void
 extern void widget_viewer_evas_disable_preview(Evas_Object *widget);
                                                ^
/home/kayes/abi_tool/abi-tool-2.7w/3.0_w/usr/include/widget_viewer_evas/widget_viewer_evas.h:358:48: error: ‘Evas_Object’ was not declared in this scope
/home/kayes/abi_tool/abi-tool-2.7w/3.0_w/usr/include/widget_viewer_evas/widget_viewer_evas.h:358:61: error: ‘widget’ was not declared in this scope
 extern void widget_viewer_evas_disable_preview(Evas_Object *widget);
                                                             ^
/home/kayes/abi_tool/abi-tool-2.7w/3.0_w/usr/include/widget_viewer_evas/widget_viewer_evas.h:374:53: error: variable or field ‘widget_viewer_evas_disable_overlay_text’ declared void
 extern void widget_viewer_evas_disable_overlay_text(Evas_Object *widget);
                                                     ^
/home/kayes/abi_tool/abi-tool-2.7w/3.0_w/usr/include/widget_viewer_evas/widget_viewer_evas.h:374:53: error: ‘Evas_Object’ was not declared in this scope
/home/kayes/abi_tool/abi-tool-2.7w/3.0_w/usr/include/widget_viewer_evas/widget_viewer_evas.h:374:66: error: ‘widget’ was not declared in this scope
 extern void widget_viewer_evas_disable_overlay_text(Evas_Object *widget);
                                                                  ^
/home/kayes/abi_tool/abi-tool-2.7w/3.0_w/usr/include/widget_viewer_evas/widget_viewer_evas.h:390:48: error: variable or field ‘widget_viewer_evas_disable_loading’ declared void
 extern void widget_viewer_evas_disable_loading(Evas_Object *widget);
                                                ^
/home/kayes/abi_tool/abi-tool-2.7w/3.0_w/usr/include/widget_viewer_evas/widget_viewer_evas.h:390:48: error: ‘Evas_Object’ was not declared in this scope
/home/kayes/abi_tool/abi-tool-2.7w/3.0_w/usr/include/widget_viewer_evas/widget_viewer_evas.h:390:61: error: ‘widget’ was not declared in this scope
 extern void widget_viewer_evas_disable_loading(Evas_Object *widget);
                                                             ^
/home/kayes/abi_tool/abi-tool-2.7w/3.0_w/usr/include/widget_viewer_evas/widget_viewer_evas.h:406:51: error: ‘Evas_Object’ was not declared in this scope
 extern int widget_viewer_evas_feed_mouse_up_event(Evas_Object *widget);
                                                   ^
/home/kayes/abi_tool/abi-tool-2.7w/3.0_w/usr/include/widget_viewer_evas/widget_viewer_evas.h:406:64: error: ‘widget’ was not declared in this scope
 extern int widget_viewer_evas_feed_mouse_up_event(Evas_Object *widget);
                                                                ^
/home/kayes/abi_tool/abi-tool-2.7w/3.0_w/usr/include/widget_viewer_evas/widget_viewer_evas.h:421:56: error: variable or field ‘widget_viewer_evas_activate_faulted_widget’ declared void
 extern void widget_viewer_evas_activate_faulted_widget(Evas_Object *widget);
                                                        ^
/home/kayes/abi_tool/abi-tool-2.7w/3.0_w/usr/include/widget_viewer_evas/widget_viewer_evas.h:421:56: error: ‘Evas_Object’ was not declared in this scope
/home/kayes/abi_tool/abi-tool-2.7w/3.0_w/usr/include/widget_viewer_evas/widget_viewer_evas.h:421:69: error: ‘widget’ was not declared in this scope
 extern void widget_viewer_evas_activate_faulted_widget(Evas_Object *widget);
                                                                     ^
/home/kayes/abi_tool/abi-tool-2.7w/3.0_w/usr/include/widget_viewer_evas/widget_viewer_evas.h:438:43: error: ‘Evas_Object’ was not declared in this scope
 extern bool widget_viewer_evas_is_faulted(Evas_Object *widget);
                                           ^
/home/kayes/abi_tool/abi-tool-2.7w/3.0_w/usr/include/widget_viewer_evas/widget_viewer_evas.h:438:56: error: ‘widget’ was not declared in this scope
 extern bool widget_viewer_evas_is_faulted(Evas_Object *widget);
                                                        ^
/home/kayes/abi_tool/abi-tool-2.7w/3.0_w/usr/include/widget_viewer_evas/widget_viewer_evas.h:456:49: error: ‘Evas_Object’ was not declared in this scope
 extern int widget_viewer_evas_freeze_visibility(Evas_Object *widget, widget_visibility_status_e status);
                                                 ^
/home/kayes/abi_tool/abi-tool-2.7w/3.0_w/usr/include/widget_viewer_evas/widget_viewer_evas.h:456:62: error: ‘widget’ was not declared in this scope
 extern int widget_viewer_evas_freeze_visibility(Evas_Object *widget, widget_visibility_status_e status);
                                                              ^
/home/kayes/abi_tool/abi-tool-2.7w/3.0_w/usr/include/widget_viewer_evas/widget_viewer_evas.h:456:97: error: expected primary-expression before ‘status’
 extern int widget_viewer_evas_freeze_visibility(Evas_Object *widget, widget_visibility_status_e status);
                                                                                                 ^
/home/kayes/abi_tool/abi-tool-2.7w/3.0_w/usr/include/widget_viewer_evas/widget_viewer_evas.h:471:47: error: ‘Evas_Object’ was not declared in this scope
 extern int widget_viewer_evas_thaw_visibility(Evas_Object *widget);
                                               ^
/home/kayes/abi_tool/abi-tool-2.7w/3.0_w/usr/include/widget_viewer_evas/widget_viewer_evas.h:471:60: error: ‘widget’ was not declared in this scope
 extern int widget_viewer_evas_thaw_visibility(Evas_Object *widget);
                                                            ^
/home/kayes/abi_tool/abi-tool-2.7w/3.0_w/usr/include/widget_viewer_evas/widget_viewer_evas.h:488:53: error: ‘Evas_Object’ was not declared in this scope
 extern bool widget_viewer_evas_is_visibility_frozen(Evas_Object *widget);
                                                     ^
/home/kayes/abi_tool/abi-tool-2.7w/3.0_w/usr/include/widget_viewer_evas/widget_viewer_evas.h:488:66: error: ‘widget’ was not declared in this scope
 extern bool widget_viewer_evas_is_visibility_frozen(Evas_Object *widget);
                                                                  ^
/home/kayes/abi_tool/abi-tool-2.7w/3.0_w/usr/include/widget_viewer_evas/widget_viewer_evas.h:505:42: error: ‘Evas_Object’ was not declared in this scope
 extern bool widget_viewer_evas_is_widget(Evas_Object *widget);
                                          ^
/home/kayes/abi_tool/abi-tool-2.7w/3.0_w/usr/include/widget_viewer_evas/widget_viewer_evas.h:505:55: error: ‘widget’ was not declared in this scope
 extern bool widget_viewer_evas_is_widget(Evas_Object *widget);
                                                       ^
/home/kayes/abi_tool/abi-tool-2.7w/3.0_w/usr/include/widget_viewer_evas/widget_viewer_evas.h:520:53: error: variable or field ‘widget_viewer_evas_set_permanent_delete’ declared void
 extern void widget_viewer_evas_set_permanent_delete(Evas_Object *widget, int flag);
                                                     ^
/home/kayes/abi_tool/abi-tool-2.7w/3.0_w/usr/include/widget_viewer_evas/widget_viewer_evas.h:520:53: error: ‘Evas_Object’ was not declared in this scope
/home/kayes/abi_tool/abi-tool-2.7w/3.0_w/usr/include/widget_viewer_evas/widget_viewer_evas.h:520:66: error: ‘widget’ was not declared in this scope
 extern void widget_viewer_evas_set_permanent_delete(Evas_Object *widget, int flag);
                                                                  ^
/home/kayes/abi_tool/abi-tool-2.7w/3.0_w/usr/include/widget_viewer_evas/widget_viewer_evas.h:520:74: error: expected primary-expression before ‘int’
 extern void widget_viewer_evas_set_permanent_delete(Evas_Object *widget, int flag);
                                                                          ^

