====================
শুক্র জুল 29 18:26:31 BDT 2016
====================
account-common.armv7l 0.1.1-7.1 platform/core/account/account-common#49f7f981cc6cab0cdc21ab7d0023218cc2c1e54e
account-manager.armv7l 0.1.7-15.1 platform/core/account/account-manager#62ee2fdbad8331f836b6c2bcc421cefff835d54f
account-parser.armv7l 0.1.0-3.3 platform/core/account/account-parser#b3f6eb7098f69887c244d2e36619cab5b20fa2ee
acl.armv7l 2.2.52-3.4 platform/upstream/acl#bb2f70f5a4d7015cb3dadf2a84f42117bae1c669
alarm-server.armv7l 0.4.178-49.1 platform/core/appfw/alarm-manager#b2993e619061347c6c724c15088c1b6e21c322e7
alsa-utils.armv7l 1.0.28-14.1 platform/upstream/alsa-utils#4d59b8d698b2fbdf8c2799d02e0467825ee51933
amd.armv7l 0.0.100-88.1 platform/core/appfw/amd#c302a445e81698a422bcbe8926404ef58acace03
anthy.armv7l 9100h-12.9 platform/core/uifw/anthy#ae5007464c40c9f359c278c788be0bfdd8ebdcbe
app-core-common.armv7l 1.2-42.1 platform/core/appfw/app-core#73f688b07dab4d695cc1f7bee4eec6701500eab4
app-core-efl.armv7l 1.2-42.1 platform/core/appfw/app-core#73f688b07dab4d695cc1f7bee4eec6701500eab4
app-installers.armv7l 1.8-127.1 platform/core/appfw/app-installers#3e9e8f56f672b3bc557773d8fa73998cab177ee0
app-svc.armv7l 0.1.53-20.4 platform/core/appfw/app-svc#1c984aefbe371d3d04709aaff514c6ed10a62292
app2sd.armv7l 0.5.43-31.1 platform/core/appfw/app2sd#7469d596b66bc137ca0384f3fe75e65763220904
appcore-agent.armv7l 1.0.4-19.1 platform/core/appfw/appcore-agent#03f27e0ba2244bcb948aa9d2b153e04beb57169b
appcore-widget.armv7l 1.0.0.0-18.2 platform/core/appfw/appcore-widget#783fbd2f0f9fc204ad9797e3ee964bde37277973
argos_watchdog.armv7l 0.0.1-2.3 platform/core/system/argos_watchdog#aa432c46404988d821670bb9fa16ee076556472b
askuser-plugins.armv7l 0.1.4-16.2 platform/core/security/askuser#2e15a94f374b676aca8dc2985a643927b80eca3f
askuser-test.armv7l 0.1.4-16.2 platform/core/security/askuser#2e15a94f374b676aca8dc2985a643927b80eca3f
askuser.armv7l 0.1.4-16.2 platform/core/security/askuser#2e15a94f374b676aca8dc2985a643927b80eca3f
at-spi2-core.armv7l 2.16.1-8.2 platform/upstream/at-spi2-core#632107d94461024f2cdcb6bbe530cc14e96f3fe0
audio-config-wm1831-orbis.noarch 0.0.29-4.1 profile/wearable/platform/adaptation/samsung_exynos/audio-config-wm1831#e7a55193152538bdb500f3ca24a4c4ac7e120b42
audio-hal-wm1831.armv7l 0.1.7-6.1 platform/adaptation/samsung_exynos/audio-hal-wm1831#cd1d8b9c3d6d1c9dbf5bd7f5a0032f72ab06ee47
aul.armv7l 0.0.300-35.1 platform/core/appfw/aul-1#fd83aa692a1790ee2e80f44831c7e287f04921fe
auth-fw.armv7l 0.0.1-5.3 platform/core/security/auth-fw#2d8749a59c19bd76e15162f93deba01056b7417b
bash.armv7l 3.2.57-3.2 product/upstream/bash#e15719eca663a1de7762ab70817b0357640572bc
bluetooth-agent.armv7l 0.1.0-34.1 platform/core/connectivity/bluetooth-agent#572e2be3fe1250d4c8e04e59e3695ce9acff5b28
bluetooth-firmware-bcm-exynos3250.armv7l 0.1.3-14.1 platform/adaptation/bluetooth-firmware-bcm#8796af3f9b41cc88eda446f1b004b60ab07027fa
bluetooth-frwk-core.armv7l 0.2.151-86.1 platform/core/connectivity/bluetooth-frwk#e6c6fd89783d6ee0297a5c14425b94e3a95853dd
bluetooth-frwk-service.armv7l 0.2.151-86.1 platform/core/connectivity/bluetooth-frwk#e6c6fd89783d6ee0297a5c14425b94e3a95853dd
bluetooth-frwk.armv7l 0.2.151-86.1 platform/core/connectivity/bluetooth-frwk#e6c6fd89783d6ee0297a5c14425b94e3a95853dd
bluetooth-tools.armv7l 0.2.35-21.1 platform/core/connectivity/bluetooth-tools#c76bb79f53e1368f9751b8c635df444c947cc9e9
bluez.armv7l 5.37-51.3 platform/upstream/bluez#efdef8a229f6f8aac1f2c85539542513629c3056
boost-date-time.armv7l 1.58.0-14.4 platform/upstream/boost#19bc0ae04846b66e010064545c66a1b6f1a042ac
boost-filesystem.armv7l 1.58.0-14.4 platform/upstream/boost#19bc0ae04846b66e010064545c66a1b6f1a042ac
boost-license.noarch 1.58.0-14.4 platform/upstream/boost#19bc0ae04846b66e010064545c66a1b6f1a042ac
boost-program-options.armv7l 1.58.0-14.4 platform/upstream/boost#19bc0ae04846b66e010064545c66a1b6f1a042ac
boost-regex.armv7l 1.58.0-14.4 platform/upstream/boost#19bc0ae04846b66e010064545c66a1b6f1a042ac
boost-system.armv7l 1.58.0-14.4 platform/upstream/boost#19bc0ae04846b66e010064545c66a1b6f1a042ac
boost-thread.armv7l 1.58.0-14.4 platform/upstream/boost#19bc0ae04846b66e010064545c66a1b6f1a042ac
boot-animation.armv7l 0.3.7-8.1 apps/core/preloaded/boot-animation#103d04c38fbb61b282c0c36e7bb85a84d61a5373
buxton2.armv7l 1.1-44.3 platform/core/system/buxton2#bbd94898d194ade40fc8afcb00af00f1fa684cb0
ca-certificates-tizen.armv7l 0.2.0-10.1 platform/core/security/ca-certificates-tizen#eb121522ca766e68713d54e6b2b039e2eb7900db
ca-certificates.noarch 0.0.2-19.27 platform/core/security/ca-certificates#2918b0eea81778b9963db13c9447f07d1af0fbef
capi-appfw-application.armv7l 0.1.0-21.23 platform/core/api/application#9a814e550e146d6f020adf1ba7a4a18241543fe8
capi-maps-service.armv7l 0.6.2-19.49 platform/core/api/maps-service#cf3c368f0ded9fd7ef8bd24c601161b21673e4b0
capi-media-controller.armv7l 0.1.23-12.7 platform/core/api/media-controller#7af7bdcb82f94010884f31b1f88b5e15c211900c
capi-media-metadata-editor.armv7l 0.1.5-3.2 platform/core/api/metadata-editor#bd3d6f71199bca30fd24ba81b2e3b3d7bfe9f9ff
capi-media-streamer.armv7l 0.1.7-13.25 platform/core/api/mediastreamer#b922a3ee2f55d6bb08a2bc46a720afc402e867d0
capi-media-streamrecorder.armv7l 0.0.7-4.51 platform/core/api/mediastreamrecorder#2ac4aeeea701f94e4a5e1dd54ddccd2fa80dab6e
capi-media-thumbnail-util.armv7l 0.1.3-3.4 platform/core/api/thumbnail-util#9d471c2496a87201e6f76790243daef8960c7261
capi-media-vision.armv7l 0.3.20-15.48 platform/core/api/mediavision#9db5b0e313474a3bb82caaf2d8fc126949f4c738
capi-mediademuxer.armv7l 0.1.4-7.10 platform/core/api/mediademuxer#73ad39e7bec500798df70987a101dc971126c0f1
capi-mediamuxer.armv7l 0.1.1-6.33 platform/core/api/mediamuxer#c421463a55c9aff2a803cb15e9c2bd4789536ca8
capi-messaging-email.armv7l 0.1.16-1.1 platform/core/api/email#6009ca2ce57fdbedfe6b3ff1ba377950c42cc74f
capi-network-http.armv7l 0.0.11-11.22 platform/core/api/http#13fb073a58aff31d3de2b8e6e8465629b6acd9f8
capi-network-nfc.armv7l 0.3.4-17.39 platform/core/api/nfc#bb9f62f7a6bc4501509d4f761f64d29a5144245f
capi-network-softap.armv7l 0.0.7-3.3 platform/core/api/softap#bbe3816bf1c7c261533f3d173dea3f9a7121b506
capi-ui-inputmethod-manager.armv7l 0.0.7-9.21 platform/core/api/inputmethod-manager#6558e196cdf34af177382eb286ec8cb7f69ea5de
capi-ui-inputmethod.armv7l 0.0.15-14.14 platform/core/api/inputmethod#f6b69289de096e645201b64d912347126faf3153
capi-web-url-download.armv7l 1.2.7-5.1 platform/core/api/url-download#212bf1b2d7d01a1d80bf50a38916395f47fd87b1
cert-svc.armv7l 2.1.1-50.8 platform/core/security/cert-svc#2738daac96814d486865c8f0d0eaee1561053b43
chromium-efl.armv7l 47.2526.69.49-115.1 platform/framework/web/chromium-efl#2686fea8dedd3565bbc47ed0c320853afbfe0e63
connman.armv7l 1.29-55.1 platform/upstream/connman#746566255e1b32c76f6fd231c8d26415b6b57c34
contacts-service2.armv7l 0.13.56-57.11 platform/core/pim/contacts-service#cbb019da51a84caf006ac18dbce93446c5aab017
context-common.armv7l 0.9.4-11.26 platform/core/context/context-common#b351d9196ae0d3096b8c982e300f5affe303d402
context-provider.armv7l 0.9.4-14.31 platform/core/context/context-provider#de90e338dbd39e4cc5c2e1445fa7459a34075e75
context-service.armv7l 0.9.4-15.33 platform/core/context/context-service#65307a1bab59f03023807f58a05e415dbe8025b6
cordova-api.armv7l 0.11-8.59 platform/core/api/cordova-plugins#7fd92a8bcc51533a826446e341e5ec7052ce1ae8
coregl.armv7l 0.1.10-13.32 platform/core/uifw/coregl#715d39db2cbc5a44eb5f88b44e0151e3d083ee36
coreutils.armv7l 6.9-7.4 product/upstream/coreutils#c11dc7c39c03e9ec3f36c4296660132fe7213010
crash-worker.armv7l 0.2.0-22.1 platform/core/system/crash-worker#77ffa5b7bba156d6e546e629af76fd9d18b77ea3
crosswalk-tizen.armv7l 1.0.0-45.1 platform/framework/web/crosswalk-tizen#5427a9658326911a511d8bb9ddc22a1fc0c9406f
curl.armv7l 7.48.0-14.3 platform/upstream/curl#ede3440ea72f7455b2a43cd6fda32cdc777b8a41
cyad.armv7l 0.14.3-37.3 platform/core/security/cynara#1ab9eadac915d8e3316a2bc1f45215e545ed2ed1
cynara-db-migration.armv7l 0.14.3-37.3 platform/core/security/cynara#1ab9eadac915d8e3316a2bc1f45215e545ed2ed1
cynara.armv7l 0.14.3-37.1 platform/core/security/cynara#1ab9eadac915d8e3316a2bc1f45215e545ed2ed1
d2d-conv-manager-lib.armv7l 0.0.1-14.38 platform/core/convergence/d2d-conv-manager#6a738e461a893c5e44801afa2a0b991d86ed5f30
d2d-conv-manager.armv7l 0.0.1-14.38 platform/core/convergence/d2d-conv-manager#6a738e461a893c5e44801afa2a0b991d86ed5f30
dali-adaptor-dali-video-player-plugin.armv7l 1.1.39-63.3 platform/core/uifw/dali-adaptor#3b7d542d1d437d0532c2f4d07f35493f7a4fc8a3
dali-adaptor.armv7l 1.1.39-63.3 platform/core/uifw/dali-adaptor#3b7d542d1d437d0532c2f4d07f35493f7a4fc8a3
dali-toolkit.armv7l 1.1.39-16.32 platform/core/uifw/dali-toolkit#c26660cb98b2a6c8ddf1b813e4bf836d4ac7627a
dali.armv7l 1.1.39-16.10 platform/core/uifw/dali-core#41bade387b3cba1899655c3ac4442d6c85bf0ad3
data-control.armv7l 0.0.16-29.1 platform/core/appfw/data-control#473c8d2d43ed35b80770c03cfb650eb7d2787078
data-provider-master.armv7l 1.3.0-22.1 platform/core/appfw/data-provider-master#c5acaf1a45676826e7675ad5a2c26a3fcaf01e07
db4.armv7l 4.8.30.NC-1.16 platform/upstream/db4#a9c449b776662e5b683c754f36b0cbe5710888e5
dbus-glib.armv7l 0.100.2-10.9 platform/upstream/dbus-glib#43ece0a1234a07d165097262df34d4399fdcb67c
dbus-libs.armv7l 1.10.6-42.3 platform/upstream/dbus#afae4597dd6010486f2ef79826b05267d7b7d330
dbus.armv7l 1.10.6-42.3 platform/upstream/dbus#afae4597dd6010486f2ef79826b05267d7b7d330
dcm-service.armv7l 0.0.12-21.1 platform/core/multimedia/dcm-service#eb05ed659dd73adcd19baf3a3f7efb6bed646565
debug-launchpad.armv7l 0.0.12-21.1 platform/core/appfw/debug-launchpad#56c25b836dc2b121c4c2c944484a7d0625593e85
default-ac-domains.noarch 0.1-18.1 platform/core/security/default-ac-domains#64b8ea82dcfb24e645008fe315860a28ee0e4387
default-fonts-fc-sdk.armv7l 0.0.5-14.2 platform/core/graphics/default-fonts-fc-sdk#b588050bc45908383e6e9a122a6d2cff9d9e2bf9
default-fonts-sdk.armv7l 1.2.1.0-13.1 platform/core/graphics/default-fonts-sdk#24ab51948cc4d8da96446e8bb23f5bd539889851
device-manager-plugin-exynos3250.armv7l 0.0.1-3.1 platform/adaptation/samsung_exynos/device-manager-plugin-exynos3250#c94531a5a3b8b4d05c04f4468f44436ecd4f2bf8
device-policy-manager.armv7l 0.0.1-36.2 platform/core/security/device-policy-manager#27852be0904acc15a128aff5ad94aca536335a59
deviced-tools.armv7l 1.0.0-83.10 platform/core/system/deviced#a4ea781c568307349a8c6bbda686ea1ebccc8594
deviced.armv7l 1.0.0-83.10 platform/core/system/deviced#a4ea781c568307349a8c6bbda686ea1ebccc8594
dlogutil.armv7l 0.4.1-50.3 platform/core/system/dlog#76c667512e355bda5edd856f6b7041f9f8e392b0
dnsmasq.armv7l 2.74-16.1 platform/upstream/dnsmasq#0d9282104a68ca9cb49dce5838adcf885890298c
download-provider.armv7l 2.1.58-46.9 platform/framework/web/download-provider#d64b66173667a7cdcac3aceb48c7f51a57924d67
drm-service-core-tizen.armv7l 0.3.9-5.1 platform/core/security/drm-service-core-tizen#4af85bae1725523111e3b451e963630c7e6059f7
dummyasm.armv7l 0.0.1-21.1 platform/core/account/fido-client#bc0603b2f4c1b746663de835c0edf3c73e1aeb3d
e-mod-tizen-devicemgr.armv7l 0.1.19-98.1 platform/core/uifw/e-mod-tizen-devicemgr#3b27f3e7626fb6caf10eae11b88b0b6b2108edf8
e-mod-tizen-eom.armv7l 0.1.1-4.42 platform/core/uifw/e-mod-tizen-eom#6a98082ebfbb2e9f840c11a47df71f310ee0c7b8
e-mod-tizen-gesture.armv7l 0.1.0-4.6 platform/core/uifw/e-mod-tizen-gesture#f7e457cd58f3f563518174440628b96f562e9536
e-mod-tizen-keyrouter.armv7l 0.1.19-54.1 platform/core/uifw/e-mod-tizen-keyrouter#03defd2e71cc843f0e4383062a23aa84252eee18
e-mod-tizen-processmgr.armv7l 0.1.2-4.43 platform/core/uifw/e-mod-tizen-processmgr#93fbd3f09be3ec574ace03ad55d417477a3c87d6
e-mod-tizen-wl-textinput.armv7l 0.1.57-58.1 platform/core/uifw/e-mod-tizen-wl-textinput#f897a6fcda01b38e8df6d64e08372c4f6b555a2d
e-mod-tizen-wm-policy.armv7l 0.2.32-144.1 platform/core/uifw/e-mod-tizen-wm-policy#f152185edc5d856b9e0349886dc99b198fd60131
e-tizen-data.noarch 0.2.11-59.2 profile/wearable/platform/core/uifw/e-tizen-data#e7ff2410a1c069292376ea5e378c979a650dd2c5
e2fsprogs.armv7l 1.42.13-2.4 platform/upstream/e2fsprogs#00fd769c1ad97db4957076d815725821c33ac2eb
ector.armv7l 1.16.0-226.1 platform/upstream/efl#2fad74d90f932104d3d4065d9919a0003cc84441
edbus.armv7l 1.7.9-10.11 platform/upstream/edbus#f988bbb48d8894e47d9166ebb966e51fd2f32942
eet.armv7l 1.16.0-226.1 platform/upstream/efl#2fad74d90f932104d3d4065d9919a0003cc84441
eeze.armv7l 1.16.0-226.1 platform/upstream/efl#2fad74d90f932104d3d4065d9919a0003cc84441
efl-assist.armv7l 0.1.18r02-11.5 platform/core/uifw/efl-assist#a88bc31689172ae3fc11d0e0724a05cbc39aa050
efl-config.armv7l 0.1-6.1 profile/wearable/platform/core/uifw/efl-config#fd0edb91d16c9911d95f8664a96c789e4d3b03b9
efl-misc.noarch 0.1.32-20.1 profile/wearable/platform/core/uifw/efl-misc#a9b95e132d47fd0c30a297edf22b665778683f51
efl-modules.armv7l 0.1.1-6.1 profile/wearable/platform/core/uifw/efl-modules#9fa90e8a8a128572fa0c1d5f32478a1f9a7db41b
efl-theme-tizen-wearable.armv7l 1.1.0-13.3 profile/wearable/platform/core/uifw/efl-theme-tizen-wearable#e3d66ee67b10bd2bb4bc705b36d9e9dea76d0b72
efl.armv7l 1.16.0-226.1 platform/upstream/efl#2fad74d90f932104d3d4065d9919a0003cc84441
efreet.armv7l 1.16.0-226.1 platform/upstream/efl#2fad74d90f932104d3d4065d9919a0003cc84441
eio.armv7l 1.16.0-226.1 platform/upstream/efl#2fad74d90f932104d3d4065d9919a0003cc84441
eldbus.armv7l 1.16.0-226.1 platform/upstream/efl#2fad74d90f932104d3d4065d9919a0003cc84441
elementary-locale.noarch 1.16.0-103.3 platform/upstream/elementary#2f8c70957f44312bdaff51d7d7dc3d8e813ad26f
elementary-tools.armv7l 1.16.0-103.3 platform/upstream/elementary#2f8c70957f44312bdaff51d7d7dc3d8e813ad26f
elementary.armv7l 1.16.0-103.3 platform/upstream/elementary#2f8c70957f44312bdaff51d7d7dc3d8e813ad26f
email-service.armv7l 0.10.103-6.18 platform/core/messaging/email-service#2747ad2860ec84b67f30ccd673be83050c87e1a2
embryo.armv7l 1.16.0-226.1 platform/upstream/efl#2fad74d90f932104d3d4065d9919a0003cc84441
emile.armv7l 1.16.0-226.1 platform/upstream/efl#2fad74d90f932104d3d4065d9919a0003cc84441
emotion.armv7l 1.16.0-226.1 platform/upstream/efl#2fad74d90f932104d3d4065d9919a0003cc84441
enlightenment.armv7l 0.20.0-199.1 platform/upstream/enlightenment#b875f6029a55f52f9b9460aaca58cc1e4912f15f
eo.armv7l 1.16.0-226.1 platform/upstream/efl#2fad74d90f932104d3d4065d9919a0003cc84441
esd.armv7l 0.0.1-6.1 platform/core/appfw/event-system#dfe05dc31d2605642d9f58b12731f247568414e0
ethumb.armv7l 1.16.0-226.1 platform/upstream/efl#2fad74d90f932104d3d4065d9919a0003cc84441
evas.armv7l 1.16.0-226.1 platform/upstream/efl#2fad74d90f932104d3d4065d9919a0003cc84441
eventsystem.armv7l 0.0.1-11.2 platform/core/appfw/libeventsystem#d20cbfa6da9ec348df0a7b1356502892ed62bd5a
fido-client.armv7l 0.0.1-21.1 platform/core/account/fido-client#bc0603b2f4c1b746663de835c0edf3c73e1aeb3d
filesystem.armv7l 3.1-6.1 platform/upstream/filesystem#d6ec78ca5c717eb8cd6050b5bf668864b097ed99
findutils.armv7l 4.3.8-2.11 product/upstream/findutils#9ce8659bcb14492a8da04b8eebff7528745e7ba5
fontconfig.armv7l 2.11.93-13.3 platform/upstream/fontconfig#0cbee96a357c6248fbd0d50c5b1872c184ab9b12
freealut.armv7l 1.1.0-10.1 platform/upstream/freealut#e49c4159c327ac69b050d318d9ad6c6b7303da50
fribidi.armv7l 0.19.5-8.8 platform/upstream/fribidi#d96da0b6aa6593b118b22d59a242c4feb5ff4927
fsck-msdos.armv7l 1.0.0-1.1 platform/upstream/fsck-msdos#beca313598e4235920c800028a287958fbfbf4ed
gawk.armv7l 3.1.5-2.9 product/upstream/gawk#5f040b3129470de365e017593cfccb094abb2b1e
gdbm.armv7l 1.8.3-2.8 product/upstream/gdbm#de09dc9644ad6109d4c016134ba4e9ff9d657717
giflib.armv7l 5.1.2-11.12 platform/upstream/giflib#a152ebfeb96620337dd37433b7397a0fd921c055
gio-branding-upstream.noarch 2.44.1-8.3 platform/upstream/glib#a707cb6b8dff76ed5196338580b8bdf4636c1170
girepository.armv7l 1.36.0-8.8 platform/upstream/gobject-introspection#6c15fe2f7415421fd1d38d03d8865c0e3e4c9967
glib-networking.armv7l 2.38.0-18.2 platform/upstream/glib-networking#8128574f85494afdbfb8743900c215022be296c5
glibc-locale.armv7l 2.20-9.4 platform/upstream/linaro-glibc#47d37d990ab286a96a5e38fbeec641365d24c02b
glibc.armv7l 2.20-9.4 platform/upstream/linaro-glibc#47d37d990ab286a96a5e38fbeec641365d24c02b
gmime.armv7l 2.6.20-1.3 platform/upstream/gmime#c3a886e7df55fd50565aea213a182aeac46c7009
gmock.armv7l 1.7.0-7.3 platform/upstream/gmock#e9af2645b97318476dc0eeded167f0bd08d686ec
grep.armv7l 2.5.2-2.9 product/upstream/grep#89b6768046f08b7e319b44eae9bb3dab50714da4
gssdp.armv7l 0.14.4-3.1 platform/upstream/gssdp#06f6f14394d726f4445f45a3abc3febb62d48377
gst-libav.armv7l 1.6.1-18.3 platform/upstream/gst-libav#e1f563f39a91fad1f7e932f56b78c2ace8b4f90b
gst-omx.armv7l 1.2.2-20.1 platform/upstream/gst-omx#b8989d2e94aa38956b175247df333cbe990013e7
gst-plugins-bad.armv7l 1.6.1-61.2 platform/upstream/gst-plugins-bad#2268a24e97f5464cfd9b8b774207ace6397f39c3
gst-plugins-base.armv7l 1.6.1-30.1 platform/upstream/gst-plugins-base#5d747861353471d5b409d0ed28fd9119512898ae
gst-plugins-good.armv7l 1.6.1-32.1 platform/upstream/gst-plugins-good#310a6e4309d06e114ec1a30fb93af647ce8eb457
gst-plugins-tizen.armv7l 1.0.0-40.2 platform/upstream/gst-plugins-tizen#0271b38e81c9c6a36ca4219cc187380614bd5b7e
gst-plugins-ugly.armv7l 1.6.1-14.6 platform/upstream/gst-plugins-ugly#d5c390bf1b3ca4fee7d9100f620be7fae75b863a
gstreamer-utils.armv7l 1.6.1-22.8 platform/upstream/gstreamer#834fcac126cee1077181ced6abbe738be243f0ab
gstreamer.armv7l 1.6.1-22.8 platform/upstream/gstreamer#834fcac126cee1077181ced6abbe738be243f0ab
gum-utils.armv7l 1.0.8-55.3 platform/upstream/gumd#46b040d929269031fd178b8d4201366722e11711
gumd.armv7l 1.0.8-55.3 platform/upstream/gumd#46b040d929269031fd178b8d4201366722e11711
gzip.armv7l 1.3.12-2.12 product/upstream/gzip#94415ecd9267c94e8d75c94463426e880d55f300
heremaps-uc-launcher.armv7l 0.3.2-27.2 platform/core/location/maps-plugin-here#9d5c3813af234fb07f4d6cb686b301f3d198af3b
iniparser.armv7l 3.1-11.8 platform/upstream/iniparser#c216877577a389ba12752e8620a1c56371acce80
iotcon.armv7l 0.2.2-33.47 platform/core/iot/iotcon#2e9667915419c43073bb382a5b22c3f13fc012d9
iotivity.armv7l 1.1.0-19.49 platform/upstream/iotivity#f5025d7067356e547eecff643d71912bf8cf008e
iproute2.armv7l 3.9.0-12.1 platform/upstream/iproute2#5d14810bf9e4acb2c68b95239b6ab9754765d9b8
iptables.armv7l 1.4.21-11.9 platform/upstream/iptables#bdab2ae3d451b295663473477b0f2d8064c75fc6
ise-default.armv7l 1.2.68-94.1 platform/core/uifw/ise-default#5b2345ac629f879e02e72d9b861c16035d22aa8c
ise-engine-anthy.armv7l 1.0.7-9.1 platform/core/uifw/ise-engine-anthy#362e61c54f6658adfd141a65434412ef90ab7ff5
ise-engine-default.armv7l 1.0.5-7.3 platform/core/uifw/ise-engine-default#563312a423791d23ee3fb769fa104811edcba2ff
ise-engine-hangul.armv7l 1.0.7-10.1 platform/core/uifw/ise-engine-hangul#1ad1305b204f4953e49390ba3d860689dd413fc8
ise-engine-sunpinyin.armv7l 1.0.6-8.1 platform/core/uifw/ise-engine-sunpinyin#9380e65bb736832449cd47158d05e5b6cc2be01b
ise-engine-tables-zh.armv7l 1.0.9-12.1 platform/core/uifw/ise-engine-tables#05b9936697b2eb079531e984e9cd7900066ae9c4
ise-engine-tables.armv7l 1.0.9-12.1 platform/core/uifw/ise-engine-tables#05b9936697b2eb079531e984e9cd7900066ae9c4
isf-config-wearable.noarch 0.1.0-2.1 profile/wearable/platform/core/uifw/isf-config#36267031eb72278a37b02a101b323a2e3486f7f1
isf.armv7l 3.0.108-130.1 platform/core/uifw/isf#60ea399e6eb3d96de084c1315acc78075895da56
jsoncpp.armv7l 1.6.5-2.4 platform/upstream/jsoncpp#e21f5fb3b3e673b5c1ec91264ec765a420ca9df8
kmod-compat.armv7l 18-10.3 platform/upstream/kmod#92857e35087bbb0816bdd19bcaf687adb0603392
kmod.armv7l 18-10.3 platform/upstream/kmod#92857e35087bbb0816bdd19bcaf687adb0603392
launchpad.armv7l 0.2.3.14-63.1 platform/core/appfw/launchpad#2c573e60a5834ee4aa981f533c7cef05db3217ca
lbs-server-plugin-replay.armv7l 0.2.4-9.32 platform/core/location/lbs-server-plugin-replay#4cc56694dd5b10bdc7ea4b372f741554bb0d2538
lbs-server.armv7l 1.0.4-17.1 platform/core/location/lbs-server#5f1679e38eca1595a8f49e869505f8ef69c78159
libaccount-service.armv7l 0.4.4-12.1 platform/core/api/libaccount-service#c1bd9b72f4d72b53a4979b50568cb66b92dc5606
libacl.armv7l 2.2.52-3.4 platform/upstream/acl#bb2f70f5a4d7015cb3dadf2a84f42117bae1c669
libalarm.armv7l 0.4.178-49.1 platform/core/appfw/alarm-manager#b2993e619061347c6c724c15088c1b6e21c322e7
libaskuser-common.armv7l 0.1.4-16.2 platform/core/security/askuser#2e15a94f374b676aca8dc2985a643927b80eca3f
libasound.armv7l 1.0.28-15.3 platform/upstream/alsa-lib#a662d129aaaba31acd70edda3c030be2332109e1
libatk-bridge-2_0-0.armv7l 2.12.0-6.1 platform/upstream/at-spi2-atk#78c7762e0b1bd61b6508d70cc914b4d3c7f47b95
libatk.armv7l 2.12.0-13.3 platform/upstream/atk#64dd2a3c3a8bffb86d836658afef68b4660c33dd
libatspi0.armv7l 2.16.1-8.2 platform/upstream/at-spi2-core#632107d94461024f2cdcb6bbe530cc14e96f3fe0
libattr.armv7l 2.4.47-1.15 platform/upstream/attr#450f47ad953f7a7d4c577d489103f75234b25619
libauth-fw-client-admin.armv7l 0.0.1-5.3 platform/core/security/auth-fw#2d8749a59c19bd76e15162f93deba01056b7417b
libauth-fw-client.armv7l 0.0.1-5.3 platform/core/security/auth-fw#2d8749a59c19bd76e15162f93deba01056b7417b
libavcodec.armv7l 11.4-13.10 platform/upstream/libav#9e35dd7c8f1c03b6bd4ca54710da38729c27f821
libavformat.armv7l 11.4-13.10 platform/upstream/libav#9e35dd7c8f1c03b6bd4ca54710da38729c27f821
libavutil.armv7l 11.4-13.10 platform/upstream/libav#9e35dd7c8f1c03b6bd4ca54710da38729c27f821
libblkid.armv7l 2.28-6.16 platform/upstream/util-linux#325bf80fcd74f4732a045eca447e7c1fc178b64e
libbmp.armv7l 0.1.3-2.3 platform/upstream/libbmp#0581f50825d90713e8fe8f1d383cde16868c924f
libbz2.armv7l 1.0.6-1.86 platform/upstream/bzip2#2eaa43958f0416d06758a05fe93d098002ee339d
libcairo.armv7l 1.14.2-16.1 platform/core/graphics/cairo#c279cf141e79f15eccd5ff386cf008c8cba8fb64
libcap-tools.armv7l 2.24-1.82 platform/upstream/libcap#efac36e39e9c65ebf2a11545b6fe9a2e0185d5e8
libcap.armv7l 2.24-1.82 platform/upstream/libcap#efac36e39e9c65ebf2a11545b6fe9a2e0185d5e8
libcares.armv7l 1.10.0-1.11 platform/upstream/c-ares#cbe8b82a6854d8ff4a306ae3240a6606a3d1090a
libcom_err.armv7l 1.42.13-2.4 platform/upstream/e2fsprogs#00fd769c1ad97db4957076d815725821c33ac2eb
libcore-sync-client.armv7l 0.1.6-19.2 platform/core/account/sync-manager#5d9e2b09507d6249022987b397ef9776a3617e74
libcryptsvc.armv7l 0.0.1-13.3 platform/core/security/libcryptsvc#789fc17ac1d5641a8d82b429b1785f9a6c2b4097
libcurl.armv7l 7.48.0-14.3 platform/upstream/curl#ede3440ea72f7455b2a43cd6fda32cdc777b8a41
libcynara-admin.armv7l 0.14.3-37.3 platform/core/security/cynara#1ab9eadac915d8e3316a2bc1f45215e545ed2ed1
libcynara-agent.armv7l 0.14.3-37.3 platform/core/security/cynara#1ab9eadac915d8e3316a2bc1f45215e545ed2ed1
libcynara-client.armv7l 0.14.3-37.3 platform/core/security/cynara#1ab9eadac915d8e3316a2bc1f45215e545ed2ed1
libcynara-commons.armv7l 0.14.3-37.3 platform/core/security/cynara#1ab9eadac915d8e3316a2bc1f45215e545ed2ed1
libcynara-creds-commons.armv7l 0.14.3-37.3 platform/core/security/cynara#1ab9eadac915d8e3316a2bc1f45215e545ed2ed1
libcynara-creds-dbus.armv7l 0.14.3-37.3 platform/core/security/cynara#1ab9eadac915d8e3316a2bc1f45215e545ed2ed1
libcynara-creds-gdbus.armv7l 0.14.3-37.3 platform/core/security/cynara#1ab9eadac915d8e3316a2bc1f45215e545ed2ed1
libcynara-creds-socket.armv7l 0.14.3-37.3 platform/core/security/cynara#1ab9eadac915d8e3316a2bc1f45215e545ed2ed1
libcynara-monitor.armv7l 0.14.3-37.3 platform/core/security/cynara#1ab9eadac915d8e3316a2bc1f45215e545ed2ed1
libcynara-session.armv7l 0.14.3-37.3 platform/core/security/cynara#1ab9eadac915d8e3316a2bc1f45215e545ed2ed1
libdevice-node.armv7l 0.1.0-18.3 platform/core/system/libdevice-node#72b6c01cd71f94fdc5107cc3bcaf7002d1af81ca
libdeviced.armv7l 1.0.0-83.10 platform/core/system/deviced#a4ea781c568307349a8c6bbda686ea1ebccc8594
libdns_sd.armv7l 576.30.4-7.1 platform/upstream/mdnsresponder#6e26a08d0f0dbde84ebd701fa875058610995787
libdpm.armv7l 0.0.1-36.2 platform/core/security/device-policy-manager#27852be0904acc15a128aff5ad94aca536335a59
libdrm.armv7l 2.4.58-25.3 platform/upstream/libdrm#500fd993bcf782484e8f53bd77f118ec81302b92
libdw.armv7l 0.153-5.15 product/upstream/elfutils#2409992e137a9d50ac0d487c113333e0bae15db3
libebl.armv7l 0.153-5.15 product/upstream/elfutils#2409992e137a9d50ac0d487c113333e0bae15db3
libelf.armv7l 0.153-5.15 product/upstream/elfutils#2409992e137a9d50ac0d487c113333e0bae15db3
libeom.armv7l 1.0.2-11.4 platform/core/uifw/libeom#4c15e02fb7e6a41fc66a8dd00dff06f583394122
libevdev.armv7l 1.2.2-12.5 platform/upstream/libevdev#4d46ff84aca5d09ef33050c3a9c5bcf96c16046e
libexif.armv7l 0.6.21-9.3 platform/upstream/libexif#b9c784fd54b8e5e3f5ee135dc727f616e6b54a0f
libexpat.armv7l 2.1.1-2.4 platform/upstream/expat#c5ded00cd55cbe179cab047be997fa6d7ca0149f
libext2fs.armv7l 1.42.13-2.4 platform/upstream/e2fsprogs#00fd769c1ad97db4957076d815725821c33ac2eb
libfdisk1.armv7l 2.28-6.16 platform/upstream/util-linux#325bf80fcd74f4732a045eca447e7c1fc178b64e
libfeedback.armv7l 0.1.4-28.1 platform/core/system/libsvi#c22ebf8019941003ed97c9c965d48afb855f3cba
libffi.armv7l 3.1-2.4 platform/upstream/libffi#9301bebc6078e3ccf4db45aa63cc5dc853286b42
libfreebl3.armv7l 3.23-4.29 platform/upstream/nss#d2a8c7e98ab18907c1e14033c993731adc7eea9e
libfreetype.armv7l 2.5.5-10.5 platform/upstream/freetype2#84672cb0b533cbd681ab0e3735a8eb66ddbceef8
libfuse.armv7l 2.9.6-11.3 platform/upstream/fuse#e7a25386ed7e656665efcc632a0dbba5b5a83877
libgbm.armv7l 1.0-6.3 platform/core/uifw/libgbm#ae5d34445eee38daa4349a9ea0340b3faa324ded
libgcc.armv7l 4.9.2-11.7 platform/upstream/linaro-gcc#3e3fac6d58ffa4a65a61bfd4fcf74c321fc18665
libgcrypt.armv7l 1.7.1-3.2 platform/upstream/libgcrypt#04c14f15d3935e6808487ecdfb7ce04fdee3858a
libgio.armv7l 2.44.1-8.3 platform/upstream/glib#a707cb6b8dff76ed5196338580b8bdf4636c1170
libgirepository.armv7l 1.36.0-8.8 platform/upstream/gobject-introspection#6c15fe2f7415421fd1d38d03d8865c0e3e4c9967
libglib.armv7l 2.44.1-8.3 platform/upstream/glib#a707cb6b8dff76ed5196338580b8bdf4636c1170
libgmodule.armv7l 2.44.1-8.3 platform/upstream/glib#a707cb6b8dff76ed5196338580b8bdf4636c1170
libgmp.armv7l 4.2.1-4.4 product/upstream/gmp#63db76d4b2f713185c85f75dc49e7f0d43b34005
libgnutls.armv7l 3.4.11-11.3 platform/upstream/gnutls#e65cbd2e89245c5609d30e042f05b3ee693eec49
libgobject.armv7l 2.44.1-8.3 platform/upstream/glib#a707cb6b8dff76ed5196338580b8bdf4636c1170
libgpg-error.armv7l 1.13-3.50 platform/upstream/libgpg-error#6b695f27757cbebe83801f4532100b8d1cafd6d4
libgthread.armv7l 2.44.1-8.3 platform/upstream/glib#a707cb6b8dff76ed5196338580b8bdf4636c1170
libgum.armv7l 1.0.8-55.3 platform/upstream/gumd#46b040d929269031fd178b8d4201366722e11711
libhangul.armv7l 0.1.0-13.8 platform/core/uifw/libhangul#025191eda9ef24340d1cc660ccea982147f3ff95
libharfbuzz.armv7l 0.9.40-12.3 platform/upstream/harfbuzz#b2201aeb45f31a7a91cc0c2abb1bb42335366030
libhogweed.armv7l 3.2-11.3 platform/upstream/nettle#51b1acb90a37a3326cb5f34002a18c342eca98a9
libhyphen.armv7l 2.8.8-2.4 platform/upstream/hyphen#15bb768f6cfa2d033f549c93544530a886d6aa27
libicu.armv7l 57.1-15.3 platform/upstream/icu#d88c9bdd83d0da9c2159a6d2716638e4fb6cebef
libidn.armv7l 1.15-2.8 product/upstream/libidn#0c205eab91aac8642d13686fe58c4ca659263faa
libinput.armv7l 0.11.0-17.3 platform/upstream/libinput#097d4a93634ff68fe7be5795b6fea7994574d5a6
libiri.armv7l 1.1-10.6 platform/upstream/libiri#c756950ca6af8d207c90d570a03ca7673e577123
libjpeg.armv7l 8.0.2-12.25 platform/upstream/libjpeg-turbo#f0c108a8a3303188be997068afd26ae075c709c3
libjson-glib.armv7l 1.2.0-12.1 platform/upstream/json-glib#192d2b4d939dee78bd6eda38f294c59a7756862c
libjson.armv7l 0.12-13.8 platform/upstream/json-c#86f16d64aa1546a2606088a16a938aa08635567e
libkmod.armv7l 18-10.3 platform/upstream/kmod#92857e35087bbb0816bdd19bcaf687adb0603392
liblbs-dbus.armv7l 1.0.0-15.1 platform/core/location/lbs-dbus#7c7984ea9cd4fdb7c55d89495a3b4515baa3cf85
liblbs-location.armv7l 1.3.1-17.3 platform/core/location/lbs-location#3a2fbf30944f06dba73ca2aea3113d9505de382e
libleveldb.armv7l 1.1-10.9 platform/upstream/leveldb#9c5600002489dfbcb0d58ef84e4188e5423265eb
libltdl.armv7l 2.4.2-3.4 platform/upstream/libtool#79f8dda891fc20539d65604d86aee8d0a26c0b98
liblua.armv7l 5.1.4-1.17 platform/upstream/lua#25c38c5d6cf919f6e0c37413955c20dbea24d37f
liblzma.armv7l 5.1.3-2.6 platform/upstream/xz#56a594c73196ae5834d5df55107e318e7d4f7e1f
libmagic-data.armv7l 5.18-3.1 platform/upstream/file#b450849bb0aad0ab5d00c84f5c1b69abc05f4cad
libmagic.armv7l 5.18-3.1 platform/upstream/file#b450849bb0aad0ab5d00c84f5c1b69abc05f4cad
libmedia-service.armv7l 0.2.76-77.1 platform/core/multimedia/libmedia-service#0babf0d92ee661854e256fd1f3f3b4ef82be754f
libmedia-thumbnail.armv7l 0.1.97-49.1 platform/core/multimedia/libmedia-thumbnail#f48c4e646e021ced509660665952a9728303dccc
libmedia-utils.armv7l 0.2.100-124.1 platform/core/multimedia/media-server#7b24f8e2d48a607bb86994ed77e6b98304953642
libmm-camcorder.armv7l 0.10.63-50.1 platform/core/multimedia/libmm-camcorder#138f8d97fda52b7ed0b049a45c896d432357bb44
libmm-common.armv7l 0.2.96-27.3 platform/core/multimedia/libmm-common#50de7849be6accc5e622be7c8151f014dd433658
libmm-evas-renderer.armv7l 0.0.4-6.1 platform/core/multimedia/libmm-evas-renderer#95f78354a785c1e95e480e30c69dfd23e1d07504
libmm-fileinfo.armv7l 0.6.44-33.3 platform/core/multimedia/libmm-fileinfo#a63dd809dbadcfec35702c3214c6b12392f59924
libmm-imgp-gstcs.armv7l 0.11-15.1 platform/core/multimedia/libmm-imgp-gstcs#178f29f78d27127cb362d7bc4c9e7d689713724d
libmm-player.armv7l 0.5.90-87.1 platform/core/multimedia/libmm-player#4eef9ecce8edeb1e82a8ae07dd17879f4c006c43
libmm-radio.armv7l 0.2.5-21.1 platform/core/multimedia/libmm-radio#17de5a3eeae10585aa5b065ffe10046df13e401e
libmm-session.armv7l 0.2.9-12.9 platform/core/multimedia/libmm-session#0b7c963f5f396bc268781894168c876347bdd1f9
libmm-sound.armv7l 0.10.43-77.1 platform/core/multimedia/libmm-sound#01dd1c45c3c50385eabe3c805155690e49b72a2a
libmm-streamrecorder.armv7l 0.0.8-7.1 platform/core/multimedia/libmm-streamrecorder#413f24de7c84e622d7a68d1257ff92457b953c24
libmm-utility.armv7l 0.25-37.1 platform/core/multimedia/libmm-utility#85bf019a063d105f00bacddd9c1468da9db6e0bf
libmnl.armv7l 1.0.3-8.8 platform/upstream/libmnl#c40ac5e9c3588cf4d542cc04948cc9aff4068783
libmount.armv7l 2.28-6.16 platform/upstream/util-linux#325bf80fcd74f4732a045eca447e7c1fc178b64e
libmtdev.armv7l 1.1.5-10.5 platform/upstream/mtdev#b4af2171ddb052ce49658138a4c203bdfb210a48
libncurses.armv7l 5.9-1.16 platform/upstream/ncurses#eefc3e4398eaa6c81cf61dd36c3ba3d87f33d1bf
libnet-client.armv7l 1.1.55-30.3 platform/core/connectivity/libnet-client#5cbfec89e171655d95467cd95c09507be7bd5967
libnetfilter_queue.armv7l 1.0.2-1.8 platform/upstream/libnetfilter_queue#e99e1939d1fa7cf73a4918dcbb2e286180a8664e
libnettle.armv7l 3.2-11.3 platform/upstream/nettle#51b1acb90a37a3326cb5f34002a18c342eca98a9
libnfnetlink.armv7l 1.0.1-8.8 platform/upstream/libnfnetlink#799f84b01c26970d8a72b058661515a9441ce316
libnl2.armv7l 2.0-8.10 platform/upstream/libnl2#7abc61a18afc17e2489d057115028ddc6d512916
libnsbmp.armv7l 0.1.1-1.9 platform/upstream/libnsbmp#bf8fb39f478b8dc4f8b6565df6b56be7cfc72d71
libnsd-dns-sd.armv7l 0.0.5-14.1 platform/core/api/nsd#406744b3fca529838a2e20f175cd1fee250e645b
libnsd-ssdp.armv7l 0.0.5-14.1 platform/core/api/nsd#406744b3fca529838a2e20f175cd1fee250e645b
liboauth.armv7l 1.0.3-1.4 platform/upstream/liboauth#9d6f3a2e293d7a433847c40a1ac501dc8e39d148
libogg.armv7l 1.3.2-10.4 platform/upstream/libogg#b75913e3b9a875c38ba05cd37ae3eab368fa0672
libomxil-e3250-v4l2.armv7l 0.1.2-3.3 platform/adaptation/ap_samsung/libomxil-e3250-v4l2#fc05637baf4b8e0b572bc7a2cf06cf5d06ac1202
libopenssl.armv7l 1.0.2g-7.16 platform/upstream/openssl#0d4d30d99b8d7e840e8ae6131f71439eb379a748
liborc.armv7l 0.4.18-10.9 platform/upstream/orc#c8f3d75f1e339924839968051f32d13893be2ea8
libpcre.armv7l 8.39-2.2 platform/upstream/pcre#48c26b9e1a7c6b5d45ff7c73f9eb80f1d997e218
libpcrecpp.armv7l 8.39-2.2 platform/upstream/pcre#48c26b9e1a7c6b5d45ff7c73f9eb80f1d997e218
libpepper-efl.armv7l 0.0.14-21.1 platform/core/uifw/libpepper-efl#f83a633a1cedbd65369ea1e7171db0594616da4c
libphonenumber.armv7l 7.0.6-2.12 platform/upstream/libphonenumber#b3ea1d41e615b39522503af317e4956e72344c43
libpng.armv7l 1.6.21-10.8 platform/upstream/libpng#1472d50d76d5562524c55939b2cf2dc14c95d534
libpopt.armv7l 1.16-2.6 platform/upstream/popt#57a4b6aad5f2107aa86aaf2062d553e2b6edc5f0
libprotobuf-lite9.armv7l 2.6.1-1.4 platform/upstream/protobuf#08e41ced8712e364d67fda0948c13d8271bec896
libpulse.armv7l 5.0-61.3 platform/upstream/pulseaudio#50b4b319ea810419feac34012aa93fcc12ce8e91
libre2.armv7l 20130115-8.9 platform/upstream/re2#4ae165f74795e7a24135199b894cfec36a36d210
libreadline.armv7l 5.2-2.5 platform/upstream/readline#9197ce0c776e355acd8eb33b9f0b526771d27bfe
librua.armv7l 0.1.0-18.2 platform/core/appfw/librua#a36cb3a760de59fbc8394f449d3370aaa6223011
libscl-common.armv7l 0.4.1-3.3 platform/core/uifw/libscl-common#01ca5c89187b7930641c77a8b07f7ffda98adc08
libscl-core.armv7l 0.4.25-30.1 platform/core/uifw/libscl-core#2a7b8ae9246bda46f03962180aa8332402956de6
libscl-ui.armv7l 0.6.30-51.1 platform/core/uifw/libscl-ui#689b13870ae834041a28e4b926fb5b1172588dec
libsecurity-manager-client.armv7l 1.1.13-46.1 platform/core/security/security-manager#a6617fad4a4e3b22d5f1f2fdc02c34041128aaf2
libsensord.armv7l 2.0.6-27.6 platform/core/system/sensord#accdf6fdbbed61452774638acbb7e58ecdb75a15
libslp-db-util.armv7l 0.1.1-8.9 platform/core/appfw/libslp-db-util#4ef37c0712f5f5043768c66ffef2a7f5b76ba940
libsmack.armv7l 1.2.0-4.4 platform/upstream/smack#258708ac41e5d98ae802d83b124eb9d0d4194d57
libsmartcols.armv7l 2.28-6.16 platform/upstream/util-linux#325bf80fcd74f4732a045eca447e7c1fc178b64e
libsndfile.armv7l 1.0.26-13.4 platform/upstream/libsndfile#3e10dcd88161de23dde52c1be53e8d54a2f097f2
libsoftokn3.armv7l 3.23-4.29 platform/upstream/nss#d2a8c7e98ab18907c1e14033c993731adc7eea9e
libsoup.armv7l 2.46.0-16.1 platform/upstream/libsoup#9051ac538086420ebec29797359e9d55a5a2547f
libspeexdsp.armv7l 1.1.999_1.2rc1-9.10 platform/upstream/speex#f3149d4a5ace2fbf4d15694b5983ce13239acd9e
libsqlite.armv7l 3.8.10.2-1.14 platform/upstream/sqlite#5b2351dd3f6115a2eec31705a3a9595e36a1d955
libstdc++.armv7l 4.9.2-11.7 platform/upstream/linaro-gcc#3e3fac6d58ffa4a65a61bfd4fcf74c321fc18665
libswscale.armv7l 11.4-13.10 platform/upstream/libav#9e35dd7c8f1c03b6bd4ca54710da38729c27f821
libsystemd.armv7l 219-53.1 platform/upstream/systemd#c14b693f8c350a0e86da7f08fa51f0f60ea3a2e7
libtapi.armv7l 0.8.3-25.42 platform/core/telephony/libtapi#748949e279ec3b92166fc7d69ca4cc0f08c67088
libtasn1.armv7l 4.8-11.3 platform/upstream/libtasn1#e5c912938e2958fbeb7ee01183f0bc4e33143ead
libtcore.armv7l 0.3.5-26.4 platform/core/telephony/libtcore#bea80d6a80c36843af2e6cd95891a404853b3669
libtdm-client.armv7l 1.3.0-39.3 platform/core/uifw/libtdm#bce9f6348bf434ffb0c3568fa5b02d1320a1dd95
libtdm-exynos.armv7l 1.0.1-17.2 platform/adaptation/samsung_exynos/libtdm-exynos#8fa6a9877dd5093059098b5d7406412d7df1fc8d
libtdm.armv7l 1.3.0-39.3 platform/core/uifw/libtdm#bce9f6348bf434ffb0c3568fa5b02d1320a1dd95
libtheora.armv7l 1.1.1-9.9 platform/upstream/libtheora#452027ecdc2aee2c8bcb77496de2968b8ca835ef
libtiff.armv7l 4.0.6-11.10 platform/upstream/tiff#13f7ac96dbb2f0687ba8157b5b24b4b81857850e
libtremolo.armv7l 0.0.11-5.10 platform/upstream/libtremolo#dde4b17bb9f4cc61e125374c08dab9990913a997
libtzplatform-config.armv7l 2.0-42.1 platform/core/system/tizen-platform-config#983a697aa098c23a48c34691fa8a7ca9f117817e
libunwind.armv7l 1.1-9.12 platform/upstream/libunwind#d83a30b6eeec029880e59f710bcfe48ff98a6e01
libuuid.armv7l 2.28-6.16 platform/upstream/util-linux#325bf80fcd74f4732a045eca447e7c1fc178b64e
libuw-imap-toolkit.armv7l 0.1.36-1.3 platform/upstream/uw-imap-toolkit#e891ff04b3b0a9d62588e37da530d1d2d0d5c083
libvorbis.armv7l 1.3.4-11.8 platform/upstream/libvorbis#9c9ab7dc64cf725ebfd4b3363514c13c98d8cf46
libvorbisenc.armv7l 1.3.4-11.8 platform/upstream/libvorbis#9c9ab7dc64cf725ebfd4b3363514c13c98d8cf46
libwayland-client.armv7l 1.10.0-25.3 platform/upstream/wayland#c862614a8a219dd871dcfb370846d8871d99badb
libwayland-cursor.armv7l 1.10.0-25.3 platform/upstream/wayland#c862614a8a219dd871dcfb370846d8871d99badb
libwayland-egl.armv7l 1.0-16.1 platform/core/uifw/libtpl-egl#6933722141c4ba59e5c39faa75af5ad1bb9921ab
libwayland-extension-client.armv7l 1.0.46-60.3 platform/core/uifw/wayland-extension#f5ffda9ff2eae1a2fc4b214ee1830cd38aaf2516
libwayland-extension-server.armv7l 1.0.46-60.3 platform/core/uifw/wayland-extension#f5ffda9ff2eae1a2fc4b214ee1830cd38aaf2516
libwayland-server.armv7l 1.10.0-25.3 platform/upstream/wayland#c862614a8a219dd871dcfb370846d8871d99badb
libwayland-tbm-client.armv7l 0.1.3-35.3 platform/core/uifw/wayland-tbm#bba9e4d135f019be5a1b7471d3fa2c38540be05d
libwayland-tbm-server.armv7l 0.1.3-35.3 platform/core/uifw/wayland-tbm#bba9e4d135f019be5a1b7471d3fa2c38540be05d
libwbxml2.armv7l 0.11.2-9.9 platform/upstream/libwbxml2#549574b031e0796f9708a91239b06297f1c88653
libwebappenc.armv7l 0.1.0-10.1 platform/core/security/libwebappenc#6818b8559b7d4d45adaeb1937d708a154dc00fd7
libwebsockets.armv7l 1.7.3-2.5 platform/upstream/libwebsockets#3171a9778cf3d16911c840003d4b9083edcf2d0a
libwidget_viewer.armv7l 1.3-28.1 platform/core/appfw/widget-viewer#e10207c89aff2b6ea5c67441ba2e267b4aba6568
libxkbcommon.armv7l 0.4.3-16.3 platform/upstream/libxkbcommon#c46e96a48c779c21c10ed80637cf7b10b32e377a
libxml2.armv7l 2.9.4-5.3 platform/upstream/libxml2#4dac047df51f7ed81ce7f7642fcf0ab0c7799d76
libxslt.armv7l 1.1.29-2.4 platform/upstream/libxslt#c582450a479ff157cf79aed26b6b08e867ff3832
linux-3.4-exynos3250_tizen_wc1.armv7l Tizen_exynos3250-17.3 profile/wearable/platform/kernel/linux-3.4-exynos3250#909d5233ceea29aad00230a24e2dbf588b869d9b
location-lbs-server.armv7l 1.0.4-17.1 platform/core/location/lbs-server#5f1679e38eca1595a8f49e869505f8ef69c78159
lrzsz.armv7l 0.12.20-1.2 platform/upstream/lrzsz#6d3f6f3fbe6d5a0b3191c72c05f1a2707dfd08bb
lzo.armv7l 2.08-1.10 platform/upstream/lzo#a97fbf725aa75db53756b59df6888e59b47c931d
manifest-parser.armv7l 1.5-65.1 platform/core/appfw/manifest-parser#130012aaa47dda27d24f9ed584184f60bf385b23
maps-plugin-here.armv7l 0.3.2-27.2 platform/core/location/maps-plugin-here#9d5c3813af234fb07f4d6cb686b301f3d198af3b
mdnsresponder.armv7l 576.30.4-7.1 platform/upstream/mdnsresponder#6e26a08d0f0dbde84ebd701fa875058610995787
media-server.armv7l 0.2.100-124.1 platform/core/multimedia/media-server#7b24f8e2d48a607bb86994ed77e6b98304953642
media-thumbnail-server.armv7l 0.1.97-49.1 platform/core/multimedia/libmedia-thumbnail#f48c4e646e021ced509660665952a9728303dccc
mediacontroller.armv7l 0.1.23-12.7 platform/core/api/media-controller#7af7bdcb82f94010884f31b1f88b5e15c211900c
memps.armv7l 0.1.9-7.1 platform/core/system/memps#9c665915d9aecedf99a05fb1cf48622311bb4d9a
message-port.armv7l 1.2.2.1-21.1 platform/core/appfw/message-port#170e051483854d20a6863cfc16095b46f53d94da
meta-generic-adaptation.noarch 0-57.1 platform/upstream/meta-generic#1fd5d016eea0d253c7f6256eebcb7e112d351da1
minizip.armv7l 1.2.8-1.15 platform/upstream/zlib#07c39a3fbdb0f2c8ef5d508a57921514357263aa
mmfw-sysconf-target-tw1.armv7l 0.2.74-90.1 platform/core/multimedia/mmfw-sysconf#20477d7c35c5ae6dab2629186a7011580ea360a2
mmsvc-camera.armv7l 0.2.40-33.25 platform/core/multimedia/mmsvc-camera#0ef2a17f3ec2e9db51b4b93e7dbed82b1d67ae74
mmsvc-player.armv7l 0.2.21-63.24 platform/core/multimedia/mmsvc-player#cb23b7d94c9cb31a19267b3b308751dcd74c862f
mmsvc-recorder.armv7l 0.2.21-20.6 platform/core/multimedia/mmsvc-recorder#8b98392f6a4aabb429809fa23ea74fa12e5d866e
mobileap-agent.armv7l 1.0.66-32.1 platform/core/connectivity/mobileap-agent#496014b6f474bc287aa9cf5bc3e9d5adf2c76c7f
model-config-tw1.noarch 0.0.1-25.1 profile/wearable/platform/tw1/model-config-tw1#8c5459a297ba8a5081a741c7e9bf67498a4086c1
motion.armv7l 1.2.0-5.94 platform/core/api/motion#06fd22abd8858280bf7410256b42bb5e3d97d339
mtp-responder.armv7l 0.0.11-14.11 platform/core/connectivity/mtp-responder#2bb96d5d1719c5cf1ad97e20274ba86a5442aa28
murphy-glib.armv7l 0.0.74-11.3 platform/upstream/murphy#e5f9fb7a5febd2922ae3344c7f29a73297379bb4
murphy.armv7l 0.0.74-11.3 platform/upstream/murphy#e5f9fb7a5febd2922ae3344c7f29a73297379bb4
mused.armv7l 0.1.3-14.1 platform/core/multimedia/mmsvc-core#5cd3e4f817fda25b7c349ad3e33ade5a5e2761b4
net-config.armv7l 1.1.82-66.1 platform/core/connectivity/net-config#a6c065068f0c38508faf737b0ad13cf7f1370f86
net-tools.armv7l 2.0_20121208git-1.9 platform/upstream/net-tools#1bfd01a3262139d0c41c5d2c3c5fef5af004aa2f
nether.armv7l 0.0.1-12.3 platform/core/security/nether#eb3548460802dc471834a0504027243a1098f56c
newfs-msdos.armv7l 1.0.0-1.1 platform/upstream/newfs-msdos#194dce1f6b8a2fedcf1690809fbaa91ca2f00b4e
nfc-common-lib.armv7l 0.1.150-25.10 platform/core/connectivity/nfc-manager#a07012a2797ff5c37c057acee80592338db863fb
nfc-manager.armv7l 0.1.150-25.10 platform/core/connectivity/nfc-manager#a07012a2797ff5c37c057acee80592338db863fb
nghttp2.armv7l 0.7.3-1.9 platform/upstream/nghttp2#4a3834b1ea81ed157cb8c57052065cd610c05883
nodejs.armv7l 4.4.3-19.3 platform/upstream/nodejs#b9b28b06449b0d6bac92ebc6c232839321e3d469
nspr.armv7l 4.12-4.10 platform/upstream/nspr#443bcb24f9d0abde89a2688ffd946beea762bbe2
nss-certs.armv7l 3.23-4.29 platform/upstream/nss#d2a8c7e98ab18907c1e14033c993731adc7eea9e
nss.armv7l 3.23-4.29 platform/upstream/nss#d2a8c7e98ab18907c1e14033c993731adc7eea9e
oauth2.armv7l 0.0.3-6.1 platform/core/account/liboauth2#a54c4424752e772c0d9ad0f5ae91b16030da6ca6
obexd.armv7l 5.37-51.3 platform/upstream/bluez#efdef8a229f6f8aac1f2c85539542513629c3056
openal-soft.armv7l 1.17.2-11.1 platform/upstream/openal-soft#54713f7cab71fd89e59782fab3e5a26e0bed18a7
opencore-amr.armv7l 0.1.3-10.10 platform/upstream/opencore-amr#57eb34e9d791a94afaa8307fdbd538a66e01080e
opencv.armv7l 2.4.9-5.202 platform/upstream/opencv#e2aca33b4287e28d322038a8425539b3516dd8dc
org.tizen.app-selector.armv7l 0.1.57-3.17 profile/wearable/platform/core/appfw/app-selector#f1a2228f7fd12e296b0382840ed55a66255e240e
org.tizen.apptray-widget.armv7l 0.1.1-9.14 profile/wearable/apps/native/apptray-widget#9cd904c92a53c9e5820314decea6018a31b80a48
org.tizen.bt-syspopup.armv7l 0.3.2-16.1 platform/core/connectivity/bt-syspopup#b17100fcdefbec209ca6051c0ae69ebc0d93f45b
org.tizen.classic-watch.armv7l 0.0.1-2.1 profile/wearable/apps/native/classic-watch#e3453d21437887d2b71c3d83143c62f4369bf5de
org.tizen.crash-syspopup.armv7l 0.2.0-16.1 platform/core/system/system-popup#b7e34643a48794ae524633e19b165f1a6c024c54
org.tizen.dpm-syspopup.armv7l 0.0.1-36.2 platform/core/security/device-policy-manager#27852be0904acc15a128aff5ad94aca536335a59
org.tizen.dpm-toolkit.armv7l 0.1-13.2 platform/core/security/dpm-toolkit#9b11557a4e624eb38a99421462c8d76cb65e5c52
org.tizen.elm-demo-tizen-wearable.armv7l 0.2-3.53 profile/wearable/platform/core/uifw/elm-demo-tizen-wearable#1b4fc11dca3e9681978a12242a3d0c93ee137187
org.tizen.heremaps-uc.armv7l 0.3.2-27.2 platform/core/location/maps-plugin-here#9d5c3813af234fb07f4d6cb686b301f3d198af3b
org.tizen.idle-clock-digital.armv7l 0.1.49-8.3 profile/wearable/apps/native/idle-clock-digital#db1f3b76ba101547e60f59d4c7299fcb334973ad
org.tizen.inputdelegator.armv7l 0.0.160712-3.28 platform/core/uifw/inputdelegator#893715070ac267e7358f2300794be330c1d63acf
org.tizen.inputmethod-setting.armv7l 0.5.13-27.1 platform/core/uifw/inputmethod-setting#8fb538810165fcb09631d040edf0dde24ba98011
org.tizen.ode.armv7l 0.0.1-36.2 platform/core/security/device-policy-manager#27852be0904acc15a128aff5ad94aca536335a59
org.tizen.powerkey-syspopup.armv7l 0.2.0-16.1 platform/core/system/system-popup#b7e34643a48794ae524633e19b165f1a6c024c54
org.tizen.screen-reader.armv7l 0.0.8-16.1 platform/core/accessibility/screen-reader#eb05dc6de3618f3a1150b41b870a9cfbc9348406
org.tizen.system-syspopup.armv7l 0.2.0-16.1 platform/core/system/system-popup#b7e34643a48794ae524633e19b165f1a6c024c54
org.tizen.w-home.armv7l 0.1.0-33.18 profile/wearable/apps/native/w3-home#b73c5c3ec605ab6d8110230dc69f9e83be7e91a8
org.tizen.w-wifi.armv7l 1.0.200-34.1 apps/core/preloaded/ug-wifi-efl#384316d63d4c1326abc4d51482133b4338a726a3
org.tizen.watch-setting.armv7l 0.0.1-41.3 profile/wearable/apps/native/watch-setting#000cba7a0d8f4e3b7fb0aa6a8ae814f6f85f4218
org.tizen.widget_viewer_sdk.armv7l 0.0.1-28.1 platform/core/appfw/widget-viewer#e10207c89aff2b6ea5c67441ba2e267b4aba6568
org.tizen.windicator.armv7l 0.0.1-13.1 profile/wearable/apps/native/indicator-win#11886253e7817da2c638feb03f7a14d6e9058d89
pam-locale.noarch 1.1.6-4.4 platform/upstream/pam#2fb7d5cac51e8f9226070de7d479b3882eb854f4
pam-modules-extra.armv7l 1.1.6-4.4 platform/upstream/pam#2fb7d5cac51e8f9226070de7d479b3882eb854f4
pam.armv7l 1.1.6-4.4 platform/upstream/pam#2fb7d5cac51e8f9226070de7d479b3882eb854f4
pepper.armv7l 1.0.7-16.1 platform/core/uifw/pepper#64cb94ef4edc7bffe1dd8a575b94f2afef065fbd
phonenumber-utils.armv7l 0.2.3-18.1 platform/core/telephony/phonenumber-utils#ff94558923e505fabcc71ac71370224ade593a7c
pims-ipc.armv7l 0.1.20-6.13 platform/core/pim/pims-ipc#65c59386605262a3c7242f0199f4f6945b518a8f
pixman.armv7l 0.32.6-9.9 platform/upstream/pixman#293e30820313387c82be42c5e25dbd3756a2ded4
pkg-config.armv7l 0.28-1.11 platform/upstream/pkg-config#5649da369d00aaf304396095f1699a0806c3b721
pkgmgr-client.armv7l 0.2.89-21.1 platform/core/appfw/slp-pkgmgr#4609bb7d923418313c9237adfac952dc973f5766
pkgmgr-info-parser.armv7l 0.1.0-136.1 platform/core/appfw/pkgmgr-info#93eeb1859dde996a09fa1907fe0503e33df4f4e6
pkgmgr-info.armv7l 0.1.0-136.1 platform/core/appfw/pkgmgr-info#93eeb1859dde996a09fa1907fe0503e33df4f4e6
pkgmgr-installer.armv7l 0.2.89-21.1 platform/core/appfw/slp-pkgmgr#4609bb7d923418313c9237adfac952dc973f5766
pkgmgr-server.armv7l 0.3.37-30.1 platform/core/appfw/pkgmgr-server#f2941328651a227872f442eca49b4d6b807cb821
pkgmgr-tool.armv7l 0.1.0-38.1 platform/core/appfw/pkgmgr-tool#7ba260e65b88ff454ba080ba72d799d9821b9f42
pkgmgr.armv7l 0.2.89-21.1 platform/core/appfw/slp-pkgmgr#4609bb7d923418313c9237adfac952dc973f5766
privilege-checker.armv7l 0.0.5-47.16 platform/core/security/privilege-checker#92a09319ba33b44eeabb0cece703b7dfc347964e
procps-ng.armv7l 3.3.9-1.14 platform/upstream/procps-ng#967749519aefdd1bba9a3329d3ea77c351d1f8b6
psmisc.armv7l 22.21-11.6 platform/upstream/psmisc#8bdb3e71794f16a084afd48ef0fd713e30385558
pubkey-pinning.armv7l 0.0.4-8.3 platform/core/security/pubkey-pinning#2ea96e73c4118ac405a03ef0ea18e959fa17c5e9
pulseaudio-locale.noarch 5.0-61.3 platform/upstream/pulseaudio#50b4b319ea810419feac34012aa93fcc12ce8e91
pulseaudio-module-bluetooth.armv7l 5.0-61.3 platform/upstream/pulseaudio#50b4b319ea810419feac34012aa93fcc12ce8e91
pulseaudio-modules-tizen.armv7l 5.0.62-54.2 platform/core/multimedia/pulseaudio-modules-tizen#6c4a9deaf48e577b27fc87c014d8353c4eb5c854
pulseaudio-utils.armv7l 5.0-61.3 platform/upstream/pulseaudio#50b4b319ea810419feac34012aa93fcc12ce8e91
pulseaudio.armv7l 5.0-61.3 platform/upstream/pulseaudio#50b4b319ea810419feac34012aa93fcc12ce8e91
push-bin.armv7l 0.4.41-36.1 platform/core/appfw/sppc#2d00f1292b3286131f3127d4e4ef869814945bf1
resourced.armv7l 0.2.87-30.11 platform/core/system/resourced#1603b6f03e6f4733db932397edfdd1bf5aad495c
rfkill.armv7l 0.4-9.6 platform/upstream/rfkill#55aca08cbe73ad443102569e8e5c8b44e2a1cc8d
rpm-security-plugin.armv7l 4.11.0.1-7.4 platform/upstream/rpm#732e3b8d5428645bb83d525a1ca5215488faff88
rpm.armv7l 4.11.0.1-7.4 platform/upstream/rpm#732e3b8d5428645bb83d525a1ca5215488faff88
sbc.armv7l 1.2-10.9 platform/upstream/sbc#14ca83886162cb9b9a63a25675516088c2dc4c7f
sdbd.armv7l 3.0.12-48.1 sdk/target/sdbd#c0ec4a47c302c53b1c27627eb376338457a16a5e
security-config.armv7l 1.0-40.1 platform/core/security/security-config#eb4a63dec23cac1cb11bbb04753410305c580045
security-manager-policy.armv7l 1.1.13-46.1 platform/core/security/security-manager#a6617fad4a4e3b22d5f1f2fdc02c34041128aaf2
security-manager.armv7l 1.1.13-46.1 platform/core/security/security-manager#a6617fad4a4e3b22d5f1f2fdc02c34041128aaf2
security-privilege-manager.armv7l 0.0.5-47.16 platform/core/security/privilege-checker#92a09319ba33b44eeabb0cece703b7dfc347964e
sed.armv7l 4.1c-2.5 product/upstream/sed#5fafc98c53c0f2cc3f136f8f01b48bebed8f0be5
sensor-hal-tw1.armv7l 1.0.3-7.16 platform/adaptation/tw1/sensor-hal-tw1#1f79c2f7cc6763f283b71e1b8ec4de1fe0dabac1
sensord.armv7l 2.0.6-27.6 platform/core/system/sensord#accdf6fdbbed61452774638acbb7e58ecdb75a15
setup.noarch 0.9-2.24 platform/upstream/setup#6cae62f0a879f6bc5416f3bfe5aca857a95b78fb
shadow-utils.armv7l 4.1.4.2-1.1 platform/upstream/shadow-utils#6cd3bb578b0ed75f2dd95f72801112962c936124
shared-mime-info.armv7l 1.3-1.6 platform/upstream/shared-mime-info#b3d6d91768efdf508c2b8fe2cd069b1334a1c272
smack.armv7l 1.2.0-4.4 platform/upstream/smack#258708ac41e5d98ae802d83b124eb9d0d4194d57
smartcard-plugin-nfc.armv7l 0.0.11-10.1 platform/core/connectivity/smartcard-plugin-nfc#1e74825669656e7dab97a57a0bbc96f498a6ce77
smartcard-service-common.armv7l 0.1.49-26.17 platform/core/connectivity/smartcard-service#322fc5f44df00dfb8848e25a0c7992399ad463ed
smartcard-service-server.armv7l 0.1.49-26.17 platform/core/connectivity/smartcard-service#322fc5f44df00dfb8848e25a0c7992399ad463ed
smartcard-service.armv7l 0.1.49-26.17 platform/core/connectivity/smartcard-service#322fc5f44df00dfb8848e25a0c7992399ad463ed
sqlite.armv7l 3.8.10.2-1.14 platform/upstream/sqlite#5b2351dd3f6115a2eec31705a3a9595e36a1d955
starter.armv7l 0.5.52-18.1 apps/core/preloaded/starter#3948ad2acd7ba0bfd485c3ad610aebd101b0284b
svi-data.armv7l 0.1.4-28.1 platform/core/system/libsvi#c22ebf8019941003ed97c9c965d48afb855f3cba
swap-manager.armv7l 3.0-17.11 platform/core/system/swap-manager#0540003ef8b9f2a0873ab669e23d3121a68c9861
swap-modules.armv7l 3.0-15.1 platform/kernel/swap-modules#b9aa74baf40f199da92122fa00663956b0c31830
swap-probe-elf.armv7l 3.0-14.19 platform/core/system/swap-probe#6922e975830614683f5ea9af8a4cc1e50f6fecb9
swap-probe.armv7l 3.0-14.19 platform/core/system/swap-probe#6922e975830614683f5ea9af8a4cc1e50f6fecb9
sync-service.armv7l 0.1.6-19.2 platform/core/account/sync-manager#5d9e2b09507d6249022987b397ef9776a3617e74
syspopup-caller.armv7l 0.0.100-23.62 platform/core/base/syspopup#e534f2c34109e67ad132ac8e016b26123c755403
syspopup.armv7l 0.0.100-23.62 platform/core/base/syspopup#e534f2c34109e67ad132ac8e016b26123c755403
system-plugin-circle.noarch 0.1-25.1 platform/adaptation/system-plugin#146ddab6213428a7b2865d10311525a1f549957c
system-plugin.noarch 0.1-25.1 platform/adaptation/system-plugin#146ddab6213428a7b2865d10311525a1f549957c
system-servant.armv7l 0.2.0-16.1 platform/core/system/system-popup#b7e34643a48794ae524633e19b165f1a6c024c54
systemd.armv7l 219-53.1 platform/upstream/systemd#c14b693f8c350a0e86da7f08fa51f0f60ea3a2e7
taglib.armv7l 1.8-1.10 platform/upstream/taglib#489a552ad409dbac9e53862221de4d6cc0234ddc
tar.armv7l 1.17-2.7 product/upstream/tar#a8d964ee3ae1acc7d0a9ed43e5f1e363d26da090
tel-plugin-database.armv7l 0.1.27-17.1 platform/core/telephony/tel-plugin-database#422dd1f1a7ae226179cbea8fd1273c216479af62
tel-plugin-dbus_tapi.armv7l 0.3.74-13.9 platform/core/telephony/tel-plugin-dbus_tapi#562f4e33db5b289eb42a2812be5e637964f6d5d5
tel-plugin-indicator.armv7l 0.1.70-13.2 platform/core/telephony/tel-plugin-indicator#0f8f62d270af46a990b134eb471d7c4c800bb9ca
tel-plugin-nitz.armv7l 0.1.76-8.1 platform/core/telephony/tel-plugin-nitz#3a7b81ec3d3388981f676e89a54468a81604a585
tel-plugin-packetservice.armv7l 0.3.29-26.5 platform/core/telephony/tel-plugin-packetservice#e6da346a2501cd0391ea788b48172ebce46178f0
telephony-daemon.armv7l 1.3.41-21.1 platform/core/telephony/telephony-daemon#2bd077e6449e2334e70df6fc5d32e4a9d3019981
terminfo-base.armv7l 5.9-1.16 platform/upstream/ncurses#eefc3e4398eaa6c81cf61dd36c3ba3d87f33d1bf
tizen-debug.armv7l 2.20-2.1 platform/upstream/tizen-debug#ac4028eb3a49a34fba32d59afc86e5a9ac1ef111
tizen-locale.armv7l 0.1-4.4 platform/framework/base/tizen-locale#a581f7b36017e931d8dfc4947b9d3840a4c40f51
tizen-platform-config-tools.armv7l 2.0-42.1 platform/core/system/tizen-platform-config#983a697aa098c23a48c34691fa8a7ca9f117817e
tizen-platform-config.armv7l 2.0-42.1 platform/core/system/tizen-platform-config#983a697aa098c23a48c34691fa8a7ca9f117817e
tizen-release.armv7l 3.0.0-12.22 platform/upstream/tizen-release#080f16318c61066f98f5dcc0e8c8c54fff02184d
tlm-config-common-singleseat.armv7l 1.0.3-53.3 platform/core/system/tlm#353bb32608a6113d50c843bfdc6fa90d7d0effe5
tlm.armv7l 1.0.3-53.3 platform/core/system/tlm#353bb32608a6113d50c843bfdc6fa90d7d0effe5
toybox-symlinks-dhcp.armv7l 0.6.0-11.1 platform/upstream/toybox#c434a5c49ff1c00c98c8728adb87b53351dcdb2c
toybox-symlinks-dhcpd.armv7l 0.6.0-11.1 platform/upstream/toybox#c434a5c49ff1c00c98c8728adb87b53351dcdb2c
toybox.armv7l 0.6.0-11.1 platform/upstream/toybox#c434a5c49ff1c00c98c8728adb87b53351dcdb2c
tpk-backend.armv7l 0.1-40.1 platform/core/appfw/tpk-backend#cf810d4788331a0e81733da7a08f889172b29588
tpk-manifest-handlers.armv7l 1.5-6.1 platform/core/appfw/tpk-manifest-handlers#a1302ff1871bab13494412667550af84144c766e
ttrace-extension.armv7l 1.0.0-2.3 tools/ttrace-extension#f5cbcaf6fea6fef65d9f70a52c379f6c34246728
ttrace.armv7l 1.0.0-24.3 tools/ttrace#fb9a56b335ea7903a96d4ee3ffcd1faf2d8964fc
typelib-1_0-Atspi-2_0.armv7l 2.16.1-8.2 platform/upstream/at-spi2-core#632107d94461024f2cdcb6bbe530cc14e96f3fe0
tzdata.armv7l 2016f-2.1 platform/upstream/tzdata#66be07a0b0b36a7e7c2645452198459bc4a2b848
tzsh.armv7l 0.1.11-5.1 platform/core/uifw/tizen-ws-shell#6aed91ad45981ec4882d0dd3e849d025ae507cdc
ug-nfc-efl.armv7l 3.1.3-8.1 apps/core/preloaded/ug-nfc-efl#aa3c922f31e523ef427131ebf9add2aca56d654a
ui-gadget-1.armv7l 0.1.30-38.1 platform/core/appfw/ui-gadget-1#86d973b83eec772c25d71ef87289f1023cc14f9c
unzip.armv7l 6.0-1.25 platform/upstream/unzip#9b72cfb5e2fc5a095c0d6e8cd72c4d36c18ce48f
util-linux.armv7l 2.28-6.16 platform/upstream/util-linux#325bf80fcd74f4732a045eca447e7c1fc178b64e
vc-engine-default.armv7l 0.2.0-5.1 platform/core/uifw/vc-engine-default#6067d98da31a105745ec668cc114537885a0e9b7
voice-control-elm.armv7l 0.2.1-8.19 platform/core/uifw/voice-control-elm#c332d968a38ee83cd14bb0791694eae56f7c78ac
voice-control.armv7l 0.2.10-25.2 platform/core/uifw/voice-control#5f577ce27531836497ce18f41cd409a011725562
watch-control.armv7l 0.0.1-28.1 platform/core/appfw/widget-viewer#e10207c89aff2b6ea5c67441ba2e267b4aba6568
webapi-plugins.armv7l 1.20-120.19 platform/core/api/webapi-plugins#0d2602476e89c15764a7af5b5ccce858ff50f246
wgt-backend.armv7l 0.1-37.1 platform/core/appfw/wgt-backend#db67a40cddd61d3e4dc9f932b152bf6f9de5f754
wgt-manifest-handlers.armv7l 1.5-10.1 platform/core/appfw/wgt-manifest-handlers#27ff6d71f9d956df8d8c774b73f69b977151f3a5
widget_toolkit.armv7l 0.0.1-28.1 platform/core/appfw/widget-viewer#e10207c89aff2b6ea5c67441ba2e267b4aba6568
wifi-direct-manager.armv7l 1.2.192-41.1 platform/core/connectivity/wifi-direct-manager#4315505f6a1005ff50ecc5f6d592abb4db93d95b
wifi-direct-plugin-wpasupplicant.armv7l 1.2.192-41.1 platform/core/connectivity/wifi-direct-manager#4315505f6a1005ff50ecc5f6d592abb4db93d95b
wpa_supplicant.armv7l 2.5-30.1 platform/upstream/wpa_supplicant#1efa1fc6a78653c6767714de8fd6253890622e30
wrt-service.armv7l 1.0.5-2.1 platform/framework/web/wrt-service#359f49dcdc43b01878305aa784f6e04938c1d07f
xdelta3.armv7l 3.0.9-1.7 platform/upstream/xdelta3#8f2326734da7cf176d4bb29aae6b57ba567a1f27
xdgmime.armv7l 0.0.12-12.4 platform/core/appfw/xdgmime#e47255803c134114dbea6a09b74bf344c7ff5afd
xkeyboard-config.noarch 2.13-32.1 platform/upstream/xkeyboard-config#e5fe530882c11969d12608810f9be0c6221377a7
xmlsec1-openssl.armv7l 1.2.19-10.15 platform/upstream/xmlsec1#fe8ea3dba5971ab3f47090ba52d7f824c3d23545
xmlsec1.armv7l 1.2.19-10.15 platform/upstream/xmlsec1#fe8ea3dba5971ab3f47090ba52d7f824c3d23545
xz.armv7l 5.1.3-2.6 platform/upstream/xz#56a594c73196ae5834d5df55107e318e7d4f7e1f
zbar.armv7l 0.10-1.9 platform/upstream/libzbar#5494b6ccabd6b271325a4dd105f1864331245c64
zint.armv7l 2.4.3-2.10 platform/upstream/libzint#4f3e68a11484b0aaceceeba9c4c1bb42861d56b9
zip.armv7l 3.0-1.10 platform/upstream/zip#b93d573b47875ad43a8df84196f04a84772a4949
zlib.armv7l 1.2.8-1.15 platform/upstream/zlib#07c39a3fbdb0f2c8ef5d508a57921514357263aa
