*&ERROR&* File not found :compat_reports/#summary (No such file or directory)
***********appcore-watch***********compat_reports/libappcore-watch/2.3.1_to_3.0/compat_report.html
Page in compatible!!!!
***********badge***********compat_reports/libbadge/2.3.1_to_3.0/compat_report.html
Page in incompatible!!!!
<a name='Binary_Removed'></a><a name='Binary_Withdrawn'></a> <a name='Interface_Binary_Problems_High'></a>
<a name='Interface_Binary_Problems_High'></a> <a name='Interface_Binary_Problems_Medium'></a>
<a name='Interface_Binary_Problems_Medium'></a> <a name='Interface_Binary_Problems_Low'></a>
<a name='Interface_Binary_Problems_Low'></a> to the top</a>
***********bundle***********compat_reports/libbundle/2.3.1_to_3.0/compat_report.html
Page in compatible!!!!
***********capi-appfw-app-manager***********compat_reports/libcapi-appfw-app-manager/2.3.1_to_3.0/compat_report.html
Page in incompatible!!!!
<a name='Binary_Removed'></a><a name='Binary_Withdrawn'></a> to the top</a>
***********capi-appfw-package-manager***********compat_reports/libcapi-appfw-package-manager/2.3.1_to_3.0/compat_report.html
Page in incompatible!!!!
<a name='Binary_Removed'></a><a name='Binary_Withdrawn'></a> <a name='Type_Binary_Problems_Low'></a>
<a name='Type_Binary_Problems_Low'></a> to the top</a>
***********capi-base-common***********compat_reports/libcapi-base-common/2.3.1_to_3.0/compat_report.html
Page in compatible!!!!
***********capi-base-utils***********compat_reports/libcapi-base-utils/2.3.1_to_3.0/compat_report.html
Page in incompatible!!!!
<a name='Type_Binary_Problems_Low'></a> to the top</a>
***********capi-content-media-content***********compat_reports/libcapi-content-media-content/2.3.1_to_3.0/compat_report.html
Page in incompatible!!!!
<a name='Interface_Binary_Problems_Low'></a> to the top</a>
***********capi-content-mime-type***********compat_reports/libcapi-content-mime-type/2.3.1_to_3.0/compat_report.html
Page in compatible!!!!
***********capi-location-manager***********compat_reports/libcapi-location-manager/2.3.1_to_3.0/compat_report.html
Page in compatible!!!!
***********capi-media-audio-io***********compat_reports/libcapi-media-audio-io/2.3.1_to_3.0/compat_report.html
Page in incompatible!!!!
<a name='Type_Binary_Problems_Low'></a> <a name='Interface_Binary_Problems_Low'></a>
<a name='Interface_Binary_Problems_Low'></a> to the top</a>
***********capi-media-camera***********compat_reports/libcapi-media-camera/2.3.1_to_3.0/compat_report.html
Page in incompatible!!!!
<a name='Binary_Removed'></a><a name='Binary_Withdrawn'></a> <a name='Type_Binary_Problems_Low'></a>
<a name='Type_Binary_Problems_Low'></a> to the top</a>
***********capi-media-codec***********compat_reports/libcapi-media-codec/2.3.1_to_3.0/compat_report.html
Page in incompatible!!!!
<a name='Interface_Binary_Problems_Low'></a> to the top</a>
***********capi-media-image-util***********compat_reports/libcapi-media-image-util/2.3.1_to_3.0/compat_report.html
Page in compatible!!!!
***********capi-media-metadata-extractor***********compat_reports/libcapi-media-metadata-extractor/2.3.1_to_3.0/compat_report.html
Page in compatible!!!!
***********capi-media-player***********compat_reports/libcapi-media-player/2.3.1_to_3.0/compat_report.html
Page in compatible!!!!
***********capi-media-radio***********compat_reports/libcapi-media-radio/2.3.1_to_3.0/compat_report.html
Page in compatible!!!!
***********capi-media-recorder***********compat_reports/libcapi-media-recorder/2.3.1_to_3.0/compat_report.html
Page in compatible!!!!
***********capi-media-sound-manager***********compat_reports/libcapi-media-sound-manager/2.3.1_to_3.0/compat_report.html
Page in incompatible!!!!
<a name='Binary_Removed'></a><a name='Binary_Withdrawn'></a> <a name='Type_Binary_Problems_Low'></a>
<a name='Type_Binary_Problems_Low'></a> to the top</a>
***********capi-media-tone-player***********compat_reports/libcapi-media-tone-player/2.3.1_to_3.0/compat_report.html
Page in compatible!!!!
***********capi-media-tool***********compat_reports/libcapi-media-tool/2.3.1_to_3.0/compat_report.html
Page in incompatible!!!!
<a name='Type_Binary_Problems_Medium'></a> <a name='Type_Binary_Problems_Low'></a>
<a name='Type_Binary_Problems_Low'></a> to the top</a>
***********capi-media-wav-player***********compat_reports/libcapi-media-wav-player/2.3.1_to_3.0/compat_report.html
Page in compatible!!!!
***********capi-messaging-messages***********compat_reports/libcapi-messaging-messages/2.3.1_to_3.0/compat_report.html
Page in compatible!!!!
***********capi-network-bluetooth***********compat_reports/libcapi-network-bluetooth/2.3.1_to_3.0/compat_report.html
Page in incompatible!!!!
<a name='Binary_Removed'></a><a name='Binary_Withdrawn'></a> <a name='Interface_Binary_Problems_High'></a>
<a name='Interface_Binary_Problems_High'></a> <a name='Type_Binary_Problems_Low'></a>
<a name='Type_Binary_Problems_Low'></a> <a name='Constant_Binary_Problems_Low'></a>
<a name='Constant_Binary_Problems_Low'></a> to the top</a>
***********capi-network-connection***********compat_reports/libcapi-network-connection/2.3.1_to_3.0/compat_report.html
Page in compatible!!!!
***********capi-network-smartcard***********compat_reports/libcapi-network-smartcard/2.3.1_to_3.0/compat_report.html
Page in compatible!!!!
***********capi-network-wifi-direct***********compat_reports/libcapi-network-wifi-direct/2.3.1_to_3.0/compat_report.html
Page in compatible!!!!
***********capi-network-wifi***********compat_reports/libcapi-network-wifi/2.3.1_to_3.0/compat_report.html
Page in compatible!!!!
***********capi-system-device***********compat_reports/libcapi-system-device/2.3.1_to_3.0/compat_report.html
Page in incompatible!!!!
<a name='Type_Binary_Problems_Low'></a> to the top</a>
***********capi-system-info***********compat_reports/libcapi-system-info/2.3.1_to_3.0/compat_report.html
Page in incompatible!!!!
<a name='Binary_Removed'></a><a name='Binary_Withdrawn'></a> to the top</a>
***********capi-system-media-key***********compat_reports/libcapi-system-media-key/2.3.1_to_3.0/compat_report.html
Page in compatible!!!!
***********capi-system-runtime-info***********compat_reports/libcapi-system-runtime-info/2.3.1_to_3.0/compat_report.html
Page in incompatible!!!!
<a name='Type_Binary_Problems_Low'></a> to the top</a>
***********capi-system-sensor***********compat_reports/libcapi-system-sensor/2.3.1_to_3.0/compat_report.html
Page in incompatible!!!!
<a name='Type_Binary_Problems_Low'></a> <a name='Constant_Binary_Problems_Low'></a>
<a name='Constant_Binary_Problems_Low'></a> to the top</a>
***********capi-system-system-settings***********compat_reports/libcapi-system-system-settings/2.3.1_to_3.0/compat_report.html
Page in incompatible!!!!
<a name='Type_Binary_Problems_Low'></a> to the top</a>
***********capi-telephony***********compat_reports/libcapi-telephony/2.3.1_to_3.0/compat_report.html
Page in compatible!!!!
***********capi-ui-efl-util***********compat_reports/libcapi-ui-efl-util/2.3.1_to_3.0/compat_report.html
Page in compatible!!!!
*&ERROR&* File not found :compat_reports/# (No such file or directory)
*&ERROR&* File not found :compat_reports/# (No such file or directory)
*&ERROR&* File not found :compat_reports/# (No such file or directory)
*&ERROR&* File not found :compat_reports/# (No such file or directory)
*&ERROR&* File not found :compat_reports/# (No such file or directory)
*&ERROR&* File not found :compat_reports/# (No such file or directory)
*&ERROR&* File not found :compat_reports/# (No such file or directory)
*&ERROR&* File not found :compat_reports/# (No such file or directory)
*&ERROR&* File not found :compat_reports/# (No such file or directory)
*&ERROR&* File not found :compat_reports/# (No such file or directory)
***********ecore***********compat_reports/libecore/2.3.1_to_3.0/compat_report.html
Page in incompatible!!!!
<a name='Binary_Removed'></a><a name='Binary_Withdrawn'></a> <a name='Type_Binary_Problems_Medium'></a>
<a name='Type_Binary_Problems_Medium'></a> <a name='Interface_Binary_Problems_Medium'></a>
<a name='Interface_Binary_Problems_Medium'></a> <a name='Type_Binary_Problems_Low'></a>
<a name='Type_Binary_Problems_Low'></a> <a name='Interface_Binary_Problems_Low'></a>
<a name='Interface_Binary_Problems_Low'></a> <a name='Constant_Binary_Problems_Low'></a>
<a name='Constant_Binary_Problems_Low'></a> to the top</a>
***********edje***********compat_reports/libedje/2.3.1_to_3.0/compat_report.html
Page in incompatible!!!!
<a name='Binary_Removed'></a><a name='Binary_Withdrawn'></a> <a name='Type_Binary_Problems_Low'></a>
<a name='Type_Binary_Problems_Low'></a> <a name='Interface_Binary_Problems_Low'></a>
<a name='Interface_Binary_Problems_Low'></a> to the top</a>
*&ERROR&* File not found :compat_reports/# (No such file or directory)
***********efl-extension***********compat_reports/libefl-extension/2.3.1_to_3.0/compat_report.html
Page in compatible!!!!
***********eina***********compat_reports/libeina/2.3.1_to_3.0/compat_report.html
Page in incompatible!!!!
<a name='Type_Binary_Problems_Low'></a> <a name='Interface_Binary_Problems_Low'></a>
<a name='Interface_Binary_Problems_Low'></a> to the top</a>
*&ERROR&* File not found :compat_reports/# (No such file or directory)
***********key-manager***********compat_reports/libkey-manager/2.3.1_to_3.0/compat_report.html
Page in incompatible!!!!
<a name='Binary_Removed'></a><a name='Binary_Withdrawn'></a> <a name='Type_Binary_Problems_High'></a>
<a name='Type_Binary_Problems_High'></a> <a name='Type_Binary_Problems_Low'></a>
<a name='Type_Binary_Problems_Low'></a> to the top</a>
***********libkey-manager-client***********compat_reports/libkey-manager-client/2.3.1_to_3.0/compat_report.html
Page in incompatible!!!!
<a name='Binary_Removed'></a><a name='Binary_Withdrawn'></a> <a name='Type_Binary_Problems_High'></a>
<a name='Type_Binary_Problems_High'></a> <a name='Type_Binary_Problems_Low'></a>
<a name='Type_Binary_Problems_Low'></a> to the top</a>
*&ERROR&* File not found :compat_reports/# (No such file or directory)
***********libdlog***********compat_reports/libdlog/2.3.1_to_3.0/compat_report.html
Page in compatible!!!!
***********libpush***********compat_reports/libpush/2.3.1_to_3.0/compat_report.html
Page in incompatible!!!!
<a name='Interface_Binary_Problems_Low'></a> to the top</a>
***********libstorage***********compat_reports/libstorage/2.3.1_to_3.0/compat_report.html
Page in compatible!!!!
*&ERROR&* File not found :compat_reports/# (No such file or directory)
***********libtbm***********compat_reports/libtbm/2.3.1_to_3.0/compat_report.html
Page in incompatible!!!!
<a name='Binary_Removed'></a><a name='Binary_Withdrawn'></a> <a name='Type_Binary_Problems_High'></a>
<a name='Type_Binary_Problems_High'></a> <a name='Type_Binary_Problems_Medium'></a>
<a name='Type_Binary_Problems_Medium'></a> <a name='Type_Binary_Problems_Low'></a>
<a name='Type_Binary_Problems_Low'></a> <a name='Constant_Binary_Problems_Low'></a>
<a name='Constant_Binary_Problems_Low'></a> to the top</a>
*&ERROR&* File not found :compat_reports/# (No such file or directory)
***********notification***********compat_reports/libnotification/2.3.1_to_3.0/compat_report.html
Page in incompatible!!!!
<a name='Binary_Removed'></a><a name='Binary_Withdrawn'></a> <a name='Interface_Binary_Problems_Medium'></a>
<a name='Interface_Binary_Problems_Medium'></a> <a name='Type_Binary_Problems_Low'></a>
<a name='Type_Binary_Problems_Low'></a> <a name='Constant_Binary_Problems_Low'></a>
<a name='Constant_Binary_Problems_Low'></a> to the top</a>
***********privilege-info***********compat_reports/libprivilege-info/2.3.1_to_3.0/compat_report.html
Page in compatible!!!!
***********stt***********compat_reports/libstt/2.3.1_to_3.0/compat_report.html
Page in compatible!!!!
*&ERROR&* File not found :compat_reports/# (No such file or directory)
***********tts***********compat_reports/libtts/2.3.1_to_3.0/compat_report.html
Page in incompatible!!!!
<a name='Binary_Removed'></a><a name='Binary_Withdrawn'></a> <a name='Constant_Binary_Problems_Low'></a>
<a name='Constant_Binary_Problems_Low'></a> to the top</a>
***********libwidget_service***********compat_reports/libwidget_service/2.3.1_to_3.0/compat_report.html
Page in incompatible!!!!
<a name='Binary_Removed'></a><a name='Binary_Withdrawn'></a> <a name='Constant_Binary_Problems_Low'></a>
<a name='Constant_Binary_Problems_Low'></a> to the top</a>
***********libwidget_viewer_evas***********compat_reports/libwidget_viewer_evas/2.3.1_to_3.0/compat_report.html
Page in incompatible!!!!
<a name='Binary_Removed'></a><a name='Binary_Withdrawn'></a> <a name='Constant_Binary_Problems_Low'></a>
<a name='Constant_Binary_Problems_Low'></a> to the top</a>
*&ERROR&* File not found :compat_reports/# (No such file or directory)
***********vconf***********compat_reports/libvconf/2.3.1_to_3.0/compat_report.html
Page in incompatible!!!!
<a name='Type_Binary_Problems_Medium'></a> <a name='Type_Binary_Problems_Low'></a>
<a name='Type_Binary_Problems_Low'></a> <a name='Constant_Binary_Problems_Low'></a>
<a name='Constant_Binary_Problems_Low'></a> to the top</a>
***********csr-framework***********compat_reports/libcsr-framework/2.3.1_to_3.0/compat_report.html
Page in incompatible!!!!
<a name='Binary_Removed'></a><a name='Binary_Withdrawn'></a> <a name='Constant_Binary_Problems_Low'></a>
<a name='Constant_Binary_Problems_Low'></a> to the top</a>
***********msg-service***********compat_reports/libmsg-service/2.3.1_to_3.0/compat_report.html
Page in incompatible!!!!
<a name='Interface_Binary_Problems_Low'></a> to the top</a>
