Temporary header file '/tmp/Ni_oKT_ySw/dump1.h' with the following content will be compiled to create GCC translation unit dump:

  // add includes
  #include "/home/kayes/abi_tool/abi-tool-2.7/2.4/usr/include/media/scmirroring_internal.h"
  #include "/home/kayes/abi_tool/abi-tool-2.7/2.4/usr/include/media/scmirroring_sink.h"
  #include "/home/kayes/abi_tool/abi-tool-2.7/2.4/usr/include/media/scmirroring_src.h"
  #include "/home/kayes/abi_tool/abi-tool-2.7/2.4/usr/include/media/scmirroring_src_ini.h"
  #include "/home/kayes/abi_tool/abi-tool-2.7/2.4/usr/include/media/scmirroring_type.h"

The GCC parameters:
  gcc -fdump-translation-unit -fkeep-inline-functions -c -x c++-header -fpermissive -w "/tmp/Ni_oKT_ySw/dump1.h"  -I/home/kayes/abi_tool/abi-tool-2.7/2.4/usr/include/media -I/home/kayes/tizen-sdk/platforms/tizen-3.0/mobile/rootstraps/mobile-3.0-device.core/usr/include -I/home/kayes/tizen-sdk/platforms/tizen-3.0/mobile/rootstraps/mobile-3.0-device.core/usr/include/glib-2.0 -I/home/kayes/tizen-sdk/platforms/tizen-3.0/mobile/rootstraps/mobile-3.0-device.core/usr/lib/glib-2.0/include

Temporary header file '/tmp/Ni_oKT_ySw/dump2.h' with the following content will be compiled to create GCC translation unit dump:

  // add includes
  #include "/home/kayes/abi_tool/abi-tool-2.7/3.0/usr/include/media/miracast_server.h"
  #include "/home/kayes/abi_tool/abi-tool-2.7/3.0/usr/include/media/scmirroring_internal.h"
  #include "/home/kayes/abi_tool/abi-tool-2.7/3.0/usr/include/media/scmirroring_sink.h"
  #include "/home/kayes/abi_tool/abi-tool-2.7/3.0/usr/include/media/scmirroring_src.h"
  #include "/home/kayes/abi_tool/abi-tool-2.7/3.0/usr/include/media/scmirroring_src_ini.h"
  #include "/home/kayes/abi_tool/abi-tool-2.7/3.0/usr/include/media/scmirroring_type.h"

The GCC parameters:
  gcc -fdump-translation-unit -fkeep-inline-functions -c -x c++-header -fpermissive -w "/tmp/Ni_oKT_ySw/dump2.h"  -I/home/kayes/abi_tool/abi-tool-2.7/3.0/usr/include/media -I/home/kayes/tizen-sdk/platforms/tizen-3.0/mobile/rootstraps/mobile-3.0-device.core/usr/include -I/home/kayes/tizen-sdk/platforms/tizen-3.0/mobile/rootstraps/mobile-3.0-device.core/usr/include/glib-2.0 -I/home/kayes/tizen-sdk/platforms/tizen-3.0/mobile/rootstraps/mobile-3.0-device.core/usr/lib/glib-2.0/include

In file included from /tmp/Ni_oKT_ySw/dump2.h:3:0:
/home/kayes/abi_tool/abi-tool-2.7/3.0/usr/include/media/miracast_server.h:25:21: fatal error: gst/gst.h: No such file or directory
 #include <gst/gst.h>
                     ^
compilation terminated.

