====================
মঙ্গল জুন 14 17:51:56 BDT 2016
====================
./logs/capi-media-player.log:21:/home/kayes/tizen-sdk/platforms/tizen-3.0/mobile/rootstraps/mobile-3.0-device.core/usr/include/ecore-wayland-1/Ecore_Wayland.h:12:29: fatal error: wayland-client.h: No such file or directory
./logs/capi-media-codec.log:18:/home/kayes/abi_tool/abi-tool-2.7/3.0/usr/include/media/media_codec.h:23:31: fatal error: media_packet_pool.h: No such file or directory
./logs/notification.log:46:/home/kayes/abi_tool/abi-tool-2.7/3.0/usr/include/notification/notification_db.h:22:31: fatal error: tzplatform_config.h: No such file or directory
./logs/libwidget_service.log:170:/home/kayes/abi_tool/abi-tool-2.7/3.0/usr/include/widget_service/widget_instance.h:21:17: fatal error: aul.h: No such file or directory
./logs/libwidget_viewer_evas.log:11:/home/kayes/abi_tool/abi-tool-2.7/2.4/usr/include/widget_viewer_evas/widget_viewer_evas_internal.h:26:37: fatal error: widget_service_internal.h: No such file or directory
./logs/service-adaptor.log:55:/home/kayes/abi_tool/abi-tool-2.7/3.0/usr/include/service-adaptor/service_adaptor_client_private.h:58:44: fatal error: private/service-adaptor-client.h: No such file or directory
./logs/dali-adaptor.log:145:/home/kayes/abi_tool/abi-tool-2.7/2.4/usr/include/dali/integration-api/adaptors/ecore-x-render-surface.h:22:21: fatal error: Ecore_X.h: No such file or directory
./logs/evas.log:99:/home/kayes/abi_tool/abi-tool-2.7/2.4/usr/include/widget_viewer_evas/widget_viewer_evas_internal.h:26:37: fatal error: widget_service_internal.h: No such file or directory
./logs/capi-network-nfc.log:47:/home/kayes/abi_tool/abi-tool-2.7/3.0/usr/include/network/net_nfc.h:20:29: fatal error: net_nfc_typedef.h: No such file or directory
./logs/capi-appfw-application.log:44:/home/kayes/abi_tool/abi-tool-2.7/3.0/usr/include/appfw/app_internal.h:23:31: fatal error: tzplatform_config.h: No such file or directory
./logs/ecore.log:323:/usr/include/xf86drm.h:40:17: fatal error: drm.h: No such file or directory
./logs/capi-media-screen-mirroring.log:27:/home/kayes/abi_tool/abi-tool-2.7/3.0/usr/include/media/miracast_server.h:25:21: fatal error: gst/gst.h: No such file or directory
====================
বৃহঃ জুন 16 10:39:07 BDT 2016
====================
./logs/capi-media-player.log:21:/home/kayes/tizen-sdk/platforms/tizen-3.0/mobile/rootstraps/mobile-3.0-device.core/usr/include/ecore-wayland-1/Ecore_Wayland.h:14:34: fatal error: xkbcommon/xkbcommon.h: No such file or directory
./logs/service-adaptor.log:55:/home/kayes/abi_tool/abi-tool-2.7/3.0/usr/include/service-adaptor/service_adaptor_client_private.h:58:44: fatal error: private/service-adaptor-client.h: No such file or directory
./logs/dali-adaptor.log:145:/home/kayes/abi_tool/abi-tool-2.7/2.4/usr/include/dali/integration-api/adaptors/ecore-x-render-surface.h:22:21: fatal error: Ecore_X.h: No such file or directory
./logs/evas.log:2130:/home/kayes/tizen-sdk/platforms/tizen-3.0/mobile/rootstraps/mobile-3.0-device.core/usr/include/ecore-drm-1/Ecore_Drm.h:8:19: fatal error: Eeze.h: No such file or directory
./logs/capi-network-nfc.log:47:/home/kayes/abi_tool/abi-tool-2.7/3.0/usr/include/network/net_nfc.h:20:29: fatal error: net_nfc_typedef.h: No such file or directory
./logs/ecore.log:322:/home/kayes/abi_tool/abi-tool-2.7/3.0/usr/include/ecore-drm-1/Ecore_Drm.h:8:19: fatal error: Eeze.h: No such file or directory
./logs/capi-media-screen-mirroring.log:27:/home/kayes/abi_tool/abi-tool-2.7/3.0/usr/include/media/miracast_server.h:25:21: fatal error: gst/gst.h: No such file or directory
====================
বৃহঃ জুন 16 10:57:18 BDT 2016
====================
./logs/service-adaptor.log:55:/home/kayes/abi_tool/abi-tool-2.7/3.0/usr/include/service-adaptor/service_adaptor_client_private.h:58:44: fatal error: private/service-adaptor-client.h: No such file or directory
./logs/dali-adaptor.log:145:/home/kayes/abi_tool/abi-tool-2.7/2.4/usr/include/dali/integration-api/adaptors/ecore-x-render-surface.h:22:21: fatal error: Ecore_X.h: No such file or directory
./logs/evas.log:2129:/home/kayes/abi_tool/abi-tool-2.7/3.0/usr/include/evas-1/Evas_Engine_GL_Drm.h:5:18: fatal error: gbm.h: No such file or directory
./logs/capi-network-nfc.log:47:/home/kayes/abi_tool/abi-tool-2.7/3.0/usr/include/network/net_nfc.h:20:29: fatal error: net_nfc_typedef.h: No such file or directory
./logs/capi-media-screen-mirroring.log:27:/home/kayes/abi_tool/abi-tool-2.7/3.0/usr/include/media/miracast_server.h:25:21: fatal error: gst/gst.h: No such file or directory
====================
বৃহঃ জুন 16 11:20:27 BDT 2016
====================
./logs/service-adaptor.log:55:/home/kayes/abi_tool/abi-tool-2.7/3.0/usr/include/service-adaptor/service_adaptor_client_private.h:58:44: fatal error: private/service-adaptor-client.h: No such file or directory
./logs/dali-adaptor.log:145:/home/kayes/abi_tool/abi-tool-2.7/2.4/usr/include/dali/integration-api/adaptors/ecore-x-render-surface.h:22:21: fatal error: Ecore_X.h: No such file or directory
./logs/evas.log:2129:/home/kayes/abi_tool/abi-tool-2.7/3.0/usr/include/mmf/mm_evas_renderer.h:35:24: fatal error: tbm_bufmgr.h: No such file or directory
./logs/capi-network-nfc.log:47:/home/kayes/abi_tool/abi-tool-2.7/3.0/usr/include/network/net_nfc.h:20:29: fatal error: net_nfc_typedef.h: No such file or directory
./logs/capi-media-screen-mirroring.log:27:/home/kayes/abi_tool/abi-tool-2.7/3.0/usr/include/media/miracast_server.h:25:21: fatal error: gst/gst.h: No such file or directory
====================
বৃহঃ জুন 16 11:36:54 BDT 2016
====================
./logs/service-adaptor.log:55:/home/kayes/abi_tool/abi-tool-2.7/3.0/usr/include/service-adaptor/service_adaptor_client_private.h:58:44: fatal error: private/service-adaptor-client.h: No such file or directory
./logs/dali-adaptor.log:145:/home/kayes/abi_tool/abi-tool-2.7/2.4/usr/include/dali/integration-api/adaptors/ecore-x-render-surface.h:22:21: fatal error: Ecore_X.h: No such file or directory
./logs/evas.log:2129:/home/kayes/abi_tool/abi-tool-2.7/3.0/usr/include/mmf/mm_evas_renderer.h:39:22: fatal error: mm_types.h: No such file or directory
./logs/capi-network-nfc.log:47:/home/kayes/abi_tool/abi-tool-2.7/3.0/usr/include/network/net_nfc.h:20:29: fatal error: net_nfc_typedef.h: No such file or directory
./logs/capi-media-screen-mirroring.log:27:/home/kayes/abi_tool/abi-tool-2.7/3.0/usr/include/media/miracast_server.h:25:21: fatal error: gst/gst.h: No such file or directory
