====================
বৃহঃ জুন 16 11:35:54 BDT 2016
====================
account-common.armv7l 0.1.1-13.1 platform/core/account/account-common#49f7f981cc6cab0cdc21ab7d0023218cc2c1e54e
account-manager.armv7l 0.1.4-23.1 platform/core/account/account-manager#35a2b76911282d63e4e0ed3a2bfcb1cc428fb928
account-parser.armv7l 0.1.0-8.3 platform/core/account/account-parser#b3f6eb7098f69887c244d2e36619cab5b20fa2ee
acl.armv7l 2.2.52-2.9 platform/upstream/acl#53165edcc772173273f502514090a6e0fb7e862c
alarm-server.armv7l 0.4.178-40.1 platform/core/appfw/alarm-manager#d87b6245a14b679cf1b6aed3416632c7eb297cca
alsa-utils.armv7l 1.0.28-9.11 platform/upstream/alsa-utils#7a31f966b72af9639a41041beb49f6d5dac30c8a
amd.armv7l 0.0.100-69.1 platform/core/appfw/amd#3a6f81e579437b39cd898baedf06083de16a921f
anthy.armv7l 9100h-10.10 platform/core/uifw/anthy#ae5007464c40c9f359c278c788be0bfdd8ebdcbe
app-core-common.armv7l 1.2-39.2 platform/core/appfw/app-core#49d398614817d68434d989990ec7931f67781c26
app-core-efl.armv7l 1.2-39.2 platform/core/appfw/app-core#49d398614817d68434d989990ec7931f67781c26
app-installers.armv7l 1.8-116.1 platform/core/appfw/app-installers#d2b441f230d5ea32747875b0ac3120e508f5a9bb
app-svc.armv7l 0.1.53-17.4 platform/core/appfw/app-svc#1c984aefbe371d3d04709aaff514c6ed10a62292
app2sd.armv7l 0.5.42-17.2 platform/core/appfw/app2sd#95039c1c02df7300fc5db2c28d888c3958c4a248
appcore-agent.armv7l 1.0.4-15.1 platform/core/appfw/appcore-agent#1b539a04210f85a6e310e83c4541a1901a4e4bef
argos_watchdog.armv7l 0.0.1-1.4 platform/core/system/argos_watchdog#2810f7f2347f4181ea38ca4147f9d3f27b81686c
at-spi2-core.armv7l 2.16.1-10.3 platform/upstream/at-spi2-core#65a8179bd64640d3c76767121dbf45ce9b8422ae
attach-panel-camera.armv7l 0.1.0-14.30 profile/mobile/apps/native/attach-panel-camera#56e2ba198400f9d18a3881ec526d0581b40125eb
attach-panel-gallery.armv7l 1.3.21-20.8 profile/mobile/apps/native/attach-panel-gallery#0d730d52ef49e1589405348ebc4cd30154dffeba
attach-panel-voicerecorder.armv7l 0.1.0-14.1 profile/mobile/apps/native/attach-panel-voicerecoder#1776490a6637bfb4adb79ef514ce1a6a99e64988
attach-panel.armv7l 0.1.0-10.1 profile/mobile/apps/native/attach-panel#69781e8d449ff0d61ed7a755a275a931e8d6ea5f
attr.armv7l 2.4.47-1.12 platform/upstream/attr#450f47ad953f7a7d4c577d489103f75234b25619
audio-config-sc-TM1-sc7730.noarch 0.1.17-3.1 profile/mobile/platform/adaptation/spreadtrum/audio-config-sc#5275da505da2e5c6610d5f90edd7069ebbda4b60
audio-hal-sc7727.armv7l 0.1.11-12.1 platform/adaptation/spreadtrum/audio-hal-sc7727#a712aa1320feb49e9f2a862afa53ea79f564e9a0
aul.armv7l 0.0.300-23.1 platform/core/appfw/aul-1#d527acd1238877bda165479d8359e81855c9895d
auth-fw.armv7l 0.0.1-4.2 platform/core/security/auth-fw#282a7b00f385840fd00d98e9e94cd77a9707d657
badge.armv7l 0.0.16-24.1 platform/core/appfw/badge#8dd8f227914a63a16b65252c23820a54155b3da5
bash.armv7l 3.2.57-3.1 product/upstream/bash#e15719eca663a1de7762ab70817b0357640572bc
bluetooth-agent.armv7l 0.1.0-30.1 platform/core/connectivity/bluetooth-agent#50e736df1bec1801635ed4e40fdd26345710ed9f
bluetooth-firmware-sprd-TM1.armv7l 0.1.1-1.4 platform/adaptation/bluetooth-firmware-sprd#96d78efb48c3220427ff936a00dd59b7b7cb5eeb
bluetooth-frwk-core.armv7l 0.2.151-70.1 platform/core/connectivity/bluetooth-frwk#1ae08b0fd6bad27d64118837b2a37bcef5925b16
bluetooth-frwk-service.armv7l 0.2.151-70.1 platform/core/connectivity/bluetooth-frwk#1ae08b0fd6bad27d64118837b2a37bcef5925b16
bluetooth-frwk.armv7l 0.2.151-70.1 platform/core/connectivity/bluetooth-frwk#1ae08b0fd6bad27d64118837b2a37bcef5925b16
bluetooth-share.armv7l 0.0.47-33.1 platform/core/connectivity/bluetooth-share#e0715f7adea44a10920866ebc26195fcc33bde97
bluetooth-tools.armv7l 0.2.35-16.2 platform/core/connectivity/bluetooth-tools#5ddb59fb4f51771a7cc1af511c226545b2837d77
bluez.armv7l 5.37-50.1 platform/upstream/bluez#9909826da5140a63a22698501725b3c4e3270a0d
boost-date-time.armv7l 1.58.0-13.1 platform/upstream/boost#19bc0ae04846b66e010064545c66a1b6f1a042ac
boost-filesystem.armv7l 1.58.0-13.1 platform/upstream/boost#19bc0ae04846b66e010064545c66a1b6f1a042ac
boost-license.noarch 1.58.0-13.1 platform/upstream/boost#19bc0ae04846b66e010064545c66a1b6f1a042ac
boost-program-options.armv7l 1.58.0-13.1 platform/upstream/boost#19bc0ae04846b66e010064545c66a1b6f1a042ac
boost-regex.armv7l 1.58.0-13.1 platform/upstream/boost#19bc0ae04846b66e010064545c66a1b6f1a042ac
boost-system.armv7l 1.58.0-13.1 platform/upstream/boost#19bc0ae04846b66e010064545c66a1b6f1a042ac
boost-thread.armv7l 1.58.0-13.1 platform/upstream/boost#19bc0ae04846b66e010064545c66a1b6f1a042ac
boot-animation.armv7l 0.3.7-11.4 apps/core/preloaded/boot-animation#ce20ff4e0d4b9f8231ae90577be252f8f335755c
browser-provider.armv7l 1.8.0-13.53 platform/framework/web/browser-provider#245cbb5fc134e919d0482a420113d8c2885d689d
bundle.armv7l 0.1.31-21.1 platform/core/base/bundle#9a3f14df29442ccc003051efc46e8ec5251a9bd4
buxton2.armv7l 1.1-38.1 platform/core/system/buxton2#28d9a0adfd2762fa8cca8ff3ab62cbf1865fcb26
ca-certificates-tizen.noarch 0.2.0-7.2 platform/core/security/ca-certificates-tizen#c650c46c67ecf1d9a78d754d6b8b6e5876fa4632
ca-certificates.noarch 0.0.2-17.12 platform/core/security/ca-certificates#2918b0eea81778b9963db13c9447f07d1af0fbef
calendar-service.armv7l 0.1.163-45.15 platform/core/pim/calendar-service#62dac6d9c45dc81f8db41c859b15ae347ba3cc0e
call-manager.armv7l 0.1.65-29.2 platform/core/telephony/call-manager#74332194fc0e77aac64430a2c83bec53055636ff
capi-appfw-app-manager.armv7l 0.2.4-9.1 platform/core/api/app-manager#f196d7fb33fbff49141381aae1676f9e8bb4fbf1
capi-appfw-package-manager.armv7l 0.0.30-10.1 platform/core/api/package-manager#2ae8991c39c23144d111809a11ac545f8950b6b0
capi-base-common.armv7l 0.4.7-6.1 platform/core/api/common#c124dc68b8f9556bf380ea131d7f31488719579d
capi-base-utils.armv7l 1.2.3-7.1 platform/core/api/base-utils#b603cc2c5106405867bdf39292213f2922a86bdf
capi-content-media-content.armv7l 0.2.79-7.5 platform/core/api/media-content#2c24ecc65af4ea2e9934da93f41cb9a56f1f05f8
capi-content-mime-type.armv7l 0.0.2-8.7 platform/core/api/mime-type#5d41bd2425db68a2bf733a5a00b2a82427c381f3
capi-geofence-manager.armv7l 0.3.3-10.64 platform/core/api/geofence-manager#aed48b6d098c0961296a6a8fa825fe87c16ffa5b
capi-location-manager.armv7l 0.7.2-6.23 platform/core/api/location-manager#0a3a25a77ac836905cd26932c54ea9f1ce13cb38
capi-maps-service.armv7l 0.6.1-13.6 platform/core/api/maps-service#fce91dd61aa29e194be80636b69a65f2f1201367
capi-media-audio-io.armv7l 0.3.36-7.15 platform/core/api/audio-io#50decba9f24c45652f621373f264123aeba7de9e
capi-media-camera.armv7l 0.2.59-12.2 platform/core/api/camera#824165ae4ea10323ad7ba14ad429ff4e79587790
capi-media-controller.armv7l 0.1.22-9.8 platform/core/api/media-controller#29e591c2d605191d8e13d32c3e5c7a18f7ae55f2
capi-media-image-util.armv7l 0.1.10-4.1 platform/core/api/image-util#973cdae5b2959bce25e309ffab884496d2d92f20
capi-media-metadata-editor.armv7l 0.1.5-3.2 platform/core/api/metadata-editor#bd3d6f71199bca30fd24ba81b2e3b3d7bfe9f9ff
capi-media-metadata-extractor.armv7l 0.1.3-5.1 platform/core/api/metadata-extractor#2e0e0eba0faf579502324ec0aba8927395e882e4
capi-media-radio.armv7l 0.1.2-2.2 platform/core/api/radio#58114c7148b8f6ce01767856122f8f66d74e033b
capi-media-recorder.armv7l 0.2.26-32.1 platform/core/api/recorder#9826de2e1dc699db5c412453ffc2a8d6790735af
capi-media-sound-manager.armv7l 0.3.51-5.28 platform/core/api/sound-manager#ae236fd945a02c0cbf522d59bd1480d0fe00f232
capi-media-streamer.armv7l 0.1.4-7.3 platform/core/api/mediastreamer#7edee76af731203e388bf201b46d85a625cdf189
capi-media-streamrecorder.armv7l 0.0.7-4.14 platform/core/api/mediastreamrecorder#2ac4aeeea701f94e4a5e1dd54ddccd2fa80dab6e
capi-media-thumbnail-util.armv7l 0.1.3-3.3 platform/core/api/thumbnail-util#9d471c2496a87201e6f76790243daef8960c7261
capi-media-tone-player.armv7l 0.1.8-14.2 platform/core/api/tone-player#4c4607f0dafc0a0de25a9e7fdba7d52dfb89d869
capi-media-tool.armv7l 0.1.3-5.4 platform/core/api/mediatool#0b20f3f37f3712a7dfe264dab08a2711058b7df3
capi-media-video-util.armv7l 0.1.7-2.2 platform/core/api/video-util#e13b53074d5ab1ae0280090689168218378deef1
capi-media-vision.armv7l 0.3.18-13.4 platform/core/api/mediavision#ba38da18f6d5eb7ede4cd0a135c3b5b5d6681def
capi-media-wav-player.armv7l 0.1.16-2.25 platform/core/api/wav-player#cd4640e3e06fb01ec87d986c5400850be8baa5b3
capi-mediademuxer.armv7l 0.1.1-3.40 platform/core/api/mediademuxer#1be247417c000d559960805b77b371a9b353c915
capi-mediamuxer.armv7l 0.1.1-5.35 platform/core/api/mediamuxer#1cc71ad47f31c30b4629d657ac723a7085c5ae6f
capi-messaging-email.armv7l 0.1.16-3.1 platform/core/api/email#6009ca2ce57fdbedfe6b3ff1ba377950c42cc74f
capi-messaging-messages.armv7l 0.2.1-4.9 platform/core/api/messages#ed613fcee2dcf99f14f564add3b89d220b36baba
capi-network-connection.armv7l 1.0.90-8.1 platform/core/api/connection#76be469d4e389355964755df9cd79ab5520d9523
capi-network-http.armv7l 0.0.7-5.1 platform/core/api/http#879ecf26c89a347c5cc64cffe5c8d72cff13244b
capi-network-mtp.armv7l 1.3.13-2.3 platform/core/api/mtp#7b12721376ae47284f5d61bfd5aacc4f3752129b
capi-network-smartcard.armv7l 0.0.6-2.2 platform/core/api/smartcard#aa93478559fadca9c8f9101129ac82b4ac660918
capi-network-softap.armv7l 0.0.5-2.14 platform/core/api/softap#774469c0578932ba4bb3777cab256ab4b99cec77
capi-network-vpn-setting.armv7l 0.1.0_3-3.29 platform/core/api/vpn-setting#b65a1e86d8bf5513b7b309467eb8edd89a1f3e0a
capi-network-wifi-direct.armv7l 1.2.63-30.1 platform/core/api/wifi-direct#c3816c3fcf4fbbc04b469aef8f4dcdd7c18e9c12
capi-network-wifi.armv7l 1.0.77-34.2 platform/core/api/wifi#d863a1ad0b63029466c587956e84ec9e2433cef1
capi-system-device.armv7l 0.1.0-7.10 platform/core/api/device#e032f91cc2beb1b34a3608a2036005915614e0e0
capi-system-info.armv7l 0.2.0-5.12 platform/core/api/system-info#f0943d42f2bfa6dd53683d2664d8c75437b000b9
capi-system-media-key.armv7l 0.1.0-1.2 platform/core/api/media-key#cf9f6148a4e16338e93fee5390552865316ffc12
capi-system-runtime-info.armv7l 0.0.3-7.27 platform/core/api/runtime-info#558ef9152648cbfd9ad1328ccae3813b0b8e4862
capi-system-sensor.armv7l 0.2.2-6.19 platform/core/api/sensor#22ed2de125ff4d3d42b9a0ff50407bab949cc7c6
capi-system-system-settings.armv7l 0.0.2-18.4 platform/core/api/system-settings#72c737c67321309951aad581d473114a61b6c188
capi-telephony.armv7l 0.1.63-13.29 platform/core/api/telephony#e8690db4ffa3690b88a7517bd125dd5fabfdf2ee
capi-ui-efl-util.armv7l 0.3.2-6.1 platform/core/api/efl-util#a030cbfaadb9f370ddf724a50e654e15c7f2abd5
capi-ui-inputmethod-manager.armv7l 0.0.6-8.40 platform/core/api/inputmethod-manager#41276cb24aede4ae6f05b51adc41ac2d156e85ab
capi-ui-inputmethod.armv7l 0.0.12-12.19 platform/core/api/inputmethod#38b1b70885a95501ae93576b47b6de557dc2be9e
capi-vpnsvc.armv7l 1.0.21-16.1 platform/core/api/vpn-service#bc5f8ce0bf7fa4abfbd45d99fcf009f6c678cf68
capi-web-url-download.armv7l 1.2.7-2.2 platform/core/api/url-download#73ee64012597b9d1a1ba924b0fcd8f6dfe7daf68
cert-checker.armv7l 0.1.0-9.1 platform/core/security/cert-checker#30177b747ab42a7cedc5228803e057d05583b1a6
cert-svc-ui.armv7l 1.0.3-20.2 platform/core/security/cert-svc-ui#d38107e8426ebd9213ce3407de69b5fa03e72f0f
cert-svc.armv7l 2.1.0-43.15 platform/core/security/cert-svc#819a03e037d4084f5dc784873c101c5390b8786d
connman-connman-vpnd.armv7l 1.29-41.1 platform/upstream/connman#b164f3431bb96a71a465ef53b1f072ac2a9572cb
connman-plugin-openvpn.armv7l 1.29-41.1 platform/upstream/connman#b164f3431bb96a71a465ef53b1f072ac2a9572cb
connman.armv7l 1.29-41.1 platform/upstream/connman#b164f3431bb96a71a465ef53b1f072ac2a9572cb
contacts-service2.armv7l 0.13.54-50.12 platform/core/pim/contacts-service#45d355ad34500e52686f5e4df3f832f19cbd6251
context-common.armv7l 0.8.1-14.19 platform/core/context/context-common#c76b26f480896306a84c6654d189ebd6c06e01e3
context-provider.armv7l 0.8.0-10.39 platform/core/context/context-provider#2b0ff4d615b1ec9ac5831c5616b0a0c6a41a4ead
context-service.armv7l 0.8.1-20.27 platform/core/context/context-service#810d896a21dc1429d54fef39161acef06bd590ac
context.armv7l 0.8.1-17.20 platform/core/api/context#06bafa4fe662000f73d86327d57655320bfe28d7
cordova-api.armv7l 0.11-8.18 platform/core/api/cordova-plugins#7fd92a8bcc51533a826446e341e5ec7052ce1ae8
coregl.armv7l 0.1.10-14.4 platform/core/uifw/coregl#715d39db2cbc5a44eb5f88b44e0151e3d083ee36
coreutils.armv7l 6.9-7.3 product/upstream/coreutils#c11dc7c39c03e9ec3f36c4296660132fe7213010
crash-worker.armv7l 0.2.0-10.3 platform/core/system/crash-worker#c691582e7f3ff40beec00086a3c7af9d4d606b1e
crosswalk-tizen.armv7l 1.0.0-39.2 platform/framework/web/crosswalk-tizen#642e138abd12e1b8f59fa7d998b2227b83c5f062
csr-framework.armv7l 1.1.0-2.6 platform/upstream/csr-framework#720ac65a098c53a93e3d10e5d2d306412b67d056
curl.armv7l 7.48.0-11.3 platform/upstream/curl#0be6abcfa9907d66495e75d33667479a62639bd9
cyad.armv7l 0.14.0-32.1 platform/core/security/cynara#d96206ba221c676ad097d977c76f55986d91efae
cynara-db-migration.armv7l 0.14.0-32.1 platform/core/security/cynara#d96206ba221c676ad097d977c76f55986d91efae
cynara.armv7l 0.14.0-32.1 platform/core/security/cynara#d96206ba221c676ad097d977c76f55986d91efae
d2d-conv-manager-lib.armv7l 0.0.1-4.4 platform/core/convergence/d2d-conv-manager#ca2246774e99c764891e94c0dab631a01ded1b70
d2d-conv-manager.armv7l 0.0.1-4.4 platform/core/convergence/d2d-conv-manager#ca2246774e99c764891e94c0dab631a01ded1b70
dali-toolkit.armv7l 1.1.34-9.19 platform/core/uifw/dali-toolkit#d5dafcb8a4540dfc8c84e3aabb2d992cf9043492
data-control.armv7l 0.0.16-22.1 platform/core/appfw/data-control#21efb221413c1ef8f02963c174220f6b8ac1002d
data-provider-master.armv7l 1.3.0-30.2 platform/core/appfw/data-provider-master#643a54dcc089ed438e827bf268268c93530c7546
db4.armv7l 4.8.30.NC-1.15 platform/upstream/db4#a9c449b776662e5b683c754f36b0cbe5710888e5
dbus-glib.armv7l 0.100.2-8.9 platform/upstream/dbus-glib#43ece0a1234a07d165097262df34d4399fdcb67c
dbus-libs.armv7l 1.10.6-35.1 platform/upstream/dbus#4ec09a85d5f725f4fccd6c6617e88affee0c6d8a
dbus.armv7l 1.10.6-35.1 platform/upstream/dbus#4ec09a85d5f725f4fccd6c6617e88affee0c6d8a
dcm-service.armv7l 0.0.9-18.2 platform/core/multimedia/dcm-service#d0471f8a9981c91ca0b7c72b6e092945e7853dbe
debug-launchpad.armv7l 0.0.12-11.1 platform/core/appfw/debug-launchpad#bdf76d0705550617e09996cf84ec832a99a9bb7c
default-ac-domains.noarch 0.1-14.4 platform/core/security/default-ac-domains#e94abf3c28bf8a114f00f61a5e3cbc5fd79695a6
default-fonts-fc-sdk.armv7l 0.0.5-12.2 platform/core/graphics/default-fonts-fc-sdk#b588050bc45908383e6e9a122a6d2cff9d9e2bf9
default-fonts-sdk.armv7l 1.2.1.0-11.1 platform/core/graphics/default-fonts-sdk#24ab51948cc4d8da96446e8bb23f5bd539889851
device-manager-plugin-sc7730.armv7l 0.0.1-12.1 profile/mobile/platform/adaptation/spreadtrum/device-manager-plugin-sc7730#a2524a4e3a78bf71c4146718571cbd07cac71587
device-policy-manager.armv7l 0.0.1-18.1 platform/core/security/device-policy-manager#41c3b6cd9645e1c75f1883c4e7601cf3379b4c19
deviced-tools.armv7l 1.0.0-65.2 platform/core/system/deviced#4b3b175c394d45a3273ce00815cd1c4a61d81a7a
deviced.armv7l 1.0.0-65.2 platform/core/system/deviced#4b3b175c394d45a3273ce00815cd1c4a61d81a7a
dlogutil.armv7l 0.4.1-43.1 platform/core/system/dlog#9b9bce37bf039bdf2c4902cd98f04597be470ee4
dnsmasq.armv7l 2.74-13.1 platform/upstream/dnsmasq#b0a38a84465387d1a8ba1c2bfdffef48d30933f4
download-provider.armv7l 2.1.55-43.14 platform/framework/web/download-provider#521e1c78fbd597ab81c1e93544a79b933497b100
dpm-pam-zone.armv7l 0.0.1-18.1 platform/core/security/device-policy-manager#41c3b6cd9645e1c75f1883c4e7601cf3379b4c19
drm-service-core-tizen.armv7l 0.3.9-4.4 platform/core/security/drm-service-core-tizen#b76320a83686403da73d2a9e5fc1632145207811
dummyasm.armv7l 0.0.1-18.1 platform/core/account/fido-client#817effec3ffad0e2313c5718436f095c4d0b3167
e-mod-tizen-devicemgr.armv7l 0.1.17-82.2 platform/core/uifw/e-mod-tizen-devicemgr#cdb75e6ae3420b491dcc5157c073a8f7de3010ff
e-mod-tizen-eom.armv7l 0.1.1-8.27 platform/core/uifw/e-mod-tizen-eom#6a98082ebfbb2e9f840c11a47df71f310ee0c7b8
e-mod-tizen-gesture.armv7l 0.1.0-3.20 platform/core/uifw/e-mod-tizen-gesture#25905450a1935f007eb3a255482489466921529a
e-mod-tizen-keyrouter.armv7l 0.1.18-40.1 platform/core/uifw/e-mod-tizen-keyrouter#9be5eb6a01275ef412bca6c0417d18d40ab89318
e-mod-tizen-processmgr.armv7l 0.1.2-4.28 platform/core/uifw/e-mod-tizen-processmgr#93fbd3f09be3ec574ace03ad55d417477a3c87d6
e-mod-tizen-qpmgr.armv7l 0.1.15-6.3 profile/mobile/platform/core/uifw/e-mod-tizen-qpmgr#12c04e9f1b79414e7c6f5026113e177702aa3697
e-mod-tizen-screen-reader.armv7l 0.0.1-1.6 platform/core/uifw/e-mod-tizen-screen-reader#e4ddecb00556356723f2690ecc9fe1e0acfe1e52
e-mod-tizen-wl-textinput.armv7l 0.1.41-44.2 platform/core/uifw/e-mod-tizen-wl-textinput#4bac7c758c4105e836350d53ee1cebdefeaab7dc
e-mod-tizen-wm-policy.armv7l 0.2.4-114.1 platform/core/uifw/e-mod-tizen-wm-policy#1aa42944519ba5d430599480041b603f8d6d1081
e-tizen-data.noarch 0.2.5-58.1 profile/mobile/platform/core/uifw/e-tizen-data#ee7a9fa908e2552d2928a3a0633672277c1c28c1
e2fsprogs.armv7l 1.42.13-2.1 platform/upstream/e2fsprogs#00fd769c1ad97db4957076d815725821c33ac2eb
ector.armv7l 1.16.0-203.2 platform/upstream/efl#818a4ecf27deee3b4ef45cfef928ace6cff88b98
edbus.armv7l 1.7.9-8.19 platform/upstream/edbus#f988bbb48d8894e47d9166ebb966e51fd2f32942
edje-tools.armv7l 1.16.0-203.2 platform/upstream/efl#818a4ecf27deee3b4ef45cfef928ace6cff88b98
edje.armv7l 1.16.0-203.2 platform/upstream/efl#818a4ecf27deee3b4ef45cfef928ace6cff88b98
eet.armv7l 1.16.0-203.2 platform/upstream/efl#818a4ecf27deee3b4ef45cfef928ace6cff88b98
eeze.armv7l 1.16.0-203.2 platform/upstream/efl#818a4ecf27deee3b4ef45cfef928ace6cff88b98
efl-assist.armv7l 0.1.18r02-9.4 platform/core/uifw/efl-assist#a88bc31689172ae3fc11d0e0724a05cbc39aa050
efl-config.armv7l 0.1-4.1 profile/mobile/platform/core/uifw/efl-config#6db7d2d5266fe1373ea955127b42f30aede33b1a
efl-extension.armv7l 0.1.2-11.1 profile/mobile/platform/core/uifw/efl-ext#bd3a5103775bb277f98832b78c709e8715a66304
efl-misc.noarch 0.1.32-19.1 profile/mobile/platform/core/uifw/efl-misc#bc5bf582d1466f2599d9ff882a02d9c62fc30773
efl-modules.armv7l 0.1.1-5.1 profile/mobile/platform/core/uifw/efl-modules#d7a2e1e2f87f136d2ee03af3f65463b67c11b85e
efl-theme-tizen-mobile.armv7l 1.0-27.3 profile/mobile/platform/core/uifw/efl-theme-tizen-mobile#278e28567f0fd8f1751ac0d05ed605858492ae31
efl.armv7l 1.16.0-203.2 platform/upstream/efl#818a4ecf27deee3b4ef45cfef928ace6cff88b98
efreet.armv7l 1.16.0-203.2 platform/upstream/efl#818a4ecf27deee3b4ef45cfef928ace6cff88b98
eina.armv7l 1.16.0-203.2 platform/upstream/efl#818a4ecf27deee3b4ef45cfef928ace6cff88b98
eio.armv7l 1.16.0-203.2 platform/upstream/efl#818a4ecf27deee3b4ef45cfef928ace6cff88b98
eldbus.armv7l 1.16.0-203.2 platform/upstream/efl#818a4ecf27deee3b4ef45cfef928ace6cff88b98
elementary-locale.noarch 1.16.0-80.3 platform/upstream/elementary#fb7f0036446cebef0e509519680fd8f27bc53702
elementary-tools.armv7l 1.16.0-80.3 platform/upstream/elementary#fb7f0036446cebef0e509519680fd8f27bc53702
elementary.armv7l 1.16.0-80.3 platform/upstream/elementary#fb7f0036446cebef0e509519680fd8f27bc53702
email-service.armv7l 0.10.103-43.25 platform/core/messaging/email-service#ae589a1006466158bc1a8a0e690b4ac1001b3186
embryo.armv7l 1.16.0-203.2 platform/upstream/efl#818a4ecf27deee3b4ef45cfef928ace6cff88b98
emile.armv7l 1.16.0-203.2 platform/upstream/efl#818a4ecf27deee3b4ef45cfef928ace6cff88b98
emotion.armv7l 1.16.0-203.2 platform/upstream/efl#818a4ecf27deee3b4ef45cfef928ace6cff88b98
enlightenment.armv7l 0.20.0-169.1 platform/upstream/enlightenment#a87b3c10956dda6e96cd1387ffefd0ad434e2f9c
eo.armv7l 1.16.0-203.2 platform/upstream/efl#818a4ecf27deee3b4ef45cfef928ace6cff88b98
esd.armv7l 0.0.1-4.2 platform/core/appfw/event-system#c05da81c51d3493cfbaad1d5d781faa47ae9cb87
ethumb.armv7l 1.16.0-203.2 platform/upstream/efl#818a4ecf27deee3b4ef45cfef928ace6cff88b98
eventsystem.armv7l 0.0.1-11.2 platform/core/appfw/libeventsystem#d20cbfa6da9ec348df0a7b1356502892ed62bd5a
fido-client.armv7l 0.0.1-18.1 platform/core/account/fido-client#817effec3ffad0e2313c5718436f095c4d0b3167
filesystem.armv7l 3.1-3.1 platform/upstream/filesystem#0a88d1f20b22401195d4aeb4a75b481fe0aff3b3
findutils.armv7l 4.3.8-2.10 product/upstream/findutils#9ce8659bcb14492a8da04b8eebff7528745e7ba5
fontconfig.armv7l 2.11.93-11.1 platform/upstream/fontconfig#0cbee96a357c6248fbd0d50c5b1872c184ab9b12
freealut.armv7l 1.1.0-7.10 platform/upstream/freealut#1c0921c069980e239772190827656040994b29e1
fribidi.armv7l 0.19.5-6.9 platform/upstream/fribidi#d96da0b6aa6593b118b22d59a242c4feb5ff4927
fsck-msdos.armv7l 1.0.0-1.1 platform/upstream/fsck-msdos#beca313598e4235920c800028a287958fbfbf4ed
gawk.armv7l 3.1.5-2.8 product/upstream/gawk#5f040b3129470de365e017593cfccb094abb2b1e
gdbm.armv7l 1.8.3-2.5 product/upstream/gdbm#de09dc9644ad6109d4c016134ba4e9ff9d657717
geofence-server.armv7l 0.4.4-17.45 platform/core/location/geofence-server#2bc3d1996b02fe348828c70f219c29b871a8149f
giflib.armv7l 5.1.2-9.3 platform/upstream/giflib#a152ebfeb96620337dd37433b7397a0fd921c055
gio-branding-upstream.noarch 2.44.1-5.2 platform/upstream/glib#4d71a0c136aa76da94ace81d84a9010d4a53ee54
girepository.armv7l 1.36.0-6.12 platform/upstream/gobject-introspection#6c15fe2f7415421fd1d38d03d8865c0e3e4c9967
glib-networking.armv7l 2.38.0-16.1 platform/upstream/glib-networking#8128574f85494afdbfb8743900c215022be296c5
glibc-locale.armv7l 2.20-9.1 platform/upstream/linaro-glibc#47d37d990ab286a96a5e38fbeec641365d24c02b
glibc.armv7l 2.20-9.1 platform/upstream/linaro-glibc#47d37d990ab286a96a5e38fbeec641365d24c02b
gmime.armv7l 2.6.20-4.1 platform/upstream/gmime#c3a886e7df55fd50565aea213a182aeac46c7009
grep.armv7l 2.5.2-2.8 product/upstream/grep#89b6768046f08b7e319b44eae9bb3dab50714da4
gssdp.armv7l 0.14.4-2.4 platform/upstream/gssdp#82132acee11fc856a26b93cee1201dd77e201380
gst-libav.armv7l 1.6.1-16.3 platform/upstream/gst-libav#e1f563f39a91fad1f7e932f56b78c2ace8b4f90b
gst-plugins-bad.armv7l 1.6.1-52.1 platform/upstream/gst-plugins-bad#3f13698825de40735c074c244c86f1e4bcc0cd9c
gst-plugins-base.armv7l 1.6.1-28.1 platform/upstream/gst-plugins-base#5d747861353471d5b409d0ed28fd9119512898ae
gst-plugins-good.armv7l 1.6.1-28.1 platform/upstream/gst-plugins-good#6accccc87b8fc1e3e5788956e3bf252a9391e659
gst-plugins-tizen.armv7l 1.0.0-37.2 platform/upstream/gst-plugins-tizen#0271b38e81c9c6a36ca4219cc187380614bd5b7e
gst-plugins-ugly.armv7l 1.6.1-12.8 platform/upstream/gst-plugins-ugly#d5c390bf1b3ca4fee7d9100f620be7fae75b863a
gst-rtsp-server.armv7l 1.6.1-23.1 platform/upstream/gst-rtsp-server#eb5a99fb87006febc7793376e6da60d6d47968f4
gstreamer-utils.armv7l 1.6.1-20.7 platform/upstream/gstreamer#834fcac126cee1077181ced6abbe738be243f0ab
gstreamer.armv7l 1.6.1-20.7 platform/upstream/gstreamer#834fcac126cee1077181ced6abbe738be243f0ab
gum-utils.armv7l 1.0.8-44.1 platform/upstream/gumd#a645c25869d3f1f6c06ccacec639790d1b49bcc1
gumd.armv7l 1.0.8-44.1 platform/upstream/gumd#a645c25869d3f1f6c06ccacec639790d1b49bcc1
gzip.armv7l 1.3.12-2.11 product/upstream/gzip#94415ecd9267c94e8d75c94463426e880d55f300
heremaps-uc-launcher.armv7l 0.3.2-24.1 platform/core/location/maps-plugin-here#65805a6f5cff93887580d467af0ed8df63d1605e
iniparser.armv7l 3.1-9.4 platform/upstream/iniparser#c216877577a389ba12752e8620a1c56371acce80
iotcon.armv7l 0.1.5-30.6 platform/core/iot/iotcon#27f6c7d326f34e655279303d9895ac788b6dd8e4
iotivity.armv7l 1.1.0-17.13 platform/upstream/iotivity#a72717adbaf4fef80b99686741bc9df35f34bb17
iproute2.armv7l 3.9.0-10.1 platform/upstream/iproute2#5d14810bf9e4acb2c68b95239b6ab9754765d9b8
iptables.armv7l 1.4.21-9.7 platform/upstream/iptables#bdab2ae3d451b295663473477b0f2d8064c75fc6
ise-default.armv7l 1.2.41-69.1 platform/core/uifw/ise-default#fbbab150e51011610b5345843e3e36b6cab63203
ise-engine-anthy.armv7l 1.0.6-10.4 platform/core/uifw/ise-engine-anthy#37bfe47246286287a256502f2461990c9d41507d
ise-engine-default.armv7l 1.0.5-9.3 platform/core/uifw/ise-engine-default#563312a423791d23ee3fb769fa104811edcba2ff
ise-engine-hangul.armv7l 1.0.5-10.1 platform/core/uifw/ise-engine-hangul#2906359440c23854a86e18e5424cdf845750e890
ise-engine-sunpinyin.armv7l 1.0.5-9.3 platform/core/uifw/ise-engine-sunpinyin#d93c032aadfff6c80f46a162703ee6540866da2a
ise-engine-tables-zh.armv7l 1.0.7-12.5 platform/core/uifw/ise-engine-tables#d238ba5540aa175458a1577afc30a81e613f84c4
ise-engine-tables.armv7l 1.0.7-12.5 platform/core/uifw/ise-engine-tables#d238ba5540aa175458a1577afc30a81e613f84c4
ise-engine-unikey.armv7l 0.3.1-1.2 platform/core/uifw/ise-engine-unikey#bb24759806c13a3f7e6dda7f7840b0d5ac74deab
isf-config-mobile.noarch 0.1.0-2.1 profile/mobile/platform/core/uifw/isf-config#70052c10dc6f39de31e96eee4c95b481b93f5dfa
isf.armv7l 3.0.83-107.1 platform/core/uifw/isf#12bd76636d5d95542074b418d44665b383915738
jsoncpp.armv7l 1.6.5-2.2 platform/upstream/jsoncpp#e21f5fb3b3e673b5c1ec91264ec765a420ca9df8
key-manager-pam-plugin.armv7l 0.1.23-27.7 platform/core/security/key-manager#862414bb9999bec126a62c9dca0acd48e276ab02
key-manager.armv7l 0.1.23-27.7 platform/core/security/key-manager#862414bb9999bec126a62c9dca0acd48e276ab02
kmod-compat.armv7l 18-7.10 platform/upstream/kmod#a2ef79f3f784c3c04f94bbccb1e8bfb015c6b571
kmod.armv7l 18-7.10 platform/upstream/kmod#a2ef79f3f784c3c04f94bbccb1e8bfb015c6b571
launchpad.armv7l 0.2.3.14-45.1 platform/core/appfw/launchpad#7cc504d733debba38434b53ad82a4d142d1da844
lbs-server-plugin-replay.armv7l 0.2.4-7.37 platform/core/location/lbs-server-plugin-replay#89cc3656ceadbdd3a7512fcdb2b226dd1eeba6de
lbs-server.armv7l 1.0.3-15.1 platform/core/location/lbs-server#c74dd6564a465dfae74a46b553d6199a687f83ae
libaccount-service.armv7l 0.4.2-16.1 platform/core/api/libaccount-service#51fe4aa9f816b7f320425b9331f00d3504106f7e
libacl.armv7l 2.2.52-2.9 platform/upstream/acl#53165edcc772173273f502514090a6e0fb7e862c
libalarm.armv7l 0.4.178-40.1 platform/core/appfw/alarm-manager#d87b6245a14b679cf1b6aed3416632c7eb297cca
libasound.armv7l 1.0.28-10.8 platform/upstream/alsa-lib#15b8b2bbb2e91178daad99870016ab01db3e3750
libatk-bridge-2_0-0.armv7l 2.12.0-6.1 platform/upstream/at-spi2-atk#78c7762e0b1bd61b6508d70cc914b4d3c7f47b95
libatk.armv7l 2.12.0-12.1 platform/upstream/atk#64dd2a3c3a8bffb86d836658afef68b4660c33dd
libatspi0.armv7l 2.16.1-10.3 platform/upstream/at-spi2-core#65a8179bd64640d3c76767121dbf45ce9b8422ae
libattr.armv7l 2.4.47-1.12 platform/upstream/attr#450f47ad953f7a7d4c577d489103f75234b25619
libauth-fw-client-admin.armv7l 0.0.1-4.2 platform/core/security/auth-fw#282a7b00f385840fd00d98e9e94cd77a9707d657
libauth-fw-client.armv7l 0.0.1-4.2 platform/core/security/auth-fw#282a7b00f385840fd00d98e9e94cd77a9707d657
libavcodec.armv7l 11.4-9.22 platform/upstream/libav#ac8aecbdb2fc8de71f62082bdcd8322e6f30cf67
libavformat.armv7l 11.4-9.22 platform/upstream/libav#ac8aecbdb2fc8de71f62082bdcd8322e6f30cf67
libavutil.armv7l 11.4-9.22 platform/upstream/libav#ac8aecbdb2fc8de71f62082bdcd8322e6f30cf67
libblkid.armv7l 2.25.2-3.6 platform/upstream/util-linux#0468d5fd5f614f059230a351558dc673c460af18
libbluetooth-share.armv7l 0.0.47-33.1 platform/core/connectivity/bluetooth-share#e0715f7adea44a10920866ebc26195fcc33bde97
libbluetooth.armv7l 5.37-50.1 platform/upstream/bluez#9909826da5140a63a22698501725b3c4e3270a0d
libbmp.armv7l 0.1.3-2.1 platform/upstream/libbmp#0581f50825d90713e8fe8f1d383cde16868c924f
libbz2.armv7l 1.0.6-1.72 platform/upstream/bzip2#2eaa43958f0416d06758a05fe93d098002ee339d
libcall-manager.armv7l 0.0.10-7.5 platform/core/telephony/libcall-manager#5b9141ca8bade6912dddbcdcb133b11f2ef167de
libcap-tools.armv7l 2.24-1.68 platform/upstream/libcap#efac36e39e9c65ebf2a11545b6fe9a2e0185d5e8
libcap.armv7l 2.24-1.68 platform/upstream/libcap#efac36e39e9c65ebf2a11545b6fe9a2e0185d5e8
libcares.armv7l 1.10.0-1.8 platform/upstream/c-ares#cbe8b82a6854d8ff4a306ae3240a6606a3d1090a
libcert-checker-client.armv7l 0.1.0-9.1 platform/core/security/cert-checker#30177b747ab42a7cedc5228803e057d05583b1a6
libcert-checker-common.armv7l 0.1.0-9.1 platform/core/security/cert-checker#30177b747ab42a7cedc5228803e057d05583b1a6
libcom_err.armv7l 1.42.13-2.1 platform/upstream/e2fsprogs#00fd769c1ad97db4957076d815725821c33ac2eb
libcore-sync-client.armv7l 0.1.5-34.1 platform/core/account/sync-manager#460379c8ce75bf1b678d4241f4624ef0bcb81e89
libcryptsvc.armv7l 0.0.1-11.3 platform/core/security/libcryptsvc#789fc17ac1d5641a8d82b429b1785f9a6c2b4097
libcurl.armv7l 7.48.0-11.3 platform/upstream/curl#0be6abcfa9907d66495e75d33667479a62639bd9
libcynara-admin.armv7l 0.14.0-32.1 platform/core/security/cynara#d96206ba221c676ad097d977c76f55986d91efae
libcynara-client.armv7l 0.14.0-32.1 platform/core/security/cynara#d96206ba221c676ad097d977c76f55986d91efae
libcynara-commons.armv7l 0.14.0-32.1 platform/core/security/cynara#d96206ba221c676ad097d977c76f55986d91efae
libcynara-creds-commons.armv7l 0.14.0-32.1 platform/core/security/cynara#d96206ba221c676ad097d977c76f55986d91efae
libcynara-creds-dbus.armv7l 0.14.0-32.1 platform/core/security/cynara#d96206ba221c676ad097d977c76f55986d91efae
libcynara-creds-gdbus.armv7l 0.14.0-32.1 platform/core/security/cynara#d96206ba221c676ad097d977c76f55986d91efae
libcynara-creds-socket.armv7l 0.14.0-32.1 platform/core/security/cynara#d96206ba221c676ad097d977c76f55986d91efae
libcynara-monitor.armv7l 0.14.0-32.1 platform/core/security/cynara#d96206ba221c676ad097d977c76f55986d91efae
libcynara-session.armv7l 0.14.0-32.1 platform/core/security/cynara#d96206ba221c676ad097d977c76f55986d91efae
libdevice-node.armv7l 0.1.0-15.2 platform/core/system/libdevice-node#24a8d470abaec09e3afa2bf9f0fbcf22a48e42d2
libdeviced.armv7l 1.0.0-65.2 platform/core/system/deviced#4b3b175c394d45a3273ce00815cd1c4a61d81a7a
libdlog.armv7l 0.4.1-43.1 platform/core/system/dlog#9b9bce37bf039bdf2c4902cd98f04597be470ee4
libdns_sd.armv7l 576.30.4-6.1 platform/core/connectivity/mdnsresponder#63929dfa7cf07ae6b9f3b5f343f8222decdc28d7
libdpm.armv7l 0.0.1-18.1 platform/core/security/device-policy-manager#41c3b6cd9645e1c75f1883c4e7601cf3379b4c19
libdrm.armv7l 2.4.58-22.6 platform/upstream/libdrm#afbf6ad960d2f46ea0dbea03892559f6a12c427d
libelf.armv7l 0.153-4.32 product/upstream/elfutils#1506f8ed81bc6db2d25ec39d883514d7a5bd690c
libeom.armv7l 1.0.2-12.4 platform/core/uifw/libeom#4c15e02fb7e6a41fc66a8dd00dff06f583394122
libevdev.armv7l 1.2.2-10.3 platform/upstream/libevdev#4d46ff84aca5d09ef33050c3a9c5bcf96c16046e
libexif.armv7l 0.6.21-6.9 platform/upstream/libexif#c648945fce720d35b6fd35f7ac0db4cbe6dd9e55
libexpat.armv7l 2.1.0-1.10 platform/upstream/expat#99d17dd3e4c91dc5874e971c65b9de0260ef7eb4
libext2fs.armv7l 1.42.13-2.1 platform/upstream/e2fsprogs#00fd769c1ad97db4957076d815725821c33ac2eb
libfeedback.armv7l 0.1.4-22.1 platform/core/system/libsvi#f6314882c8e943366b71407913dc38a59d211df6
libffi.armv7l 3.1-1.8 platform/upstream/libffi#e7aaba9baa8fe6ca57c66981d39e0150033ad8c0
libfreebl3.armv7l 3.23-4.12 platform/upstream/nss#d2a8c7e98ab18907c1e14033c993731adc7eea9e
libfreetype.armv7l 2.5.5-8.3 platform/upstream/freetype2#84672cb0b533cbd681ab0e3735a8eb66ddbceef8
libfuse.armv7l 2.9.6-9.1 platform/upstream/fuse#e7a25386ed7e656665efcc632a0dbba5b5a83877
libgbm.armv7l 1.0-6.1 platform/core/uifw/libgbm#ae5d34445eee38daa4349a9ea0340b3faa324ded
libgcc.armv7l 4.9.2-11.1 platform/upstream/linaro-gcc#3e3fac6d58ffa4a65a61bfd4fcf74c321fc18665
libgcrypt.armv7l 1.6.2-2.72 platform/upstream/libgcrypt#6a3b9178aa9de12aa127211704681df510f26c62
libgeofence-dbus.armv7l 0.3.3-9.3 platform/core/location/geofence-dbus#a5ed7546fb5b108b19232aaad05cfad283bf2ac0
libgio.armv7l 2.44.1-5.2 platform/upstream/glib#4d71a0c136aa76da94ace81d84a9010d4a53ee54
libgirepository.armv7l 1.36.0-6.12 platform/upstream/gobject-introspection#6c15fe2f7415421fd1d38d03d8865c0e3e4c9967
libglib.armv7l 2.44.1-5.2 platform/upstream/glib#4d71a0c136aa76da94ace81d84a9010d4a53ee54
libgmodule.armv7l 2.44.1-5.2 platform/upstream/glib#4d71a0c136aa76da94ace81d84a9010d4a53ee54
libgmp.armv7l 4.2.1-4.1 product/upstream/gmp#63db76d4b2f713185c85f75dc49e7f0d43b34005
libgnutls.armv7l 3.3.5-9.1 platform/upstream/gnutls#cb9b5dead12d04095da0e0416d22b7b5ab61ffbd
libgobject.armv7l 2.44.1-5.2 platform/upstream/glib#4d71a0c136aa76da94ace81d84a9010d4a53ee54
libgpg-error.armv7l 1.13-3.33 platform/upstream/libgpg-error#6b695f27757cbebe83801f4532100b8d1cafd6d4
libgthread.armv7l 2.44.1-5.2 platform/upstream/glib#4d71a0c136aa76da94ace81d84a9010d4a53ee54
libgudev.armv7l 219-40.2 platform/upstream/systemd#1aba774046f78dbe51d0315b36490bcad9ad8255
libgum.armv7l 1.0.8-44.1 platform/upstream/gumd#a645c25869d3f1f6c06ccacec639790d1b49bcc1
libhangul.armv7l 0.1.0-11.9 platform/core/uifw/libhangul#025191eda9ef24340d1cc660ccea982147f3ff95
libharfbuzz.armv7l 0.9.40-8.12 platform/upstream/harfbuzz#b2201aeb45f31a7a91cc0c2abb1bb42335366030
libhogweed.armv7l 2.7.1-8.10 platform/upstream/nettle#dafb3e6d214450aa0ce065b9ce4539a8ece2d7bb
libhyphen.armv7l 2.8.8-2.2 platform/upstream/hyphen#15bb768f6cfa2d033f549c93544530a886d6aa27
libicu.armv7l 54.1-12.13 platform/upstream/icu#07014d02949640812beca32c1f7f528ee5fe2548
libidn.armv7l 1.15-2.5 product/upstream/libidn#0c205eab91aac8642d13686fe58c4ca659263faa
libinput.armv7l 0.11.0-14.3 platform/upstream/libinput#8a9d31f8e5c6f543c7f11090c8e220b4966ad5cc
libiri.armv7l 1.1-8.7 platform/upstream/libiri#c756950ca6af8d207c90d570a03ca7673e577123
libjpeg.armv7l 8.0.2-10.18 platform/upstream/libjpeg-turbo#f0c108a8a3303188be997068afd26ae075c709c3
libjson-glib.armv7l 1.2.0-10.1 platform/upstream/json-glib#192d2b4d939dee78bd6eda38f294c59a7756862c
libjson.armv7l 0.12-11.8 platform/upstream/json-c#86f16d64aa1546a2606088a16a938aa08635567e
libkey-manager-client.armv7l 0.1.23-27.7 platform/core/security/key-manager#862414bb9999bec126a62c9dca0acd48e276ab02
libkey-manager-common.armv7l 0.1.23-27.7 platform/core/security/key-manager#862414bb9999bec126a62c9dca0acd48e276ab02
libkmod.armv7l 18-7.10 platform/upstream/kmod#a2ef79f3f784c3c04f94bbccb1e8bfb015c6b571
liblbs-dbus.armv7l 1.0.0-14.1 platform/core/location/lbs-dbus#252c3484b7a3034c00706e6335e2121507d8b655
liblbs-location.armv7l 1.3.1-16.1 platform/core/location/lbs-location#84375c708ae6fda4d8f5f8b2233cbd467989e44b
libleveldb.armv7l 1.1-8.10 platform/upstream/leveldb#9c5600002489dfbcb0d58ef84e4188e5423265eb
libltdl.armv7l 2.4.2-3.1 platform/upstream/libtool#79f8dda891fc20539d65604d86aee8d0a26c0b98
liblua.armv7l 5.1.4-1.14 platform/upstream/lua#25c38c5d6cf919f6e0c37413955c20dbea24d37f
liblzma.armv7l 5.1.3-2.3 platform/upstream/xz#56a594c73196ae5834d5df55107e318e7d4f7e1f
libmagic-data.armv7l 5.18-1.11 platform/upstream/file#b450849bb0aad0ab5d00c84f5c1b69abc05f4cad
libmagic.armv7l 5.18-1.11 platform/upstream/file#b450849bb0aad0ab5d00c84f5c1b69abc05f4cad
libmedia-service.armv7l 0.2.68-67.1 platform/core/multimedia/libmedia-service#01c5b0cb41d29d676c07d3653e7a997fe375c7cd
libmedia-thumbnail.armv7l 0.1.96-45.1 platform/core/multimedia/libmedia-thumbnail#29f1964d08ae8f4f4c794c3c6c8d1da1bbb62c08
libmedia-utils.armv7l 0.2.87-104.1 platform/core/multimedia/media-server#7ea333e38f4c52cc3e9ee581c1e6a5a80277871b
libmm-camcorder.armv7l 0.10.54-43.1 platform/core/multimedia/libmm-camcorder#3d5e8a1e5d430bb13fdaa98d845580ce40793350
libmm-common.armv7l 0.2.96-24.3 platform/core/multimedia/libmm-common#98327cefe2a32d6487efaa01e3613b6414b921af
libmm-fileinfo.armv7l 0.6.44-28.1 platform/core/multimedia/libmm-fileinfo#0c668d03847a637f7573f70c060ba6fa06afa542
libmm-imgp-gstcs.armv7l 0.11-12.3 platform/core/multimedia/libmm-imgp-gstcs#a7f23287cb3a084fa010ac7ec7d6c73076435837
libmm-player.armv7l 0.5.80-74.1 platform/core/multimedia/libmm-player#4e513754cbd76543d403ac43c018a48ebd4a54e9
libmm-radio.armv7l 0.2.4-18.3 platform/core/multimedia/libmm-radio#d3b6ae31bd75cbe414aaf7b1fb456615f5a12f00
libmm-session.armv7l 0.2.9-10.7 platform/core/multimedia/libmm-session#0b7c963f5f396bc268781894168c876347bdd1f9
libmm-sound.armv7l 0.10.34-66.1 platform/core/multimedia/libmm-sound#42f527d52e22f68284b0496758adbc5ffa94337e
libmm-streamrecorder.armv7l 0.0.7-6.1 platform/core/multimedia/libmm-streamrecorder#b63fdfd2d20ce66c514990203453fbca98c9e0e5
libmm-transcode.armv7l 0.10-7.4 platform/core/multimedia/libmm-transcode#30d0bc15151727b8a90605dfe453cf535408a3f4
libmm-utility.armv7l 0.22-31.1 platform/core/multimedia/libmm-utility#bcb039c53dd04c90786aff45a8bbf9c885232162
libmm-wfd.armv7l 0.2.195-17.4 platform/core/multimedia/libmm-wfd#5f7565d3a6a17707e40f90f6e68c8dff88ca001b
libmnl.armv7l 1.0.3-6.8 platform/upstream/libmnl#c40ac5e9c3588cf4d542cc04948cc9aff4068783
libmount.armv7l 2.25.2-3.6 platform/upstream/util-linux#0468d5fd5f614f059230a351558dc673c460af18
libmtdev.armv7l 1.1.5-8.3 platform/upstream/mtdev#b4af2171ddb052ce49658138a4c203bdfb210a48
libmtp.armv7l 1.1.11-8.3 platform/upstream/libmtp#4a92dde13beb5b5f3bb144e56f5eec6b8eea5b20
libncurses.armv7l 5.9-1.13 platform/upstream/ncurses#eefc3e4398eaa6c81cf61dd36c3ba3d87f33d1bf
libnet-client.armv7l 1.1.53-25.1 platform/core/connectivity/libnet-client#936fb75670690ee92ea04bc05b8740e056a77ff7
libnetfilter_queue.armv7l 1.0.2-1.10 platform/upstream/libnetfilter_queue#e99e1939d1fa7cf73a4918dcbb2e286180a8664e
libnettle.armv7l 2.7.1-8.10 platform/upstream/nettle#dafb3e6d214450aa0ce065b9ce4539a8ece2d7bb
libnfnetlink.armv7l 1.0.1-6.11 platform/upstream/libnfnetlink#799f84b01c26970d8a72b058661515a9441ce316
libnl2.armv7l 2.0-6.11 platform/upstream/libnl2#7abc61a18afc17e2489d057115028ddc6d512916
libnsbmp.armv7l 0.1.1-1.9 platform/upstream/libnsbmp#bf8fb39f478b8dc4f8b6565df6b56be7cfc72d71
libnsd-dns-sd.armv7l 0.0.4-10.1 platform/core/api/nsd#4ba02cbe3de048dd9a574340c2030035791367c9
libnsd-ssdp.armv7l 0.0.4-10.1 platform/core/api/nsd#4ba02cbe3de048dd9a574340c2030035791367c9
liboauth.armv7l 1.0.3-1.2 platform/upstream/liboauth#9d6f3a2e293d7a433847c40a1ac501dc8e39d148
libogg.armv7l 1.3.2-8.2 platform/upstream/libogg#b75913e3b9a875c38ba05cd37ae3eab368fa0672
libopenssl.armv7l 1.0.2g-7.2 platform/upstream/openssl#0d4d30d99b8d7e840e8ae6131f71439eb379a748
liborc.armv7l 0.4.18-8.9 platform/upstream/orc#c8f3d75f1e339924839968051f32d13893be2ea8
libpcre.armv7l 8.31-1.14 platform/upstream/pcre#9c2e8a728e754745e364793d1718dc219c522da0
libpcrecpp.armv7l 8.31-1.14 platform/upstream/pcre#9c2e8a728e754745e364793d1718dc219c522da0
libpepper-efl.armv7l 0.0.11-18.1 platform/core/uifw/libpepper-efl#72e095936dc6c4d86b757e7c380b622217d47388
libphonenumber.armv7l 7.0.6-11.3 platform/upstream/libphonenumber#b3ea1d41e615b39522503af317e4956e72344c43
libpng.armv7l 1.6.21-8.6 platform/upstream/libpng#1472d50d76d5562524c55939b2cf2dc14c95d534
libpopt.armv7l 1.16-2.3 platform/upstream/popt#57a4b6aad5f2107aa86aaf2062d553e2b6edc5f0
libprotobuf-lite9.armv7l 2.6.1-9.2 platform/upstream/protobuf#08e41ced8712e364d67fda0948c13d8271bec896
libpulse.armv7l 5.0-53.1 platform/upstream/pulseaudio#a92c4e636038b441f4f908c5d08e1f78e39e3cdb
libpush.armv7l 0.4.32-24.1 platform/core/appfw/sppc#9455af1a84787f8e536f338d274c1b24fe05e7c0
libre2.armv7l 20130115-6.10 platform/upstream/re2#4ae165f74795e7a24135199b894cfec36a36d210
libreadline.armv7l 5.2-2.2 platform/upstream/readline#9197ce0c776e355acd8eb33b9f0b526771d27bfe
librua.armv7l 0.1.0-11.7 platform/core/appfw/librua#dc793275c043e17ece54f529b094267dcc29fbd9
libscl-core.armv7l 0.4.20-24.1 platform/core/uifw/libscl-core#c0c883747fcca9195aa1fc0589b178a5ab46dbe6
libscl-ui.armv7l 0.6.18-41.1 platform/core/uifw/libscl-ui#7dffc040b6e1816ce6a2dec4d8477f523cb14464
libsecurity-manager-client.armv7l 1.1.6-36.1 platform/core/security/security-manager#cd2d462b56be3704ecece33b8597ef7301dd61c1
libsensord.armv7l 2.0.5-22.2 platform/core/system/sensord#1e61b09165f9334792172036f0989854d7214bed
libshortcut.armv7l 0.6.16-7.1 platform/core/appfw/shortcut#d48ee360d94ec0ddbe087a7bd6e7e40a475fe81c
libslp-db-util.armv7l 0.1.1-6.12 platform/core/appfw/libslp-db-util#4ef37c0712f5f5043768c66ffef2a7f5b76ba940
libsmack.armv7l 1.2.0-3.1 platform/upstream/smack#8105e2c7a02c81bf3a9c41e54606a14b0276742e
libsmartcols.armv7l 2.25.2-3.6 platform/upstream/util-linux#0468d5fd5f614f059230a351558dc673c460af18
libsndfile.armv7l 1.0.26-10.2 platform/upstream/libsndfile#3e10dcd88161de23dde52c1be53e8d54a2f097f2
libsoftokn3.armv7l 3.23-4.12 platform/upstream/nss#d2a8c7e98ab18907c1e14033c993731adc7eea9e
libsoup.armv7l 2.46.0-14.1 platform/upstream/libsoup#9051ac538086420ebec29797359e9d55a5a2547f
libspeexdsp.armv7l 1.1.999_1.2rc1-7.9 platform/upstream/speex#f3149d4a5ace2fbf4d15694b5983ce13239acd9e
libsqlite.armv7l 3.8.10.2-1.11 platform/upstream/sqlite#5b2351dd3f6115a2eec31705a3a9595e36a1d955
libstdc++.armv7l 4.9.2-11.1 platform/upstream/linaro-gcc#3e3fac6d58ffa4a65a61bfd4fcf74c321fc18665
libstorage.armv7l 0.1.0-15.1 platform/core/system/libstorage#beb1dca036d038def39efb82373a11c3ab3f0988
libswscale.armv7l 11.4-9.22 platform/upstream/libav#ac8aecbdb2fc8de71f62082bdcd8322e6f30cf67
libsystemd.armv7l 219-40.2 platform/upstream/systemd#1aba774046f78dbe51d0315b36490bcad9ad8255
libtapi.armv7l 0.8.3-22.10 platform/core/telephony/libtapi#205d4149946dc3afbadccde61ff07b7aa2b651b4
libtasn1.armv7l 4.0-8.3 platform/upstream/libtasn1#74767631f4593cf64808cb4f510f765e7319ae47
libtbm-sprd.armv7l 1.0.1-9.1 platform/adaptation/spreadtrum/libtbm-sprd#a0698ea7569f40f40e75bebf5c799409ea583d0a
libtbm.armv7l 2.0.0-56.1 platform/core/uifw/libtbm#67ba6a0480287f670a129789e6a8a215abf361e4
libtcore.armv7l 0.3.3-22.1 platform/core/telephony/libtcore#f9beb038e2a1cac2f39cbfa6cf7e32353c0b7690
libtdm-sprd.armv7l 1.0.1-19.1 platform/adaptation/spreadtrum/libtdm-sprd#3314c9883696771330f541ca4133f83111222881
libtdm.armv7l 1.2.0-30.1 platform/core/uifw/libtdm#ddd92dc65a7fa176404a2a48625fba8920d85e83
libtheora.armv7l 1.1.1-7.8 platform/upstream/libtheora#452027ecdc2aee2c8bcb77496de2968b8ca835ef
libtiff.armv7l 4.0.6-9.6 platform/upstream/tiff#13f7ac96dbb2f0687ba8157b5b24b4b81857850e
libtremolo.armv7l 0.0.11-3.8 platform/upstream/libtremolo#dde4b17bb9f4cc61e125374c08dab9990913a997
libttssmt.armv7l 0.1.2-6.1 platform/core/uifw/libttssmt#983dce4ac5d5afecca40eb999b57aa4649045471
libtzplatform-config.armv7l 2.0-38.2 platform/core/appfw/tizen-platform-config#3c4cbb43901c9cc628ec56a93c207c5704bad312
libusb.armv7l 1.0.19-7.10 platform/upstream/libusb#925a0bf805a44244318d8a51d0be2593031865af
libuuid.armv7l 2.25.2-3.6 platform/upstream/util-linux#0468d5fd5f614f059230a351558dc673c460af18
libuw-imap-toolkit.armv7l 0.1.36-12.1 platform/upstream/uw-imap-toolkit#e891ff04b3b0a9d62588e37da530d1d2d0d5c083
libv4l.armv7l 1.6.0-3.1 platform/upstream/v4l-utils#822ac42a8a0e4f3ef2b3d6ded0d0df6db09d7950
libvorbis.armv7l 1.3.4-8.7 platform/upstream/libvorbis#9c9ab7dc64cf725ebfd4b3363514c13c98d8cf46
libvorbisenc.armv7l 1.3.4-8.7 platform/upstream/libvorbis#9c9ab7dc64cf725ebfd4b3363514c13c98d8cf46
libwayland-client.armv7l 1.10.0-21.1 platform/upstream/wayland#4aaab413c2558df7a287352fa16167e2d6329fc5
libwayland-cursor.armv7l 1.10.0-21.1 platform/upstream/wayland#4aaab413c2558df7a287352fa16167e2d6329fc5
libwayland-egl.armv7l 1.0-19.1 platform/core/uifw/libtpl-egl#0a8b63a2ed6fc81712baeb6e9ea2d9220e47f1df
libwayland-extension-client.armv7l 1.0.39-52.1 platform/core/uifw/wayland-extension#9fd892c2c4234c9f74e39ad6d6db2673f098daaf
libwayland-extension-server.armv7l 1.0.39-52.1 platform/core/uifw/wayland-extension#9fd892c2c4234c9f74e39ad6d6db2673f098daaf
libwayland-server.armv7l 1.10.0-21.1 platform/upstream/wayland#4aaab413c2558df7a287352fa16167e2d6329fc5
libwayland-tbm-client.armv7l 0.1.3-28.1 platform/core/uifw/wayland-tbm#cab195207c65890fdbf8d5bf0d442c7780b93f3a
libwayland-tbm-server.armv7l 0.1.3-28.1 platform/core/uifw/wayland-tbm#cab195207c65890fdbf8d5bf0d442c7780b93f3a
libwbxml2.armv7l 0.11.2-6.11 platform/upstream/libwbxml2#549574b031e0796f9708a91239b06297f1c88653
libwebappenc.armv7l 0.1.0-7.4 platform/core/security/libwebappenc#daa79b8ea309dbf39dcd47cce82cee0e3ba1e4c9
libwebsockets.armv7l 1.7.3-2.3 platform/upstream/libwebsockets#3171a9778cf3d16911c840003d4b9083edcf2d0a
libwidget_viewer.armv7l 1.3-36.1 platform/core/appfw/widget-viewer#c967556372cf82a4fd3b18b8d02619b4380ec5da
libxkbcommon.armv7l 0.4.3-14.1 platform/upstream/libxkbcommon#c46e96a48c779c21c10ed80637cf7b10b32e377a
libxml2.armv7l 2.8.0-1.10 platform/upstream/libxml2#e52e7cd8d3553116787eb0573f3b3d379f09698a
libxslt.armv7l 1.1.28-1.10 platform/upstream/libxslt#925059ca6aa063c9640e82ad4f40be2e38959aa8
libzone.armv7l 0.0.1-18.1 platform/core/security/device-policy-manager#41c3b6cd9645e1c75f1883c4e7601cf3379b4c19
linux-3.10-sc7730_tizen_tm1.armv7l Tizen_sc7730-21.3 profile/mobile/platform/kernel/linux-3.10-sc7730#aea2a5eebeb8e44b8e64c070f67520e5a1c80b7f
location-geofence-server.armv7l 0.4.4-17.45 platform/core/location/geofence-server#2bc3d1996b02fe348828c70f219c29b871a8149f
location-lbs-server.armv7l 1.0.3-15.1 platform/core/location/lbs-server#c74dd6564a465dfae74a46b553d6199a687f83ae
lrzsz.armv7l 0.12.20-1.2 platform/upstream/lrzsz#6d3f6f3fbe6d5a0b3191c72c05f1a2707dfd08bb
lzo.armv7l 2.08-1.7 platform/upstream/lzo#a97fbf725aa75db53756b59df6888e59b47c931d
manifest-parser.armv7l 1.5-64.1 platform/core/appfw/manifest-parser#c6ada2088153551bd45ef020281ba5790bb3fd6a
maps-plugin-here.armv7l 0.3.2-24.1 platform/core/location/maps-plugin-here#65805a6f5cff93887580d467af0ed8df63d1605e
mdnsresponder.armv7l 576.30.4-6.1 platform/core/connectivity/mdnsresponder#63929dfa7cf07ae6b9f3b5f343f8222decdc28d7
media-server.armv7l 0.2.87-104.1 platform/core/multimedia/media-server#7ea333e38f4c52cc3e9ee581c1e6a5a80277871b
media-thumbnail-server.armv7l 0.1.96-45.1 platform/core/multimedia/libmedia-thumbnail#29f1964d08ae8f4f4c794c3c6c8d1da1bbb62c08
mediacontroller.armv7l 0.1.22-9.8 platform/core/api/media-controller#29e591c2d605191d8e13d32c3e5c7a18f7ae55f2
memps.armv7l 0.1.8-6.1 platform/core/system/memps#99115c352f766b04639911693ee9b5fe97ee2531
message-port.armv7l 1.2.2.1-18.1 platform/core/appfw/message-port#ecd21d0d7d4cdebb1057b2a409863d63cd980525
meta-generic-adaptation.noarch 0-53.1 platform/upstream/meta-generic#1fd5d016eea0d253c7f6256eebcb7e112d351da1
minicontrol.armv7l 0.1.1-11.1 platform/core/appfw/minicontrol#71c970db17e5d4e311ae40159c6c1f835bdf1ad7
minizip.armv7l 1.2.8-1.12 platform/upstream/zlib#07c39a3fbdb0f2c8ef5d508a57921514357263aa
mmfw-sysconf-target-tm1.armv7l 0.2.68-84.1 platform/core/multimedia/mmfw-sysconf#0806b76120ed7490fce0798871ab763b3b70f93d
mms-plugin.armv7l 1.0.2-61.5 platform/core/messaging/msg-service#92a0af87de11103639fed91aa9128d29e5c4de72
mmsvc-camera.armv7l 0.2.39-32.1 platform/core/multimedia/mmsvc-camera#be1ea1d74d090e8881f73181b7ad61d3d7e84fbb
mmsvc-player.armv7l 0.2.15-57.3 platform/core/multimedia/mmsvc-player#d9889ef03b75d38b5797c09027a11717948f503d
mmsvc-recorder.armv7l 0.2.19-19.3 platform/core/multimedia/mmsvc-recorder#f418ade9f317909bf40ad5bd56cf324526ea8e57
mobileap-agent.armv7l 1.0.57-21.1 platform/core/connectivity/mobileap-agent#e8c1be43c2f32645cfc7a822cb9fad29eb875c0d
model-config-tm1.noarch 0.0.1-22.1 profile/mobile/platform/tm1/model-config-tm1#b883292b031d2ff458516e448a8f1a6942b8fa1a
motion.armv7l 1.2.0-4.52 platform/core/api/motion#06fd22abd8858280bf7410256b42bb5e3d97d339
msg-manager.armv7l 1.0.2-61.5 platform/core/messaging/msg-service#92a0af87de11103639fed91aa9128d29e5c4de72
msg-service-tools.armv7l 1.0.2-61.5 platform/core/messaging/msg-service#92a0af87de11103639fed91aa9128d29e5c4de72
msg-service.armv7l 1.0.2-61.5 platform/core/messaging/msg-service#92a0af87de11103639fed91aa9128d29e5c4de72
mtp-initiator.armv7l 1.4.9-16.20 platform/core/connectivity/mtp-initiator#62a0ae991f466f0183de9b3f50f73badf6f814c0
mtp-responder.armv7l 0.0.8-9.49 platform/core/connectivity/mtp-responder#d20a2ec2bed8739c141e8355461229d7aaf5090c
murphy-glib.armv7l 0.0.74-9.1 platform/upstream/murphy#ed8f15d61d464b82dc793772bfb8850d885d1194
murphy.armv7l 0.0.74-9.1 platform/upstream/murphy#ed8f15d61d464b82dc793772bfb8850d885d1194
mused.armv7l 0.1.2-6.1 platform/core/multimedia/mmsvc-core#e1029739f592ab5a0d258e80846ed1faa9bdf70b
my-account.armv7l 1.9.102-5.1 profile/mobile/apps/native/my-account#fd2d5c18860e6f7d2f722de2872cdd49d4129708
net-config.armv7l 1.1.71-49.1 platform/core/connectivity/net-config#f7eb78d2b9e97135979c13b05355c5f770538355
net-tools.armv7l 2.0_20121208git-1.8 platform/upstream/net-tools#1bfd01a3262139d0c41c5d2c3c5fef5af004aa2f
net.netpopup.armv7l 0.2.83-4.1 apps/core/preloaded/net-popup#fd5263dd96badec43b663cd53457d181f0e34d21
net.wifi-qs.armv7l 1.0.175-13.1 apps/core/preloaded/ug-wifi-efl#c5aac130d5cea0c902c588c9fe5771681bca7857
nether.armv7l 0.0.1-8.1 platform/core/security/nether#66efb1d04bd6168ccc6b7466643d33fdd7a68efb
newfs-msdos.armv7l 1.0.0-1.1 platform/upstream/newfs-msdos#194dce1f6b8a2fedcf1690809fbaa91ca2f00b4e
nfc-common-lib.armv7l 0.1.148-20.4 platform/core/connectivity/nfc-manager#ffacbce8e4f7479a0e1048e66d1e39d6beb5dc09
nghttp2.armv7l 0.7.3-1.6 platform/upstream/nghttp2#4a3834b1ea81ed157cb8c57052065cd610c05883
nspr.armv7l 4.12-4.6 platform/upstream/nspr#443bcb24f9d0abde89a2688ffd946beea762bbe2
nss-certs.armv7l 3.23-4.12 platform/upstream/nss#d2a8c7e98ab18907c1e14033c993731adc7eea9e
nss.armv7l 3.23-4.12 platform/upstream/nss#d2a8c7e98ab18907c1e14033c993731adc7eea9e
oauth2.armv7l 0.0.3-4.1 platform/core/account/liboauth2#8046dbddc81c95991ef4933495a24fe2134f2a90
obexd.armv7l 5.37-50.1 platform/upstream/bluez#9909826da5140a63a22698501725b3c4e3270a0d
openal-soft.armv7l 1.17.2-8.1 platform/upstream/openal-soft#270d2a1b0a9cbc85dfa14d2fe905b7dd4f95fac9
opencore-amr.armv7l 0.1.3-7.11 platform/upstream/opencore-amr#57eb34e9d791a94afaa8307fdbd538a66e01080e
opencv.armv7l 2.4.9-5.184 platform/upstream/opencv#e2aca33b4287e28d322038a8425539b3516dd8dc
openvpn.armv7l 2.3.2-2.22 platform/upstream/openvpn#75f32099185255706a056584f6f80bb99dc80ba7
org.tizen.app-selector.armv7l 0.1.61-4.11 profile/mobile/apps/native/app-selector#805c1b288f74aff3a4d99c0dd3dc1c8ff0d267c7
org.tizen.bluetooth-share-ui.armv7l 0.0.88-3.28 apps/core/preloaded/bluetooth-share-ui#8e9c2c9f8768ed9234e495a7b9117e895eb48795
org.tizen.browser.armv7l 1.4.0-25.2 apps/web/browser#e42d9460222e54fded170b3a3719cbc39bd4a243
org.tizen.bt-syspopup.armv7l 0.3.1-6.3 apps/core/preloaded/bt-syspopup#bdf6861553faba612662e37d4bc36af4f6a4d4c2
org.tizen.calendar.armv7l 1.0.0-17.1 profile/mobile/apps/native/calendar#a0d5f3b27a53706ca2da530776be7e905cd5acdc
org.tizen.call-setting.armv7l 1.0.0-9.1 profile/mobile/apps/native/call-setting#39bc18f865a184ec7ac9d35351f2ee7a7f32d787
org.tizen.call-ui.armv7l 1.0.0-12.1 profile/mobile/apps/native/call-ui#7bcb84405786be5811beef1ea2b43b5323cdab7b
org.tizen.callmgr-popup.armv7l 0.1.65-29.2 platform/core/telephony/call-manager#74332194fc0e77aac64430a2c83bec53055636ff
org.tizen.camera-app.armv7l 1.0.0-12.1 profile/mobile/apps/native/camera-app#e28df9c89a96d4e446364e8f76214e68b1504965
org.tizen.contacts.armv7l 2.0.0-21.1 profile/mobile/apps/native/phone-contacts#c6453611d287f5291882beb14d2651dae435944d
org.tizen.crash-syspopup.armv7l 0.2.0-5.3 platform/core/system/system-popup#10ffe9f5fd9ddf9543c178148922c5f9c387cf22
org.tizen.download-manager.armv7l 0.3.4-5.41 apps/web/download-manager#2c49c40759e34384405603597f9a66d73061ba8e
org.tizen.dpm-syspopup.armv7l 0.0.1-18.1 platform/core/security/device-policy-manager#41c3b6cd9645e1c75f1883c4e7601cf3379b4c19
org.tizen.dpm-toolkit.armv7l 0.1-8.1 platform/core/security/dpm-toolkit#f037368244db03bd409b49209176665ccae0f534
org.tizen.email.armv7l 0.9.34-12.1 profile/mobile/apps/native/email-app#bb678a82571a8939f1868c8cb379d87f92faa379
org.tizen.gallery.armv7l 1.3.21-13.4 profile/mobile/apps/native/gallery#eef9da94a771438fe5e3ab6ded5c6327abe8f83c
org.tizen.gps-syspopup.armv7l 1.0.32-5.1 profile/mobile/apps/native/location/lbs-setting#a4c13d9450005136ff50121b86ee5e7b3d37774b
org.tizen.heremaps-uc.armv7l 0.3.2-24.1 platform/core/location/maps-plugin-here#65805a6f5cff93887580d467af0ed8df63d1605e
org.tizen.homescreen-efl.armv7l 1.0.0-22.1 profile/mobile/apps/native/homescreen-efl#8703df809ec25bfcaec0d2939acd018a45cfaab2
org.tizen.image-viewer.armv7l 1.0.0-7.1 profile/mobile/apps/native/ug-image-viewer-efl#1a950965a8af565f50d437f53a92afe84ece2192
org.tizen.indicator.armv7l 0.2.53-8.4 profile/mobile/apps/native/indicator#64f020789fcf2028c79172829464fe9bcb65cc44
org.tizen.inputmethod-setting.armv7l 0.5.6-34.1 platform/core/uifw/inputmethod-setting#3c5cef03a3eae8f5acb75dee7764ba78a7e80b4f
org.tizen.isf-kbd-mode-changer.armv7l 3.0.83-107.1 platform/core/uifw/isf#12bd76636d5d95542074b418d44665b383915738
org.tizen.kaskit.armv7l 0.0.1-18.1 platform/core/security/device-policy-manager#41c3b6cd9645e1c75f1883c4e7601cf3379b4c19
org.tizen.lockscreen.armv7l 0.1.0-13.1 profile/mobile/apps/native/lockscreen#7ee6fd5d234a7c859d96004802249e3f5536dfdf
org.tizen.menu-screen.armv7l 1.2.5-10.3 apps/core/preloaded/menu-screen#8ab15f9f538bfc646baa9146b2ae52babddbcdf9
org.tizen.message.armv7l 1.0.0-9.1 profile/mobile/apps/native/message#5120d2d3bd179fe624884391194a394966a2b77a
org.tizen.music-chooser.armv7l 0.2.180-15.1 profile/mobile/apps/native/music-player#155b99ee4bc74f11909e009c4bf7619d3a6de729
org.tizen.music-player.armv7l 0.2.180-15.1 profile/mobile/apps/native/music-player#155b99ee4bc74f11909e009c4bf7619d3a6de729
org.tizen.myfile.armv7l 1.0.0-12.1 profile/mobile/apps/native/myfiles#2d52b42e503936c5375532fb6fe2cdc1bab7ec14
org.tizen.myplace.armv7l 1.0.1-6.2 profile/mobile/apps/native/location/myplace#fef2d62b0156e403fd27705f9ca072a1a7d57f86
org.tizen.ode.armv7l 0.0.1-18.1 platform/core/security/device-policy-manager#41c3b6cd9645e1c75f1883c4e7601cf3379b4c19
org.tizen.powerkey-syspopup.armv7l 0.2.0-5.3 platform/core/system/system-popup#10ffe9f5fd9ddf9543c178148922c5f9c387cf22
org.tizen.quickpanel.armv7l 0.8.0-13.6 profile/mobile/apps/native/quickpanel#3b6cbef5052c567d5dd41086c742f7aeb851262c
org.tizen.screen-reader.armv7l 0.0.8-7.1 platform/core/accessibility/screen-reader#314427c59b3c6acfcac24ed62a8b29ccd5bf91e5
org.tizen.service-plugin-sample.armv7l 0.1.6-5.1 platform/core/convergence/plugin/service-plugin-sample#9436edadffcf18e9500d39aea3d3b0e68d029d8a
org.tizen.setting-homescreen.armv7l 1.0.0-4.1 profile/mobile/apps/native/ug-setting-homescreen-efl#cfb05c694fcc78e19e9962a79024e8c759bc124c
org.tizen.setting-location.armv7l 1.0.32-5.1 profile/mobile/apps/native/location/lbs-setting#a4c13d9450005136ff50121b86ee5e7b3d37774b
org.tizen.setting.armv7l 1.0.1-32.4 profile/mobile/apps/native/settings#571cedfae65677b497f545312edacae28d30f2e1
org.tizen.share-panel.armv7l 1.0.0-5.1 profile/mobile/apps/native/share-panel#e389fd17ac1a52971e0aa9e2e4bbeece33dcab01
org.tizen.system-signal-sender.armv7l 0.2.0-5.3 platform/core/system/system-popup#10ffe9f5fd9ddf9543c178148922c5f9c387cf22
org.tizen.system-syspopup.armv7l 0.2.0-5.3 platform/core/system/system-popup#10ffe9f5fd9ddf9543c178148922c5f9c387cf22
org.tizen.task-mgr.armv7l 1.0.0-5.1 profile/mobile/apps/native/taskmanager#4d1af25bbec34310c21d32933e56ee453a056a72
org.tizen.ug-gallery-efl.armv7l 1.0.0-5.1 profile/mobile/apps/native/ug-gallery-efl#858c25e1e4f069cbe645b218b2a17a7e3ea6cc17
org.tizen.ug-lockscreen-options.armv7l 1.0.0-4.1 profile/mobile/apps/native/ug-lockscreen-setting-efl#3099dd73aefb798aa282b17157c8eb882a5c0c14
org.tizen.ug-myfile-efl.armv7l 1.0.0-5.1 profile/mobile/apps/native/ug-myfile-efl#60731975aa8ea3c1923c74c281336593472a2b05
org.tizen.video-player.armv7l 1.0.40-17.2 profile/mobile/apps/native/video-player#7a6106be266576d81827af65e57b5c7b066f803e
org.tizen.videos.armv7l 1.0.40-17.2 profile/mobile/apps/native/video-player#7a6106be266576d81827af65e57b5c7b066f803e
org.tizen.voice-control-panel.armv7l 0.1.1-3.4 profile/mobile/apps/native/voice/voice-control-panel#46d6d2758d66ca06f5771ad88a69f68abe99dbb0
org.tizen.voice-setting.armv7l 0.0.1-5.1 profile/mobile/apps/native/voice/voice-setting#dd54802f60287f150fba55b6b510834be4518431
org.tizen.volume.armv7l 0.1.149-4.78 apps/core/preloaded/volume-app#021defa278969b54d9f5d90876377b1ba34d54bd
org.tizen.wallpaper-ui-service.armv7l 1.0.0-12.1 profile/mobile/apps/native/wallpaper-ui-service#d830989eafffd016678c9bdf783e8a9762b7a43d
org.tizen.widget_viewer_sdk.armv7l 0.0.1-36.1 platform/core/appfw/widget-viewer#c967556372cf82a4fd3b18b8d02619b4380ec5da
org.tizen.wifi-direct-popup.armv7l 1.11.74-4.66 apps/core/preloaded/ug-wifi-direct#32b7690b409c32e1a678df45b0d4a157497fae92
org.tizen.worldclock-efl.armv7l 0.2-1.1 profile/mobile/apps/native/libug-worldclock-efl#7fcddade07e09399651405218c2c43129e7b23a3
org.tizen.zone-setup-wizard.armv7l 0.0.1-18.1 platform/core/security/device-policy-manager#41c3b6cd9645e1c75f1883c4e7601cf3379b4c19
pam-locale.noarch 1.1.6-2.1 platform/upstream/pam#ae9aabdd79c40b4f80094b545e617f75589da4a0
pam-modules-extra.armv7l 1.1.6-2.1 platform/upstream/pam#ae9aabdd79c40b4f80094b545e617f75589da4a0
pam.armv7l 1.1.6-2.1 platform/upstream/pam#ae9aabdd79c40b4f80094b545e617f75589da4a0
pepper.armv7l 1.0.5-14.1 platform/core/uifw/pepper#8d085ad6b9f38496711b4e124306a1b8b7a93438
phonenumber-utils.armv7l 0.2.2-14.4 platform/core/telephony/phonenumber-utils#6000c6d6f8c045a781cb1cb62bed7e0b1a0e5686
pims-ipc.armv7l 0.1.17-15.24 platform/core/pim/pims-ipc#381aab0b83daacd99d934757c4ff666afeb3a4ad
pixman.armv7l 0.32.6-7.12 platform/upstream/pixman#293e30820313387c82be42c5e25dbd3756a2ded4
pkg-config.armv7l 0.28-1.10 platform/upstream/pkg-config#5649da369d00aaf304396095f1699a0806c3b721
pkgmgr-client.armv7l 0.2.89-14.1 platform/core/appfw/slp-pkgmgr#bbf9b6c8e4fde275d5a9e15dc5d902878054fa55
pkgmgr-info-parser.armv7l 0.1.0-124.1 platform/core/appfw/pkgmgr-info#c3892b772b00cdf739724b6aa9638c1bfa4e01dc
pkgmgr-info.armv7l 0.1.0-124.1 platform/core/appfw/pkgmgr-info#c3892b772b00cdf739724b6aa9638c1bfa4e01dc
pkgmgr-installer.armv7l 0.2.89-14.1 platform/core/appfw/slp-pkgmgr#bbf9b6c8e4fde275d5a9e15dc5d902878054fa55
pkgmgr-server.armv7l 0.3.37-21.1 platform/core/appfw/pkgmgr-server#5eb4f65ce865ec65af7dd5db069c10056b6b1dcb
pkgmgr-tool.armv7l 0.1.0-32.1 platform/core/appfw/pkgmgr-tool#e52e30663db1a138b437eb61e533a1e6966a292f
pkgmgr.armv7l 0.2.89-14.1 platform/core/appfw/slp-pkgmgr#bbf9b6c8e4fde275d5a9e15dc5d902878054fa55
privacy-guard-client.armv7l 0.0.1-11.1 platform/core/security/privacy-guard#c369dbaee503271594ae4951aa90133a10bfccd2
privacy-guard-server.armv7l 0.0.1-11.1 platform/core/security/privacy-guard#c369dbaee503271594ae4951aa90133a10bfccd2
privilege-checker.armv7l 0.0.5-37.1 platform/core/security/privilege-checker#1262118d943c99c5900481b81ab41bdab12444a9
privilege-info.armv7l 0.0.1-6.2 platform/core/security/privilege-info#69cdcce50e608a35396d2103ab72d34ecdca4a3a
procps-ng.armv7l 3.3.9-1.11 platform/upstream/procps-ng#967749519aefdd1bba9a3329d3ea77c351d1f8b6
psmisc.armv7l 22.21-9.9 platform/upstream/psmisc#8bdb3e71794f16a084afd48ef0fd713e30385558
pubkey-pinning.armv7l 0.0.4-8.1 platform/core/security/pubkey-pinning#2ea96e73c4118ac405a03ef0ea18e959fa17c5e9
pulseaudio-locale.noarch 5.0-53.1 platform/upstream/pulseaudio#a92c4e636038b441f4f908c5d08e1f78e39e3cdb
pulseaudio-module-bluetooth.armv7l 5.0-53.1 platform/upstream/pulseaudio#a92c4e636038b441f4f908c5d08e1f78e39e3cdb
pulseaudio-modules-tizen.armv7l 5.0.55-51.1 platform/core/multimedia/pulseaudio-modules-tizen#7e3603264b507a35e109b30a03477c2be11733ac
pulseaudio-utils.armv7l 5.0-53.1 platform/upstream/pulseaudio#a92c4e636038b441f4f908c5d08e1f78e39e3cdb
pulseaudio.armv7l 5.0-53.1 platform/upstream/pulseaudio#a92c4e636038b441f4f908c5d08e1f78e39e3cdb
push-bin.armv7l 0.4.32-24.1 platform/core/appfw/sppc#9455af1a84787f8e536f338d274c1b24fe05e7c0
resourced.armv7l 0.2.87-24.43 platform/core/system/resourced#5f2d264ae75ac47dfcb9fa00783d0f96b29f8992
rfkill.armv7l 0.4-7.6 platform/upstream/rfkill#55aca08cbe73ad443102569e8e5c8b44e2a1cc8d
rpm-security-plugin.armv7l 4.11.0.1-5.3 platform/upstream/rpm#763ef3871038772e57a8878893bddfd6a41268a2
rpm.armv7l 4.11.0.1-5.3 platform/upstream/rpm#763ef3871038772e57a8878893bddfd6a41268a2
sbc.armv7l 1.2-8.7 platform/upstream/sbc#14ca83886162cb9b9a63a25675516088c2dc4c7f
sdbd.armv7l 3.0.11-38.1 sdk/target/sdbd#e6f8c1ddc5d7d940e89f69860f3015304e60b769
security-config.armv7l 1.0-15.1 platform/core/security/security-config#ab4015d3569298217de57acf30ccdedfbf85a842
security-manager-policy.armv7l 1.1.6-36.1 platform/core/security/security-manager#cd2d462b56be3704ecece33b8597ef7301dd61c1
security-manager.armv7l 1.1.6-36.1 platform/core/security/security-manager#cd2d462b56be3704ecece33b8597ef7301dd61c1
security-privilege-manager.armv7l 0.0.5-37.1 platform/core/security/privilege-checker#1262118d943c99c5900481b81ab41bdab12444a9
sed.armv7l 4.1c-2.4 product/upstream/sed#5fafc98c53c0f2cc3f136f8f01b48bebed8f0be5
sensor-hal-tm1.armv7l 1.0.2-5.9 platform/adaptation/tm1/sensor-hal-tm1#f8a39b5a2d28b25b530cce5d3bffc92bb521a040
sensord.armv7l 2.0.5-22.2 platform/core/system/sensord#1e61b09165f9334792172036f0989854d7214bed
setup.noarch 0.9-2.20 platform/upstream/setup#6cae62f0a879f6bc5416f3bfe5aca857a95b78fb
shadow-utils.armv7l 4.1.4.2-1.1 platform/upstream/shadow-utils#6cd3bb578b0ed75f2dd95f72801112962c936124
shared-mime-info.armv7l 1.3-1.2 platform/upstream/shared-mime-info#b3d6d91768efdf508c2b8fe2cd069b1334a1c272
smack.armv7l 1.2.0-3.1 platform/upstream/smack#8105e2c7a02c81bf3a9c41e54606a14b0276742e
smartcard-plugin-uicc.armv7l 0.0.11-8.1 platform/core/connectivity/smartcard-plugin-uicc#16e00ee9e99c6f5f73c7f1f9c8834bc13b29e624
smartcard-service-common.armv7l 0.1.48-22.13 platform/core/connectivity/smartcard-service#a0e250369564c4d6f825f8981da29b4719d17649
smartcard-service-server.armv7l 0.1.48-22.13 platform/core/connectivity/smartcard-service#a0e250369564c4d6f825f8981da29b4719d17649
smartcard-service.armv7l 0.1.48-22.13 platform/core/connectivity/smartcard-service#a0e250369564c4d6f825f8981da29b4719d17649
sms-plugin.armv7l 1.0.2-61.5 platform/core/messaging/msg-service#92a0af87de11103639fed91aa9128d29e5c4de72
sqlite.armv7l 3.8.10.2-1.11 platform/upstream/sqlite#5b2351dd3f6115a2eec31705a3a9595e36a1d955
starter.armv7l 0.5.52-40.1 apps/core/preloaded/starter#64bb40d47f5062851b2ef8279d1e391b7a65d304
sticker-panel.armv7l 0.1.0-1.1 profile/mobile/apps/native/sticker-panel#c047c49849a9ad7b3b202f76036bba70df5e50fd
stt-engine-default.armv7l 0.0.15a-1.1 platform/core/uifw/stt-engine-default#ad662b7f46f30e3676a26d39a4303eb577238ab9
stt.armv7l 0.2.55-19.1 platform/core/uifw/stt#5b9ffe2adba0694aba0cd4a009dbe001e191fa1d
svi-data.armv7l 0.1.4-22.1 platform/core/system/libsvi#f6314882c8e943366b71407913dc38a59d211df6
swap-manager.armv7l 3.0-10.16 platform/core/system/swap-manager#20d6900af45af672fc3f30077a3068467d63fa63
swap-modules.armv7l 3.0-9.1 platform/kernel/swap-modules#f8e1e03b46b6ea7b7764e2b419cb1dd83727c6c8
swap-probe-elf.armv7l 3.0-9.15 platform/core/system/swap-probe#5766e64da9d26d0fe2fa7fb6e90476828c0cec55
swap-probe.armv7l 3.0-9.15 platform/core/system/swap-probe#5766e64da9d26d0fe2fa7fb6e90476828c0cec55
sync-service.armv7l 0.1.5-34.1 platform/core/account/sync-manager#460379c8ce75bf1b678d4241f4624ef0bcb81e89
syspopup-caller.armv7l 0.0.100-16.29 platform/core/base/syspopup#9c9dc8fc7af6362d0df9c1a9351def4b541da532
syspopup.armv7l 0.0.100-16.29 platform/core/base/syspopup#9c9dc8fc7af6362d0df9c1a9351def4b541da532
system-plugin-spreadtrum.noarch 0.1-20.2 platform/adaptation/system-plugin#21f58d3066413942e364ce3cb26e6624d122db4d
system-plugin.noarch 0.1-20.2 platform/adaptation/system-plugin#21f58d3066413942e364ce3cb26e6624d122db4d
system-servant.armv7l 0.2.0-5.3 platform/core/system/system-popup#10ffe9f5fd9ddf9543c178148922c5f9c387cf22
systemd.armv7l 219-40.2 platform/upstream/systemd#1aba774046f78dbe51d0315b36490bcad9ad8255
taglib.armv7l 1.8-1.12 platform/upstream/taglib#489a552ad409dbac9e53862221de4d6cc0234ddc
tar.armv7l 1.17-2.6 product/upstream/tar#a8d964ee3ae1acc7d0a9ed43e5f1e363d26da090
tel-plugin-database.armv7l 0.1.27-15.1 platform/core/telephony/tel-plugin-database#422dd1f1a7ae226179cbea8fd1273c216479af62
tel-plugin-dbus_tapi.armv7l 0.3.74-13.2 platform/core/telephony/tel-plugin-dbus_tapi#562f4e33db5b289eb42a2812be5e637964f6d5d5
tel-plugin-indicator.armv7l 0.1.70-11.2 platform/core/telephony/tel-plugin-indicator#0f8f62d270af46a990b134eb471d7c4c800bb9ca
tel-plugin-nitz.armv7l 0.1.75-7.1 platform/core/telephony/tel-plugin-nitz#0846aa34e56dbd28e5b8036ecd5ea23460b32467
tel-plugin-packetservice.armv7l 0.3.29-25.1 platform/core/telephony/tel-plugin-packetservice#e6da346a2501cd0391ea788b48172ebce46178f0
tel-plugin-vconf.armv7l 0.2.5-10.4 platform/core/telephony/tel-plugin-vconf#5ad2ea36f2ebed64e85edd350fc2eba56d6cf8b7
telephony-daemon.armv7l 1.3.39-15.2 platform/core/telephony/telephony-daemon#c5e04bca57419692c87bd816b92648c2c86d0c70
terminfo-base.armv7l 5.9-1.13 platform/upstream/ncurses#eefc3e4398eaa6c81cf61dd36c3ba3d87f33d1bf
tizen-locale.armv7l 0.1-4.2 platform/framework/base/tizen-locale#a581f7b36017e931d8dfc4947b9d3840a4c40f51
tizen-platform-config-tools.armv7l 2.0-38.2 platform/core/appfw/tizen-platform-config#3c4cbb43901c9cc628ec56a93c207c5704bad312
tizen-platform-config.armv7l 2.0-38.2 platform/core/appfw/tizen-platform-config#3c4cbb43901c9cc628ec56a93c207c5704bad312
tizen-release.armv7l 3.0.0-10.13 platform/upstream/tizen-release#080f16318c61066f98f5dcc0e8c8c54fff02184d
tlm-config-common-singleseat.armv7l 1.0.3-48.1 platform/core/system/tlm#3c8bafd112a8d9619a6dae203dafa9f3401b720e
tlm.armv7l 1.0.3-48.1 platform/core/system/tlm#3c8bafd112a8d9619a6dae203dafa9f3401b720e
toybox-symlinks-dhcp.armv7l 0.6.0-10.3 platform/upstream/toybox#a7f12ead3799e61cf0139e0e52ab58cd928cbdf3
toybox-symlinks-dhcpd.armv7l 0.6.0-10.3 platform/upstream/toybox#a7f12ead3799e61cf0139e0e52ab58cd928cbdf3
toybox.armv7l 0.6.0-10.3 platform/upstream/toybox#a7f12ead3799e61cf0139e0e52ab58cd928cbdf3
tpk-backend.armv7l 0.1-32.1 platform/core/appfw/tpk-backend#f8abc6ecb21a6be361469cfe296629f7cf32a3fa
tpk-manifest-handlers.armv7l 1.5-3.1 platform/core/appfw/tpk-manifest-handlers#5267f39f0793933b268f03adb1c4a92df694a4de
ttrace-extension.armv7l 1.0.0-2.1 tools/ttrace-extension#f5cbcaf6fea6fef65d9f70a52c379f6c34246728
ttrace.armv7l 1.0.0-19.1 tools/ttrace#cc7d587e410fdddc8f33433cc6058913fa18b628
tts.armv7l 0.2.44-25.1 platform/core/uifw/tts#321c0e26716c44630c993044c656f8e13958487a
typelib-1_0-Atspi-2_0.armv7l 2.16.1-10.3 platform/upstream/at-spi2-core#65a8179bd64640d3c76767121dbf45ce9b8422ae
tzdata.armv7l 2014h-1.7 platform/upstream/tzdata#7d50fa562a1dafd2453021f633cb9236998d9ea1
tzsh.armv7l 0.1.9-3.1 platform/core/uifw/tizen-ws-shell#015b6588c23e0ffd50c1bb8397fea960b16e8d2e
ug-bluetooth-efl.armv7l 0.3.2-19.17 apps/core/preloaded/ug-bluetooth-efl#8cbee3117dee3a078f606c5da03705730f3427e9
ug-setting-mobileap-efl.armv7l 1.0.139-13.1 apps/core/preloaded/ug-mobile-ap#66bae165e47878b1664096ee98db77d9579f5607
ug-setting-privacy-efl.armv7l 1.0.0-5.1 profile/mobile/apps/native/privacy-setting#f59d808b0c4d8897be12542ec152deb12a272961
ug-setting-wifidirect-efl.armv7l 1.11.74-4.66 apps/core/preloaded/ug-wifi-direct#32b7690b409c32e1a678df45b0d4a157497fae92
ui-gadget-1.armv7l 0.1.30-28.1 platform/core/appfw/ui-gadget-1#ba89860cfd8b79555ae4d5e5e9f8ad41cf11356b
unzip.armv7l 6.0-1.21 platform/upstream/unzip#9b72cfb5e2fc5a095c0d6e8cd72c4d36c18ce48f
util-linux.armv7l 2.25.2-3.6 platform/upstream/util-linux#0468d5fd5f614f059230a351558dc673c460af18
v8.armv7l 4.7.83-2.1 platform/upstream/v8#77a20ac9c10194cf534de1603f19bd66d837e673
vc-engine-default.armv7l 0.2.0-5.1 platform/core/uifw/vc-engine-default#6067d98da31a105745ec668cc114537885a0e9b7
vconf-compat.armv7l 1.1-38.1 platform/core/system/buxton2#28d9a0adfd2762fa8cca8ff3ab62cbf1865fcb26
vconf-internal-keys.armv7l 0.0.157-66.1 platform/core/appfw/vconf-internal-keys#0c8b7ef6da0611550c29304adf9e6e4bb06ea758
voice-control-elm.armv7l 0.2.1-8.23 platform/core/uifw/voice-control-elm#6047df63d0bda91c3b8a85de6712e0375025f5fc
voice-control.armv7l 0.2.10-20.1 platform/core/uifw/voice-control#aa8a2de43dfb393f022e576b54e37eadb5992307
vpnsvc-daemon.armv7l 1.0.21-16.1 platform/core/api/vpn-service#bc5f8ce0bf7fa4abfbd45d99fcf009f6c678cf68
webapi-plugins.armv7l 0.93-96.4 platform/core/api/webapi-plugins#396f5d66ffe6c026f3bf7598f3b5c074a2c7adff
wgt-backend.armv7l 0.1-26.2 platform/core/appfw/wgt-backend#ffed32d0f9f28668c0409507c5b71cc606cd8348
wgt-manifest-handlers.armv7l 1.5-6.1 platform/core/appfw/wgt-manifest-handlers#0ffd5a017c8b9cdb3899ad4fdd8cc1cf094149d4
widget_toolkit.armv7l 0.0.1-36.1 platform/core/appfw/widget-viewer#c967556372cf82a4fd3b18b8d02619b4380ec5da
wifi-direct-manager.armv7l 1.2.168-30.1 platform/core/connectivity/wifi-direct-manager#faa93abefd7caa061edadd5f3408197d7da8c9e7
wifi-direct-plugin-wpasupplicant.armv7l 1.2.168-30.1 platform/core/connectivity/wifi-direct-manager#faa93abefd7caa061edadd5f3408197d7da8c9e7
wifi-efl-ug.armv7l 1.0.175-13.1 apps/core/preloaded/ug-wifi-efl#c5aac130d5cea0c902c588c9fe5771681bca7857
wpa_supplicant.armv7l 2.5-25.1 platform/upstream/wpa_supplicant#da9afe33a6e92b90cd99daf7ee374fe91966d0b4
xdelta3.armv7l 3.0.9-1.10 platform/upstream/xdelta3#8f2326734da7cf176d4bb29aae6b57ba567a1f27
xdgmime.armv7l 0.0.12-10.2 platform/core/appfw/xdgmime#e47255803c134114dbea6a09b74bf344c7ff5afd
xkeyboard-config.noarch 2.13-27.1 platform/upstream/xkeyboard-config#deb12cbbb6fcfa42afb8be07e8e2bee89413f3ed
xmlsec1-openssl.armv7l 1.2.19-8.13 platform/upstream/xmlsec1#fe8ea3dba5971ab3f47090ba52d7f824c3d23545
xmlsec1.armv7l 1.2.19-8.13 platform/upstream/xmlsec1#fe8ea3dba5971ab3f47090ba52d7f824c3d23545
xz.armv7l 5.1.3-2.3 platform/upstream/xz#56a594c73196ae5834d5df55107e318e7d4f7e1f
zbar.armv7l 0.10-1.10 platform/upstream/libzbar#5494b6ccabd6b271325a4dd105f1864331245c64
zint.armv7l 2.4.3-2.12 platform/upstream/libzint#4f3e68a11484b0aaceceeba9c4c1bb42861d56b9
zip.armv7l 3.0-1.9 platform/upstream/zip#b93d573b47875ad43a8df84196f04a84772a4949
zlib.armv7l 1.2.8-1.12 platform/upstream/zlib#07c39a3fbdb0f2c8ef5d508a57921514357263aa
