Temporary header file '/tmp/DYNDe3h28u/dump1.h' with the following content will be compiled to create GCC translation unit dump:

  // add includes
  #include "/home/kayes/abi_tool/execution/mobile/abi-tool_v3.0/abi-tool/2.4/usr/include/web/web_bookmark.h"
  #include "/home/kayes/abi_tool/execution/mobile/abi-tool_v3.0/abi-tool/2.4/usr/include/web/web_bookmark_csc.h"
  #include "/home/kayes/abi_tool/execution/mobile/abi-tool_v3.0/abi-tool/2.4/usr/include/web/web_history.h"
  #include "/home/kayes/abi_tool/execution/mobile/abi-tool_v3.0/abi-tool/2.4/usr/include/web/web_scrap.h"
  #include "/home/kayes/abi_tool/execution/mobile/abi-tool_v3.0/abi-tool/2.4/usr/include/web/web_tab.h"
  #include "/home/kayes/abi_tool/execution/mobile/abi-tool_v3.0/abi-tool/2.4/usr/include/web/bookmark-adaptor.h"
  #include "/home/kayes/abi_tool/execution/mobile/abi-tool_v3.0/abi-tool/2.4/usr/include/web/bookmark-csc-adaptor.h"
  #include "/home/kayes/abi_tool/execution/mobile/abi-tool_v3.0/abi-tool/2.4/usr/include/web/history-adaptor.h"
  #include "/home/kayes/abi_tool/execution/mobile/abi-tool_v3.0/abi-tool/2.4/usr/include/web/scrap-adaptor.h"
  #include "/home/kayes/abi_tool/execution/mobile/abi-tool_v3.0/abi-tool/2.4/usr/include/web/tab-adaptor.h"

The GCC parameters:
  gcc -fdump-translation-unit -fkeep-inline-functions -c -x c++-header -fpermissive -w "/tmp/DYNDe3h28u/dump1.h"  -I/home/kayes/abi_tool/execution/mobile/abi-tool_v3.0/abi-tool/2.4/usr/include/web

Temporary header file '/tmp/DYNDe3h28u/dump2.h' with the following content will be compiled to create GCC translation unit dump:

  // add includes
  #include "/home/kayes/abi_tool/execution/mobile/abi-tool_v3.0/abi-tool/3.0/usr/include/web/web_bookmark.h"
  #include "/home/kayes/abi_tool/execution/mobile/abi-tool_v3.0/abi-tool/3.0/usr/include/web/web_bookmark_csc.h"
  #include "/home/kayes/abi_tool/execution/mobile/abi-tool_v3.0/abi-tool/3.0/usr/include/web/web_bookmark_product.h"
  #include "/home/kayes/abi_tool/execution/mobile/abi-tool_v3.0/abi-tool/3.0/usr/include/web/web_history.h"
  #include "/home/kayes/abi_tool/execution/mobile/abi-tool_v3.0/abi-tool/3.0/usr/include/web/web_tab.h"
  #include "/home/kayes/abi_tool/execution/mobile/abi-tool_v3.0/abi-tool/3.0/usr/include/web/bookmark-adaptor.h"
  #include "/home/kayes/abi_tool/execution/mobile/abi-tool_v3.0/abi-tool/3.0/usr/include/web/bookmark-csc-adaptor.h"
  #include "/home/kayes/abi_tool/execution/mobile/abi-tool_v3.0/abi-tool/3.0/usr/include/web/history-adaptor.h"
  #include "/home/kayes/abi_tool/execution/mobile/abi-tool_v3.0/abi-tool/3.0/usr/include/web/tab-adaptor.h"

The GCC parameters:
  gcc -fdump-translation-unit -fkeep-inline-functions -c -x c++-header -fpermissive -w "/tmp/DYNDe3h28u/dump2.h"  -I/home/kayes/abi_tool/execution/mobile/abi-tool_v3.0/abi-tool/3.0/usr/include/web

