*&ERROR&* File not found :compat_reports/#summary (No such file or directory)
***********badge***********compat_reports/libbadge/2.4_to_3.0/compat_report.html
Page in incompatible!!!!
<a name='Binary_Removed'></a><a name='Binary_Withdrawn'></a> <a name='Interface_Binary_Problems_High'></a>
<a name='Interface_Binary_Problems_High'></a> <a name='Interface_Binary_Problems_Medium'></a>
<a name='Interface_Binary_Problems_Medium'></a> <a name='Interface_Binary_Problems_Low'></a>
<a name='Interface_Binary_Problems_Low'></a> to the top</a>
***********bundle***********compat_reports/libbundle/2.4_to_3.0/compat_report.html
Page in compatible!!!!
***********capi-appfw-application***********compat_reports/libcapi-appfw-application/2.4_to_3.0/compat_report.html
Page in incompatible!!!!
<a name='Binary_Removed'></a><a name='Binary_Withdrawn'></a> <a name='Constant_Binary_Problems_Low'></a>
<a name='Constant_Binary_Problems_Low'></a> to the top</a>
*&ERROR&* File not found :compat_reports/# (No such file or directory)
***********capi-appfw-package-manager***********compat_reports/libcapi-appfw-package-manager/2.4_to_3.0/compat_report.html
Page in incompatible!!!!
<a name='Binary_Removed'></a><a name='Binary_Withdrawn'></a> to the top</a>
***********capi-base-common***********compat_reports/libcapi-base-common/2.4_to_3.0/compat_report.html
Page in compatible!!!!
***********capi-base-utils***********compat_reports/libcapi-base-utils/2.4_to_3.0/compat_report.html
Page in incompatible!!!!
<a name='Type_Binary_Problems_Low'></a> to the top</a>
***********capi-content-media-content***********compat_reports/libcapi-content-media-content/2.4_to_3.0/compat_report.html
Page in incompatible!!!!
<a name='Binary_Removed'></a><a name='Binary_Withdrawn'></a> <a name='Interface_Binary_Problems_Medium'></a>
<a name='Interface_Binary_Problems_Medium'></a> <a name='Interface_Binary_Problems_Low'></a>
<a name='Interface_Binary_Problems_Low'></a> to the top</a>
***********capi-content-mime-type***********compat_reports/libcapi-content-mime-type/2.4_to_3.0/compat_report.html
Page in compatible!!!!
***********capi-geofence-manager***********compat_reports/libcapi-geofence-manager/2.4_to_3.0/compat_report.html
Page in compatible!!!!
***********capi-location-manager***********compat_reports/libcapi-location-manager/2.4_to_3.0/compat_report.html
Page in compatible!!!!
***********capi-maps-service***********compat_reports/libcapi-maps-service/2.4_to_3.0/compat_report.html
Page in incompatible!!!!
<a name='Interface_Binary_Problems_Low'></a> to the top</a>
***********capi-media-audio-io***********compat_reports/libcapi-media-audio-io/2.4_to_3.0/compat_report.html
Page in incompatible!!!!
<a name='Binary_Removed'></a><a name='Binary_Withdrawn'></a> <a name='Type_Binary_Problems_Low'></a>
<a name='Type_Binary_Problems_Low'></a> <a name='Interface_Binary_Problems_Low'></a>
<a name='Interface_Binary_Problems_Low'></a> to the top</a>
***********capi-media-camera***********compat_reports/libcapi-media-camera/2.4_to_3.0/compat_report.html
Page in incompatible!!!!
<a name='Binary_Removed'></a><a name='Binary_Withdrawn'></a> <a name='Interface_Binary_Problems_High'></a>
<a name='Interface_Binary_Problems_High'></a> <a name='Interface_Binary_Problems_Medium'></a>
<a name='Interface_Binary_Problems_Medium'></a> <a name='Type_Binary_Problems_Low'></a>
<a name='Type_Binary_Problems_Low'></a> <a name='Interface_Binary_Problems_Low'></a>
<a name='Interface_Binary_Problems_Low'></a> to the top</a>
***********capi-media-codec***********compat_reports/libcapi-media-codec/2.4_to_3.0/compat_report.html
Page in incompatible!!!!
<a name='Interface_Binary_Problems_Low'></a> to the top</a>
***********capi-media-controller***********compat_reports/libcapi-media-controller/2.4_to_3.0/compat_report.html
Page in compatible!!!!
***********capi-media-image-util***********compat_reports/libcapi-media-image-util/2.4_to_3.0/compat_report.html
Page in compatible!!!!
***********capi-media-metadata-editor***********compat_reports/libcapi-media-metadata-editor/2.4_to_3.0/compat_report.html
Page in compatible!!!!
***********capi-media-metadata-extractor***********compat_reports/libcapi-media-metadata-extractor/2.4_to_3.0/compat_report.html
Page in compatible!!!!
***********capi-media-player***********compat_reports/libcapi-media-player/2.4_to_3.0/compat_report.html
Page in incompatible!!!!
<a name='Binary_Removed'></a><a name='Binary_Withdrawn'></a> to the top</a>
***********capi-media-radio***********compat_reports/libcapi-media-radio/2.4_to_3.0/compat_report.html
Page in compatible!!!!
***********capi-media-recorder***********compat_reports/libcapi-media-recorder/2.4_to_3.0/compat_report.html
Page in incompatible!!!!
<a name='Binary_Removed'></a><a name='Binary_Withdrawn'></a> to the top</a>
***********capi-media-sound-manager***********compat_reports/libcapi-media-sound-manager/2.4_to_3.0/compat_report.html
Page in incompatible!!!!
<a name='Binary_Removed'></a><a name='Binary_Withdrawn'></a> to the top</a>
***********capi-media-thumbnail-util***********compat_reports/libcapi-media-thumbnail-util/2.4_to_3.0/compat_report.html
Page in compatible!!!!
***********capi-media-tone-player***********compat_reports/libcapi-media-tone-player/2.4_to_3.0/compat_report.html
Page in compatible!!!!
***********capi-media-tool***********compat_reports/libcapi-media-tool/2.4_to_3.0/compat_report.html
Page in incompatible!!!!
<a name='Type_Binary_Problems_Medium'></a> <a name='Type_Binary_Problems_Low'></a>
<a name='Type_Binary_Problems_Low'></a> to the top</a>
***********capi-media-video-util***********compat_reports/libcapi-media-video-util/2.4_to_3.0/compat_report.html
Page in compatible!!!!
***********capi-media-vision***********compat_reports/libcapi-media-vision/2.4_to_3.0/compat_report.html
Page in compatible!!!!
***********capi-media-wav-player***********compat_reports/libcapi-media-wav-player/2.4_to_3.0/compat_report.html
Page in incompatible!!!!
<a name='Binary_Removed'></a><a name='Binary_Withdrawn'></a> <a name='Interface_Binary_Problems_High'></a>
<a name='Interface_Binary_Problems_High'></a> <a name='Interface_Binary_Problems_Medium'></a>
<a name='Interface_Binary_Problems_Medium'></a> <a name='Interface_Binary_Problems_Low'></a>
<a name='Interface_Binary_Problems_Low'></a> to the top</a>
***********capi-messaging-email***********compat_reports/libcapi-messaging-email/2.4_to_3.0/compat_report.html
Page in compatible!!!!
***********capi-messaging-messages***********compat_reports/libcapi-messaging-messages/2.4_to_3.0/compat_report.html
Page in compatible!!!!
***********capi-network-bluetooth***********compat_reports/libcapi-network-bluetooth/2.4_to_3.0/compat_report.html
Page in incompatible!!!!
<a name='Binary_Removed'></a><a name='Binary_Withdrawn'></a> <a name='Interface_Binary_Problems_High'></a>
<a name='Interface_Binary_Problems_High'></a> <a name='Type_Binary_Problems_Low'></a>
<a name='Type_Binary_Problems_Low'></a> to the top</a>
***********capi-network-connection***********compat_reports/libcapi-network-connection/2.4_to_3.0/compat_report.html
Page in compatible!!!!
*&ERROR&* File not found :compat_reports/# (No such file or directory)
***********capi-network-wifi-direct***********compat_reports/libcapi-network-wifi-direct/2.4_to_3.0/compat_report.html
Page in compatible!!!!
***********capi-network-wifi***********compat_reports/libcapi-network-wifi/2.4_to_3.0/compat_report.html
Page in compatible!!!!
***********capi-network-wifi-direct***********compat_reports/libcapi-network-wifi-direct/2.4_to_3.0/compat_report.html
Page in compatible!!!!
***********capi-system-device***********compat_reports/libcapi-system-device/2.4_to_3.0/compat_report.html
Page in incompatible!!!!
<a name='Binary_Removed'></a><a name='Binary_Withdrawn'></a> to the top</a>
***********capi-system-info***********compat_reports/libcapi-system-info/2.4_to_3.0/compat_report.html
Page in compatible!!!!
***********capi-system-media-key***********compat_reports/libcapi-system-media-key/2.4_to_3.0/compat_report.html
Page in compatible!!!!
***********capi-system-runtime-info***********compat_reports/libcapi-system-runtime-info/2.4_to_3.0/compat_report.html
Page in compatible!!!!
***********capi-system-sensor***********compat_reports/libcapi-system-sensor/2.4_to_3.0/compat_report.html
Page in incompatible!!!!
<a name='Type_Binary_Problems_Low'></a> <a name='Constant_Binary_Problems_Low'></a>
<a name='Constant_Binary_Problems_Low'></a> to the top</a>
***********capi-system-system-settings***********compat_reports/libcapi-system-system-settings/2.4_to_3.0/compat_report.html
Page in incompatible!!!!
<a name='Type_Binary_Problems_Low'></a> to the top</a>
***********capi-telephony***********compat_reports/libcapi-telephony/2.4_to_3.0/compat_report.html
Page in compatible!!!!
***********capi-ui-efl-util***********compat_reports/libcapi-ui-efl-util/2.4_to_3.0/compat_report.html
Page in incompatible!!!!
<a name='Interface_Binary_Problems_Low'></a> to the top</a>
***********capi-ui-inputmethod-manager***********compat_reports/libcapi-ui-inputmethod-manager/2.4_to_3.0/compat_report.html
Page in compatible!!!!
***********capi-ui-inputmethod***********compat_reports/libcapi-ui-inputmethod/2.4_to_3.0/compat_report.html
Page in compatible!!!!
***********capi-ui-inputmethod-manager***********compat_reports/libcapi-ui-inputmethod-manager/2.4_to_3.0/compat_report.html
Page in compatible!!!!
***********capi-web-url-download***********compat_reports/libcapi-web-url-download/2.4_to_3.0/compat_report.html
Page in compatible!!!!
***********contacts-service2***********compat_reports/libcontacts-service2/2.4_to_3.0/compat_report.html
Page in incompatible!!!!
<a name='Interface_Binary_Problems_Medium'></a> <a name='Type_Binary_Problems_Low'></a>
<a name='Type_Binary_Problems_Low'></a> to the top</a>
***********context-common***********compat_reports/libcontext-common/2.4_to_3.0/compat_report.html
Page in incompatible!!!!
<a name='Binary_Removed'></a><a name='Binary_Withdrawn'></a> <a name='Constant_Binary_Problems_Low'></a>
<a name='Constant_Binary_Problems_Low'></a> to the top</a>
*&ERROR&* File not found :compat_reports/# (No such file or directory)
***********context***********compat_reports/libcontext/2.4_to_3.0/compat_report.html
Page in incompatible!!!!
<a name='Binary_Removed'></a><a name='Binary_Withdrawn'></a> <a name='Constant_Binary_Problems_Low'></a>
<a name='Constant_Binary_Problems_Low'></a> to the top</a>
*&ERROR&* File not found :compat_reports/# (No such file or directory)
*&ERROR&* File not found :compat_reports/# (No such file or directory)
*&ERROR&* File not found :compat_reports/# (No such file or directory)
***********libcore-sync-client***********compat_reports/libcore-sync-client/2.4_to_3.0/compat_report.html
Page in compatible!!!!
***********dali-toolkit***********compat_reports/libdali-toolkit/2.4_to_3.0/compat_report.html
Page in incompatible!!!!
<a name='Binary_Removed'></a><a name='Binary_Withdrawn'></a> <a name='Interface_Binary_Problems_High'></a>
<a name='Interface_Binary_Problems_High'></a> <a name='Type_Binary_Problems_Low'></a>
<a name='Type_Binary_Problems_Low'></a> <a name='Interface_Binary_Problems_Low'></a>
<a name='Interface_Binary_Problems_Low'></a> to the top</a>
***********ecore***********compat_reports/libecore/2.4_to_3.0/compat_report.html
Page in incompatible!!!!
<a name='Binary_Removed'></a><a name='Binary_Withdrawn'></a> <a name='Type_Binary_Problems_Medium'></a>
<a name='Type_Binary_Problems_Medium'></a> <a name='Interface_Binary_Problems_Medium'></a>
<a name='Interface_Binary_Problems_Medium'></a> <a name='Type_Binary_Problems_Low'></a>
<a name='Type_Binary_Problems_Low'></a> <a name='Interface_Binary_Problems_Low'></a>
<a name='Interface_Binary_Problems_Low'></a> <a name='Constant_Binary_Problems_Low'></a>
<a name='Constant_Binary_Problems_Low'></a> to the top</a>
*&ERROR&* File not found :compat_reports/# (No such file or directory)
***********edje***********compat_reports/libedje/2.4_to_3.0/compat_report.html
Page in incompatible!!!!
<a name='Interface_Binary_Problems_Medium'></a> <a name='Type_Binary_Problems_Low'></a>
<a name='Type_Binary_Problems_Low'></a> <a name='Interface_Binary_Problems_Low'></a>
<a name='Interface_Binary_Problems_Low'></a> to the top</a>
*&ERROR&* File not found :compat_reports/# (No such file or directory)
***********efl-extension***********compat_reports/libefl-extension/2.4_to_3.0/compat_report.html
Page in incompatible!!!!
<a name='Interface_Binary_Problems_Medium'></a> <a name='Interface_Binary_Problems_Low'></a>
<a name='Interface_Binary_Problems_Low'></a> to the top</a>
***********eina***********compat_reports/libeina/2.4_to_3.0/compat_report.html
Page in compatible!!!!
*&ERROR&* File not found :compat_reports/# (No such file or directory)
*&ERROR&* File not found :compat_reports/# (No such file or directory)
***********elementary***********compat_reports/libelementary/2.4_to_3.0/compat_report.html
Page in incompatible!!!!
<a name='Binary_Removed'></a><a name='Binary_Withdrawn'></a> <a name='Interface_Binary_Problems_High'></a>
<a name='Interface_Binary_Problems_High'></a> <a name='Type_Binary_Problems_Medium'></a>
<a name='Type_Binary_Problems_Medium'></a> <a name='Interface_Binary_Problems_Medium'></a>
<a name='Interface_Binary_Problems_Medium'></a> <a name='Type_Binary_Problems_Low'></a>
<a name='Type_Binary_Problems_Low'></a> <a name='Interface_Binary_Problems_Low'></a>
<a name='Interface_Binary_Problems_Low'></a> <a name='Constant_Binary_Problems_Low'></a>
<a name='Constant_Binary_Problems_Low'></a> to the top</a>
***********key-manager***********compat_reports/libkey-manager/2.4_to_3.0/compat_report.html
Page in incompatible!!!!
<a name='Binary_Removed'></a><a name='Binary_Withdrawn'></a> <a name='Type_Binary_Problems_High'></a>
<a name='Type_Binary_Problems_High'></a> <a name='Type_Binary_Problems_Low'></a>
<a name='Type_Binary_Problems_Low'></a> to the top</a>
***********libkey-manager-client***********compat_reports/libkey-manager-client/2.4_to_3.0/compat_report.html
Page in incompatible!!!!
<a name='Binary_Removed'></a><a name='Binary_Withdrawn'></a> <a name='Type_Binary_Problems_High'></a>
<a name='Type_Binary_Problems_High'></a> <a name='Type_Binary_Problems_Low'></a>
<a name='Type_Binary_Problems_Low'></a> to the top</a>
*&ERROR&* File not found :compat_reports/# (No such file or directory)
***********libdlog***********compat_reports/libdlog/2.4_to_3.0/compat_report.html
Page in incompatible!!!!
<a name='Type_Binary_Problems_Low'></a> to the top</a>
***********libeom***********compat_reports/libeom/2.4_to_3.0/compat_report.html
Page in compatible!!!!
***********libfeedback***********compat_reports/libfeedback/2.4_to_3.0/compat_report.html
Page in incompatible!!!!
<a name='Type_Binary_Problems_Low'></a> to the top</a>
*&ERROR&* File not found :compat_reports/# (No such file or directory)
***********oauth2***********compat_reports/liboauth2/2.4_to_3.0/compat_report.html
Page in compatible!!!!
***********libpush***********compat_reports/libpush/2.4_to_3.0/compat_report.html
Page in incompatible!!!!
<a name='Interface_Binary_Problems_Low'></a> to the top</a>
***********libshortcut***********compat_reports/libshortcut/2.4_to_3.0/compat_report.html
Page in compatible!!!!
***********libstorage***********compat_reports/libstorage/2.4_to_3.0/compat_report.html
Page in compatible!!!!
*&ERROR&* File not found :compat_reports/# (No such file or directory)
***********libtbm***********compat_reports/libtbm/2.4_to_3.0/compat_report.html
Page in incompatible!!!!
<a name='Type_Binary_Problems_High'></a> <a name='Type_Binary_Problems_Medium'></a>
<a name='Type_Binary_Problems_Medium'></a> <a name='Type_Binary_Problems_Low'></a>
<a name='Type_Binary_Problems_Low'></a> <a name='Interface_Binary_Problems_Low'></a>
<a name='Interface_Binary_Problems_Low'></a> <a name='Constant_Binary_Problems_Low'></a>
<a name='Constant_Binary_Problems_Low'></a> to the top</a>
***********minicontrol***********compat_reports/libminicontrol/2.4_to_3.0/compat_report.html
Page in compatible!!!!
***********emotion***********compat_reports/libemotion/2.4_to_3.0/compat_report.html
Page in incompatible!!!!
<a name='Interface_Binary_Problems_Medium'></a> to the top</a>
***********motion***********compat_reports/libmotion/2.4_to_3.0/compat_report.html
Page in incompatible!!!!
<a name='Interface_Binary_Problems_Medium'></a> to the top</a>
***********notification***********compat_reports/libnotification/2.4_to_3.0/compat_report.html
Page in incompatible!!!!
<a name='Binary_Removed'></a><a name='Binary_Withdrawn'></a> <a name='Interface_Binary_Problems_High'></a>
<a name='Interface_Binary_Problems_High'></a> <a name='Type_Binary_Problems_Medium'></a>
<a name='Type_Binary_Problems_Medium'></a> <a name='Interface_Binary_Problems_Medium'></a>
<a name='Interface_Binary_Problems_Medium'></a> <a name='Type_Binary_Problems_Low'></a>
<a name='Type_Binary_Problems_Low'></a> <a name='Constant_Binary_Problems_Low'></a>
<a name='Constant_Binary_Problems_Low'></a> to the top</a>
*&ERROR&* File not found :compat_reports/# (No such file or directory)
***********phonenumber-utils***********compat_reports/libphonenumber-utils/2.4_to_3.0/compat_report.html
Page in incompatible!!!!
<a name='Type_Binary_Problems_Low'></a> to the top</a>
***********privilege-info***********compat_reports/libprivilege-info/2.4_to_3.0/compat_report.html
Page in compatible!!!!
***********stt***********compat_reports/libstt/2.4_to_3.0/compat_report.html
Page in compatible!!!!
***********ttrace***********compat_reports/libttrace/2.4_to_3.0/compat_report.html
Page in compatible!!!!
*&ERROR&* File not found :compat_reports/# (No such file or directory)
***********tts***********compat_reports/libtts/2.4_to_3.0/compat_report.html
Page in incompatible!!!!
<a name='Binary_Removed'></a><a name='Binary_Withdrawn'></a> <a name='Constant_Binary_Problems_Low'></a>
<a name='Constant_Binary_Problems_Low'></a> to the top</a>
*&ERROR&* File not found :compat_reports/# (No such file or directory)
***********voice-control-elm***********compat_reports/libvoice-control-elm/2.4_to_3.0/compat_report.html
Page in compatible!!!!
***********voice-control***********compat_reports/libvoice-control/2.4_to_3.0/compat_report.html
Page in incompatible!!!!
<a name='Binary_Removed'></a><a name='Binary_Withdrawn'></a> <a name='Type_Binary_Problems_Low'></a>
<a name='Type_Binary_Problems_Low'></a> <a name='Interface_Binary_Problems_Low'></a>
<a name='Interface_Binary_Problems_Low'></a> <a name='Constant_Binary_Problems_Low'></a>
<a name='Constant_Binary_Problems_Low'></a> to the top</a>
***********libwidget_service***********compat_reports/libwidget_service/2.4_to_3.0/compat_report.html
Page in incompatible!!!!
<a name='Binary_Removed'></a><a name='Binary_Withdrawn'></a> <a name='Interface_Binary_Problems_Low'></a>
<a name='Interface_Binary_Problems_Low'></a> <a name='Constant_Binary_Problems_Low'></a>
<a name='Constant_Binary_Problems_Low'></a> to the top</a>
***********libwidget_viewer_evas***********compat_reports/libwidget_viewer_evas/2.4_to_3.0/compat_report.html
Page in incompatible!!!!
<a name='Binary_Removed'></a><a name='Binary_Withdrawn'></a> <a name='Constant_Binary_Problems_Low'></a>
<a name='Constant_Binary_Problems_Low'></a> to the top</a>
*&ERROR&* File not found :compat_reports/# (No such file or directory)
*&ERROR&* File not found :compat_reports/# (No such file or directory)
***********elementary***********compat_reports/libelementary/2.4_to_3.0/compat_report.html
Page in incompatible!!!!
<a name='Binary_Removed'></a><a name='Binary_Withdrawn'></a> <a name='Interface_Binary_Problems_High'></a>
<a name='Interface_Binary_Problems_High'></a> <a name='Type_Binary_Problems_Medium'></a>
<a name='Type_Binary_Problems_Medium'></a> <a name='Interface_Binary_Problems_Medium'></a>
<a name='Interface_Binary_Problems_Medium'></a> <a name='Type_Binary_Problems_Low'></a>
<a name='Type_Binary_Problems_Low'></a> <a name='Interface_Binary_Problems_Low'></a>
<a name='Interface_Binary_Problems_Low'></a> <a name='Constant_Binary_Problems_Low'></a>
<a name='Constant_Binary_Problems_Low'></a> to the top</a>
***********capi-network-tethering***********compat_reports/libcapi-network-tethering/2.4_to_3.0/compat_report.html
Page in incompatible!!!!
<a name='Binary_Removed'></a><a name='Binary_Withdrawn'></a> <a name='Type_Binary_Problems_Low'></a>
<a name='Type_Binary_Problems_Low'></a> to the top</a>
*&ERROR&* File not found :compat_reports/# (No such file or directory)
*&ERROR&* File not found :compat_reports/# (No such file or directory)
***********vconf***********compat_reports/libvconf/2.4_to_3.0/compat_report.html
Page in incompatible!!!!
<a name='Type_Binary_Problems_Medium'></a> <a name='Type_Binary_Problems_Low'></a>
<a name='Type_Binary_Problems_Low'></a> <a name='Constant_Binary_Problems_Low'></a>
<a name='Constant_Binary_Problems_Low'></a> to the top</a>
***********csr-framework***********compat_reports/libcsr-framework/2.4_to_3.0/compat_report.html
Page in incompatible!!!!
<a name='Binary_Removed'></a><a name='Binary_Withdrawn'></a> <a name='Constant_Binary_Problems_Low'></a>
<a name='Constant_Binary_Problems_Low'></a> to the top</a>
***********ui-gadget***********compat_reports/libui-gadget/2.4_to_3.0/compat_report.html
Page in compatible!!!!
***********email-service***********compat_reports/libemail-service/2.4_to_3.0/compat_report.html
Page in incompatible!!!!
<a name='Type_Binary_Problems_Medium'></a> <a name='Type_Binary_Problems_Low'></a>
<a name='Type_Binary_Problems_Low'></a> to the top</a>
*&ERROR&* File not found :compat_reports/# (No such file or directory)
*&ERROR&* File not found :compat_reports/# (No such file or directory)
***********msg-service***********compat_reports/libmsg-service/2.4_to_3.0/compat_report.html
Page in incompatible!!!!
<a name='Interface_Binary_Problems_Low'></a> to the top</a>
*&ERROR&* File not found :compat_reports/# (No such file or directory)
***********browser-provider***********compat_reports/libbrowser-provider/2.4_to_3.0/compat_report.html
Page in incompatible!!!!
<a name='Binary_Removed'></a><a name='Binary_Withdrawn'></a> <a name='Constant_Binary_Problems_Low'></a>
<a name='Constant_Binary_Problems_Low'></a> to the top</a>
