Temporary header file '/tmp/LdKTONuIiM/dump1.h' with the following content will be compiled to create GCC translation unit dump:

  // add includes
  #include "/home/kayes/abi_tool/abi-tool-2.7/2.4/usr/include/minicontrol/minicontrol-error.h"
  #include "/home/kayes/abi_tool/abi-tool-2.7/2.4/usr/include/minicontrol/minicontrol-internal.h"
  #include "/home/kayes/abi_tool/abi-tool-2.7/2.4/usr/include/minicontrol/minicontrol-monitor.h"
  #include "/home/kayes/abi_tool/abi-tool-2.7/2.4/usr/include/minicontrol/minicontrol-provider.h"
  #include "/home/kayes/abi_tool/abi-tool-2.7/2.4/usr/include/minicontrol/minicontrol-provider-internal.h"
  #include "/home/kayes/abi_tool/abi-tool-2.7/2.4/usr/include/minicontrol/minicontrol-type.h"
  #include "/home/kayes/abi_tool/abi-tool-2.7/2.4/usr/include/minicontrol/minicontrol-viewer.h"
  #include "/home/kayes/abi_tool/abi-tool-2.7/2.4/usr/include/minicontrol/minicontrol-viewer-internal.h"

The GCC parameters:
  gcc -fdump-translation-unit -fkeep-inline-functions -c -x c++-header -fpermissive -w "/tmp/LdKTONuIiM/dump1.h"  -I/home/kayes/abi_tool/abi-tool-2.7/2.4/usr/include/minicontrol -I/home/kayes/tizen-sdk/platforms/tizen-3.0/mobile/rootstraps/mobile-3.0-device.core/usr/include -I/home/kayes/tizen-sdk/platforms/tizen-3.0/mobile/rootstraps/mobile-3.0-device.core/usr/include/evas-1 -I/home/kayes/tizen-sdk/platforms/tizen-3.0/mobile/rootstraps/mobile-3.0-device.core/usr/include/eo-1 -I/home/kayes/tizen-sdk/platforms/tizen-3.0/mobile/rootstraps/mobile-3.0-device.core/usr/include/emile-1 -I/home/kayes/tizen-sdk/platforms/tizen-3.0/mobile/rootstraps/mobile-3.0-device.core/usr/include/eina-1 -I/home/kayes/tizen-sdk/platforms/tizen-3.0/mobile/rootstraps/mobile-3.0-device.core/usr/include/efl-1 -I/home/kayes/tizen-sdk/platforms/tizen-3.0/mobile/rootstraps/mobile-3.0-device.core/usr/include/dbus-1.0 -I/home/kayes/tizen-sdk/platforms/tizen-3.0/mobile/rootstraps/mobile-3.0-device.core/usr/lib/dbus-1.0/include -I/home/kayes/tizen-sdk/platforms/tizen-3.0/mobile/rootstraps/mobile-3.0-device.core/usr/include/eina-1/eina

Temporary header file '/tmp/LdKTONuIiM/dump2.h' with the following content will be compiled to create GCC translation unit dump:

  // add includes
  #include "/home/kayes/abi_tool/abi-tool-2.7/3.0/usr/include/minicontrol/minicontrol-error.h"
  #include "/home/kayes/abi_tool/abi-tool-2.7/3.0/usr/include/minicontrol/minicontrol-internal.h"
  #include "/home/kayes/abi_tool/abi-tool-2.7/3.0/usr/include/minicontrol/minicontrol-monitor.h"
  #include "/home/kayes/abi_tool/abi-tool-2.7/3.0/usr/include/minicontrol/minicontrol-provider.h"
  #include "/home/kayes/abi_tool/abi-tool-2.7/3.0/usr/include/minicontrol/minicontrol-provider-internal.h"
  #include "/home/kayes/abi_tool/abi-tool-2.7/3.0/usr/include/minicontrol/minicontrol-type.h"
  #include "/home/kayes/abi_tool/abi-tool-2.7/3.0/usr/include/minicontrol/minicontrol-viewer.h"
  #include "/home/kayes/abi_tool/abi-tool-2.7/3.0/usr/include/minicontrol/minicontrol-viewer-internal.h"

The GCC parameters:
  gcc -fdump-translation-unit -fkeep-inline-functions -c -x c++-header -fpermissive -w "/tmp/LdKTONuIiM/dump2.h"  -I/home/kayes/abi_tool/abi-tool-2.7/3.0/usr/include/minicontrol -I/home/kayes/tizen-sdk/platforms/tizen-3.0/mobile/rootstraps/mobile-3.0-device.core/usr/include -I/home/kayes/tizen-sdk/platforms/tizen-3.0/mobile/rootstraps/mobile-3.0-device.core/usr/include/glib-2.0 -I/home/kayes/tizen-sdk/platforms/tizen-3.0/mobile/rootstraps/mobile-3.0-device.core/usr/include/evas-1 -I/home/kayes/tizen-sdk/platforms/tizen-3.0/mobile/rootstraps/mobile-3.0-device.core/usr/include/eo-1 -I/home/kayes/tizen-sdk/platforms/tizen-3.0/mobile/rootstraps/mobile-3.0-device.core/usr/include/emile-1 -I/home/kayes/tizen-sdk/platforms/tizen-3.0/mobile/rootstraps/mobile-3.0-device.core/usr/include/eina-1 -I/home/kayes/tizen-sdk/platforms/tizen-3.0/mobile/rootstraps/mobile-3.0-device.core/usr/include/efl-1 -I/home/kayes/tizen-sdk/platforms/tizen-3.0/mobile/rootstraps/mobile-3.0-device.core/usr/lib/glib-2.0/include -I/home/kayes/tizen-sdk/platforms/tizen-3.0/mobile/rootstraps/mobile-3.0-device.core/usr/include/eina-1/eina

