====================
শনি জুল 16 14:30:36 BDT 2016
====================
account-common.armv7l 0.1.1-13.1 platform/core/account/account-common#49f7f981cc6cab0cdc21ab7d0023218cc2c1e54e
account-manager.armv7l 0.1.7-27.1 platform/core/account/account-manager#97b0d193248777e43b1e72032385b5651869ff9a
account-parser.armv7l 0.1.0-8.3 platform/core/account/account-parser#b3f6eb7098f69887c244d2e36619cab5b20fa2ee
acl.armv7l 2.2.52-3.1 platform/upstream/acl#bb2f70f5a4d7015cb3dadf2a84f42117bae1c669
alarm-server.armv7l 0.4.178-45.1 platform/core/appfw/alarm-manager#f3fda7e3334651f25814cf284b6846dc469fc626
alsa-utils.armv7l 1.0.28-10.3 platform/upstream/alsa-utils#9fa0f937fc370f2ff1457daf7f4e3a5f4b3a9e0f
amd.armv7l 0.0.100-87.1 platform/core/appfw/amd#133e8c2728cc12a9eae6ada05a3645b319ecf81a
anthy.armv7l 9100h-10.10 platform/core/uifw/anthy#ae5007464c40c9f359c278c788be0bfdd8ebdcbe
app-core-common.armv7l 1.2-41.1 platform/core/appfw/app-core#7a918d29b0a1c9e7eba774c79bb3c0e28051e313
app-core-efl.armv7l 1.2-41.1 platform/core/appfw/app-core#7a918d29b0a1c9e7eba774c79bb3c0e28051e313
app-installers.armv7l 1.8-126.2 platform/core/appfw/app-installers#7b1074d6ac83e78e74e6801f9f791b7d71780028
app-svc.armv7l 0.1.53-17.4 platform/core/appfw/app-svc#1c984aefbe371d3d04709aaff514c6ed10a62292
app2sd.armv7l 0.5.43-27.1 platform/core/appfw/app2sd#3a3783a744d5ef27a30f182ec9bcbffe5be30b6a
appcore-agent.armv7l 1.0.4-17.1 platform/core/appfw/appcore-agent#03f27e0ba2244bcb948aa9d2b153e04beb57169b
appcore-widget.armv7l 1.0.0.0-20.2 platform/core/appfw/appcore-widget#783fbd2f0f9fc204ad9797e3ee964bde37277973
argos_watchdog.armv7l 0.0.1-1.4 platform/core/system/argos_watchdog#2810f7f2347f4181ea38ca4147f9d3f27b81686c
askuser-plugins.armv7l 0.1.4-14.2 platform/core/security/askuser#2e15a94f374b676aca8dc2985a643927b80eca3f
askuser-test.armv7l 0.1.4-14.2 platform/core/security/askuser#2e15a94f374b676aca8dc2985a643927b80eca3f
askuser.armv7l 0.1.4-14.2 platform/core/security/askuser#2e15a94f374b676aca8dc2985a643927b80eca3f
at-spi2-core.armv7l 2.16.1-11.2 platform/upstream/at-spi2-core#632107d94461024f2cdcb6bbe530cc14e96f3fe0
attach-panel-camera.armv7l 0.1.0-16.4 profile/mobile/apps/native/attach-panel-camera#c17a91aa9f488a4ea2691335a15a90b534d36454
attach-panel-gallery.armv7l 1.3.21-23.8 profile/mobile/apps/native/attach-panel-gallery#2d8d11de6d109d4e8b0b670303d2cb3d3892ef78
attach-panel-voicerecorder.armv7l 0.1.0-15.1 profile/mobile/apps/native/attach-panel-voicerecoder#1776490a6637bfb4adb79ef514ce1a6a99e64988
attach-panel.armv7l 0.1.0-12.3 profile/mobile/apps/native/attach-panel#eac47e855cca92f7e8f5bcb5bad7daa82a33cd2c
attr.armv7l 2.4.47-1.12 platform/upstream/attr#450f47ad953f7a7d4c577d489103f75234b25619
audio-config-sc-TM1-sc7730.noarch 0.1.17-4.1 profile/mobile/platform/adaptation/spreadtrum/audio-config-sc#20bc902c262f3ac1c3b16c68b4ff85412c509801
audio-hal-sc7727.armv7l 0.1.17-17.1 platform/adaptation/spreadtrum/audio-hal-sc7727#e6bfd002d72226ea558616a7c83349c3a74bc31d
aul.armv7l 0.0.300-34.1 platform/core/appfw/aul-1#b14acdd722084f62a2bee2ded3d4ce7f8400559a
auth-fw.armv7l 0.0.1-4.3 platform/core/security/auth-fw#282a7b00f385840fd00d98e9e94cd77a9707d657
bash.armv7l 3.2.57-3.1 product/upstream/bash#e15719eca663a1de7762ab70817b0357640572bc
bluetooth-agent.armv7l 0.1.0-30.1 platform/core/connectivity/bluetooth-agent#50e736df1bec1801635ed4e40fdd26345710ed9f
bluetooth-firmware-sprd-TM1.armv7l 0.1.1-3.1 platform/adaptation/bluetooth-firmware-sprd#29c93f443d87e88075145ee6673436fffd2efd85
bluetooth-frwk-core.armv7l 0.2.151-84.1 platform/core/connectivity/bluetooth-frwk#efaf7c9cf9707b0d2899103952ad63ae5e4bb116
bluetooth-frwk-service.armv7l 0.2.151-84.1 platform/core/connectivity/bluetooth-frwk#efaf7c9cf9707b0d2899103952ad63ae5e4bb116
bluetooth-frwk.armv7l 0.2.151-84.1 platform/core/connectivity/bluetooth-frwk#efaf7c9cf9707b0d2899103952ad63ae5e4bb116
bluetooth-share.armv7l 0.0.47-40.1 platform/core/connectivity/bluetooth-share#58e5f96be2f5286270b123c0557b11fa5bfa6e80
bluetooth-tools.armv7l 0.2.35-19.1 platform/core/connectivity/bluetooth-tools#24b434e3f4f8983a6d4f6cbe192501754fc3df3e
bluez.armv7l 5.37-51.1 platform/upstream/bluez#efdef8a229f6f8aac1f2c85539542513629c3056
boost-date-time.armv7l 1.58.0-13.2 platform/upstream/boost#19bc0ae04846b66e010064545c66a1b6f1a042ac
boost-filesystem.armv7l 1.58.0-13.2 platform/upstream/boost#19bc0ae04846b66e010064545c66a1b6f1a042ac
boost-license.noarch 1.58.0-13.2 platform/upstream/boost#19bc0ae04846b66e010064545c66a1b6f1a042ac
boost-program-options.armv7l 1.58.0-13.2 platform/upstream/boost#19bc0ae04846b66e010064545c66a1b6f1a042ac
boost-regex.armv7l 1.58.0-13.2 platform/upstream/boost#19bc0ae04846b66e010064545c66a1b6f1a042ac
boost-system.armv7l 1.58.0-13.2 platform/upstream/boost#19bc0ae04846b66e010064545c66a1b6f1a042ac
boost-thread.armv7l 1.58.0-13.2 platform/upstream/boost#19bc0ae04846b66e010064545c66a1b6f1a042ac
boot-animation.armv7l 0.3.7-11.5 apps/core/preloaded/boot-animation#ce20ff4e0d4b9f8231ae90577be252f8f335755c
buxton2.armv7l 1.1-43.1 platform/core/system/buxton2#31c28d61620c7fb0e43b683cb58aa031e05e4e9d
ca-certificates-tizen.armv7l 0.2.0-8.1 platform/core/security/ca-certificates-tizen#eb121522ca766e68713d54e6b2b039e2eb7900db
ca-certificates.noarch 0.0.2-17.20 platform/core/security/ca-certificates#2918b0eea81778b9963db13c9447f07d1af0fbef
calendar-service.armv7l 0.1.164-48.15 platform/core/pim/calendar-service#00d87a21322eb9efd3fe68f158b9ca7e9ac85424
call-manager.armv7l 0.1.72-34.4 platform/core/telephony/call-manager#937dd16e83c0473ccf5c1ea23c018aeb75d854ff
capi-media-screen-mirroring.armv7l 0.1.48-8.36 platform/core/api/screen-mirroring#ef9580be16b1f94dd891b82ddf6067aad63d53e6
capi-media-streamer.armv7l 0.1.7-13.6 platform/core/api/mediastreamer#b922a3ee2f55d6bb08a2bc46a720afc402e867d0
capi-media-streamrecorder.armv7l 0.0.7-4.43 platform/core/api/mediastreamrecorder#2ac4aeeea701f94e4a5e1dd54ddccd2fa80dab6e
capi-mediademuxer.armv7l 0.1.2-5.15 platform/core/api/mediademuxer#61162ef16e9ee068cd20b345ca27ac478182dbc4
capi-mediamuxer.armv7l 0.1.1-6.15 platform/core/api/mediamuxer#c421463a55c9aff2a803cb15e9c2bd4789536ca8
capi-network-http.armv7l 0.0.11-11.8 platform/core/api/http#13fb073a58aff31d3de2b8e6e8465629b6acd9f8
capi-network-mtp.armv7l 1.3.14-3.2 platform/core/api/mtp#51b43cdf720f83201476bc4499050a781b47d18d
capi-network-nfc.armv7l 0.3.4-17.18 platform/core/api/nfc#bb9f62f7a6bc4501509d4f761f64d29a5144245f
capi-network-softap.armv7l 0.0.7-3.4 platform/core/api/softap#f2e4c8ccf99418b8204500e71e284fcff334aa4f
capi-network-vpn-setting.armv7l 0.1.0_3-3.56 platform/core/api/vpn-setting#b65a1e86d8bf5513b7b309467eb8edd89a1f3e0a
capi-vpnsvc.armv7l 1.0.23-19.1 platform/core/api/vpn-service#9bd6013f577b109b5a879784e6a337ce8649ca3d
cert-checker.armv7l 0.1.1-10.2 profile/mobile/platform/core/security/cert-checker#85c3b638b4365f66a028936d5a34ac32699c70cb
cert-svc-ui.armv7l 1.0.3-24.1 profile/mobile/platform/core/security/cert-svc-ui#e3728f5062cec61d657d25f1920c94d5ab9454ff
cert-svc.armv7l 2.1.1-47.6 platform/core/security/cert-svc#a35638440c0a8919d50013fbd6a25ef35675b9db
chromium-efl.armv7l 47.2526.69.49-301.2 platform/framework/web/chromium-efl#a2b00ea6670b173fa56a813cd9f4ad8014f7324a
connman-connman-vpnd.armv7l 1.29-50.1 platform/upstream/connman#0a714ce6194d231e509310aa69a230e7e5914853
connman-plugin-openvpn.armv7l 1.29-50.1 platform/upstream/connman#0a714ce6194d231e509310aa69a230e7e5914853
connman.armv7l 1.29-50.1 platform/upstream/connman#0a714ce6194d231e509310aa69a230e7e5914853
cordova-api.armv7l 0.11-8.49 platform/core/api/cordova-plugins#7fd92a8bcc51533a826446e341e5ec7052ce1ae8
coregl.armv7l 0.1.10-14.21 platform/core/uifw/coregl#715d39db2cbc5a44eb5f88b44e0151e3d083ee36
coreutils.armv7l 6.9-7.3 product/upstream/coreutils#c11dc7c39c03e9ec3f36c4296660132fe7213010
crash-worker.armv7l 0.2.0-21.1 platform/core/system/crash-worker#70cd339a94c42bee1d23d89a44081611a1fbd65c
crosswalk-tizen.armv7l 1.0.0-58.1 platform/framework/web/crosswalk-tizen#75e6c6ba16945e80dfab6cd48a93f4828b551c38
cryptsetup.armv7l 1.6.7-2.1 platform/upstream/cryptsetup#064b2722c00e5d32b35d3f47b24e7be3ad1c132b
curl.armv7l 7.48.0-12.1 platform/upstream/curl#ede3440ea72f7455b2a43cd6fda32cdc777b8a41
cyad.armv7l 0.14.2-35.1 platform/core/security/cynara#ccde197966af6c02a493f9cda2cf83a8dd73b5fa
cynara-db-migration.armv7l 0.14.2-35.1 platform/core/security/cynara#ccde197966af6c02a493f9cda2cf83a8dd73b5fa
cynara.armv7l 0.14.2-35.1 platform/core/security/cynara#ccde197966af6c02a493f9cda2cf83a8dd73b5fa
d2d-conv-manager-lib.armv7l 0.0.1-14.16 platform/core/convergence/d2d-conv-manager#6a738e461a893c5e44801afa2a0b991d86ed5f30
d2d-conv-manager.armv7l 0.0.1-14.16 platform/core/convergence/d2d-conv-manager#6a738e461a893c5e44801afa2a0b991d86ed5f30
dali-adaptor-dali-video-player-plugin.armv7l 1.1.39-60.10 platform/core/uifw/dali-adaptor#1c1b89716e8cdbdc2e9fbcb70f4251e6dc5f5b95
dali-adaptor.armv7l 1.1.39-60.10 platform/core/uifw/dali-adaptor#1c1b89716e8cdbdc2e9fbcb70f4251e6dc5f5b95
dali.armv7l 1.1.39-16.1 platform/core/uifw/dali-core#41bade387b3cba1899655c3ac4442d6c85bf0ad3
data-control.armv7l 0.0.16-27.1 platform/core/appfw/data-control#473c8d2d43ed35b80770c03cfb650eb7d2787078
data-provider-master.armv7l 1.3.0-34.1 platform/core/appfw/data-provider-master#466c04bed02192f437168dd8ea856481233ba4b8
db4.armv7l 4.8.30.NC-1.15 platform/upstream/db4#a9c449b776662e5b683c754f36b0cbe5710888e5
dbus-glib.armv7l 0.100.2-8.9 platform/upstream/dbus-glib#43ece0a1234a07d165097262df34d4399fdcb67c
dbus-libs.armv7l 1.10.6-38.1 platform/upstream/dbus#9be155052dd31bbc8e11a2ddb14b29b7a7d1301f
dbus.armv7l 1.10.6-38.1 platform/upstream/dbus#9be155052dd31bbc8e11a2ddb14b29b7a7d1301f
dcm-service.armv7l 0.0.12-21.1 platform/core/multimedia/dcm-service#eb05ed659dd73adcd19baf3a3f7efb6bed646565
debug-launchpad.armv7l 0.0.12-18.1 platform/core/appfw/debug-launchpad#6297b39601a770d4ef84a9913cab471d7b8171c4
default-ac-domains.noarch 0.1-15.1 platform/core/security/default-ac-domains#c2c96c8cf625722db3b7522b854e9b2d8a6c515b
default-fonts-fc-sdk.armv7l 0.0.5-12.2 platform/core/graphics/default-fonts-fc-sdk#b588050bc45908383e6e9a122a6d2cff9d9e2bf9
default-fonts-sdk.armv7l 1.2.1.0-11.1 platform/core/graphics/default-fonts-sdk#24ab51948cc4d8da96446e8bb23f5bd539889851
device-manager-plugin-sc7730.armv7l 0.0.1-13.1 profile/mobile/platform/adaptation/spreadtrum/device-manager-plugin-sc7730#6a4892a96d489ecb727dc9ca92e6a54cc601b581
device-mapper.armv7l 1.02.77-7.8 platform/upstream/device-mapper#911d8280f4873d65ea93f12a23eddf79a40b38eb
device-policy-manager.armv7l 0.0.1-34.1 platform/core/security/device-policy-manager#31e91cfe4f5b3dd5c9851703e065b0b9dbb981ed
deviced-tools.armv7l 1.0.0-77.2 platform/core/system/deviced#ba109f0460c15dfdf2accc6baae3cc197be3810a
deviced.armv7l 1.0.0-77.2 platform/core/system/deviced#ba109f0460c15dfdf2accc6baae3cc197be3810a
dlogutil.armv7l 0.4.1-47.1 platform/core/system/dlog#d29b09bb775a7d0f77b96bc258154ed573483ec8
dnsmasq.armv7l 2.74-14.1 platform/upstream/dnsmasq#0d9282104a68ca9cb49dce5838adcf885890298c
download-provider.armv7l 2.1.57-49.10 platform/framework/web/download-provider#ef9649453d9da6ec814d5c02e7b32e746771fbc3
dpm-pam-zone.armv7l 0.0.1-34.1 platform/core/security/device-policy-manager#31e91cfe4f5b3dd5c9851703e065b0b9dbb981ed
drm-service-core-tizen.armv7l 0.3.9-5.1 platform/core/security/drm-service-core-tizen#4af85bae1725523111e3b451e963630c7e6059f7
dummyasm.armv7l 0.0.1-22.1 platform/core/account/fido-client#de43ede1fd99bcfca46945994bcedadcc015a4ff
e-mod-tizen-devicemgr.armv7l 0.1.19-94.5 platform/core/uifw/e-mod-tizen-devicemgr#1c221137e5862db1808e441059ad167993e17beb
e-mod-tizen-effect.armv7l 0.1.0-10.2 platform/core/uifw/e-mod-tizen-effect#779d8a835a0678727f410d96dae333f684e6e34d
e-mod-tizen-eom.armv7l 0.1.1-8.39 platform/core/uifw/e-mod-tizen-eom#6a98082ebfbb2e9f840c11a47df71f310ee0c7b8
e-mod-tizen-gesture.armv7l 0.1.0-4.3 platform/core/uifw/e-mod-tizen-gesture#f7e457cd58f3f563518174440628b96f562e9536
e-mod-tizen-keyrouter.armv7l 0.1.19-51.2 platform/core/uifw/e-mod-tizen-keyrouter#82ae210b4fdc9e44cfe70bd05cc5bd789f596a9b
e-mod-tizen-processmgr.armv7l 0.1.2-4.40 platform/core/uifw/e-mod-tizen-processmgr#93fbd3f09be3ec574ace03ad55d417477a3c87d6
e-mod-tizen-qpmgr.armv7l 0.1.15-6.3 profile/mobile/platform/core/uifw/e-mod-tizen-qpmgr#12c04e9f1b79414e7c6f5026113e177702aa3697
e-mod-tizen-screen-reader.armv7l 0.0.1-2.14 platform/core/uifw/e-mod-tizen-screen-reader#54e8d6539e46cdd8c25b1d2863c82d8a9cfe8d28
e-mod-tizen-wl-textinput.armv7l 0.1.55-57.1 platform/core/uifw/e-mod-tizen-wl-textinput#4cf91404fabfcdc5a4d8d99efb6215fc6fe39b5b
e-mod-tizen-wm-policy.armv7l 0.2.24-134.1 platform/core/uifw/e-mod-tizen-wm-policy#dd03110613f3e01b514c7f9c71c553ec25e9772f
e-tizen-data.noarch 0.2.8-61.1 profile/mobile/platform/core/uifw/e-tizen-data#91714d30dae67040b16887592b04b8159893947e
e2fsprogs.armv7l 1.42.13-2.1 platform/upstream/e2fsprogs#00fd769c1ad97db4957076d815725821c33ac2eb
ector.armv7l 1.16.0-220.6 platform/upstream/efl#c5ae8b555c10053d3000be83fc4f8f61b03e5764
edbus.armv7l 1.7.9-8.19 platform/upstream/edbus#f988bbb48d8894e47d9166ebb966e51fd2f32942
eet.armv7l 1.16.0-220.6 platform/upstream/efl#c5ae8b555c10053d3000be83fc4f8f61b03e5764
eeze.armv7l 1.16.0-220.6 platform/upstream/efl#c5ae8b555c10053d3000be83fc4f8f61b03e5764
efl-assist.armv7l 0.1.18r02-9.5 platform/core/uifw/efl-assist#a88bc31689172ae3fc11d0e0724a05cbc39aa050
efl-config.armv7l 0.1-6.1 profile/mobile/platform/core/uifw/efl-config#ce08b1b39a1fcacf313fee3c2e7b9c07cad81b9f
efl-misc.noarch 0.1.32-23.1 profile/mobile/platform/core/uifw/efl-misc#550bcfd157fbb1fe72aba2d3109af32f11284a98
efl-modules.armv7l 0.1.1-7.1 profile/mobile/platform/core/uifw/efl-modules#64335a5e62de4b03497e66960f68665e576488c0
efl-theme-tizen-mobile.armv7l 1.0-32.6 profile/mobile/platform/core/uifw/efl-theme-tizen-mobile#0ad7c5090343c06a4b11c473fb22381d5274f471
efl.armv7l 1.16.0-220.6 platform/upstream/efl#c5ae8b555c10053d3000be83fc4f8f61b03e5764
efreet.armv7l 1.16.0-220.6 platform/upstream/efl#c5ae8b555c10053d3000be83fc4f8f61b03e5764
eio.armv7l 1.16.0-220.6 platform/upstream/efl#c5ae8b555c10053d3000be83fc4f8f61b03e5764
eldbus.armv7l 1.16.0-220.6 platform/upstream/efl#c5ae8b555c10053d3000be83fc4f8f61b03e5764
embryo.armv7l 1.16.0-220.6 platform/upstream/efl#c5ae8b555c10053d3000be83fc4f8f61b03e5764
emile.armv7l 1.16.0-220.6 platform/upstream/efl#c5ae8b555c10053d3000be83fc4f8f61b03e5764
enlightenment.armv7l 0.20.0-191.1 platform/upstream/enlightenment#1980b81fedd2d143f845717b4e0b28f846912321
eo.armv7l 1.16.0-220.6 platform/upstream/efl#c5ae8b555c10053d3000be83fc4f8f61b03e5764
esd.armv7l 0.0.1-5.1 platform/core/appfw/event-system#c34684a9fbbebca2b66e0c4dccf72b16ab227027
ethumb.armv7l 1.16.0-220.6 platform/upstream/efl#c5ae8b555c10053d3000be83fc4f8f61b03e5764
evas.armv7l 1.16.0-220.6 platform/upstream/efl#c5ae8b555c10053d3000be83fc4f8f61b03e5764
eventsystem.armv7l 0.0.1-11.2 platform/core/appfw/libeventsystem#d20cbfa6da9ec348df0a7b1356502892ed62bd5a
fido-client.armv7l 0.0.1-22.1 platform/core/account/fido-client#de43ede1fd99bcfca46945994bcedadcc015a4ff
filesystem.armv7l 3.1-5.1 platform/upstream/filesystem#6d72da8cd0bb2a853ebdd2fc8eb7ae8175f07bef
findutils.armv7l 4.3.8-2.10 product/upstream/findutils#9ce8659bcb14492a8da04b8eebff7528745e7ba5
fontconfig.armv7l 2.11.93-11.1 platform/upstream/fontconfig#0cbee96a357c6248fbd0d50c5b1872c184ab9b12
freealut.armv7l 1.1.0-8.1 platform/upstream/freealut#e49c4159c327ac69b050d318d9ad6c6b7303da50
fribidi.armv7l 0.19.5-6.9 platform/upstream/fribidi#d96da0b6aa6593b118b22d59a242c4feb5ff4927
fsck-msdos.armv7l 1.0.0-1.1 platform/upstream/fsck-msdos#beca313598e4235920c800028a287958fbfbf4ed
gawk.armv7l 3.1.5-2.8 product/upstream/gawk#5f040b3129470de365e017593cfccb094abb2b1e
gdbm.armv7l 1.8.3-2.5 product/upstream/gdbm#de09dc9644ad6109d4c016134ba4e9ff9d657717
geofence-server.armv7l 0.4.4-19.40 platform/core/location/geofence-server#1237eaaf7fdfe7d23c5914bc0e0b3d49164769ef
giflib.armv7l 5.1.2-9.4 platform/upstream/giflib#a152ebfeb96620337dd37433b7397a0fd921c055
gio-branding-upstream.noarch 2.44.1-7.1 platform/upstream/glib#6575f70f19e01ca6957db16dc40789d05a9a5904
girepository.armv7l 1.36.0-6.12 platform/upstream/gobject-introspection#6c15fe2f7415421fd1d38d03d8865c0e3e4c9967
glib-networking.armv7l 2.38.0-16.2 platform/upstream/glib-networking#8128574f85494afdbfb8743900c215022be296c5
glibc-locale.armv7l 2.20-9.1 platform/upstream/linaro-glibc#47d37d990ab286a96a5e38fbeec641365d24c02b
glibc.armv7l 2.20-9.1 platform/upstream/linaro-glibc#47d37d990ab286a96a5e38fbeec641365d24c02b
gmime.armv7l 2.6.20-4.1 platform/upstream/gmime#c3a886e7df55fd50565aea213a182aeac46c7009
gmock.armv7l 1.7.0-4.1 platform/upstream/gmock#e9af2645b97318476dc0eeded167f0bd08d686ec
grep.armv7l 2.5.2-2.8 product/upstream/grep#89b6768046f08b7e319b44eae9bb3dab50714da4
gssdp.armv7l 0.14.4-2.4 platform/upstream/gssdp#82132acee11fc856a26b93cee1201dd77e201380
gst-libav.armv7l 1.6.1-16.3 platform/upstream/gst-libav#e1f563f39a91fad1f7e932f56b78c2ace8b4f90b
gst-plugins-bad.armv7l 1.6.1-58.1 platform/upstream/gst-plugins-bad#4e06da80f2a4f1100b2de11a82d7004894e14e25
gst-plugins-base.armv7l 1.6.1-28.1 platform/upstream/gst-plugins-base#5d747861353471d5b409d0ed28fd9119512898ae
gst-plugins-good.armv7l 1.6.1-29.1 platform/upstream/gst-plugins-good#e96dae67cfd5f9ff1b9d4b3395512cd221c17ee0
gst-plugins-tizen.armv7l 1.0.0-37.2 platform/upstream/gst-plugins-tizen#0271b38e81c9c6a36ca4219cc187380614bd5b7e
gst-plugins-ugly.armv7l 1.6.1-12.8 platform/upstream/gst-plugins-ugly#d5c390bf1b3ca4fee7d9100f620be7fae75b863a
gst-rtsp-server.armv7l 1.6.1-23.1 platform/upstream/gst-rtsp-server#eb5a99fb87006febc7793376e6da60d6d47968f4
gstreamer-utils.armv7l 1.6.1-20.7 platform/upstream/gstreamer#834fcac126cee1077181ced6abbe738be243f0ab
gstreamer.armv7l 1.6.1-20.7 platform/upstream/gstreamer#834fcac126cee1077181ced6abbe738be243f0ab
gum-utils.armv7l 1.0.8-51.1 platform/upstream/gumd#046e35268b39f13769857f7bd69ff50be78d5480
gumd.armv7l 1.0.8-51.1 platform/upstream/gumd#046e35268b39f13769857f7bd69ff50be78d5480
gzip.armv7l 1.3.12-2.11 product/upstream/gzip#94415ecd9267c94e8d75c94463426e880d55f300
heremaps-uc-launcher.armv7l 0.3.2-28.2 platform/core/location/maps-plugin-here#9d5c3813af234fb07f4d6cb686b301f3d198af3b
iniparser.armv7l 3.1-9.4 platform/upstream/iniparser#c216877577a389ba12752e8620a1c56371acce80
iotcon.armv7l 0.2.2-33.29 platform/core/iot/iotcon#2e9667915419c43073bb382a5b22c3f13fc012d9
iotivity.armv7l 1.1.0-19.31 platform/upstream/iotivity#f5025d7067356e547eecff643d71912bf8cf008e
iproute2.armv7l 3.9.0-10.1 platform/upstream/iproute2#5d14810bf9e4acb2c68b95239b6ab9754765d9b8
iptables.armv7l 1.4.21-9.7 platform/upstream/iptables#bdab2ae3d451b295663473477b0f2d8064c75fc6
ise-default.armv7l 1.2.63-89.1 platform/core/uifw/ise-default#f7c683f361d682cd701c3b9883a05d1acbadd0e4
ise-engine-anthy.armv7l 1.0.7-11.1 platform/core/uifw/ise-engine-anthy#362e61c54f6658adfd141a65434412ef90ab7ff5
ise-engine-default.armv7l 1.0.5-9.3 platform/core/uifw/ise-engine-default#563312a423791d23ee3fb769fa104811edcba2ff
ise-engine-hangul.armv7l 1.0.7-12.1 platform/core/uifw/ise-engine-hangul#1ad1305b204f4953e49390ba3d860689dd413fc8
ise-engine-sunpinyin.armv7l 1.0.5-9.3 platform/core/uifw/ise-engine-sunpinyin#d93c032aadfff6c80f46a162703ee6540866da2a
ise-engine-tables-zh.armv7l 1.0.8-13.1 platform/core/uifw/ise-engine-tables#e49234aaeb3b8a07b5174f5bd3f492a67a94f014
ise-engine-tables.armv7l 1.0.8-13.1 platform/core/uifw/ise-engine-tables#e49234aaeb3b8a07b5174f5bd3f492a67a94f014
ise-engine-unikey.armv7l 0.3.2-4.1 platform/core/uifw/ise-engine-unikey#f2990720ca9b87f712ddc6394db7ae6fe9ba9a0b
isf-config-mobile.noarch 0.1.0-2.1 profile/mobile/platform/core/uifw/isf-config#70052c10dc6f39de31e96eee4c95b481b93f5dfa
isf.armv7l 3.0.105-126.1 platform/core/uifw/isf#25c69fd06598a5bb655fc20fc5cc091a55718202
jsoncpp.armv7l 1.6.5-2.2 platform/upstream/jsoncpp#e21f5fb3b3e673b5c1ec91264ec765a420ca9df8
kmod-compat.armv7l 18-8.1 platform/upstream/kmod#92857e35087bbb0816bdd19bcaf687adb0603392
kmod.armv7l 18-8.1 platform/upstream/kmod#92857e35087bbb0816bdd19bcaf687adb0603392
launchpad.armv7l 0.2.3.14-58.1 platform/core/appfw/launchpad#91ea225bdcf1ca221b02c1eb923da24504bd32a2
lbs-server-plugin-replay.armv7l 0.2.4-9.11 platform/core/location/lbs-server-plugin-replay#4cc56694dd5b10bdc7ea4b372f741554bb0d2538
lbs-server.armv7l 1.0.4-18.1 platform/core/location/lbs-server#200557c0400a6b53a1a752cc4caafe2cd158d788
libaccount-service.armv7l 0.4.4-18.1 platform/core/api/libaccount-service#c1bd9b72f4d72b53a4979b50568cb66b92dc5606
libacl.armv7l 2.2.52-3.1 platform/upstream/acl#bb2f70f5a4d7015cb3dadf2a84f42117bae1c669
libalarm.armv7l 0.4.178-45.1 platform/core/appfw/alarm-manager#f3fda7e3334651f25814cf284b6846dc469fc626
libaskuser-common.armv7l 0.1.4-14.2 platform/core/security/askuser#2e15a94f374b676aca8dc2985a643927b80eca3f
libasound.armv7l 1.0.28-12.1 platform/upstream/alsa-lib#60fba69d29ab9bbd812f4a35f7ff9e986fe5d8a5
libatk-bridge-2_0-0.armv7l 2.12.0-6.1 platform/upstream/at-spi2-atk#78c7762e0b1bd61b6508d70cc914b4d3c7f47b95
libatk.armv7l 2.12.0-12.1 platform/upstream/atk#64dd2a3c3a8bffb86d836658afef68b4660c33dd
libatspi0.armv7l 2.16.1-11.2 platform/upstream/at-spi2-core#632107d94461024f2cdcb6bbe530cc14e96f3fe0
libattr.armv7l 2.4.47-1.12 platform/upstream/attr#450f47ad953f7a7d4c577d489103f75234b25619
libauth-fw-client-admin.armv7l 0.0.1-4.3 platform/core/security/auth-fw#282a7b00f385840fd00d98e9e94cd77a9707d657
libauth-fw-client.armv7l 0.0.1-4.3 platform/core/security/auth-fw#282a7b00f385840fd00d98e9e94cd77a9707d657
libavcodec.armv7l 11.4-11.2 platform/upstream/libav#9e35dd7c8f1c03b6bd4ca54710da38729c27f821
libavformat.armv7l 11.4-11.2 platform/upstream/libav#9e35dd7c8f1c03b6bd4ca54710da38729c27f821
libavutil.armv7l 11.4-11.2 platform/upstream/libav#9e35dd7c8f1c03b6bd4ca54710da38729c27f821
libblkid.armv7l 2.28-6.1 platform/upstream/util-linux#325bf80fcd74f4732a045eca447e7c1fc178b64e
libbluetooth-share.armv7l 0.0.47-40.1 platform/core/connectivity/bluetooth-share#58e5f96be2f5286270b123c0557b11fa5bfa6e80
libbluetooth.armv7l 5.37-51.1 platform/upstream/bluez#efdef8a229f6f8aac1f2c85539542513629c3056
libbmp.armv7l 0.1.3-2.1 platform/upstream/libbmp#0581f50825d90713e8fe8f1d383cde16868c924f
libbz2.armv7l 1.0.6-1.73 platform/upstream/bzip2#2eaa43958f0416d06758a05fe93d098002ee339d
libcairo.armv7l 1.14.2-16.1 platform/core/graphics/cairo#c279cf141e79f15eccd5ff386cf008c8cba8fb64
libcall-manager.armv7l 0.0.10-7.5 platform/core/telephony/libcall-manager#5b9141ca8bade6912dddbcdcb133b11f2ef167de
libcap-tools.armv7l 2.24-1.69 platform/upstream/libcap#efac36e39e9c65ebf2a11545b6fe9a2e0185d5e8
libcap.armv7l 2.24-1.69 platform/upstream/libcap#efac36e39e9c65ebf2a11545b6fe9a2e0185d5e8
libcares.armv7l 1.10.0-1.8 platform/upstream/c-ares#cbe8b82a6854d8ff4a306ae3240a6606a3d1090a
libcert-checker-client.armv7l 0.1.1-10.2 profile/mobile/platform/core/security/cert-checker#85c3b638b4365f66a028936d5a34ac32699c70cb
libcert-checker-common.armv7l 0.1.1-10.2 profile/mobile/platform/core/security/cert-checker#85c3b638b4365f66a028936d5a34ac32699c70cb
libcom_err.armv7l 1.42.13-2.1 platform/upstream/e2fsprogs#00fd769c1ad97db4957076d815725821c33ac2eb
libcryptsvc.armv7l 0.0.1-11.3 platform/core/security/libcryptsvc#789fc17ac1d5641a8d82b429b1785f9a6c2b4097
libcurl.armv7l 7.48.0-12.1 platform/upstream/curl#ede3440ea72f7455b2a43cd6fda32cdc777b8a41
libcynara-admin.armv7l 0.14.2-35.1 platform/core/security/cynara#ccde197966af6c02a493f9cda2cf83a8dd73b5fa
libcynara-agent.armv7l 0.14.2-35.1 platform/core/security/cynara#ccde197966af6c02a493f9cda2cf83a8dd73b5fa
libcynara-client.armv7l 0.14.2-35.1 platform/core/security/cynara#ccde197966af6c02a493f9cda2cf83a8dd73b5fa
libcynara-commons.armv7l 0.14.2-35.1 platform/core/security/cynara#ccde197966af6c02a493f9cda2cf83a8dd73b5fa
libcynara-creds-commons.armv7l 0.14.2-35.1 platform/core/security/cynara#ccde197966af6c02a493f9cda2cf83a8dd73b5fa
libcynara-creds-dbus.armv7l 0.14.2-35.1 platform/core/security/cynara#ccde197966af6c02a493f9cda2cf83a8dd73b5fa
libcynara-creds-gdbus.armv7l 0.14.2-35.1 platform/core/security/cynara#ccde197966af6c02a493f9cda2cf83a8dd73b5fa
libcynara-creds-socket.armv7l 0.14.2-35.1 platform/core/security/cynara#ccde197966af6c02a493f9cda2cf83a8dd73b5fa
libcynara-monitor.armv7l 0.14.2-35.1 platform/core/security/cynara#ccde197966af6c02a493f9cda2cf83a8dd73b5fa
libcynara-session.armv7l 0.14.2-35.1 platform/core/security/cynara#ccde197966af6c02a493f9cda2cf83a8dd73b5fa
libdevice-node.armv7l 0.1.0-16.1 platform/core/system/libdevice-node#72b6c01cd71f94fdc5107cc3bcaf7002d1af81ca
libdeviced.armv7l 1.0.0-77.2 platform/core/system/deviced#ba109f0460c15dfdf2accc6baae3cc197be3810a
libdevmapper.armv7l 1.02.77-7.8 platform/upstream/device-mapper#911d8280f4873d65ea93f12a23eddf79a40b38eb
libdns_sd.armv7l 576.30.4-7.1 platform/upstream/mdnsresponder#6e26a08d0f0dbde84ebd701fa875058610995787
libdpm.armv7l 0.0.1-34.1 platform/core/security/device-policy-manager#31e91cfe4f5b3dd5c9851703e065b0b9dbb981ed
libdrm.armv7l 2.4.58-23.1 platform/upstream/libdrm#500fd993bcf782484e8f53bd77f118ec81302b92
libdw.armv7l 0.153-5.2 product/upstream/elfutils#2409992e137a9d50ac0d487c113333e0bae15db3
libebl.armv7l 0.153-5.2 product/upstream/elfutils#2409992e137a9d50ac0d487c113333e0bae15db3
libelf.armv7l 0.153-5.2 product/upstream/elfutils#2409992e137a9d50ac0d487c113333e0bae15db3
libevdev.armv7l 1.2.2-10.3 platform/upstream/libevdev#4d46ff84aca5d09ef33050c3a9c5bcf96c16046e
libexif.armv7l 0.6.21-7.1 platform/upstream/libexif#b9c784fd54b8e5e3f5ee135dc727f616e6b54a0f
libexpat.armv7l 2.1.1-2.1 platform/upstream/expat#c5ded00cd55cbe179cab047be997fa6d7ca0149f
libext2fs.armv7l 1.42.13-2.1 platform/upstream/e2fsprogs#00fd769c1ad97db4957076d815725821c33ac2eb
libfdisk1.armv7l 2.28-6.1 platform/upstream/util-linux#325bf80fcd74f4732a045eca447e7c1fc178b64e
libffi.armv7l 3.1-2.1 platform/upstream/libffi#9301bebc6078e3ccf4db45aa63cc5dc853286b42
libfreebl3.armv7l 3.23-4.13 platform/upstream/nss#d2a8c7e98ab18907c1e14033c993731adc7eea9e
libfreetype.armv7l 2.5.5-8.3 platform/upstream/freetype2#84672cb0b533cbd681ab0e3735a8eb66ddbceef8
libfuse.armv7l 2.9.6-9.1 platform/upstream/fuse#e7a25386ed7e656665efcc632a0dbba5b5a83877
libgbm.armv7l 1.0-6.1 platform/core/uifw/libgbm#ae5d34445eee38daa4349a9ea0340b3faa324ded
libgcc.armv7l 4.9.2-11.2 platform/upstream/linaro-gcc#3e3fac6d58ffa4a65a61bfd4fcf74c321fc18665
libgcrypt.armv7l 1.7.1-3.1 platform/upstream/libgcrypt#04c14f15d3935e6808487ecdfb7ce04fdee3858a
libgeofence-dbus.armv7l 0.3.3-10.1 platform/core/location/geofence-dbus#8b0589afbdd8140bf3ecae73a9a0dd923845947a
libgio.armv7l 2.44.1-7.1 platform/upstream/glib#6575f70f19e01ca6957db16dc40789d05a9a5904
libgirepository.armv7l 1.36.0-6.12 platform/upstream/gobject-introspection#6c15fe2f7415421fd1d38d03d8865c0e3e4c9967
libglib.armv7l 2.44.1-7.1 platform/upstream/glib#6575f70f19e01ca6957db16dc40789d05a9a5904
libgmodule.armv7l 2.44.1-7.1 platform/upstream/glib#6575f70f19e01ca6957db16dc40789d05a9a5904
libgmp.armv7l 4.2.1-4.1 product/upstream/gmp#63db76d4b2f713185c85f75dc49e7f0d43b34005
libgnutls.armv7l 3.4.11-10.1 platform/upstream/gnutls#e65cbd2e89245c5609d30e042f05b3ee693eec49
libgobject.armv7l 2.44.1-7.1 platform/upstream/glib#6575f70f19e01ca6957db16dc40789d05a9a5904
libgpg-error.armv7l 1.13-3.34 platform/upstream/libgpg-error#6b695f27757cbebe83801f4532100b8d1cafd6d4
libgthread.armv7l 2.44.1-7.1 platform/upstream/glib#6575f70f19e01ca6957db16dc40789d05a9a5904
libgudev.armv7l 219-47.1 platform/upstream/systemd#c0a3f15db312146eedef6f5f5a74e5c0b660a791
libgum.armv7l 1.0.8-51.1 platform/upstream/gumd#046e35268b39f13769857f7bd69ff50be78d5480
libhangul.armv7l 0.1.0-11.9 platform/core/uifw/libhangul#025191eda9ef24340d1cc660ccea982147f3ff95
libharfbuzz.armv7l 0.9.40-9.1 platform/upstream/harfbuzz#b2201aeb45f31a7a91cc0c2abb1bb42335366030
libhogweed.armv7l 3.2-9.1 platform/upstream/nettle#51b1acb90a37a3326cb5f34002a18c342eca98a9
libhyphen.armv7l 2.8.8-2.2 platform/upstream/hyphen#15bb768f6cfa2d033f549c93544530a886d6aa27
libicu.armv7l 57.1-13.1 platform/upstream/icu#d88c9bdd83d0da9c2159a6d2716638e4fb6cebef
libidn.armv7l 1.15-2.5 product/upstream/libidn#0c205eab91aac8642d13686fe58c4ca659263faa
libinput.armv7l 0.11.0-15.1 platform/upstream/libinput#097d4a93634ff68fe7be5795b6fea7994574d5a6
libiri.armv7l 1.1-8.7 platform/upstream/libiri#c756950ca6af8d207c90d570a03ca7673e577123
libjpeg.armv7l 8.0.2-10.19 platform/upstream/libjpeg-turbo#f0c108a8a3303188be997068afd26ae075c709c3
libjson-glib.armv7l 1.2.0-10.1 platform/upstream/json-glib#192d2b4d939dee78bd6eda38f294c59a7756862c
libjson.armv7l 0.12-11.8 platform/upstream/json-c#86f16d64aa1546a2606088a16a938aa08635567e
libkmod.armv7l 18-8.1 platform/upstream/kmod#92857e35087bbb0816bdd19bcaf687adb0603392
liblbs-dbus.armv7l 1.0.0-15.1 platform/core/location/lbs-dbus#7c7984ea9cd4fdb7c55d89495a3b4515baa3cf85
liblbs-location.armv7l 1.3.1-19.3 platform/core/location/lbs-location#3a2fbf30944f06dba73ca2aea3113d9505de382e
libleveldb.armv7l 1.1-8.10 platform/upstream/leveldb#9c5600002489dfbcb0d58ef84e4188e5423265eb
libltdl.armv7l 2.4.2-3.1 platform/upstream/libtool#79f8dda891fc20539d65604d86aee8d0a26c0b98
liblua.armv7l 5.1.4-1.14 platform/upstream/lua#25c38c5d6cf919f6e0c37413955c20dbea24d37f
liblzma.armv7l 5.1.3-2.3 platform/upstream/xz#56a594c73196ae5834d5df55107e318e7d4f7e1f
libmagic-data.armv7l 5.18-1.11 platform/upstream/file#b450849bb0aad0ab5d00c84f5c1b69abc05f4cad
libmagic.armv7l 5.18-1.11 platform/upstream/file#b450849bb0aad0ab5d00c84f5c1b69abc05f4cad
libmedia-service.armv7l 0.2.76-74.1 platform/core/multimedia/libmedia-service#333549b84208fa1703e315fb7d55c192bb39fb0f
libmedia-thumbnail.armv7l 0.1.97-46.1 platform/core/multimedia/libmedia-thumbnail#f48c4e646e021ced509660665952a9728303dccc
libmedia-utils.armv7l 0.2.98-117.1 platform/core/multimedia/media-server#3113180549a2b8b5f410f798fce1ea285481c849
libmm-camcorder.armv7l 0.10.63-48.1 platform/core/multimedia/libmm-camcorder#138f8d97fda52b7ed0b049a45c896d432357bb44
libmm-common.armv7l 0.2.96-25.1 platform/core/multimedia/libmm-common#50de7849be6accc5e622be7c8151f014dd433658
libmm-evas-renderer.armv7l 0.0.3-5.1 platform/core/multimedia/libmm-evas-renderer#bf328d6529f17c8575c6ccacbb204da00910253c
libmm-fileinfo.armv7l 0.6.44-31.1 platform/core/multimedia/libmm-fileinfo#a63dd809dbadcfec35702c3214c6b12392f59924
libmm-imgp-gstcs.armv7l 0.11-13.1 platform/core/multimedia/libmm-imgp-gstcs#178f29f78d27127cb362d7bc4c9e7d689713724d
libmm-player.armv7l 0.5.90-85.1 platform/core/multimedia/libmm-player#4eef9ecce8edeb1e82a8ae07dd17879f4c006c43
libmm-radio.armv7l 0.2.5-19.1 platform/core/multimedia/libmm-radio#17de5a3eeae10585aa5b065ffe10046df13e401e
libmm-session.armv7l 0.2.9-10.7 platform/core/multimedia/libmm-session#0b7c963f5f396bc268781894168c876347bdd1f9
libmm-sound.armv7l 0.10.42-73.1 platform/core/multimedia/libmm-sound#5e2abea44653d98354e66086fcc7097c0a4301cd
libmm-streamrecorder.armv7l 0.0.8-7.1 platform/core/multimedia/libmm-streamrecorder#413f24de7c84e622d7a68d1257ff92457b953c24
libmm-transcode.armv7l 0.10-7.4 platform/core/multimedia/libmm-transcode#30d0bc15151727b8a90605dfe453cf535408a3f4
libmm-utility.armv7l 0.24-33.2 platform/core/multimedia/libmm-utility#0cde86900c97cc0c3cbb7830d693da98fbae3d13
libmm-wfd.armv7l 0.2.198-20.2 platform/core/multimedia/libmm-wfd#f85518e14603c093c5a2c9630c8b195be03e4b09
libmnl.armv7l 1.0.3-6.8 platform/upstream/libmnl#c40ac5e9c3588cf4d542cc04948cc9aff4068783
libmount.armv7l 2.28-6.1 platform/upstream/util-linux#325bf80fcd74f4732a045eca447e7c1fc178b64e
libmtdev.armv7l 1.1.5-8.3 platform/upstream/mtdev#b4af2171ddb052ce49658138a4c203bdfb210a48
libmtp.armv7l 1.1.11-8.3 platform/upstream/libmtp#4a92dde13beb5b5f3bb144e56f5eec6b8eea5b20
libncurses.armv7l 5.9-1.13 platform/upstream/ncurses#eefc3e4398eaa6c81cf61dd36c3ba3d87f33d1bf
libnet-client.armv7l 1.1.55-28.1 platform/core/connectivity/libnet-client#5cbfec89e171655d95467cd95c09507be7bd5967
libnetfilter_queue.armv7l 1.0.2-1.10 platform/upstream/libnetfilter_queue#e99e1939d1fa7cf73a4918dcbb2e286180a8664e
libnettle.armv7l 3.2-9.1 platform/upstream/nettle#51b1acb90a37a3326cb5f34002a18c342eca98a9
libnfnetlink.armv7l 1.0.1-6.11 platform/upstream/libnfnetlink#799f84b01c26970d8a72b058661515a9441ce316
libnl2.armv7l 2.0-6.11 platform/upstream/libnl2#7abc61a18afc17e2489d057115028ddc6d512916
libnsbmp.armv7l 0.1.1-1.9 platform/upstream/libnsbmp#bf8fb39f478b8dc4f8b6565df6b56be7cfc72d71
libnsd-dns-sd.armv7l 0.0.5-14.1 platform/core/api/nsd#406744b3fca529838a2e20f175cd1fee250e645b
libnsd-ssdp.armv7l 0.0.5-14.1 platform/core/api/nsd#406744b3fca529838a2e20f175cd1fee250e645b
liboauth.armv7l 1.0.3-1.2 platform/upstream/liboauth#9d6f3a2e293d7a433847c40a1ac501dc8e39d148
libogg.armv7l 1.3.2-8.2 platform/upstream/libogg#b75913e3b9a875c38ba05cd37ae3eab368fa0672
libopenssl.armv7l 1.0.2g-7.3 platform/upstream/openssl#0d4d30d99b8d7e840e8ae6131f71439eb379a748
liborc.armv7l 0.4.18-8.9 platform/upstream/orc#c8f3d75f1e339924839968051f32d13893be2ea8
libpcre.armv7l 8.31-1.14 platform/upstream/pcre#9c2e8a728e754745e364793d1718dc219c522da0
libpcrecpp.armv7l 8.31-1.14 platform/upstream/pcre#9c2e8a728e754745e364793d1718dc219c522da0
libpepper-efl.armv7l 0.0.13-20.2 platform/core/uifw/libpepper-efl#821624aed7bc021497d63ecf5da41548dc9abc0a
libphonenumber.armv7l 7.0.6-11.9 platform/upstream/libphonenumber#b3ea1d41e615b39522503af317e4956e72344c43
libpng.armv7l 1.6.21-8.6 platform/upstream/libpng#1472d50d76d5562524c55939b2cf2dc14c95d534
libpopt.armv7l 1.16-2.3 platform/upstream/popt#57a4b6aad5f2107aa86aaf2062d553e2b6edc5f0
libprotobuf-lite9.armv7l 2.6.1-9.2 platform/upstream/protobuf#08e41ced8712e364d67fda0948c13d8271bec896
libpulse.armv7l 5.0-57.1 platform/upstream/pulseaudio#4ede897013c362375df581b72db56afe4ac4ce94
libre2.armv7l 20130115-6.10 platform/upstream/re2#4ae165f74795e7a24135199b894cfec36a36d210
libreadline.armv7l 5.2-2.2 platform/upstream/readline#9197ce0c776e355acd8eb33b9f0b526771d27bfe
librua.armv7l 0.1.0-16.2 platform/core/appfw/librua#a36cb3a760de59fbc8394f449d3370aaa6223011
libscl-core.armv7l 0.4.25-30.1 platform/core/uifw/libscl-core#2a7b8ae9246bda46f03962180aa8332402956de6
libscl-ui.armv7l 0.6.28-49.1 platform/core/uifw/libscl-ui#36ffafa5863cf9255502da4e351556c28bf0c3cc
libsecurity-manager-client.armv7l 1.1.10-40.2 platform/core/security/security-manager#eaa484756072f34973a377f3486059ee98fb20d8
libsensord.armv7l 2.0.6-24.7 platform/core/system/sensord#cad27427ccfc390d6f0f137a099fe92d7ff1eaa8
libslp-db-util.armv7l 0.1.1-6.12 platform/core/appfw/libslp-db-util#4ef37c0712f5f5043768c66ffef2a7f5b76ba940
libsmack.armv7l 1.2.0-4.1 platform/upstream/smack#258708ac41e5d98ae802d83b124eb9d0d4194d57
libsmartcols.armv7l 2.28-6.1 platform/upstream/util-linux#325bf80fcd74f4732a045eca447e7c1fc178b64e
libsndfile.armv7l 1.0.26-10.2 platform/upstream/libsndfile#3e10dcd88161de23dde52c1be53e8d54a2f097f2
libsoftokn3.armv7l 3.23-4.13 platform/upstream/nss#d2a8c7e98ab18907c1e14033c993731adc7eea9e
libsoup.armv7l 2.46.0-14.1 platform/upstream/libsoup#9051ac538086420ebec29797359e9d55a5a2547f
libspeexdsp.armv7l 1.1.999_1.2rc1-7.9 platform/upstream/speex#f3149d4a5ace2fbf4d15694b5983ce13239acd9e
libsqlite.armv7l 3.8.10.2-1.11 platform/upstream/sqlite#5b2351dd3f6115a2eec31705a3a9595e36a1d955
libstdc++.armv7l 4.9.2-11.2 platform/upstream/linaro-gcc#3e3fac6d58ffa4a65a61bfd4fcf74c321fc18665
libswscale.armv7l 11.4-11.2 platform/upstream/libav#9e35dd7c8f1c03b6bd4ca54710da38729c27f821
libsystemd.armv7l 219-47.1 platform/upstream/systemd#c0a3f15db312146eedef6f5f5a74e5c0b660a791
libtapi.armv7l 0.8.3-23.27 platform/core/telephony/libtapi#748949e279ec3b92166fc7d69ca4cc0f08c67088
libtasn1.armv7l 4.8-9.1 platform/upstream/libtasn1#e5c912938e2958fbeb7ee01183f0bc4e33143ead
libtcore.armv7l 0.3.5-24.2 platform/core/telephony/libtcore#bea80d6a80c36843af2e6cd95891a404853b3669
libtdm-sprd.armv7l 1.0.1-22.1 platform/adaptation/spreadtrum/libtdm-sprd#17763c8212deac8dba4a93788d1363623fa43ba1
libtdm.armv7l 1.3.0-37.1 platform/core/uifw/libtdm#5ecd7fb59c26446e6f7a83cd2278b0cecd5393bf
libtheora.armv7l 1.1.1-7.8 platform/upstream/libtheora#452027ecdc2aee2c8bcb77496de2968b8ca835ef
libtiff.armv7l 4.0.6-9.6 platform/upstream/tiff#13f7ac96dbb2f0687ba8157b5b24b4b81857850e
libtremolo.armv7l 0.0.11-3.8 platform/upstream/libtremolo#dde4b17bb9f4cc61e125374c08dab9990913a997
libtzplatform-config.armv7l 2.0-39.1 platform/core/appfw/tizen-platform-config#983a697aa098c23a48c34691fa8a7ca9f117817e
libunwind.armv7l 1.1-7.15 platform/upstream/libunwind#d83a30b6eeec029880e59f710bcfe48ff98a6e01
libusb.armv7l 1.0.19-7.10 platform/upstream/libusb#925a0bf805a44244318d8a51d0be2593031865af
libuuid.armv7l 2.28-6.1 platform/upstream/util-linux#325bf80fcd74f4732a045eca447e7c1fc178b64e
libuw-imap-toolkit.armv7l 0.1.36-12.1 platform/upstream/uw-imap-toolkit#e891ff04b3b0a9d62588e37da530d1d2d0d5c083
libv4l.armv7l 1.6.0-4.1 platform/upstream/v4l-utils#bfebac8aed15a9184ab81eb2244cb6489b0dd2c6
libvorbis.armv7l 1.3.4-8.7 platform/upstream/libvorbis#9c9ab7dc64cf725ebfd4b3363514c13c98d8cf46
libvorbisenc.armv7l 1.3.4-8.7 platform/upstream/libvorbis#9c9ab7dc64cf725ebfd4b3363514c13c98d8cf46
libwayland-client.armv7l 1.10.0-22.1 platform/upstream/wayland#c862614a8a219dd871dcfb370846d8871d99badb
libwayland-cursor.armv7l 1.10.0-22.1 platform/upstream/wayland#c862614a8a219dd871dcfb370846d8871d99badb
libwayland-egl.armv7l 1.0-20.1 platform/core/uifw/libtpl-egl#6933722141c4ba59e5c39faa75af5ad1bb9921ab
libwayland-extension-client.armv7l 1.0.45-59.1 platform/core/uifw/wayland-extension#3023389722fd291abab143a1357ecb6418d86b1e
libwayland-extension-server.armv7l 1.0.45-59.1 platform/core/uifw/wayland-extension#3023389722fd291abab143a1357ecb6418d86b1e
libwayland-server.armv7l 1.10.0-22.1 platform/upstream/wayland#c862614a8a219dd871dcfb370846d8871d99badb
libwayland-tbm-client.armv7l 0.1.3-34.1 platform/core/uifw/wayland-tbm#50e51e72856b51a7f240f06fff29edf556bf6fce
libwayland-tbm-server.armv7l 0.1.3-34.1 platform/core/uifw/wayland-tbm#50e51e72856b51a7f240f06fff29edf556bf6fce
libwbxml2.armv7l 0.11.2-6.11 platform/upstream/libwbxml2#549574b031e0796f9708a91239b06297f1c88653
libwebappenc.armv7l 0.1.0-9.2 platform/core/security/libwebappenc#6f18da83631e06509b2f14a729c7b6ac05aa4046
libwebsockets.armv7l 1.7.3-2.3 platform/upstream/libwebsockets#3171a9778cf3d16911c840003d4b9083edcf2d0a
libwidget_viewer.armv7l 1.3-42.1 platform/core/appfw/widget-viewer#e10207c89aff2b6ea5c67441ba2e267b4aba6568
libxkbcommon.armv7l 0.4.3-14.1 platform/upstream/libxkbcommon#c46e96a48c779c21c10ed80637cf7b10b32e377a
libxml2.armv7l 2.8.0-4.1 platform/upstream/libxml2#e52e7cd8d3553116787eb0573f3b3d379f09698a
libxslt.armv7l 1.1.29-2.1 platform/upstream/libxslt#c582450a479ff157cf79aed26b6b08e867ff3832
libzone.armv7l 0.0.1-34.1 platform/core/security/device-policy-manager#31e91cfe4f5b3dd5c9851703e065b0b9dbb981ed
linux-3.10-sc7730_tizen_tm1.armv7l Tizen_sc7730-22.4 profile/mobile/platform/kernel/linux-3.10-sc7730#6e9479c7c433aa0e00faa9ab750535ed9d77cc1e
location-geofence-server.armv7l 0.4.4-19.40 platform/core/location/geofence-server#1237eaaf7fdfe7d23c5914bc0e0b3d49164769ef
location-lbs-server.armv7l 1.0.4-18.1 platform/core/location/lbs-server#200557c0400a6b53a1a752cc4caafe2cd158d788
lrzsz.armv7l 0.12.20-1.2 platform/upstream/lrzsz#6d3f6f3fbe6d5a0b3191c72c05f1a2707dfd08bb
lzo.armv7l 2.08-1.7 platform/upstream/lzo#a97fbf725aa75db53756b59df6888e59b47c931d
manifest-parser.armv7l 1.5-66.1 platform/core/appfw/manifest-parser#130012aaa47dda27d24f9ed584184f60bf385b23
maps-plugin-here.armv7l 0.3.2-28.2 platform/core/location/maps-plugin-here#9d5c3813af234fb07f4d6cb686b301f3d198af3b
mdnsresponder.armv7l 576.30.4-7.1 platform/upstream/mdnsresponder#6e26a08d0f0dbde84ebd701fa875058610995787
media-server.armv7l 0.2.98-117.1 platform/core/multimedia/media-server#3113180549a2b8b5f410f798fce1ea285481c849
media-thumbnail-server.armv7l 0.1.97-46.1 platform/core/multimedia/libmedia-thumbnail#f48c4e646e021ced509660665952a9728303dccc
mediacontroller.armv7l 0.1.23-11.25 platform/core/api/media-controller#62f081e6dc6959e4c2f4426c66a42a5f941bb5da
memps.armv7l 0.1.9-7.1 platform/core/system/memps#9c665915d9aecedf99a05fb1cf48622311bb4d9a
message-port.armv7l 1.2.2.1-21.1 platform/core/appfw/message-port#170e051483854d20a6863cfc16095b46f53d94da
meta-generic-adaptation.noarch 0-53.1 platform/upstream/meta-generic#1fd5d016eea0d253c7f6256eebcb7e112d351da1
minizip.armv7l 1.2.8-1.12 platform/upstream/zlib#07c39a3fbdb0f2c8ef5d508a57921514357263aa
mmfw-sysconf-target-tm1.armv7l 0.2.73-91.1 platform/core/multimedia/mmfw-sysconf#e8b6102d8905485e43c5d13037a758b92bff22cd
mmsvc-camera.armv7l 0.2.40-33.17 platform/core/multimedia/mmsvc-camera#0ef2a17f3ec2e9db51b4b93e7dbed82b1d67ae74
mmsvc-player.armv7l 0.2.21-63.8 platform/core/multimedia/mmsvc-player#cb23b7d94c9cb31a19267b3b308751dcd74c862f
mmsvc-recorder.armv7l 0.2.19-19.29 platform/core/multimedia/mmsvc-recorder#f418ade9f317909bf40ad5bd56cf324526ea8e57
mobileap-agent.armv7l 1.0.64-28.1 platform/core/connectivity/mobileap-agent#2431c111e9dc8bac74041d596dbfc189b1543149
model-config-tm1.noarch 0.0.1-24.1 profile/mobile/platform/tm1/model-config-tm1#2a701246617f836ac160ba2a6cb23658fcb94994
mtp-initiator.armv7l 1.4.10-17.4 platform/core/connectivity/mtp-initiator#1173c54e0bb5b5f96744e78c53d36cf5da8c9bc5
mtp-responder.armv7l 0.0.11-13.29 platform/core/connectivity/mtp-responder#7e543083d1cb401ab671a8d87bac082bd642f317
murphy-glib.armv7l 0.0.74-11.1 platform/upstream/murphy#e5f9fb7a5febd2922ae3344c7f29a73297379bb4
murphy.armv7l 0.0.74-11.1 platform/upstream/murphy#e5f9fb7a5febd2922ae3344c7f29a73297379bb4
mused.armv7l 0.1.3-13.1 platform/core/multimedia/mmsvc-core#877a2c0052a93ea079de95a7043232cd3b6bdf2f
my-account.armv7l 1.9.103-6.2 profile/mobile/apps/native/my-account#8f8812b9a90b282ed91d6aa57ecd97c217da935a
net-config.armv7l 1.1.81-60.18 platform/core/connectivity/net-config#de99c09e9740ee3999330a59b59a56832d162b21
net-tools.armv7l 2.0_20121208git-1.8 platform/upstream/net-tools#1bfd01a3262139d0c41c5d2c3c5fef5af004aa2f
net.netpopup.armv7l 0.2.84-6.1 platform/core/connectivity/net-popup#cfedd970d4387b238aba611fb4e7a5701460a84f
net.wifi-qs.armv7l 1.0.190-26.1 apps/core/preloaded/ug-wifi-efl#17636fc0c819510b5867652368c7dcba9b84e033
nether.armv7l 0.0.1-11.1 platform/core/security/nether#e0cd09a60209f5873a19001305967b416b467e1c
newfs-msdos.armv7l 1.0.0-1.1 platform/upstream/newfs-msdos#194dce1f6b8a2fedcf1690809fbaa91ca2f00b4e
nfc-common-lib.armv7l 0.1.150-23.20 platform/core/connectivity/nfc-manager#f124075ca45eb7536f9b871f3b1b3c5ba20a574d
nghttp2.armv7l 0.7.3-1.6 platform/upstream/nghttp2#4a3834b1ea81ed157cb8c57052065cd610c05883
nspr.armv7l 4.12-4.7 platform/upstream/nspr#443bcb24f9d0abde89a2688ffd946beea762bbe2
nss-certs.armv7l 3.23-4.13 platform/upstream/nss#d2a8c7e98ab18907c1e14033c993731adc7eea9e
nss.armv7l 3.23-4.13 platform/upstream/nss#d2a8c7e98ab18907c1e14033c993731adc7eea9e
obexd.armv7l 5.37-51.1 platform/upstream/bluez#efdef8a229f6f8aac1f2c85539542513629c3056
openal-soft.armv7l 1.17.2-9.1 platform/upstream/openal-soft#54713f7cab71fd89e59782fab3e5a26e0bed18a7
opencore-amr.armv7l 0.1.3-7.11 platform/upstream/opencore-amr#57eb34e9d791a94afaa8307fdbd538a66e01080e
opencv.armv7l 2.4.9-5.231 platform/upstream/opencv#e2aca33b4287e28d322038a8425539b3516dd8dc
openvpn.armv7l 2.3.2-2.24 platform/upstream/openvpn#75f32099185255706a056584f6f80bb99dc80ba7
org.tizen.app-selector.armv7l 0.1.61-7.1 profile/mobile/platform/core/appfw/app-selector#733b7c1a02b4eb4df932557ed8295a1b866889ca
org.tizen.bluetooth-share-ui.armv7l 0.0.88-9.11 apps/core/preloaded/bluetooth-share-ui#09c32e2d262b0db7117af99f4367a4a7c4a3d323
org.tizen.browser.armv7l 1.6.1-45.1 apps/web/browser#b0aa47055a3e293b5801bb4bc87f5d361039eefb
org.tizen.bt-syspopup.armv7l 0.3.1-14.1 platform/core/connectivity/bt-syspopup#3d5c34cd14daf75b0b1c500ff8c0aa14a908e652
org.tizen.calendar.armv7l 1.0.0-33.1 profile/mobile/apps/native/calendar#b2e54e16c8115103eaaf31741a4f20fd0538cf65
org.tizen.call-setting.armv7l 1.0.0-15.1 profile/mobile/apps/native/call-setting#d183364d5d38cc71f146a4079dccdf27a9be695a
org.tizen.call-ui.armv7l 1.0.0-21.1 profile/mobile/apps/native/call-ui#47372c2ea77360e41750e4f3d81fda7106099c77
org.tizen.callmgr-popup.armv7l 0.1.72-34.4 platform/core/telephony/call-manager#937dd16e83c0473ccf5c1ea23c018aeb75d854ff
org.tizen.camera-app.armv7l 1.0.0-21.1 profile/mobile/apps/native/camera-app#fe5bc4d119bdd803db3bf40fb326a8af3436aa54
org.tizen.contacts.armv7l 2.0.0-35.1 profile/mobile/apps/native/phone-contacts#1e82a1ba7b4b22db2bdc08e2b9be2a65c8e44c62
org.tizen.crash-syspopup.armv7l 0.2.0-16.1 platform/core/system/system-popup#1daebe6ee16c307d29bc53e09c91152f2447e8b3
org.tizen.download-manager.armv7l 0.3.9-14.18 apps/web/download-manager#23080cf836d6d1a1989dbaccbdd96f9a63a4cc13
org.tizen.dpm-syspopup.armv7l 0.0.1-34.1 platform/core/security/device-policy-manager#31e91cfe4f5b3dd5c9851703e065b0b9dbb981ed
org.tizen.dpm-toolkit.armv7l 0.1-13.1 platform/core/security/dpm-toolkit#9b11557a4e624eb38a99421462c8d76cb65e5c52
org.tizen.email.armv7l 0.9.34-28.1 profile/mobile/apps/native/email-app#75546318755bdc55b81c40b2b51dc80f11407cf5
org.tizen.gallery.armv7l 1.0.0-23.1 profile/mobile/apps/native/gallery#5a9f482a12f607c3554883a78af840a2a02b8b07
org.tizen.gps-syspopup.armv7l 1.0.32-6.3 profile/mobile/apps/native/location/lbs-setting#a475ce59eeaacea54122dbb60669cf528a9ed5f8
org.tizen.heremaps-uc.armv7l 0.3.2-28.2 platform/core/location/maps-plugin-here#9d5c3813af234fb07f4d6cb686b301f3d198af3b
org.tizen.homescreen-efl.armv7l 1.0.0-35.1 profile/mobile/apps/native/homescreen-efl#3e7644645f0b8bb7ef03fa5e9d73c362949317c7
org.tizen.image-viewer.armv7l 1.0.0-20.1 profile/mobile/apps/native/ug-image-viewer-efl#d44f224ce4bbf7d5bc764f0003798cb0d0c9053e
org.tizen.indicator.armv7l 0.2.53-16.5 profile/mobile/apps/native/indicator#05b6f567280b75a54ff7235f708d393a1117fb72
org.tizen.inputmethod-setting.armv7l 0.5.11-39.2 platform/core/uifw/inputmethod-setting#c0f8a4dec8eaad72d5f6fa90e63d3732bd344f46
org.tizen.isf-kbd-mode-changer.armv7l 3.0.105-126.1 platform/core/uifw/isf#25c69fd06598a5bb655fc20fc5cc091a55718202
org.tizen.kaskit.armv7l 0.0.1-2.1 platform/core/security/krate#2cfed7a8fc7e3e5a509237c9ea1473f62a219904
org.tizen.keyguard.armv7l 0.0.1-2.1 platform/core/security/krate#2cfed7a8fc7e3e5a509237c9ea1473f62a219904
org.tizen.krate-setup-wizard.armv7l 0.0.1-2.1 platform/core/security/krate#2cfed7a8fc7e3e5a509237c9ea1473f62a219904
org.tizen.lockscreen.armv7l 0.1.0-30.1 profile/mobile/apps/native/lockscreen#3be0f95c457fa388d0fc9bd796c83955155605a1
org.tizen.menu-screen.armv7l 1.2.5-14.2 apps/core/preloaded/menu-screen#3672abba40dabf6e86c0cb6f9b42aead16d758a2
org.tizen.message.armv7l 1.0.0-28.1 profile/mobile/apps/native/message#bd93a8bb8e29e1ea19942d2d944482b2254614ab
org.tizen.music-player.armv7l 1.0.0-26.1 profile/mobile/apps/native/music-player#fca2a07978d891b48fac6e11b15f10bef10c8833
org.tizen.myfile.armv7l 1.0.0-24.1 profile/mobile/apps/native/myfiles#0b0ae440652cf0b2c2fb69b2aba0e56bca6d3d16
org.tizen.myplace.armv7l 1.0.1-7.4 profile/mobile/apps/native/location/myplace#1bec7766e108e62e8329618485fbc912006e939c
org.tizen.ode.armv7l 0.0.1-34.1 platform/core/security/device-policy-manager#31e91cfe4f5b3dd5c9851703e065b0b9dbb981ed
org.tizen.overheat-syspopup.armv7l 0.2.0-16.1 platform/core/system/system-popup#1daebe6ee16c307d29bc53e09c91152f2447e8b3
org.tizen.powerkey-syspopup.armv7l 0.2.0-16.1 platform/core/system/system-popup#1daebe6ee16c307d29bc53e09c91152f2447e8b3
org.tizen.privacy-setting.armv7l 1.0.0-11.1 profile/mobile/apps/native/privacy-setting#8534dca8a11f86512a4787ce5c9b21e21347ae9a
org.tizen.quickpanel.armv7l 0.8.0-21.8 profile/mobile/apps/native/quickpanel#233b74d23dd27fc9deab4d1d0aaea9a7fa56ecf2
org.tizen.screen-reader.armv7l 0.0.8-12.1 platform/core/accessibility/screen-reader#4f42e7bd22690ee31d6fcf56c759095c133b0166
org.tizen.service-plugin-sample.armv7l 0.1.6-7.1 platform/core/convergence/plugin/service-plugin-sample#41e7450a222940f0b6025495594d7c133eb92903
org.tizen.setting-homescreen.armv7l 1.0.0-11.1 profile/mobile/apps/native/ug-setting-homescreen-efl#2341ab13918355eb25766020ca7308e64ef738ae
org.tizen.setting-location.armv7l 1.0.32-6.3 profile/mobile/apps/native/location/lbs-setting#a475ce59eeaacea54122dbb60669cf528a9ed5f8
org.tizen.setting.armv7l 1.0.1-53.7 profile/mobile/apps/native/settings#b1bc5a66ec6e3950635146234455c8ce200aadc7
org.tizen.share-panel.armv7l 1.0.0-10.1 profile/mobile/apps/native/share-panel#19f85a28f5d252c06057b7aa29573c6dd17f424f
org.tizen.system-signal-sender.armv7l 0.2.0-16.1 platform/core/system/system-popup#1daebe6ee16c307d29bc53e09c91152f2447e8b3
org.tizen.system-syspopup.armv7l 0.2.0-16.1 platform/core/system/system-popup#1daebe6ee16c307d29bc53e09c91152f2447e8b3
org.tizen.task-mgr.armv7l 1.0.0-13.1 profile/mobile/apps/native/taskmanager#16114d8563fd292588e2819b8d18b8129a346fba
org.tizen.ug-gallery-efl.armv7l 1.0.0-12.1 profile/mobile/apps/native/ug-gallery-efl#96c9eb79b36bf2b9642655d89b83e2eabd818b98
org.tizen.ug-lockscreen-options.armv7l 1.0.0-8.1 profile/mobile/apps/native/ug-lockscreen-setting-efl#8a4e338d8f2ae6c5ec5f085dd9180eaedd23c7a6
org.tizen.ug-myfile-efl.armv7l 1.0.0-12.1 profile/mobile/apps/native/ug-myfile-efl#37212913914662594935510e78807ff35630799b
org.tizen.videos.armv7l 1.0.0-31.1 profile/mobile/apps/native/video-player#362abe393af12cd18e802a48c61dbd8470e0b244
org.tizen.voice-setting.armv7l 0.0.1-8.1 profile/mobile/apps/native/voice/voice-setting#1fa6ba6e61cb2310b258e1916c24f70d4a20abd3
org.tizen.volume.armv7l 0.1.149-7.13 apps/core/preloaded/volume-app#0b7252e4da0cf88a28b7671e5f0fcaf9f00e62ca
org.tizen.wallpaper-ui-service.armv7l 1.0.0-18.1 profile/mobile/apps/native/wallpaper-ui-service#7b6b8124102224e21e9c57e85ef583a3f1e82164
org.tizen.widget_viewer_sdk.armv7l 0.0.1-42.1 platform/core/appfw/widget-viewer#e10207c89aff2b6ea5c67441ba2e267b4aba6568
org.tizen.wifi-direct-popup.armv7l 1.11.76-6.37 apps/core/preloaded/ug-wifi-direct#406427c087a0126392b6acbab7bded54c04e448e
org.tizen.worldclock-efl.armv7l 1.0.0-6.1 profile/mobile/apps/native/libug-worldclock-efl#5201a475c055e37421e8416a5ad718c54701b8d3
pam-locale.noarch 1.1.6-4.1 platform/upstream/pam#2fb7d5cac51e8f9226070de7d479b3882eb854f4
pam-modules-extra.armv7l 1.1.6-4.1 platform/upstream/pam#2fb7d5cac51e8f9226070de7d479b3882eb854f4
pam.armv7l 1.1.6-4.1 platform/upstream/pam#2fb7d5cac51e8f9226070de7d479b3882eb854f4
pepper.armv7l 1.0.7-16.1 platform/core/uifw/pepper#64cb94ef4edc7bffe1dd8a575b94f2afef065fbd
pims-ipc.armv7l 0.1.20-19.2 platform/core/pim/pims-ipc#65c59386605262a3c7242f0199f4f6945b518a8f
pixman.armv7l 0.32.6-7.12 platform/upstream/pixman#293e30820313387c82be42c5e25dbd3756a2ded4
pkg-config.armv7l 0.28-1.10 platform/upstream/pkg-config#5649da369d00aaf304396095f1699a0806c3b721
pkgmgr-client.armv7l 0.2.89-20.1 platform/core/appfw/slp-pkgmgr#874256858f3b2a4fc83b2c0e8d4e6830b96de502
pkgmgr-info-parser.armv7l 0.1.0-131.2 platform/core/appfw/pkgmgr-info#7bfbcb2deeb55289f04bfe5cd1380261d834e547
pkgmgr-info.armv7l 0.1.0-131.2 platform/core/appfw/pkgmgr-info#7bfbcb2deeb55289f04bfe5cd1380261d834e547
pkgmgr-installer.armv7l 0.2.89-20.1 platform/core/appfw/slp-pkgmgr#874256858f3b2a4fc83b2c0e8d4e6830b96de502
pkgmgr-server.armv7l 0.3.37-28.1 platform/core/appfw/pkgmgr-server#23bc9fa4ae4d9cc5cec53f1fade60748fe27e201
pkgmgr-tool.armv7l 0.1.0-37.2 platform/core/appfw/pkgmgr-tool#8112612700e26b7ac5e321d1861cb4593b032de9
pkgmgr.armv7l 0.2.89-20.1 platform/core/appfw/slp-pkgmgr#874256858f3b2a4fc83b2c0e8d4e6830b96de502
privacy-guard-client.armv7l 0.0.5-18.1 platform/core/security/privacy-guard#17bbe739bb6f01ce242cbeefda34371bcfecc014
privacy-guard-server.armv7l 0.0.5-18.1 platform/core/security/privacy-guard#17bbe739bb6f01ce242cbeefda34371bcfecc014
privilege-checker.armv7l 0.0.5-45.4 platform/core/security/privilege-checker#92a09319ba33b44eeabb0cece703b7dfc347964e
procps-ng.armv7l 3.3.9-1.11 platform/upstream/procps-ng#967749519aefdd1bba9a3329d3ea77c351d1f8b6
psmisc.armv7l 22.21-9.9 platform/upstream/psmisc#8bdb3e71794f16a084afd48ef0fd713e30385558
pubkey-pinning.armv7l 0.0.4-8.3 platform/core/security/pubkey-pinning#2ea96e73c4118ac405a03ef0ea18e959fa17c5e9
pulseaudio-locale.noarch 5.0-57.1 platform/upstream/pulseaudio#4ede897013c362375df581b72db56afe4ac4ce94
pulseaudio-module-bluetooth.armv7l 5.0-57.1 platform/upstream/pulseaudio#4ede897013c362375df581b72db56afe4ac4ce94
pulseaudio-modules-tizen.armv7l 5.0.62-54.1 platform/core/multimedia/pulseaudio-modules-tizen#6c4a9deaf48e577b27fc87c014d8353c4eb5c854
pulseaudio-utils.armv7l 5.0-57.1 platform/upstream/pulseaudio#4ede897013c362375df581b72db56afe4ac4ce94
pulseaudio.armv7l 5.0-57.1 platform/upstream/pulseaudio#4ede897013c362375df581b72db56afe4ac4ce94
push-bin.armv7l 0.4.39-30.1 platform/core/appfw/sppc#3ea23335200fca8c50cd2c790509a2d12f6241a5
resourced.armv7l 0.2.87-26.2 platform/core/system/resourced#2f547017b79812a9fb0d108f056973e94991c232
rfkill.armv7l 0.4-7.6 platform/upstream/rfkill#55aca08cbe73ad443102569e8e5c8b44e2a1cc8d
rpm-security-plugin.armv7l 4.11.0.1-6.1 platform/upstream/rpm#191ae1086c8990fc1f6b0c6cc3a5a3a30fe18743
rpm.armv7l 4.11.0.1-6.1 platform/upstream/rpm#191ae1086c8990fc1f6b0c6cc3a5a3a30fe18743
sbc.armv7l 1.2-8.7 platform/upstream/sbc#14ca83886162cb9b9a63a25675516088c2dc4c7f
sdbd.armv7l 3.0.12-45.2 sdk/target/sdbd#203be3fd3f7699be189b13a0eccd460907ed6aa1
security-config.armv7l 1.0-32.1 platform/core/security/security-config#d94e4051b87b8526391246860d36a20a98830d73
security-manager-policy.armv7l 1.1.10-40.2 platform/core/security/security-manager#eaa484756072f34973a377f3486059ee98fb20d8
security-manager.armv7l 1.1.10-40.2 platform/core/security/security-manager#eaa484756072f34973a377f3486059ee98fb20d8
security-privilege-manager.armv7l 0.0.5-45.4 platform/core/security/privilege-checker#92a09319ba33b44eeabb0cece703b7dfc347964e
sed.armv7l 4.1c-2.4 product/upstream/sed#5fafc98c53c0f2cc3f136f8f01b48bebed8f0be5
sensor-hal-tm1.armv7l 1.0.3-7.6 platform/adaptation/tm1/sensor-hal-tm1#9450957d084e7fbea1b733d289552f2e9e8f4e60
sensord.armv7l 2.0.6-24.7 platform/core/system/sensord#cad27427ccfc390d6f0f137a099fe92d7ff1eaa8
service-adaptor.armv7l 1.1.5-20.30 platform/core/convergence/service-adaptor#0dba09fac26817033794650e8005a63073e9e063
setup.noarch 0.9-2.21 platform/upstream/setup#6cae62f0a879f6bc5416f3bfe5aca857a95b78fb
shadow-utils.armv7l 4.1.4.2-1.1 platform/upstream/shadow-utils#6cd3bb578b0ed75f2dd95f72801112962c936124
shared-mime-info.armv7l 1.3-1.5 platform/upstream/shared-mime-info#b3d6d91768efdf508c2b8fe2cd069b1334a1c272
smack.armv7l 1.2.0-4.1 platform/upstream/smack#258708ac41e5d98ae802d83b124eb9d0d4194d57
smartcard-plugin-uicc.armv7l 0.0.11-8.1 platform/core/connectivity/smartcard-plugin-uicc#16e00ee9e99c6f5f73c7f1f9c8834bc13b29e624
smartcard-service-common.armv7l 0.1.49-24.1 platform/core/connectivity/smartcard-service#322fc5f44df00dfb8848e25a0c7992399ad463ed
smartcard-service-server.armv7l 0.1.49-24.1 platform/core/connectivity/smartcard-service#322fc5f44df00dfb8848e25a0c7992399ad463ed
smartcard-service.armv7l 0.1.49-24.1 platform/core/connectivity/smartcard-service#322fc5f44df00dfb8848e25a0c7992399ad463ed
sqlite.armv7l 3.8.10.2-1.11 platform/upstream/sqlite#5b2351dd3f6115a2eec31705a3a9595e36a1d955
starter.armv7l 0.5.52-48.1 apps/core/preloaded/starter#3948ad2acd7ba0bfd485c3ad610aebd101b0284b
sticker-panel.armv7l 0.1.0-3.2 profile/mobile/apps/native/sticker-panel#702cf9e511fdb145cc0a0502860d6a61ff87cf62
svi-data.armv7l 0.1.4-24.1 platform/core/system/libsvi#16dc0708b4f4086d72f2a5a3af00567d73d8135e
swap-manager.armv7l 3.0-15.21 platform/core/system/swap-manager#24cca0b60d62b9ca7f850daef6094df02b4aae8f
swap-modules.armv7l 3.0-12.1 platform/kernel/swap-modules#0673ff183d109962932dd28d03741b5444381a4d
swap-probe-elf.armv7l 3.0-13.14 platform/core/system/swap-probe#c6b82fa13486a17fd23ebb0de54a8c9e1bcd01fe
swap-probe.armv7l 3.0-13.14 platform/core/system/swap-probe#c6b82fa13486a17fd23ebb0de54a8c9e1bcd01fe
sync-service.armv7l 0.1.6-40.2 platform/core/account/sync-manager#7fcd5bca8bf07ff04f308ec7c4c168914cf26dec
syspopup-caller.armv7l 0.0.100-21.38 platform/core/base/syspopup#e534f2c34109e67ad132ac8e016b26123c755403
syspopup.armv7l 0.0.100-21.38 platform/core/base/syspopup#e534f2c34109e67ad132ac8e016b26123c755403
system-plugin-spreadtrum.noarch 0.1-24.1 platform/adaptation/system-plugin#633c401e1ba0634c40aa7b789fa026ea69aeeac4
system-plugin.noarch 0.1-24.1 platform/adaptation/system-plugin#633c401e1ba0634c40aa7b789fa026ea69aeeac4
system-servant.armv7l 0.2.0-16.1 platform/core/system/system-popup#1daebe6ee16c307d29bc53e09c91152f2447e8b3
systemd.armv7l 219-47.1 platform/upstream/systemd#c0a3f15db312146eedef6f5f5a74e5c0b660a791
taglib.armv7l 1.8-1.12 platform/upstream/taglib#489a552ad409dbac9e53862221de4d6cc0234ddc
tar.armv7l 1.17-2.6 product/upstream/tar#a8d964ee3ae1acc7d0a9ed43e5f1e363d26da090
tel-plugin-database.armv7l 0.1.27-15.1 platform/core/telephony/tel-plugin-database#422dd1f1a7ae226179cbea8fd1273c216479af62
tel-plugin-dbus_tapi.armv7l 0.3.74-13.7 platform/core/telephony/tel-plugin-dbus_tapi#562f4e33db5b289eb42a2812be5e637964f6d5d5
tel-plugin-indicator.armv7l 0.1.70-11.2 platform/core/telephony/tel-plugin-indicator#0f8f62d270af46a990b134eb471d7c4c800bb9ca
tel-plugin-nitz.armv7l 0.1.76-8.1 platform/core/telephony/tel-plugin-nitz#3a7b81ec3d3388981f676e89a54468a81604a585
tel-plugin-packetservice.armv7l 0.3.29-25.4 platform/core/telephony/tel-plugin-packetservice#e6da346a2501cd0391ea788b48172ebce46178f0
telephony-daemon.armv7l 1.3.41-18.1 platform/core/telephony/telephony-daemon#ca39e09edd4210a62588e2dd3da908336b31d396
terminfo-base.armv7l 5.9-1.13 platform/upstream/ncurses#eefc3e4398eaa6c81cf61dd36c3ba3d87f33d1bf
tizen-locale.armv7l 0.1-4.2 platform/framework/base/tizen-locale#a581f7b36017e931d8dfc4947b9d3840a4c40f51
tizen-platform-config-tools.armv7l 2.0-39.1 platform/core/appfw/tizen-platform-config#983a697aa098c23a48c34691fa8a7ca9f117817e
tizen-platform-config.armv7l 2.0-39.1 platform/core/appfw/tizen-platform-config#983a697aa098c23a48c34691fa8a7ca9f117817e
tizen-release.armv7l 3.0.0-10.14 platform/upstream/tizen-release#080f16318c61066f98f5dcc0e8c8c54fff02184d
tlm-config-common-singleseat.armv7l 1.0.3-51.1 platform/core/system/tlm#8482900c7cc40d7a8a32e42368eed6c73ca45904
tlm.armv7l 1.0.3-51.1 platform/core/system/tlm#8482900c7cc40d7a8a32e42368eed6c73ca45904
toybox-symlinks-dhcp.armv7l 0.6.0-10.3 platform/upstream/toybox#a7f12ead3799e61cf0139e0e52ab58cd928cbdf3
toybox-symlinks-dhcpd.armv7l 0.6.0-10.3 platform/upstream/toybox#a7f12ead3799e61cf0139e0e52ab58cd928cbdf3
toybox.armv7l 0.6.0-10.3 platform/upstream/toybox#a7f12ead3799e61cf0139e0e52ab58cd928cbdf3
tpk-backend.armv7l 0.1-38.2 platform/core/appfw/tpk-backend#109ac6661eddad78c7c72a6b4d308720d94f871c
tpk-manifest-handlers.armv7l 1.5-5.1 platform/core/appfw/tpk-manifest-handlers#56394c4fc8681c5bc96205ca2a77d69f724952db
typelib-1_0-Atspi-2_0.armv7l 2.16.1-11.2 platform/upstream/at-spi2-core#632107d94461024f2cdcb6bbe530cc14e96f3fe0
tzdata.armv7l 2014h-1.7 platform/upstream/tzdata#7d50fa562a1dafd2453021f633cb9236998d9ea1
tzsh.armv7l 0.1.11-5.1 platform/core/uifw/tizen-ws-shell#6aed91ad45981ec4882d0dd3e849d025ae507cdc
ug-bluetooth-efl.armv7l 0.3.2-24.3 apps/core/preloaded/ug-bluetooth-efl#b6e04c541e2bb0dc994bc51e6f9cfd766e2ffe9e
ug-setting-mobileap-efl.armv7l 1.0.144-19.1 apps/core/preloaded/ug-mobile-ap#2d5a9dddce436d1eabb55042a42b9cc78d1b3846
ug-setting-wifidirect-efl.armv7l 1.11.76-6.37 apps/core/preloaded/ug-wifi-direct#406427c087a0126392b6acbab7bded54c04e448e
ui-viewmgr.armv7l 0.1.0-3.1 platform/core/uifw/ui-viewmgr#4847936e44228cb506e0d9a8e69d56f77fe01d46
unzip.armv7l 6.0-1.22 platform/upstream/unzip#9b72cfb5e2fc5a095c0d6e8cd72c4d36c18ce48f
util-linux.armv7l 2.28-6.1 platform/upstream/util-linux#325bf80fcd74f4732a045eca447e7c1fc178b64e
v8.armv7l 4.7.83-3.1 platform/upstream/v8#58d6861144c70448c13781f699d31bf831219e63
vc-engine-default.armv7l 0.2.0-5.1 platform/core/uifw/vc-engine-default#6067d98da31a105745ec668cc114537885a0e9b7
webapi-plugins.armv7l 1.19-116.2 platform/core/api/webapi-plugins#d02364009b6f6f5310324eddf42807602dacc2af
wgt-backend.armv7l 0.1-36.1 platform/core/appfw/wgt-backend#3014326fcc25ea087930aa64b855dbfb9eabf785
wgt-manifest-handlers.armv7l 1.5-10.1 platform/core/appfw/wgt-manifest-handlers#27ff6d71f9d956df8d8c774b73f69b977151f3a5
widget_toolkit.armv7l 0.0.1-42.1 platform/core/appfw/widget-viewer#e10207c89aff2b6ea5c67441ba2e267b4aba6568
wifi-direct-manager.armv7l 1.2.181-37.2 platform/core/connectivity/wifi-direct-manager#7f13c60e466e7ea21000fa539c7b0ed0a6f09da0
wifi-direct-plugin-wpasupplicant.armv7l 1.2.181-37.2 platform/core/connectivity/wifi-direct-manager#7f13c60e466e7ea21000fa539c7b0ed0a6f09da0
wifi-efl-ug.armv7l 1.0.190-26.1 apps/core/preloaded/ug-wifi-efl#17636fc0c819510b5867652368c7dcba9b84e033
wpa_supplicant.armv7l 2.5-27.1 platform/upstream/wpa_supplicant#1efa1fc6a78653c6767714de8fd6253890622e30
xdelta3.armv7l 3.0.9-1.10 platform/upstream/xdelta3#8f2326734da7cf176d4bb29aae6b57ba567a1f27
xdgmime.armv7l 0.0.12-10.2 platform/core/appfw/xdgmime#e47255803c134114dbea6a09b74bf344c7ff5afd
xkeyboard-config.noarch 2.13-30.1 platform/upstream/xkeyboard-config#e5fe530882c11969d12608810f9be0c6221377a7
xmlsec1-openssl.armv7l 1.2.19-8.16 platform/upstream/xmlsec1#fe8ea3dba5971ab3f47090ba52d7f824c3d23545
xmlsec1.armv7l 1.2.19-8.16 platform/upstream/xmlsec1#fe8ea3dba5971ab3f47090ba52d7f824c3d23545
xz.armv7l 5.1.3-2.3 platform/upstream/xz#56a594c73196ae5834d5df55107e318e7d4f7e1f
zbar.armv7l 0.10-1.10 platform/upstream/libzbar#5494b6ccabd6b271325a4dd105f1864331245c64
zint.armv7l 2.4.3-2.12 platform/upstream/libzint#4f3e68a11484b0aaceceeba9c4c1bb42861d56b9
zip.armv7l 3.0-1.9 platform/upstream/zip#b93d573b47875ad43a8df84196f04a84772a4949
zlib.armv7l 1.2.8-1.12 platform/upstream/zlib#07c39a3fbdb0f2c8ef5d508a57921514357263aa
