====================
শনি জুল 16 14:30:34 BDT 2016
====================
account-common.armv7l 0.0.6-1.1 framework/account/account-common#4cf925783ebfb307e1910d7cb71e0a97e38a18ef
account-manager.armv7l 0.0.8-1.1 framework/account/account-manager#d812b9ea6c0306deebc52abab0a848b35bfe2258
account-parser.armv7l 0.0.13-1.1 framework/account/account-parser#faa94893427af38a34019b69f585f6e2062d45cd
agetty.armv7l 2.20.2-1.4 tools/util-linux#06b738f0452a5ab8ceddb343aa2849bbe96b85f1
ail.armv7l 0.2.95-1.1 framework/appfw/ail#51662f7dfda4b17f4d8c952d9954c7096ede58e6
alarm-server.armv7l 0.4.179-1.1 framework/appfw/alarm-manager#290565bdf4c1c7e017eca9df974d59a68acbc698
alsa-lib-1.0.25.armv7l 1.0.25-1.1 external/alsa-lib#14acc1fba9aa540a292af3e878dcfe13f8543646
alsa-utils.armv7l 1.0.24.5-1.1 external/alsa-utils#ab19703f133d3563202f61173c9b0781b70a8a08
anthy.armv7l 9100h-1.1 framework/uifw/anthy#eec2d9cc53c04fb466ac38c2f6822452d3a3dc43
app-checker-server.armv7l 0.0.20-1.1 framework/appfw/app-checker#7a8f143bb52aaf84b5de1bd2ef1e2f3ef4b53daf
app-checker.armv7l 0.0.20-1.1 framework/appfw/app-checker#7a8f143bb52aaf84b5de1bd2ef1e2f3ef4b53daf
app-core-common.armv7l 1.3.40-1.1 framework/appfw/app-core#d0109a92dbe5182fbd0656e222860809a0a52bb2
app-core-efl.armv7l 1.3.40-1.1 framework/appfw/app-core#d0109a92dbe5182fbd0656e222860809a0a52bb2
app-svc.armv7l 0.1.78-1.1 framework/appfw/app-svc#30de03a7ce74b1c8d0cd391659e4655586cc048f
app2sd.armv7l 0.5.42-1.1 framework/appfw/app2sd#818128bd218b49f7d3fa1fe5d5b9d8224fdfbaee
appcore-agent.armv7l 1.0.4-1.1 framework/appfw/appcore-agent#13e727b9ba05aa6700cb0f13e706bc921aab4f15
appcore-widget.armv7l 1.0.0.0-1.1 framework/appfw/appcore-widget#767c8a361440e1255e6531d6db71cdc00ba50529
appfw-env.armv7l 0.0.1-1.1 framework/appfw/appfw-env#91afb275ab1d1b05ebfba8838773eaf23368c41c
at-spi2-core.armv7l 2.16.1-1.1 framework/accessibility/at-spi2-core#728e3f7e6866b63f3c3772de381d4f40d66b7487
attach-panel-camera.armv7l 0.1.0-1.1 apps/home/attach-panel-camera#49cc64164c775f51810445a2f8ad34875b458b42
attach-panel-gallery.armv7l 1.3.21-1.1 apps/home/attach-panel-gallery#27efdfe470b475007a60871761582cd1ffdb27ac
attach-panel-voicerecorder.armv7l 0.1.0-1.1 apps/home/attach-panel-voicerecoder#2dc69fd0ebca6f932c3e0c1119b652b9ba8a2a19
attach-panel.armv7l 0.1.0-1.1 apps/home/attach-panel#f78142b2cb59e1d5fc6e2ad909cfcde402c50068
attr.armv7l 2.4.44-1.8 framework/base/attr#16cc58ef7c6a6f43bcda722cd9662167e953c417
audio-config-sc-TM1-sc7730.noarch 0.1.16-1.1 adaptation/ap_spreadtrum/audio-config-sc#f1f39b2b3978f3f6fb738837c194f97f206f82e0
audio-hal-sc7727.armv7l 0.3.17-1.1 adaptation/ap_spreadtrum/audio-hal-sc7727#e6dbad43375cd655c83247229625823657533993
audio-session-manager.armv7l 0.4.23-1.1 framework/multimedia/audio-session-manager#1605e8d5de03ef24673b21065ac340619c558a99
aul.armv7l 0.2.3.0-1.1 framework/appfw/aul-1#4b3aeef57b4ddc4e481170a0b700b8a51a3beda4
auth-adaptor.armv7l 1.0.0-1.1 framework/convergence/service/adaptors/auth-adaptor#d4f1a9dc2a0ddaecbb78ad82e2471a7d29ca6d84
bash.armv7l 4.1-1.6 external/bash#e302492e13c58da97d40cf13204ae0fe43ceb491
bluetooth-agent.armv7l 0.0.47-1.1 framework/connectivity/bluetooth-agent#6ca6573f33c1557ddbd3be59f37415fea9796276
bluetooth-firmware-sprd-TM1.armv7l 0.1.1-1.1 adaptation/devices/bluetooth-firmware-sprd#6a7cdcd31d340bc07c07a4bdbc9b387436518400
bluetooth-frwk-core.armv7l 0.2.149-1.1 framework/connectivity/bluetooth-frwk#1fc6d488929221171e34bc89595ec7415daf35ae
bluetooth-frwk-service.armv7l 0.2.149-1.1 framework/connectivity/bluetooth-frwk#1fc6d488929221171e34bc89595ec7415daf35ae
bluetooth-frwk.armv7l 0.2.149-1.1 framework/connectivity/bluetooth-frwk#1fc6d488929221171e34bc89595ec7415daf35ae
bluetooth-sbc-codec.armv7l 1.0-1.1 framework/multimedia/bluetooth-sbc-codec#c2e9d86dd2d2e4d23b9f753acfe692eb94b9e8c2
bluetooth-share.armv7l 0.0.99-1.1 framework/connectivity/bluetooth-share#35645a5f0059056d0d9362296483af222637415d
bluetooth-tools.armv7l 0.2.45-1.1 adaptation/bluetooth-tools#d14b35c1e2cfd751e35e9e77972db1f35f7fd9eb
bluez.armv7l 5.30-1.1 framework/connectivity/bluez#c3f9df283f3c4b2f118710001375c787edbdb7c5
boost-chrono.armv7l 1.51.0-1.1 external/boost#87803dcba81fd6f363b9f8e1e9c026e183ca027a
boost-date-time.armv7l 1.51.0-1.1 external/boost#87803dcba81fd6f363b9f8e1e9c026e183ca027a
boost-filesystem.armv7l 1.51.0-1.1 external/boost#87803dcba81fd6f363b9f8e1e9c026e183ca027a
boost-iostreams.armv7l 1.51.0-1.1 external/boost#87803dcba81fd6f363b9f8e1e9c026e183ca027a
boost-program-options.armv7l 1.51.0-1.1 external/boost#87803dcba81fd6f363b9f8e1e9c026e183ca027a
boost-random.armv7l 1.51.0-1.1 external/boost#87803dcba81fd6f363b9f8e1e9c026e183ca027a
boost-regex.armv7l 1.51.0-1.1 external/boost#87803dcba81fd6f363b9f8e1e9c026e183ca027a
boost-serialization.armv7l 1.51.0-1.1 external/boost#87803dcba81fd6f363b9f8e1e9c026e183ca027a
boost-system.armv7l 1.51.0-1.1 external/boost#87803dcba81fd6f363b9f8e1e9c026e183ca027a
boost-test.armv7l 1.51.0-1.1 external/boost#87803dcba81fd6f363b9f8e1e9c026e183ca027a
boost-thread.armv7l 1.51.0-1.1 external/boost#87803dcba81fd6f363b9f8e1e9c026e183ca027a
boost.armv7l 1.51.0-1.1 external/boost#87803dcba81fd6f363b9f8e1e9c026e183ca027a
boot-animation.armv7l 0.3.7-1.1 apps/home/boot-animation#9a48d3ef9ace9053b7c1cf65de7ec2f9ed2331e5
bzip2-libs.armv7l 1.0.5-1.8 external/bzip2#7f96d911b3e89f7877397b066d8f9df59b904e05
c-ares.armv7l 1.10.0_5-1.1 external/c-ares#3c011185d537b03026452a28022d61d8377ce63a
ca-certificates.armv7l 0.0.1-1.1 framework/security/ca-certificates#886c66a251df91ea9953ecdc021cd81d25c563f3
cairo.armv7l 1.12.14-1.1 framework/graphics/cairo#4ab3784f3c5471b03eee562156bc62b26c061559
calendar-service.armv7l 0.1.158-1.1 framework/pim/calendar-service#723b6d6e1c3d650c22ebd075ea7d72919b482666
call-manager.armv7l 0.1.41-1.1 framework/telephony/call-manager#1727eed97f539f2033f6c90bad1a674923e8b129
call-setting.armv7l 0.8.8-1.1 apps/home/call-setting#5c474a93b062a2c6be725181e0a1d4c593f6226f
capi-data-control.armv7l 1.2.3.2-1.1 framework/api/data-control#f709d2887a77e89ba37765c90285c3a82d323547
capi-media-screen-mirroring.armv7l 0.1.44-1.1 framework/api/screen-mirroring#1b0ca0bd23ad17632f94e1e43385a760d7c7219e
capi-message-port.armv7l 1.2.2.1-1.1 framework/api/message-port#6c92e46e5a31d1f83e3289d3d5b7dbc6ccab3d6b
capi-network-nfc.armv7l 0.2.0-1.1 framework/api/nfc#ed44b7065143a18f5f17031b1b46405a42b9eb00
capi-network-serial.armv7l 0.0.13-1.1 framework/api/serial#637fb755ca46e2dbf2a68aa3dc9628d7a9b6cce0
capi-security-privilege-manager.armv7l 0.0.4-1.1 framework/security/privilege-checker#1fe1fed0cd28f6e024edff903558528c545f7019
cbhm.armv7l 0.1.235-1.1 framework/uifw/cbhm#3c0c87be9ab25eaf28be84c37dfc55c419121a56
cert-svc-ui.armv7l 1.0.2-1.1 framework/security/cert-svc-ui#1700e952c09d72c9209306595a70775db9f64eaa
cert-svc.armv7l 1.0.2-1.1 framework/security/cert-svc#f4d8a0eecd8878c1267765a8bc707ffddec633eb
chromium.armv7l 1.0-1.1 external/chromium#afdbe8b9f99a14e4f7b2ce4543de9a6f6cd1e63a
clips.armv7l 6.30-1.1 external/clips#a1fc5fecc4982dec76b4b51c3eeee98961ae15d5
connman.armv7l 1.29.38-1.1 framework/connectivity/connman#2327c123dc570500e547568d06b742bb8b3208da
contact-adaptor.armv7l 1.0.0-1.1 framework/convergence/service/adaptors/contact-adaptor#00c895402b58de968122f54507c1a970214927c9
coregl.armv7l 4.0-1.1 framework/graphics/coregl#bd9d31c653e23ab1293d544459da36dbeba4052e
cpio.armv7l 2.8-1.6 toolchains/cpio#e13d1bf0135d15e88f7adb05fdb03a067a4ee301
crash-worker.armv7l 0.1.3-1.1 framework/system/crash-worker#83d3f4e270af9c3408b6da7eced11c01a27d52a3
dali-adaptor.armv7l 1.0.49-1.1 framework/graphics/dali-adaptor#4529c0d071ddd3426c02898ef6b536336f10d7c9
dali.armv7l 1.0.49-1.1 framework/graphics/dali#c11bc0e9b371f737362038666037ee506dc1ba4d
data-control.armv7l 0.2.3.2-1.1 framework/appfw/data-control#2d1d5d9b670ac824765c75169c3faa0a5b41ed40
data-provider-master.armv7l 1.3.2-1.1 apps/widget/data-provider-master#6812ca6b3f7051f18bf0c188c365f30b071d318b
data-router.armv7l 0.3.1-1.1 framework/connectivity/data-router#665c23f69e346494bd8e848d179ca65a8563bef5
db4.armv7l 4.8.30-1.8 toolchains/db4#bb4826beb2528cfebcae9d15a794ae8988b2e571
dbus-glib.armv7l 0.100-1.1 external/dbus-glib#92312d65e62368a8213b80675ba7877efe3aee4b
dbus-libs.armv7l 1.8.16-1.1 external/dbus#970d4bc5aa3e7f35b1e4f87e6d1e388cfee2c0f2
dbus.armv7l 1.8.16-1.1 external/dbus#970d4bc5aa3e7f35b1e4f87e6d1e388cfee2c0f2
debug-launchpad.armv7l 0.0.12-1.1 framework/appfw/debug-launchpad#b0b8ba85f12f57e0cf6cb39afb8b87b27eaa08e4
default-fonts-fc-sdk.armv7l 0.0.5-1.1 framework/graphics/default-fonts-fc-sdk#43264b612c57d49baabaff0d5e51f0b34bc0cf43
default-fonts-sdk.armv7l 1.3.3-1.1 framework/graphics/default-fonts-sdk#a27f047c845320f6d3d8f42a55023c78da3d4f4d
device-manager-plugin-sc7730.armv7l 0.0.03-1.1 adaptation/ap_spreadtrum/device-manager-plugin-sc7730#8d6110e0432fd49faad07cbc50143ce6a7ff00ce
deviced-tools.armv7l 1.0.1-1.1 framework/system/deviced#7d5fa2713a9883cc763cfbaab4955dd37c59c45e
deviced.armv7l 1.0.1-1.1 framework/system/deviced#7d5fa2713a9883cc763cfbaab4955dd37c59c45e
dlogutil.armv7l 0.4.1-1.1 framework/system/dlog#0521bbfeade0ec611aa4101cbfa1c242c51dc420
dnsmasq.armv7l 2.57_11-1.1 framework/connectivity/dnsmasq#49cdd06858c428d01bb5be86d9095238af657460
dosfstools.armv7l 2.11-1.1 external/dosfstools#bae3b8c863967c8bfc437bfacc1df110300f6b92
download-fonts-service.armv7l 0.0.7-1.1 framework/uifw/download-fonts-service#a93bf7eadce0f2968e4c16a1edfd61b7d90580c6
download-provider.armv7l 2.1.26-2.1 framework/web/download-provider#7bda74a901d97edc0aab123c0f3b0e49dac5ff5d
drm-service-core-tizen.armv7l 0.3.9-1.1 framework/security/drm-service-core-tizen#f2cfff2aa3f058e287c88650b0c201a074b8a18f
e17-data.armv7l 1.0.6.001+svn.76808slp2+build27-1.1 framework/uifw/e17#b17bfdb309bc72fdc693c233efdc61cd130c130a
e17-misc-mobile.armv7l 0.2.19-1.1 framework/uifw/e17-misc-mobile#0cf93a309e2fc4230af0563c3e13cc60835cb891
e17-mod-tizen-accessibility.armv7l 0.1.4-1.1 framework/uifw/e17-mod-tizen-accessibility#8cfe7ac17a4a07f44896e6060d3b3b3653bccbc0
e17-mod-tizen-anr.armv7l 0.1.6-1.1 framework/uifw/e17-mod-tizen-anr#402b89e34e0745fa7472a4fda8d1ed159b6dc35d
e17-mod-tizen-bufferqueue.armv7l 0.1.2-1.1 framework/uifw/e17-mod-tizen-bufferqueue#df27df94080c64bded09e8e8b3a3a85487c5ec40
e17-mod-tizen-comp.armv7l 0.1.12-1.1 framework/uifw/e17-mod-tizen-comp#c860341b5a27b43bb6355fa3256ebc6eb7136fb2
e17-mod-tizen-config.armv7l 0.1.3-1.1 framework/uifw/e17-mod-tizen-config#6d418817db5b6165fd501a8b261950107a586833
e17-mod-tizen-devicemgr.armv7l 0.1.6-1.1 framework/uifw/e17-mod-tizen-devicemgr#90907ed4f533b06e121f7d143294c5c453e9b40d
e17-mod-tizen-elogwatcher.armv7l 0.1.0-1.1 framework/uifw/e17-mod-tizen-elogwatcher#e616d352b0ec862ab52aaa5d32c84fa5fd5ecdfa
e17-mod-tizen-eom.armv7l 0.1.3-1.1 framework/uifw/e17-mod-tizen-eom#85cfa344d5edf7df61c185c5115ecd57302486ec
e17-mod-tizen-extndialog.armv7l 0.1.3-1.1 framework/uifw/e17-mod-tizen-extndialog#bca3bc6e028ca616fec098620541d2264e8969ef
e17-mod-tizen-illume2.armv7l 0.2.23-1.1 framework/uifw/e17-mod-tizen-illume2#050009aacaff2c61c6d9544963122d389bd96480
e17-mod-tizen-keyrouter.armv7l 0.1.4-1.1 framework/uifw/e17-mod-tizen-keyrouter#610a8802c6978605202ede5a03c284f2d15051c1
e17-mod-tizen-move.armv7l 0.1.4-1.1 framework/uifw/e17-mod-tizen-move#7e2345040fa1334f6e4c788e602d3a5d718c395c
e17-mod-tizen-pm-helper.armv7l 0.1.1-1.1 framework/uifw/e17-mod-tizen-pm-helper#9a374a03a2ab22eb35ed249d63159b1ca78567cd
e17-mod-tizen-processmgr.armv7l 0.1.8-1.1 framework/uifw/e17-mod-tizen-processmgr#bfe9dfc1987e734af5d2fbe4b460eae6ef3af614
e17-mod-tizen-screen-reader.armv7l 0.1.1-1.1 framework/uifw/e17-mod-tizen-screen-reader#3a869db26e7d3b2c6305c36b8385b2e7e4dae3f5
e17-mod-tizen-smack-checker.armv7l 0.1.1-1.1 framework/uifw/e17-mod-tizen-smack-checker#c5cb01e2a034212d93ec1148b4b8172dece13377
e17-mod-tizen-wmready.armv7l 0.1.0-1.1 framework/uifw/e17-mod-tizen-wmready#2fb12b955b28a0679b799f1fa5d28b516421bb4d
e17.armv7l 1.0.6.001+svn.76808slp2+build27-1.1 framework/uifw/e17#b17bfdb309bc72fdc693c233efdc61cd130c130a
e2fsprogs-libs.armv7l 1.41.9-1.4 toolchains/e2fsprogs#44431dcb309d27c2c5eca8721d3a1282993222fd
e2fsprogs.armv7l 1.41.9-1.4 toolchains/e2fsprogs#44431dcb309d27c2c5eca8721d3a1282993222fd
ector.armv7l 1.13.26-1.1 framework/uifw/efl#8e24d41b1c0c2f0a5ae3c30f9c9962879abd530b
edbus.armv7l 1.6.0+svn.76526slp2+build11-1.1 framework/uifw/edbus#2dacefca914785c307ee94b21963d4f422431152
eet-tools.armv7l 1.13.26-1.1 framework/uifw/efl#8e24d41b1c0c2f0a5ae3c30f9c9962879abd530b
eet.armv7l 1.13.26-1.1 framework/uifw/efl#8e24d41b1c0c2f0a5ae3c30f9c9962879abd530b
eeze.armv7l 1.13.26-1.1 framework/uifw/efl#8e24d41b1c0c2f0a5ae3c30f9c9962879abd530b
efl-theme-tizen.armv7l 1.2.34-1.1 framework/uifw/efl-theme-tizen#e7ef4f2ec179efa7b7df90cdbb9e417bc5a74502
efl.armv7l 1.13.26-1.1 framework/uifw/efl#8e24d41b1c0c2f0a5ae3c30f9c9962879abd530b
efreet.armv7l 1.13.26-1.1 framework/uifw/efl#8e24d41b1c0c2f0a5ae3c30f9c9962879abd530b
eio.armv7l 1.13.26-1.1 framework/uifw/efl#8e24d41b1c0c2f0a5ae3c30f9c9962879abd530b
eldbus.armv7l 1.13.26-1.1 framework/uifw/efl#8e24d41b1c0c2f0a5ae3c30f9c9962879abd530b
elfutils-libelf.armv7l 0.152-1.12 toolchains/elfutils#dc51edc232ee14fec66f5424071635e996448bd6
elm-misc.noarch 1.13.4-1.1 framework/uifw/elm-misc#5f83b978807994840ce5a362456bd9f34407c213
elm-modules.armv7l 0.1.27-1.1 framework/uifw/elm-modules#237ebebd224511d4e1135c587f4d807024890372
embryo.armv7l 1.13.26-1.1 framework/uifw/efl#8e24d41b1c0c2f0a5ae3c30f9c9962879abd530b
eo.armv7l 1.13.26-1.1 framework/uifw/efl#8e24d41b1c0c2f0a5ae3c30f9c9962879abd530b
esd.armv7l 0.0.1-1.1 framework/appfw/event-system#549a948bffbb62e089035aee9da3b9efd73148f4
ethumb.armv7l 1.13.26-1.1 framework/uifw/efl#8e24d41b1c0c2f0a5ae3c30f9c9962879abd530b
evas.armv7l 1.13.26-1.1 framework/uifw/efl#8e24d41b1c0c2f0a5ae3c30f9c9962879abd530b
eventsystem.armv7l 0.0.1-1.1 framework/appfw/libeventsystem#463b70ae816cc7ad17b20abf9fd5ee4be340097b
expat.armv7l 2.0.1-1.8 external/expat#74d1a84d596f455ec88fdd0ad33aaeab54b68bd1
file.armv7l 5.04-1.7 external/file#df7e977f6f4a8c30ac2bbf4b6b57b8e95c61dd12
filesystem-tizen.noarch 0.0.1-1.1 framework/base/filesystem-tizen#518add866854299e9e2c62704a65dac67ccca892
filesystem.noarch 0.1-1.1 toolchains/filesystem#fc4e3eac687b99319f62bde1ce68b1a86f1acf84
findutils.armv7l 4.2.31-1.5 toolchains/findutils#670256ea142ae3df17ddfd7d06608e3c82a0c342
fontconfig.armv7l 2.11.92-1.1 framework/graphics/fontconfig#d7212f5f30a8bdc591690f19dfce9c97f30c0d51
freealut.armv7l 1.1.0-1.1 external/freealut#acb094dc60e35e531e5ae87cc4ba994c8c23f1fa
freetype.armv7l 2.5.5-1.1 framework/graphics/freetype#ea8679b9f29cd475d9c625f2fef804eec7cdb62d
fribidi.armv7l 0.19.6-1.1 external/fribidi#db287f445b6182f6968913d78db469bc3089bb24
gawk.armv7l 3.1.5-1.6 toolchains/gawk#ab991768cbf1ea880775467ce379e7252344c7b1
geofence-server.armv7l 0.4.1-1.1 framework/location/geofence-server#e27f897e446f19af5af7fee4b2e1c7a8550259db
giflib.armv7l 4.1.6-1.1 external/giflib#bb23e80875202a2e0f6dd7fc9e702be212805588
gio-branding-upstream.noarch 2.44.1-1.1 external/glib2.0#b3851a57164dba2fb918cd37fe88fe3a7c5c10da
glib-networking.armv7l 2.38.0-1.1 external/glib-networking#f03ca8adb2f55d34d7aa2e9e1d6d2d7819419353
glibc-common.armv7l 2.20-2014.11.1.10 external/glibc#7e09ce3ade2885c05b520f635e02ae7ef51c23aa
glibc.armv7l 2.20-2014.11.1.10 external/glibc#7e09ce3ade2885c05b520f635e02ae7ef51c23aa
gmime.armv7l 2.6.20-1.1 external/gmime#d2a9c2e6fe27c907592dc9fedf225a6ed739ce6f
gmp.armv7l 4.2.1-1.1 external/gmp#6c20b8c9f1e0c6ebfa883d200338370f673522eb
grep.armv7l 2.5.1a-1.5 toolchains/grep#f32ee4f4ca65764cab1e4d88253c60bfc45a4412
gst-libav.armv7l 1.4.5-1.1 framework/multimedia/gst-libav#1478f5d375a998ba9cf77d102b9f7d824b73ac69
gst-plugins-bad1.0.armv7l 1.4.5-1.1 framework/multimedia/gst-plugins-bad#97ad4f8b0debef278abb6acf276998be015ab98a
gst-plugins-base1.0.armv7l 1.4.5-1.1 framework/multimedia/gst-plugins-base#8d012285b30f8d534d1c5c743e8f8e71af6ab4b2
gst-plugins-good1.0.armv7l 1.4.5-1.1 framework/multimedia/gst-plugins-good#32e864f0f32b7628d995e84d07646b01dc5bf2d5
gst-plugins-tizen1.0.armv7l 1.2.4-1.1 framework/multimedia/gst-plugins-tizen#ce902e87153b72628c15d261c19acba72cb7b305
gst-plugins-ugly1.0.armv7l 1.4.5-1.1 framework/multimedia/gst-plugins-ugly#fed9ccc4d4585e39e42dc6079432ff6aae32eb1a
gst-rtsp-server.armv7l 1.4.5-1.1 framework/multimedia/gst-rtsp-server#4cdb77e7e201326ff3f4f947ac991da3096953de
gstreamer1.0.armv7l 1.4.5-1.1 framework/multimedia/gstreamer#1755ffb7c844748ba77d812c761606db64425b9a
gzip.armv7l 1.3.12-1.6 toolchains/gzip#4da75ce56366b8ece2041f9c27f29892f20cb8c6
harfbuzz.armv7l 0.9.40-1.1 framework/uifw/harfbuzz#3b116dcddafed5f018198863aac3cd81d3c7c7e2
heremaps-engine.armv7l 1.0.6_5-1.1 framework/location/heremaps-engine#a02cd8e4b894312ebbc7d5a73ccb629fdbe6c0f6
hunspell-en.noarch R1.20-1.1 external/hunspell-en#7889c22599894e7e6e9fa3118e9c230e4a3987a1
icu.armv7l 51-1.1 external/icu#6757e9134badef17be9b3e77081983c623d3e362
iniparser.armv7l 3.1-1.1 external/iniparser#29fbfaf7e402c00837b491dcd6ac76ba2c7f31e3
iproute2.armv7l 3.9.2-1.1 external/iproute2#43e2beb837716ac43b3f6989111e1749e6b5dbbd
iptables.armv7l 1.4.21.1-1.1 external/iptables#4dba8b4530546c273318faa5927e5d853b0e8516
ise-default.armv7l 1.1.18-1.1 framework/uifw/ise-default#2ff4aa0fd99eecd1275bdeb355d1a34e0f64fb03
ise-engine-anthy.armv7l 1.0.0-1.1 framework/uifw/ise-engine-anthy#e88dd1b66382d6c320c3908cc933cc208c25070d
ise-engine-default.armv7l 1.0.0-1.1 framework/uifw/ise-engine-default#0bef74412e6b8a20c7e92062e9f84e8ba362e559
ise-engine-hangul.armv7l 1.0.0-1.1 framework/uifw/ise-engine-hangul#85471976011bf77f6ed0cb6a42bc3e4dfc5732c1
ise-engine-sunpinyin.armv7l 1.0.0-1.1 framework/uifw/ise-engine-sunpinyin#57d6a0ff137b668926d7e2b200406f8c9369c70b
ise-engine-tables-zh.armv7l 1.0.0-1.1 framework/uifw/ise-engine-tables#b793bbf64ea3a90d1d7e73317c772ad809f97041
ise-engine-tables.armv7l 1.0.0-1.1 framework/uifw/ise-engine-tables#b793bbf64ea3a90d1d7e73317c772ad809f97041
isf.armv7l 2.4.9401-1.1 framework/uifw/isf#69bcaa375c186084fcb48872675d44ad849b754a
json-glib.armv7l 1.0.2-1.1 external/libjson-glib#696782dc68426dbdc49de5638df574a384742533
kmod-libs.armv7l 15-1.1 toolchains/kmod#08e11b939f7a5f5e39c5f3ce39c9a129ca0cd24e
kmod.armv7l 15-1.1 toolchains/kmod#08e11b939f7a5f5e39c5f3ce39c9a129ca0cd24e
launchpad.armv7l 0.2.3.14-1.1 framework/appfw/launchpad#907fb99ce458478e74f6d31e207113d77cc8e391
lbs-server.armv7l 0.6.10-1.1 framework/location/lbs-server#c760bcf9872300aeead798a4123a5de5b2850f06
libICE.armv7l 1.0.8-1.1 framework/uifw/xorg/lib/libice#f40af071415a0ca7310c325619173d08f911c4c3
libSM.armv7l 1.2.1-1.1 framework/uifw/xorg/lib/libsm#a8dc4b805d5d38e3935b9d8c90da43d54f24304d
libX11-common.noarch 1.6.2-1.1 framework/uifw/xorg/lib/libx11#3b5d242c60355448f61487674eb93dc063c1f225
libX11.armv7l 1.6.2-1.1 framework/uifw/xorg/lib/libx11#3b5d242c60355448f61487674eb93dc063c1f225
libXau.armv7l 1.0.8-1.1 framework/uifw/xorg/lib/libxau#37d9e5f86c4d255c879476d71b807fb9abe37ca2
libXcomposite.armv7l 0.4.4-1.1 framework/uifw/xorg/lib/libxcomposite#0aa96237931037d898854a3a778d55b426917aed
libXcursor.armv7l 1.1.14-1.1 framework/uifw/xorg/lib/libxcursor#6feadef9c56b498e3bce2cfa44fac24c305e7ca5
libXdamage.armv7l 1.1.4-1.1 framework/uifw/xorg/lib/libxdamage#f2f3109fec96875fceeffe503f25b692b27fe065
libXdmcp.armv7l 1.1.1-1.1 framework/uifw/xorg/lib/libxdmcp#5a9628cd6831ce864bde32d8989e59a9f17801e9
libXext.armv7l 1.3.2-1.1 framework/uifw/xorg/lib/libxext#ec95a4aee1a179b0a68ddcc3c49381cab2c52ec6
libXfixes.armv7l 5.0.1-1.1 framework/uifw/xorg/lib/libxfixes#ab1aa32ba3f92dea2c2ee140e7a1c4ac7bdba528
libXfont.armv7l 1.5.1-1.1 framework/uifw/xorg/lib/libxfont#4566b4367fa2110d8fef6fdae9f7fee1e516ec89
libXgesture.armv7l 0.1.1-1.1 framework/uifw/xorg/lib/libxgesture#f7f1bf2a2270fc9a1b613cca0ccb41883eda253c
libXi.armv7l 1.7.3-1.1 framework/uifw/xorg/lib/libxi#89623ad1871af4694e22b7c9fe41144da602989f
libXinerama.armv7l 1.1.3-1.1 framework/uifw/xorg/lib/libxinerama#430f52973806d1b5828866bf068cedae24f5e003
libXmu.armv7l 1.1.2-1.1 framework/uifw/xorg/lib/libxmu#898f52226e1828ea9e674f9c91a590b2a9ef75f6
libXrandr.armv7l 1.4.2-1.1 framework/uifw/xorg/lib/libxrandr#888914a7045758e807b2b17d52ccb9a87a0349f8
libXrender.armv7l 0.9.8-1.1 framework/uifw/xorg/lib/libxrender#8e2cc9ee11cd130e0c2d93b963af960028281e81
libXshmfence.armv7l 1.1-1.1 framework/uifw/xorg/lib/libxshmfence#875d73d1b50be59addb994a97f52fd1f448e1fb0
libXt.armv7l 1.1.4-1.1 framework/uifw/xorg/lib/libxt#23c8265014d68199f08012b2169b759481a12d9f
libXtst.armv7l 1.2.4-1.1 framework/uifw/xorg/lib/libxtst#0062b737b2f2c362e64b10cd6df84175866219f8
libXv.armv7l 1.0.10-1.1 framework/uifw/xorg/lib/libxv#10032cc6f3f5d2c6858ac854f5aa7497208c448e
libXxf86dga.armv7l 1.1.4-1.1 framework/uifw/xorg/lib/libxxf86dga#97536b8f7233100ab322c1bcf01e1cbc7c4b7c72
libXxf86vm.armv7l 1.1.3-1.1 framework/uifw/xorg/lib/libxxf86vm#67ff63d76cab7bc3723bcf19b4e4c9b055e1dd11
libaccounts-svc.armv7l 0.3.5-1.1 framework/account/libaccounts-svc#000a4e65c7aba9ba0d7ea651781098e8d8fa5644
libacl.armv7l 2.2.49-1.5 framework/base/acl#b9f814af6e870a9670bebe82ccef3f5e08e4c6f4
libalarm.armv7l 0.4.179-1.1 framework/appfw/alarm-manager#290565bdf4c1c7e017eca9df974d59a68acbc698
libasound-1.0.25.armv7l 1.0.25-1.1 external/alsa-lib#14acc1fba9aa540a292af3e878dcfe13f8543646
libatk-bridge-2_0-0.armv7l 2.12.0-1.1 framework/accessibility/at-spi2-atk#5f1c9c6a6af4e6e5b8b53265d3ff1c755d212f24
libatk.armv7l 2.12.0-1.1 framework/accessibility/atk#a3377e1039b10375101aa7fd1e3d28a744edc854
libatspi0.armv7l 2.16.1-1.1 framework/accessibility/at-spi2-core#728e3f7e6866b63f3c3772de381d4f40d66b7487
libattr.armv7l 2.4.44-1.8 framework/base/attr#16cc58ef7c6a6f43bcda722cd9662167e953c417
libavcodec.armv7l 11.3-1.1 external/libav#106616a67be3a0d663cc26bf89e2c3815c005115
libavformat.armv7l 11.3-1.1 external/libav#106616a67be3a0d663cc26bf89e2c3815c005115
libavutil.armv7l 11.3-1.1 external/libav#106616a67be3a0d663cc26bf89e2c3815c005115
libblkid.armv7l 2.20.2-1.4 tools/util-linux#06b738f0452a5ab8ceddb343aa2849bbe96b85f1
libbluetooth-share.armv7l 0.0.99-1.1 framework/connectivity/bluetooth-share#35645a5f0059056d0d9362296483af222637415d
libcall-manager.armv7l 0.0.5-1.1 framework/telephony/libcall-manager#7c7fa7baa468679f3ca290ad02b05c8e9e94ddaa
libcap.armv7l 2.21-1.6 external/libcap#3d94a58560227732333a96a45c353c804beed8db
libcom-core.armv7l 1.0.2-1.1 framework/appfw/com-core#3864a5b2419dfe259bffba44e23044531ab38c45
libcom_err.armv7l 1.41.9-1.4 toolchains/e2fsprogs#44431dcb309d27c2c5eca8721d3a1282993222fd
libcryptsvc.armv7l 0.0.1-1.1 framework/security/libcryptsvc#3476692d01edc51a62aa01eee6d8bf8b6f59d207
libcurl.armv7l 7.40.1_6-1.1 external/curl#44423f2d625268d5b1f9d48949fc04ca0e5a4d52
libdevice-node.armv7l 0.1.0-1.1 framework/system/libdevice-node#6c6b0f3a89d3fd5f49093972b1447871d0313d7f
libdeviced.armv7l 1.0.1-1.1 framework/system/deviced#7d5fa2713a9883cc763cfbaab4955dd37c59c45e
libdmx.armv7l 1.1.3-1.1 framework/uifw/xorg/lib/libdmx#fb3527be6cf59cb3691881229403abd4bce4900e
libdri2.armv7l 0.2.1-1.1 framework/uifw/xorg/lib/libdri2#2a604c387072ce3ef2760c40fdfa634717ab106e
libdrm2.armv7l 2.4.35-1.1 framework/uifw/xorg/lib/libdrm#20376c9a2fbbff1dd0f8c506e2bd19c77a4a21a1
libevdev.armv7l 1.2.2-1.1 framework/uifw/libevdev#a662fd570ce5a65a8a139faa42cbe85c8c2d3732
libexif.armv7l 0.6.21-1.1 framework/multimedia/libexif#c85cf8c75725e50f4ddfbc435a656b403d56ef79
libffi.armv7l 3.1-1.1 toolchains/libffi#d718570175224f505a1d715cc2efc527e5c347d4
libfile.armv7l 5.04-1.7 external/file#df7e977f6f4a8c30ac2bbf4b6b57b8e95c61dd12
libfontenc.armv7l 1.1.2-1.1 framework/uifw/xorg/lib/libfontenc#d131c1370a9439afea8ad115d4af1e366bca29df
libfuse.armv7l 2.9.2-1.1 framework/base/fuse#74ef380c29df1b582ad1948d12e31f64d66ce2d3
libgcc.armv7l 4.9.2-2015.02.1.11 toolchains/gcc#3d5a02fcc3565361f359e736541547935935d2d4
libgcrypt.armv7l 1.4.4-1.1 external/libgcrypt11#afda297b11ab9b2658431376a478c32cd18ca7bc
libgeofence-dbus.armv7l 0.3.0-1.1 framework/location/geofence-dbus#5315689b24705313e6e1748586d95e7fdd29f65e
libgio.armv7l 2.44.1-1.1 external/glib2.0#b3851a57164dba2fb918cd37fe88fe3a7c5c10da
libglib.armv7l 2.44.1-1.1 external/glib2.0#b3851a57164dba2fb918cd37fe88fe3a7c5c10da
libgmodule.armv7l 2.44.1-1.1 external/glib2.0#b3851a57164dba2fb918cd37fe88fe3a7c5c10da
libgnutls.armv7l 3.3.5_1-1.1 external/gnutls#1bf62a6eaf13c69e89a3a03630d0637630d58b78
libgobject.armv7l 2.44.1-1.1 external/glib2.0#b3851a57164dba2fb918cd37fe88fe3a7c5c10da
libgomp.armv7l 4.9.2-2015.02.1.11 toolchains/gcc#3d5a02fcc3565361f359e736541547935935d2d4
libgpg-error.armv7l 1.7-1.1 external/libgpg-error#097f396d92cf901316bf6d5baa48ad17e38bf215
libgthread.armv7l 2.44.1-1.1 external/glib2.0#b3851a57164dba2fb918cd37fe88fe3a7c5c10da
libhangul.armv7l 0.1.0-1.1 framework/uifw/libhangul#6a4fa600204dd0eb4a01c29538210ffb645fe641
libhogweed.armv7l 2.7.1-1.1 external/nettle#ab2df5e1185f68c703925dfd8b6c5e535f0bfdd0
libhwc.armv7l 0.2.0-1.1 framework/uifw/xorg/lib/libhwc#fe83d3dbfb2a5ed6bbd811635beaef9bd602e215
libicu.armv7l 51-1.1 external/icu#6757e9134badef17be9b3e77081983c623d3e362
libidn.armv7l 1.15-1.6 external/libidn#a19f4c675db36840c7868279dc5d92e0bb0af38f
libinput.armv7l 0.11.0-1.1 framework/uifw/libinput#15e4e2487f16fa9b709429f28ca04892379f7607
libiri.armv7l 1.7-1.1 external/libiri#b07c835ffdddd8553773e8a8b25f66e06d2ab2e9
libjpeg-turbo.armv7l 1.2.0-1.1 external/libjpeg-turbo#5887f457025bc2cabc36e31d1c119ea79676f130
libjson.armv7l 0.12-1.1 external/json-c#c698c7db2e1df43abdd7b0e95ebcd8a8072759bd
liblbs-dbus.armv7l 0.3.3-1.1 framework/location/lbs-dbus#f7f7d5d77ddc3cea511f9bc301640b94b5b2ed08
libleveldb.armv7l 1.1_17-1.1 external/leveldb#05893299b1b4b995347e9d331eb92133ef765675
liblua.armv7l 5.1.4-1.6 toolchains/lua#2fdef6325d099e6a8686a692402ca8418a551669
libmedia-service.armv7l 0.2.148-1.1 framework/multimedia/libmedia-service#e25f61a134de32ebccdcfdfd9fc6f78abd60703a
libmedia-thumbnail.armv7l 0.1.125-1.1 framework/multimedia/libmedia-thumbnail#f0cd23b812d3a86d776948b74ff8b5b90d546ec2
libmedia-utils.armv7l 0.2.122-1.1 framework/multimedia/media-server#7e25312ddc7beac68128663089618216e11f5a2e
libmm-camcorder.armv7l 0.9.125-1.1 framework/multimedia/libmm-camcorder#15101ed729eda53e949eb354873f1fc224cfcdf5
libmm-common.armv7l 0.2.93-1.1 framework/multimedia/libmm-common#e391a5017e1b0d6f5c9672842cc49797fe50441f
libmm-fileinfo.armv7l 0.6.41-1.1 framework/multimedia/libmm-fileinfo#1f0d82a1dfc461cec19610e04e77c0953017798d
libmm-imgp-gstcs.armv7l 0.14-1.1 framework/multimedia/libmm-imgp-gstcs#15ece4dac078bdf677a68d91ce4ccfe8333ca15a
libmm-player.armv7l 0.5.68-1.1 framework/multimedia/libmm-player#925125951dfadde0890125966b5a6df6f320d8a3
libmm-radio.armv7l 0.2.14-1.1 framework/multimedia/libmm-radio#a4ee4d6fb31793db596c91a5c655abcdeee69d25
libmm-session.armv7l 0.4.16-1.1 framework/multimedia/libmm-session#614d2eb138cd14d1641de2f8a30821e1d2220cb4
libmm-sound-tool.armv7l 0.9.255-1.1 framework/multimedia/libmm-sound#b35c90ecb124f099e5e1f2239d90383671b15f5b
libmm-sound.armv7l 0.9.255-1.1 framework/multimedia/libmm-sound#b35c90ecb124f099e5e1f2239d90383671b15f5b
libmm-transcode.armv7l 0.10-1.1 framework/multimedia/libmm-transcode#2b34e0584d667f1ab234deee32cbd8feaa02a1a7
libmm-utility.armv7l 0.53-1.1 framework/multimedia/libmm-utility#acfd59883588f7e3e2b7d0ff9f235a5c81d59ba7
libmm-wfd.armv7l 0.2.191-1.1 framework/multimedia/libmm-wfd#3a6ae88906b07b5111b35987e6c6a167fa30f8b5
libmount.armv7l 2.20.2-1.4 tools/util-linux#06b738f0452a5ab8ceddb343aa2849bbe96b85f1
libnet-client.armv7l 1.1.42-1.1 framework/connectivity/libnet-client#5aba6d046daea2c7a8e41a1345d80347594be314
libnettle.armv7l 2.7.1-1.1 external/nettle#ab2df5e1185f68c703925dfd8b6c5e535f0bfdd0
libnl2.armv7l 2.0.3-1.1 external/libnl2#db0a00877ee26e819afbc636af35b16191ce8285
liboauth.armv7l 1.0.3-1.1 external/liboauth#47a88a52adce1d617cf32328e2d9b2f20fe02139
libogg.armv7l 1.2.1-1.1 external/libogg#319649d8913e1a70b45488ce3f085c6afd1347a6
libpciaccess.armv7l 0.13.1-1.1 framework/uifw/xorg/lib/libpciaccess#64293f937eefab8d10ab6901df823230b8e987e2
libpcre.armv7l 7.7-1.25 framework/web/pcre#38b303e529df35a10d36084f41452684070f3fbc
libphonenumber.armv7l 7.0-1.1 external/libphonenumber#92edad0d60c487a1bf1c3544610401ed73b3e8fe
libpng.armv7l 1.2.50-1.1 external/libpng#7032a4dc5a172998059787b6f26d076d49798376
libprivilege-control-conf.armv7l 0.0.132-1.1 framework/security/security-server#013db677f3db9040f5536146c742543c0ba3218b
libprivilege-control.armv7l 0.0.93-1.1 framework/security/libprivilege-control#73eed8151a20171c16691cab01ee049285692885
libprotobuf-lite9.armv7l 2.6.1-1.1 external/protobuf#cdc72549d23a67d14cc703cd2f55da3b559f3a08
libresourced.armv7l 0.2.86-1.1 kernel/api/system-resource#85df12600dba085c32d14ee587e892aee73daea6
librua.armv7l 0.1.8-1.1 framework/appfw/librua#25605e7dc3b0828f31f918caefa9ef9ae1bc6e3c
libscl-common.armv7l 0.4.1-1.1 framework/uifw/libscl-common#1fa8133c608cca3b1080378a25e8a37aa0eaddf3
libscl-core.armv7l 0.4.5-1.1 framework/uifw/libscl-core#2a935a371182f93209572ec4ad73240dc6eba21f
libscl-ui.armv7l 0.5.7-1.1 framework/uifw/libscl-ui#1255bf04f389428c032adb31c7fc314d6eafd01d
libsecurity-server-client.armv7l 0.0.132-1.1 framework/security/security-server#013db677f3db9040f5536146c742543c0ba3218b
libsensord.armv7l 1.2.0-1.1 framework/system/sensord#6c71f525da7a244b2145a837c627334e4462e8b0
libslp-db-util.armv7l 0.1.8-1.1 framework/appfw/libslp-db-util#cf823fd561799c6989f0ccbf8731dae7779881be
libslp-lbsplugin-replay.armv7l 0.2.2-1.1 framework/location/libslp-lbs-plugin-replay#73a19e077afc2d2df85ac91de3b058fe42230624
libslp-location.armv7l 0.11.6-1.1 framework/location/libslp-location#698752fdb94b29517d5f124109623069fe04a1f3
libslp-tapi.armv7l 0.8.13-1.1 framework/telephony/libslp-tapi#9ae806b706af0c7e012bbf6ebb0b14bfbae1f7ee
libslp-utilx.armv7l 0.5.4-1.1 framework/uifw/xorg/libslp-utilx#95d431a168b9db927a0b1e02cbf80b364e769991
libsndfile.armv7l 1.0.25-1.1 external/libsndfile#41846979cdf690720ca6e1e2f047c96552305fe2
libsoup.armv7l 2.46.0_22-1.1 framework/connectivity/libsoup2.4#2db13b2bc86e100c87eee19c3b1aaad239a38fde
libss-client.armv7l 0.12.13-1.1 framework/security/secure-storage#02691f1cc2c4bc6c12a0bd2ffd63f3323161812d
libss.armv7l 1.41.9-1.4 toolchains/e2fsprogs#44431dcb309d27c2c5eca8721d3a1282993222fd
libstdc++.armv7l 4.9.2-2015.02.1.11 toolchains/gcc#3d5a02fcc3565361f359e736541547935935d2d4
libswscale.armv7l 11.3-1.1 external/libav#106616a67be3a0d663cc26bf89e2c3815c005115
libtcore.armv7l 0.3.1-1.1 framework/telephony/libtcore#8e7f6f3239c70fdc1292426dc899fa27c05647e3
libtheora.armv7l 1.1.1-1.1 external/libtheora#b346b971f14cec188735b228d7f87bcb199c95a8
libtiff.armv7l 4.0.2-1.1 external/libtiff#b20b108d1f97aa4d627be5222012cb8e1aebff09
libtool-ltdl.armv7l 2.2.6b-1.8 toolchains/libtool#ab58054806620de1d09137999f9f1c44d375ad46
libtremolo.armv7l 0.0.12-1.1 external/libtremolo#c9f5d97f8b3527885c4ffd9a32fc8fff11a7f696
libug-setting-wifidirect-efl.armv7l 1.11.74-1.1 apps/home/ug-wifi-direct#0b77baf2187ed913b147706764a308bc24ffc943
libug-worldclock-efl.armv7l 0.2-1.1 apps/home/libug-worldclock-efl#fea5e667dc2f8f302f26ad8d72e7d5345d35b79c
libunwind.armv7l 1.1-1.1 external/libunwind#4e5f3ea42b7e92dec6aee90278205718b34c0eac
libusb.armv7l 1.0.9-1.1 external/libusb#a6a036f51c5b25004217adce9fb4544d4c773b2c
libuuid.armv7l 2.20.2-1.4 tools/util-linux#06b738f0452a5ab8ceddb343aa2849bbe96b85f1
libuw-imap-toolkit.armv7l 0.1.36-1.1 external/uw-imap-toolkit#e015d706f07532754c8702830a09298c6d94dcef
libvorbis.armv7l 1.2.3-1.1 external/libvorbis#a0760380f50c7f406590cf8ecb6a9cefc3ce119b
libwayland-client.armv7l 1.7.0-1.1 framework/uifw/wayland#4b4ebcabf0cca1184397cc50f74a99620a65424c
libwayland-server.armv7l 1.7.0-1.1 framework/uifw/wayland#4b4ebcabf0cca1184397cc50f74a99620a65424c
libwbxml2-utils.armv7l 0.11.1-1.1 external/libwbxml2#eb5e2ce99a76a32cc0faad70a82da661b1a272fc
libwbxml2.armv7l 0.11.1-1.1 external/libwbxml2#eb5e2ce99a76a32cc0faad70a82da661b1a272fc
libwebsockets.armv7l 1.2-1.1 external/libwebsockets#2ae8ec672a52448f15a6f7d67bdac2bad4c79c58
libwidget.armv7l 1.3.1-1.1 apps/widget/widget#a2acfb4ff3c05e9e3b2962546c830b10980d7fb3
libwidget_provider.armv7l 1.1.5-1.1 apps/widget/widget-provider#89677f7b7136e7ce0df7135906d96a1af78937db
libwidget_provider_app.armv7l 1.1.5-1.1 apps/widget/widget-provider#89677f7b7136e7ce0df7135906d96a1af78937db
libwidget_viewer.armv7l 1.2.2-1.1 apps/widget/widget-viewer#c19b6d90c38cdc0d5b336ede42ccce0e28af56db
libxcb.armv7l 1.10.0-1.1 framework/uifw/xorg/xcb/libxcb#baa76ef19f264a0a21f21b342078032c79fcfc59
libxkbfile.armv7l 1.0.8-1.1 framework/uifw/xorg/lib/libxkbfile#81f3070628b1acaf250c10bdf667b8d1a6f6c619
libxml2.armv7l 2.9.2-1.3 external/libxml2#c58d6b5be6df5c0a2317733b5296326d05366d67
libxslt.armv7l 1.1.28-1.2 external/libxslt#17545ec7506a0fc0e8065a1612a847f64d08cea5
linux-3.10-sc7730_tizen_tm1.armv7l Tizen_sc7730_20150907_1_2edc4585-1.1 kernel/linux-3.10-sc7730#eeb83040b0b6b5d22a217d8ad263c6544c0b6acf
location-geofence-server.armv7l 0.4.1-1.1 framework/location/geofence-server#e27f897e446f19af5af7fee4b2e1c7a8550259db
location-lbs-server.armv7l 0.6.10-1.1 framework/location/lbs-server#c760bcf9872300aeead798a4123a5de5b2850f06
lzo.armv7l 2.03-1.6 external/lzo2#35dc7ac57853395825daffe61740f7ddc9696e17
maps-plugin-here.armv7l 0.1.4-1.1 framework/location/maps-plugin-here#30aa89fe44757936f60148344791cecbc8e745f4
media-data-sdk.armv7l 0.1.45-1.1 framework/multimedia/media-data-sdk#896bad34f5775a96516d8b897e8c9d879171772f
media-server.armv7l 0.2.122-1.1 framework/multimedia/media-server#7e25312ddc7beac68128663089618216e11f5a2e
media-thumbnail-server.armv7l 0.1.125-1.1 framework/multimedia/libmedia-thumbnail#f0cd23b812d3a86d776948b74ff8b5b90d546ec2
mediacontroller.armv7l 0.0.16-1.1 framework/api/media-controller#675126e02b87f605fd802bf47ac518ae64e5ff4a
message-adaptor.armv7l 1.0.0-1.1 framework/convergence/service/adaptors/message-adaptor#ad97a93299465c51dbfe89cfb80659d732497938
message-port.armv7l 1.2.2.1-1.1 framework/appfw/message-port#40491e2c8399ebf7a89b6e85606508c0c307ea01
minizip.armv7l 1.2.8-1.8 toolchains/zlib#7c72d49bfcfc18e6e4b4f03883a6f2d5771da224
mmfw-sysconf-sc7730s.armv7l 0.1.260-1.1 framework/multimedia/mmfw-sysconf#8477353fed95d263bef6fe3bec5a965e234f1f7d
mobileap-agent.armv7l 1.0.36-1.1 framework/connectivity/mobileap-agent#03b79e68df7be3702ce4616069e94589c2a15d91
model-config-tm1.noarch 0.0.1-1.1 adaptation/model/model-config-tm1#23832a2412f6db54a534ad903107ee55a96f9920
mtdev.armv7l 1.1.3-1.1 adaptation/mtdev#50c41782ed14fd4c55fb9f2ea452b0c9977c9640
mtp-responder.armv7l 0.0.2-1.1 framework/connectivity/mtp-responder#70953fcb6fe56ad437c12084ed40d47516e48606
murphy.armv7l 0.0.74-1.1 framework/system/murphy#a6e0d2f0ca6423b6fcc55a85a66bbc002cfaebfe
my-account.armv7l 1.9.102-1.1 apps/home/my-account#f3b12d455a670ce1342c549e53848783316c436b
ncurses-base.armv7l 5.7-1.8 external/ncurses#e7655cea698c2b2ba7e9b00881b51e1834bb4569
ncurses-libs.armv7l 5.7-1.8 external/ncurses#e7655cea698c2b2ba7e9b00881b51e1834bb4569
ncurses.armv7l 5.7-1.8 external/ncurses#e7655cea698c2b2ba7e9b00881b51e1834bb4569
net-config.armv7l 1.1.38-1.1 framework/connectivity/net-config#65f20dcda53880b43b6b0b574fcfebbaf6def92f
net-tools.armv7l 1.60-2.6 tools/net-tools#2044c777dc6089a3aea85d2e519ff82916349e18
net.netpopup.armv7l 0.2.78-1.1 apps/home/net-popup#b748e75720fa43527693c19d03c58c563ed53a1f
net.wifi-qs.armv7l 1.0.158-1.1 apps/home/ug-wifi-efl#ed6f6d6361c80a7556f1e770f4cba110e8d9cb74
nfc-client-lib.armv7l 0.1.103-1.1 framework/connectivity/nfc-manager#03cd0c527700da6fbad640a5a0343f144186bd5f
nfc-common-lib.armv7l 0.1.103-1.1 framework/connectivity/nfc-manager#03cd0c527700da6fbad640a5a0343f144186bd5f
nghttp2.armv7l 0.7.3-1.1 external/nghttp2#8d795f8a2667a872a1d1f6109141ea036723ef11
nspr.armv7l 4.9-1.9 toolchains/nspr#cd3cafd4de4aabd46b3bc4176c0943067c33b580
nss-softokn-freebl.armv7l 3.12.9-1.17 toolchains/nss#0fc2dcbfb19b59f4caed76d0a65506eb6711558c
nss-sysinit.armv7l 3.12.9-1.17 toolchains/nss#0fc2dcbfb19b59f4caed76d0a65506eb6711558c
nss.armv7l 3.12.9-1.17 toolchains/nss#0fc2dcbfb19b59f4caed76d0a65506eb6711558c
obexd.armv7l 5.30-1.1 framework/connectivity/bluez#c3f9df283f3c4b2f118710001375c787edbdb7c5
openal-soft.armv7l 1.13-1.1 framework/multimedia/openal-soft#58ce8d39ab97abd0c29e66823588c39d200d1f32
opencore-amr.armv7l 0.1.3-1.1 external/opencore-amr#bee20294e0d8e1eb6502688d5b9112c7854c70fa
opencv.armv7l 2.4.9-1.1 external/opencv#5d115f8a836efebc6a0b442230c8dbeb64fcf954
openssl.armv7l 1.0.1p-1.5 framework/security/openssl#c484b26e7a6412040753adc580779360753dc250
org.tizen.add-viewer.armv7l 0.7.14-1.1 apps/home/add-viewer#3efe1271882f204ea5937dc9f85a5a9c2b6b38d6
org.tizen.app-selector.armv7l 0.1.61-1.1 apps/home/app-selector#ba9114b77639156b74e2a4ed7d00dd9fea21bbdf
org.tizen.bluetooth-share-ui.armv7l 0.0.88-1.1 apps/connectivity/bluetooth-share-ui#156aaf812eee5acc18e6f9f2559aff656bc634eb
org.tizen.browser.armv7l 5.5.0-1.1 apps/web/browser#524fa89f33058dbe9ab52288a8639987fd3c9268
org.tizen.bt-syspopup.armv7l 0.2.104-1.1 apps/home/bt-syspopup#9b69b35ec251c35b8648de6d5424c189c18305c9
org.tizen.calendar.armv7l 1.0.0-1.1 apps/home/calendar#142fabd9831c6156d71accc5d18eb9ed1a0a092a
org.tizen.call-ui.armv7l 0.0.1-1.1 apps/home/call-ui#3c65d0d88db13a90dd6699140b2c841d1fa810bb
org.tizen.callmgr-popup.armv7l 0.1.41-1.1 framework/telephony/call-manager#1727eed97f539f2033f6c90bad1a674923e8b129
org.tizen.camera-app.armv7l 0.0.36-1.1 apps/home/camera#b484f2699722a37f45f8b36104b64c7932f610f4
org.tizen.contacts.armv7l 0.1.189-1.1 apps/home/phone-contacts#2aa01f1ea98ff42e4bfef6da401eb19383f2f4ce
org.tizen.crash-popup.armv7l 0.1.31-1.1 framework/system/system-popup#5c8bfffffa65be19328bdfd09d3dd1e004eb731d
org.tizen.crash-viewer.armv7l 0.1.1-1.1 apps/home/crash-viewer#c05251218b5782900da2414e4e6618a2f944d262
org.tizen.data-provider-slave.armv7l 1.1.0-1.1 apps/widget/data-provider-slave#7453a5b32a6a0ab0b0f9b1943a0cbe9e7a970c8a
org.tizen.datausage-syspopup.armv7l 0.1.31-1.1 framework/system/system-popup#5c8bfffffa65be19328bdfd09d3dd1e004eb731d
org.tizen.download-manager.armv7l 0.2.42-1.1 apps/web/download-manager#4b7ace8f0b8517b64d0005cbe21437eda9c060c5
org.tizen.email.armv7l 0.0.1-1.1 apps/home/email#e1abeec12d5a6802b3e1ae83a644d810e35126c6
org.tizen.gallery.armv7l 1.3.21-1.1 apps/home/gallery#f24ffe8c87ac77dcdda57f4c68dcb66ed20a6b14
org.tizen.gps-syspopup.armv7l 1.0.31-1.1 framework/location/lbs-setting#8303c9de915b0258eb747d62d0ab0e39c957fbb7
org.tizen.homescreen-efl.armv7l 0.0.1-1.1 apps/home/homescreen-efl#3a7990d1943d9e38a2639eb9bd44b8f4109344f7
org.tizen.homescreen.armv7l 0.0.9-1.1 apps/home/homescreen#4310995ce280081b5487d1032de1d3f6d890c006
org.tizen.host-devices.armv7l 0.1.31-1.1 framework/system/system-popup#5c8bfffffa65be19328bdfd09d3dd1e004eb731d
org.tizen.indicator.armv7l 0.2.53-1.1 apps/home/indicator-win#555d2ede5fc8d14346c45c4f972a204d29b3af72
org.tizen.inputmethod-setting.armv7l 0.4.29-1.1 framework/uifw/inputmethod-setting#a88f4d2236f76cd8f666f9eeed2c7bde35afa541
org.tizen.installer.armv7l 0.0.9-1.1 apps/home/installer#b1d1519b8d4585d289a47b9022519d787eb4b25f
org.tizen.isf-kbd-mode-changer.armv7l 2.4.9401-1.1 framework/uifw/isf#69bcaa375c186084fcb48872675d44ad849b754a
org.tizen.lockscreen.armv7l 0.1.1-1.1 apps/home/lockscreen#85946bf71f84d126fe70791dad32152de10a55e2
org.tizen.lowbat-syspopup.armv7l 0.1.31-1.1 framework/system/system-popup#5c8bfffffa65be19328bdfd09d3dd1e004eb731d
org.tizen.lowmem-syspopup.armv7l 0.1.31-1.1 framework/system/system-popup#5c8bfffffa65be19328bdfd09d3dd1e004eb731d
org.tizen.menu-screen.armv7l 1.2.5-1.1 apps/home/menu-screen#f0357cb7ae520f0685ee5cae6220b31a19203b6c
org.tizen.message.armv7l 0.2.5-1.1 apps/home/message#657556cc7a218fb3b45349954568ee2f32b67cf0
org.tizen.mmc-syspopup.armv7l 0.1.31-1.1 framework/system/system-popup#5c8bfffffa65be19328bdfd09d3dd1e004eb731d
org.tizen.music-chooser.armv7l 0.2.180-1.1 apps/home/music-player#c74060af8d3a5e33edd75559644e4cc8dda1d8c0
org.tizen.music-player.armv7l 0.2.180-1.1 apps/home/music-player#c74060af8d3a5e33edd75559644e4cc8dda1d8c0
org.tizen.myfile.armv7l 0.3.42-1.1 apps/home/myfiles#828862635acf05dc4fce6ff0d9efa0732a1de315
org.tizen.myplace.armv7l 1.0.1-1.1 apps/location/myplace#d9ba80439dff5daf568dc1729122f7f5634b0847
org.tizen.poweroff-syspopup.armv7l 0.1.31-1.1 framework/system/system-popup#5c8bfffffa65be19328bdfd09d3dd1e004eb731d
org.tizen.quickpanel.armv7l 0.8.0-1.1 apps/home/quickpanel#cd1f0dade4c23f5317d56295c9875ab95686eef1
org.tizen.screen-reader.armv7l 0.0.7-1.1 framework/accessibility/screen-reader#35e34a39231c313a9057aa1afc6ee875e50d185c
org.tizen.setting-location.armv7l 1.0.31-1.1 framework/location/lbs-setting#8303c9de915b0258eb747d62d0ab0e39c957fbb7
org.tizen.setting.armv7l 0.1.99-1.1 apps/home/settings#5298c5f18c9f7ef49257f14cd18a5bdfb02297a4
org.tizen.share-panel.armv7l 0.1.0-1.1 apps/home/share-panel#21b3ab3109724b38039720f6f442cc8f3fbe9321
org.tizen.system-signal-sender.armv7l 0.1.31-1.1 framework/system/system-popup#5c8bfffffa65be19328bdfd09d3dd1e004eb731d
org.tizen.system-syspopup.armv7l 0.1.31-1.1 framework/system/system-popup#5c8bfffffa65be19328bdfd09d3dd1e004eb731d
org.tizen.task-mgr.armv7l 0.0.1-1.1 apps/home/taskmanager#c4b454af80a8dc14631eef303acc490636e28af1
org.tizen.usb-syspopup.armv7l 0.1.31-1.1 framework/system/system-popup#5c8bfffffa65be19328bdfd09d3dd1e004eb731d
org.tizen.usbotg-syspopup.armv7l 0.1.31-1.1 framework/system/system-popup#5c8bfffffa65be19328bdfd09d3dd1e004eb731d
org.tizen.video-player.armv7l 1.0.40-1.1 apps/home/video-player#dcb0b06d03925dc893b1411dc431f3526f9fc238
org.tizen.videos.armv7l 1.0.40-1.1 apps/home/video-player#dcb0b06d03925dc893b1411dc431f3526f9fc238
org.tizen.voice-setting.armv7l 0.0.1-1.1 framework/uifw/voice/voice-setting#380cd498bd3dd64e425e82ada0dcaf3268c37290
org.tizen.volume.armv7l 0.1.148-1.1 apps/home/volume-app#f44311d05be10255be7a7fcb5130083d85a7f65b
org.tizen.wallpaper-ui-service.armv7l 0.0.1-1.1 apps/home/wallpaper-ui-service#e035ebce3d97ccfcf2dddf9be9806caa110bb787
org.tizen.widget_viewer_sdk.armv7l 0.0.1-1.1 apps/widget/widget-viewer#c19b6d90c38cdc0d5b336ede42ccce0e28af56db
org.tizen.wifi-direct-popup.armv7l 1.11.74-1.1 apps/home/ug-wifi-direct#0b77baf2187ed913b147706764a308bc24ffc943
pam-modules-extra.armv7l 1.1.5-1.5 toolchains/pam#c4b0b0a39aa87fa1d47d0b2ce8f38000ade186cf
pam.armv7l 1.1.5-1.5 toolchains/pam#c4b0b0a39aa87fa1d47d0b2ce8f38000ade186cf
pims-ipc.armv7l 0.1.20-1.1 framework/pim/pims-ipc#46da8ae310839cdffbab3f91a4d662745ebe4e09
pixman.armv7l 0.28.2-1.1 framework/graphics/pixman#c428c7af791c0c6e017e2cc710a9eda9733e00e1
pkg-config.armv7l 0.25-2.6 tools/pkg-config#d4b380471c5a1f475de56bc9a20c144db43386ec
pkgmgr-client.armv7l 0.3.37-1.1 framework/appfw/slp-pkgmgr#94f106f0144bda3248bc44fd3ac1f55355e38c0b
pkgmgr-info-parser.armv7l 0.0.230-1.1 framework/appfw/pkgmgr-info#8a989edb9b9528589de9cf8a52ac26f7e2efd869
pkgmgr-info.armv7l 0.0.230-1.1 framework/appfw/pkgmgr-info#8a989edb9b9528589de9cf8a52ac26f7e2efd869
pkgmgr-installer.armv7l 0.3.37-1.1 framework/appfw/slp-pkgmgr#94f106f0144bda3248bc44fd3ac1f55355e38c0b
pkgmgr-server.armv7l 0.3.37-1.1 framework/appfw/pkgmgr-server#a5794036ce024f9b93c0fa15586dc602474fb368
pkgmgr-tool.armv7l 0.1.0-1.1 framework/appfw/pkgmgr-tool#3932f7b0877b1cb1c451c62e33c2caa48ac64e3d
pkgmgr.armv7l 0.3.37-1.1 framework/appfw/slp-pkgmgr#94f106f0144bda3248bc44fd3ac1f55355e38c0b
plugin-config.armv7l 1.0.3-1.1 framework/convergence/service/service-plugin-client#308cb6868e658dfd24f55d4b3c80a71e0eb86873
popt.armv7l 1.16-1.8 external/popt#06a4216ff76f0d5d9d1e7cb69930be5a4081eb84
privacy-manager-client.armv7l 0.0.6-1.1 framework/security/privacy-manager#25aa000c3d0844a240046efb30a7db7c9c3f96a1
privacy-manager-server.armv7l 0.0.6-1.1 framework/security/privacy-manager#25aa000c3d0844a240046efb30a7db7c9c3f96a1
privilege-checker.armv7l 0.0.4-1.1 framework/security/privilege-checker#1fe1fed0cd28f6e024edff903558528c545f7019
procps.armv7l 3.2.8-1.6 external/procps#0298412d37f8aa746feb3809acd6db7768f0f02e
psmisc.armv7l 22.20-1.6 external/psmisc#f38215aa3d8b2b1afd91446f12ed82e5a4f4f0ae
pulseaudio-libs.armv7l 4.0.208-1.1 framework/multimedia/pulseaudio#22391e475d1d5d5826c00d20692eff9929353e81
pulseaudio-module-bluetooth.armv7l 4.0.208-1.1 framework/multimedia/pulseaudio#22391e475d1d5d5826c00d20692eff9929353e81
pulseaudio-utils.armv7l 4.0.208-1.1 framework/multimedia/pulseaudio#22391e475d1d5d5826c00d20692eff9929353e81
pulseaudio.armv7l 4.0.208-1.1 framework/multimedia/pulseaudio#22391e475d1d5d5826c00d20692eff9929353e81
push-adaptor.armv7l 1.0.0-1.1 framework/convergence/service/adaptors/push-adaptor#48d436d603f4b9da36065956c90c8e7649313c24
push-bin.armv7l 0.4.30-1.1 framework/appfw/sppc#6857c63d3b7797ee6884151258ea4f183d50a6f5
push-tool.armv7l 0.4.30-1.1 framework/appfw/sppc#6857c63d3b7797ee6884151258ea4f183d50a6f5
readline.armv7l 5.2-1.6 external/readline5#ed12aef79ca948d0128b56090411fb4f9ca096d7
resourced.armv7l 0.2.86-1.1 kernel/api/system-resource#85df12600dba085c32d14ee587e892aee73daea6
rfkill.armv7l 0.4-1.1 framework/system/rfkill#96f0b94700c3fcca158d7b930d761c64996427ff
rpm-installer.armv7l 0.1.213-1.1 framework/base/rpm-installer#4e0ec71c27b1d5d21f1500f16e432592340b5a0b
rpm-libs.armv7l 4.9.1-4.3.1.10 toolchains/rpm#3ebbe6a9cacaa9356d0a8488ed083f4a45a5b532
rpm-security-plugin.armv7l 4.9.1-4.3.1.10 toolchains/rpm#3ebbe6a9cacaa9356d0a8488ed083f4a45a5b532
rpm.armv7l 4.9.1-4.3.1.10 toolchains/rpm#3ebbe6a9cacaa9356d0a8488ed083f4a45a5b532
sdbd.armv7l 2.2.32-1.1 framework/system/sdbd#278c5e2f7f6ca7825713ddd5309512260d517307
security-privilege-checker.armv7l 0.0.4-1.1 framework/security/privilege-checker#1fe1fed0cd28f6e024edff903558528c545f7019
security-server.armv7l 0.0.132-1.1 framework/security/security-server#013db677f3db9040f5536146c742543c0ba3218b
sed.armv7l 4.1.5-1.5 toolchains/sed#5e8e8c7346bb06fd60e9c3f5eb5e4a189947e35e
sensord.armv7l 1.2.0-1.1 framework/system/sensord#6c71f525da7a244b2145a837c627334e4462e8b0
service-adaptor-client.armv7l 1.0.1-1.1 framework/convergence/service/service-adaptor-client#f60a180434b1e4f8d10d17112c14b76ffa28618f
service-adaptor.armv7l 1.0.1-1.1 framework/convergence/service/service-adaptor#625711e70724fa61cd5dfca27b447c4afe3b738d
setup.noarch 0.2-1.1 toolchains/setup#92bb5c0b95f28d5fd14fec55dc7f37221d85710b
shadow-utils.armv7l 4.1.4.2-1.1 external/shadow-utils#5dfbc8b9acb023f3375d0ca5c2935d7f60763f95
shared-mime-info.armv7l 0.60-1.1 external/shared-mime-info#f9c6640abf5eeeadb72e54abb01fed4be7f8d4da
shop-adaptor.armv7l 1.0.0-1.1 framework/convergence/service/adaptors/shop-adaptor#c47fada27a113526c2a1fb285eca499363b6789c
smack-privilege-config.armv7l 1.0.8-1.1 framework/security/smack-privilege-config#db27c8eed31267c4474eed2065b10901025152d5
smack-utils.armv7l 1.0+s14-1.8 framework/security/smack#7a9fa494cb1a9287370854d70215e967f903402b
smack.armv7l 1.0+s14-1.8 framework/security/smack#7a9fa494cb1a9287370854d70215e967f903402b
smartcard-plugin-nfc.armv7l 0.0.12-1.1 framework/system/smartcard-plugin-nfc#f83229f0b2b7b039e46cda0d3bc22e6841146fbc
smartcard-plugin-uicc.armv7l 0.0.10-1.1 framework/system/smartcard-plugin-uicc#d85f47cea2db310c9a2888a390c087a25633158a
smartcard-service-common.armv7l 0.1.44-1.1 framework/system/smartcard-service#41df2c75d058c84a733286e15710d36c5689c464
smartcard-service-server.armv7l 0.1.44-1.1 framework/system/smartcard-service#41df2c75d058c84a733286e15710d36c5689c464
smartcard-service.armv7l 0.1.44-1.1 framework/system/smartcard-service#41df2c75d058c84a733286e15710d36c5689c464
speex-tools.armv7l 1.2rc1-1.1 external/speex#481e5ffd7083571f319ce8a1826c57206c074656
speex.armv7l 1.2rc1-1.1 external/speex#481e5ffd7083571f319ce8a1826c57206c074656
sqlite.armv7l 3.8.10.2-1.8 framework/base/sqlite3#eaccecc2dadc5cab8c6136512b0a0e5234f2946e
squashfs.armv7l 4.2-1.1 external/squashfs#eddf8aa8f5050d07b5a073945857faf2cfce3d6f
ss-server.armv7l 0.12.13-1.1 framework/security/secure-storage#02691f1cc2c4bc6c12a0bd2ffd63f3323161812d
starter.armv7l 0.5.52-1.1 apps/home/starter#730191fd414d47760dbc95ad049cab29d42e3b2b
sticker-panel.armv7l 0.1.0-1.1 apps/home/sticker-panel#c9e4f49aa1ab4c219b9caadf6374f2c1422ae3c4
storage-adaptor.armv7l 1.0.0-1.1 framework/convergence/service/adaptors/storage-adaptor#7b82f4299997faa16da295037ffa897e54eb8521
swap-manager.armv7l 3.0-1.1 framework/system/swap-manager#427f95bdb58cd729813db9751da86c679f57f720
swap-probe-elf.armv7l 3.0-1.1 framework/system/swap-probe#0cad418232dc34f529190f08b224cad43f03b4e9
swap-probe.armv7l 3.0-1.1 framework/system/swap-probe#0cad418232dc34f529190f08b224cad43f03b4e9
sync-service.armv7l 0.0.8-1.1 framework/account/sync-manager#d230b507036b9ed162a99fdb4a4d73be96a9f6f2
sys-assert.armv7l 0.3.2-1.1 framework/system/sys-assert#3084e82e8090296d8d9bfc6e0dae62ff6f09e849
sys-string.armv7l 1.2-1.1 framework/base/sys-string-0#2944b95c498ba59a02dfe49d15f75e2a428f1841
syspopup-caller.armv7l 0.0.135-1.1 framework/base/syspopup#ff0f4203667c73b3fcb43ba8c421b31c47c284c2
syspopup.armv7l 0.0.135-1.1 framework/base/syspopup#ff0f4203667c73b3fcb43ba8c421b31c47c284c2
system-plugin-common.armv7l 0.0.01-1.1 adaptation/ap_samsung/system-plugin-common#4725260e575eec8371cc30afc93fbe09f855d85d
system-plugin-spreadtrum.armv7l 0.1.01-1.1 adaptation/ap_spreadtrum/system-plugin-spreadtrum#fd535e60fb3a5a23d8603a663bb7010087c59be0
system-popup.armv7l 0.1.31-1.1 framework/system/system-popup#5c8bfffffa65be19328bdfd09d3dd1e004eb731d
systemd-libs.armv7l 216-1.1 external/systemd#71ab95049446c2d12590e2a255a5c1f83d88a6f4
systemd.armv7l 216-1.1 external/systemd#71ab95049446c2d12590e2a255a5c1f83d88a6f4
taglib.armv7l 1.8-1.1 external/taglib#03fda76da4403caf76646ef9461d3728dc5e7ea1
tar.armv7l 1.17-1.6 toolchains/tar#f9cf90bf072ba1bdb73754f118280727171a4f5a
tel-plugin-database.armv7l 0.1.21-1.1 framework/telephony/tel-plugin-database#a17f5e628412df5061387d700a1d2bf4aec19bd2
tel-plugin-dbus_tapi.armv7l 0.5.5-1.1 framework/telephony/tel-plugin-dbus_tapi#0cb40e5bc4b2b4212a77f3959a1ffa1a0ecfeb64
tel-plugin-indicator.armv7l 0.1.68-1.1 framework/telephony/tel-plugin-indicator#5d718c404ad23c206f16565ad96e3a30815e3977
tel-plugin-nitz.armv7l 0.1.75-1.1 framework/telephony/tel-plugin-nitz#9bc1cf7852896d15d6c979b25eb806fd78491ba8
tel-plugin-packetservice.armv7l 0.3.44-1.1 framework/telephony/tel-plugin-packetservice#86f9955cde29beb44e5ffaff7c37f399cf9dec04
telephony-daemon.armv7l 1.3.46-1.1 framework/telephony/telephony-daemon#b6e6eb4bc23e63987b9de40da011d9379c136821
tizen-coreutils.armv7l 6.9-1.1 external/tizen-coreutils#514d8000fdc58e32c0f5f0ba0dc30f02331e008a
tizen-debug.armv7l 2.20-1.1 external/tizen-debug#3575176281fb13f71ff548f08d43e1afe12a7412
tizen-locale.armv7l 0.1-1.1 framework/base/tizen-locale#acb29eaec7fb382b26e3c8560c872e1e88864591
tizen-release.noarch 2.2.0-1.1 toolchains/tizen-release#d2a7f62ec5678afba6592d52ece64d680d7cc81a
tizen-security-policy.armv7l 1.2.2.1-1.1 framework/security/tizen-security-policy#83aba7602248e91236611850e99ea8aa06172ac7
toybox-symlinks-dhcp.armv7l 0.6.0-1.1 external/toybox#fdfb7321d4e8633e196acb0909ac38a092da2cf9
toybox-symlinks-dhcpd.armv7l 0.6.0-1.1 external/toybox#fdfb7321d4e8633e196acb0909ac38a092da2cf9
toybox-symlinks-klogd.armv7l 0.6.0-1.1 external/toybox#fdfb7321d4e8633e196acb0909ac38a092da2cf9
toybox-symlinks-sysklogd.armv7l 0.6.0-1.1 external/toybox#fdfb7321d4e8633e196acb0909ac38a092da2cf9
toybox.armv7l 0.6.0-1.1 external/toybox#fdfb7321d4e8633e196acb0909ac38a092da2cf9
typelib-1_0-Atspi-2_0.armv7l 2.16.1-1.1 framework/accessibility/at-spi2-core#728e3f7e6866b63f3c3772de381d4f40d66b7487
tzdata.noarch 2014j-1.1 toolchains/tzdata#5e6a7d0cf77c108918b1d014dcec24171184f358
tzsh.armv7l 0.1.2-1.1 framework/uifw/tizen-ws-shell#ca90000cf258da8a5c53e042f5edc7a5f689e545
u-boot-tm1.armv7l 2010.12-1.1 kernel/u-boot-tm1#70c9b062ef932fd9af53168d16ff9767f0654630
ug-bluetooth-efl.armv7l 0.2.290-1.1 apps/home/ug-bluetooth-efl#f78b55f10d1541545f07e73823df2d89625ed1ff
ug-gallery-efl.armv7l 1.3.21-1.1 apps/home/ug-gallery-efl#fc4f8222d605c21291cd612a0c53b2b1dcfe5453
ug-homescreen-setting-efl.armv7l 0.1.33-1.1 apps/home/ug-setting-homescreen-efl#c6a0f17f9a459f2b18156485306852c2ccc47789
ug-image-viewer-efl.armv7l 2.0.73-1.1 apps/home/ug-image-viewer-efl#6d5fd6b5960024dc23948dee3739abbd8a179165
ug-lockscreen-options-efl.armv7l 0.1.108-1.1 apps/home/ug-lockscreen-setting-efl#657c73e5180e35522903a40664005b3565e93087
ug-myfile-efl.armv7l 0.3.42-1.1 apps/home/ug-myfile-efl#f5b2937589fc5a8fa903066610d73c464b36c6f7
ug-nfc-efl.armv7l 0.1.0-1.1 apps/home/ug-nfc-efl#710c11a94e417b5e799bd04fad9a8f5d1ed6a7be
ug-setting-mobileap-efl.armv7l 1.0.123-1.1 apps/home/ug-mobile-ap#daf34dadc5e7ca171904b6dde3beb6bdc3791083
unifiedstorage-format.armv7l 0.1.5-1.1 framework/convergence/unifiedstorage-format#96bcef3fe2fb7d9d31270da00a406a59b3a989e2
unifiedstorage-fs.armv7l 0.1.5-1.1 framework/convergence/unifiedstorage-fs#a9c50d5556b2b569bbb86a5e55ce2113ae314ee7
unzip.armv7l 6.0-1.12 toolchains/unzip#4ff5d2b889385ffd2f8457d73aa40dc36ebc8bac
util-linux.armv7l 2.20.2-1.4 tools/util-linux#06b738f0452a5ab8ceddb343aa2849bbe96b85f1
vasum-daemon.armv7l 0.3.1-1.1 framework/security/vasum#90c729403fb942aca8cadd6fc8e99cf6ec41b954
vasum.armv7l 0.3.1-1.1 framework/security/vasum#90c729403fb942aca8cadd6fc8e99cf6ec41b954
vc-engine-default.armv7l 0.2.0-1.1 framework/uifw/voice/vc-engine-default#5bc46081e5514b0472cc356c847887cb49927147
web-ui-fw-theme-tizen-black.noarch 0.9.28-1.1 framework/web/web-ui-fw#d39c9057a773b3dc00d20018f97f0c143a4bc3d7
web-ui-fw-theme-tizen-white.noarch 0.9.28-1.1 framework/web/web-ui-fw#d39c9057a773b3dc00d20018f97f0c143a4bc3d7
web-ui-fw.noarch 0.9.28-1.1 framework/web/web-ui-fw#d39c9057a773b3dc00d20018f97f0c143a4bc3d7
webapi-plugins.armv7l 0.57-1.1 framework/web/webapi-plugins#97eb17834dbcb21a6a7db875d6dcf8a19979a6a2
webkit2-efl.armv7l 123997_0.10.313.0-1.1 framework/web/mobile/webkit-efl#ea081865e6fee12f1dbc9df8049bd9a7c76600fa
which.noarch 0.1-1.1 toolchains/which#28d35cabf1d5d5ee623f2ef521209da634df1e30
wifi-direct-manager.armv7l 1.2.118-1.1 framework/connectivity/wifi-direct-manager#44782f748849fbabcbb49c26d90a6e1064fff3a7
wifi-direct-plugin-wpasupplicant.armv7l 1.2.118-1.1 framework/connectivity/wifi-direct-manager#44782f748849fbabcbb49c26d90a6e1064fff3a7
wifi-efl-ug.armv7l 1.0.158-1.1 apps/home/ug-wifi-efl#ed6f6d6361c80a7556f1e770f4cba110e8d9cb74
wlandrv-plugin-sprd.armv7l 0.0.10-1.1 adaptation/devices/wlandrv-plugin-sprd#5f1cc3da580759abdc9433b226c2d0f07300b17b
wpasupplicant.armv7l 2.4.36-1.1 framework/connectivity/wpasupplicant#e1777081e11ec218d77fe299a18c8aa367581a4d
wrt-commons.armv7l 1.0.19-1.1 framework/web/wrt-commons#3a034abb4dca58ff0940687d8dd2b829ce2e226f
wrt-installer.armv7l 1.0.23-1.1 framework/web/wrt-installer#8dca06a97c6e118a413c9a5e3890750baa75b799
wrt-plugins-common.armv7l 1.0.15-1.1 framework/web/wrt-plugins-common#63cb9499d9a90dfb7210192d476a3b6f7390e0e0
wrt.armv7l 1.0.24-1.1 framework/web/mobile/wrt#3bbbeedb6463a62ac2ba6d657a578b1522b4ffbe
xdelta3.armv7l 3.0.9-1.1 external/xdelta3#ae4187e4d54bd691b57feb8d0d47a1009c8e467f
xdgmime.armv7l 0.0.12-1.1 framework/appfw/xdgmime#a2dca9a48f1d0500efdfd22d8dd53fa4e7bc2987
xinfo.armv7l 0.0.3-1.1 framework/uifw/xorg/app/xinfo#c08665c8f2188b837ebc9202c24f9217004e6e12
xkb-data.noarch 2.11.2-1.1 framework/uifw/xorg/util/xkeyboard-config#cc9265579be25a3f581983891fefbba394a5835f
xkeyboard-config.noarch 2.11.2-1.1 framework/uifw/xorg/util/xkeyboard-config#cc9265579be25a3f581983891fefbba394a5835f
xmlsec1-openssl.armv7l 1.2.14-1.1 external/xmlsec1#5bdb53a4259e7a72913ed7bc85023701d91a886e
xmlsec1.armv7l 1.2.14-1.1 external/xmlsec1#5bdb53a4259e7a72913ed7bc85023701d91a886e
xorg-x11-apps.armv7l 7.6.2-1.1 framework/uifw/xorg/app/x11-apps#d712b77850a9a7c4ad73f3c0971acfe6262bfb10
xorg-x11-drv-evdev.armv7l 2.7.6.19-1.1 adaptation/xorg/driver/xserver-xorg-input-evdev#5d450cad754fea608b993343979fb7569022265e
xorg-x11-drv-gesture.armv7l 0.1.62-1.1 adaptation/xorg/driver/xserver-xorg-input-gesture#8c8cf47d8495fe52fa279b43fcc5204818f2e3ef
xorg-x11-drv-sc7727.armv7l 0.0.20-1.1 adaptation/ap_spreadtrum/xserver-xorg-video-sc7727#e789f8889ad746707ae603eedbe05c94d3473622
xorg-x11-misc-sc7727.armv7l 0.0.22-1.1 adaptation/ap_spreadtrum/xserver-xorg-misc-sc7727#cbd0dc25962f4c993a7610f577a32e3a9fa8446b
xorg-x11-module-xdbg.armv7l 0.1.47-1.1 adaptation/xorg/driver/xserver-xorg-module-xdbg#67394d143bdd63f7b23b4cf88726ce9f8c36ecc0
xorg-x11-server-Xorg.armv7l 1.16.9.2-1.1 framework/uifw/xorg/server/xorg-server#f955548e64f6ec0c04a1f85645e50fe64e04e16a
xorg-x11-server-common.armv7l 1.16.9.2-1.1 framework/uifw/xorg/server/xorg-server#f955548e64f6ec0c04a1f85645e50fe64e04e16a
xorg-x11-server-utils.armv7l 7.5.2-1.1 framework/uifw/xorg/util/x11-xserver-utils#afe2051b05ec3cea1cbd5283565f00981cdf5615
xorg-x11-utils.armv7l 7.5.1-1.1 framework/uifw/xorg/util/x11-utils#5d7df437baeb3638bc329f2f67556bb8c3da8910
xorg-x11-xinit.armv7l 1.4.6-1.1 framework/uifw/xorg/app/xinit#1adffe093ee7045b56e13e87ac193d1446497b58
xorg-x11-xkb-utils.armv7l 7.9.3-1.1 framework/uifw/xorg/util/x11-xkb-utils#d35b16736cebbe4decdd371292c34c96bb2d303d
xz-libs.armv7l 5.0.3-1.8 toolchains/xz#f50160b6336a39e139f1c0dc2216653303e5a69c
zbar.armv7l 0.10-1.1 external/libzbar#738bdad62150bf66cfe1fb327a9223335e1450ab
zint.armv7l 2.4.3-1.1 external/libzint#b148a5c2805360fc16b2ee7240a513652c07bf7b
zip.armv7l 3.0-1.1 toolchains/zip#966981f1a099cfb1023059eaf68d7d0bda6fa106
zlib.armv7l 1.2.8-1.8 toolchains/zlib#7c72d49bfcfc18e6e4b4f03883a6f2d5771da224
