Temporary header file '/tmp/uFrVWO7F0l/dump1.h' with the following content will be compiled to create GCC translation unit dump:

  // add includes
  #include "/home/kayes/abi_tool/manual_execution/mobile/2.4/usr/include/network/bluetooth.h"
  #include "/home/kayes/abi_tool/manual_execution/mobile/2.4/usr/include/network/bluetooth_extension.h"
  #include "/home/kayes/abi_tool/manual_execution/mobile/2.4/usr/include/network/bluetooth_internal.h"
  #include "/home/kayes/abi_tool/manual_execution/mobile/2.4/usr/include/network/bluetooth_type.h"
  #include "/home/kayes/abi_tool/manual_execution/mobile/2.4/usr/include/network/bluetooth_type_extension.h"
  #include "/home/kayes/abi_tool/manual_execution/mobile/2.4/usr/include/network/bluetooth_type_internal.h"

The GCC parameters:
  gcc -fdump-translation-unit -fkeep-inline-functions -c -x c++-header -fpermissive -w "/tmp/uFrVWO7F0l/dump1.h"  -I/home/kayes/tizen-sdk/platforms/tizen-3.0/mobile/rootstraps/mobile-3.0-device.core/usr/include -I/home/kayes/tizen-sdk/platforms/tizen-3.0/mobile/rootstraps/mobile-3.0-device.core/usr/include/glib-2.0 -I/home/kayes/tizen-sdk/platforms/tizen-3.0/mobile/rootstraps/mobile-3.0-device.core/usr/lib/glib-2.0/include

Temporary header file '/tmp/uFrVWO7F0l/dump2.h' with the following content will be compiled to create GCC translation unit dump:

  // add includes
  #include "/home/kayes/abi_tool/manual_execution/mobile/3.0/usr/include/bluetooth_private.h"
  #include "/home/kayes/abi_tool/manual_execution/mobile/3.0/usr/include/mobile/bluetooth.h"
  #include "/home/kayes/abi_tool/manual_execution/mobile/3.0/usr/include/mobile/bluetooth_extension.h"
  #include "/home/kayes/abi_tool/manual_execution/mobile/3.0/usr/include/mobile/bluetooth_internal.h"
  #include "/home/kayes/abi_tool/manual_execution/mobile/3.0/usr/include/mobile/bluetooth_type.h"
  #include "/home/kayes/abi_tool/manual_execution/mobile/3.0/usr/include/mobile/bluetooth_type_extension.h"
  #include "/home/kayes/abi_tool/manual_execution/mobile/3.0/usr/include/mobile/bluetooth_type_internal.h"

The GCC parameters:
  gcc -fdump-translation-unit -fkeep-inline-functions -c -x c++-header -fpermissive -w "/tmp/uFrVWO7F0l/dump2.h"  -I/home/kayes/abi_tool/manual_execution/mobile/3.0/usr/include/mobile -I/home/kayes/tizen-sdk/platforms/tizen-3.0/mobile/rootstraps/mobile-3.0-device.core/usr/include -I/home/kayes/tizen-sdk/platforms/tizen-3.0/mobile/rootstraps/mobile-3.0-device.core/usr/include/system -I/home/kayes/tizen-sdk/platforms/tizen-3.0/mobile/rootstraps/mobile-3.0-device.core/usr/include/glib-2.0 -I/home/kayes/tizen-sdk/platforms/tizen-3.0/mobile/rootstraps/mobile-3.0-device.core/usr/include/dlog -I/home/kayes/tizen-sdk/platforms/tizen-3.0/mobile/rootstraps/mobile-3.0-device.core/usr/lib/glib-2.0/include

In file included from /tmp/uFrVWO7F0l/dump2.h:3:0:
/home/kayes/abi_tool/manual_execution/mobile/3.0/usr/include/bluetooth_private.h:24:27: fatal error: bluetooth-api.h: No such file or directory
 #include <bluetooth-api.h>
                           ^
compilation terminated.

