Temporary header file '/tmp/dHH0KxhdmW/dump2.h' with the following content will be compiled to create GCC translation unit dump:

  // add includes
  #include "/home/kayes/abi_tool/manual_execution/mobile/3.0/usr/include/v8/v8.h"
  #include "/home/kayes/abi_tool/manual_execution/mobile/3.0/usr/include/v8/v8-util.h"
  #include "/home/kayes/abi_tool/manual_execution/mobile/3.0/usr/include/v8/v8config.h"
  #include "/home/kayes/abi_tool/manual_execution/mobile/3.0/usr/include/v8/v8-debug.h"
  #include "/home/kayes/abi_tool/manual_execution/mobile/3.0/usr/include/v8/v8-platform.h"
  #include "/home/kayes/abi_tool/manual_execution/mobile/3.0/usr/include/v8/v8-profiler.h"
  #include "/home/kayes/abi_tool/manual_execution/mobile/3.0/usr/include/v8/v8-testing.h"
  #include "/home/kayes/abi_tool/manual_execution/mobile/3.0/usr/include/v8/v8-version.h"
  #include "/home/kayes/abi_tool/manual_execution/mobile/3.0/usr/include/chromium-ewk/ewk_application_cache_manager_internal.h"
  #include "/home/kayes/abi_tool/manual_execution/mobile/3.0/usr/include/chromium-ewk/ewk_auth_challenge_internal.h"
  #include "/home/kayes/abi_tool/manual_execution/mobile/3.0/usr/include/chromium-ewk/ewk_auth_request_internal.h"
  #include "/home/kayes/abi_tool/manual_execution/mobile/3.0/usr/include/chromium-ewk/ewk_autofill_profile.h"
  #include "/home/kayes/abi_tool/manual_execution/mobile/3.0/usr/include/chromium-ewk/ewk_back_forward_list.h"
  #include "/home/kayes/abi_tool/manual_execution/mobile/3.0/usr/include/chromium-ewk/ewk_back_forward_list_item.h"
  #include "/home/kayes/abi_tool/manual_execution/mobile/3.0/usr/include/chromium-ewk/ewk_certificate_internal.h"
  #include "/home/kayes/abi_tool/manual_execution/mobile/3.0/usr/include/chromium-ewk/ewk_chromium.h"
  #include "/home/kayes/abi_tool/manual_execution/mobile/3.0/usr/include/chromium-ewk/ewk_console_message_internal.h"
  #include "/home/kayes/abi_tool/manual_execution/mobile/3.0/usr/include/chromium-ewk/ewk_content_screening_detection_internal.h"
  #include "/home/kayes/abi_tool/manual_execution/mobile/3.0/usr/include/chromium-ewk/ewk_context.h"
  #include "/home/kayes/abi_tool/manual_execution/mobile/3.0/usr/include/chromium-ewk/ewk_context_internal.h"
  #include "/home/kayes/abi_tool/manual_execution/mobile/3.0/usr/include/chromium-ewk/ewk_context_menu.h"
  #include "/home/kayes/abi_tool/manual_execution/mobile/3.0/usr/include/chromium-ewk/ewk_context_menu_internal.h"
  #include "/home/kayes/abi_tool/manual_execution/mobile/3.0/usr/include/chromium-ewk/ewk_context_menu_product.h"
  #include "/home/kayes/abi_tool/manual_execution/mobile/3.0/usr/include/chromium-ewk/ewk_context_product.h"
  #include "/home/kayes/abi_tool/manual_execution/mobile/3.0/usr/include/chromium-ewk/ewk_cookie_manager.h"
  #include "/home/kayes/abi_tool/manual_execution/mobile/3.0/usr/include/chromium-ewk/ewk_cookie_manager_internal.h"
  #include "/home/kayes/abi_tool/manual_execution/mobile/3.0/usr/include/chromium-ewk/ewk_custom_handlers_internal.h"
  #include "/home/kayes/abi_tool/manual_execution/mobile/3.0/usr/include/chromium-ewk/ewk_dispatcher_internal.h"
  #include "/home/kayes/abi_tool/manual_execution/mobile/3.0/usr/include/chromium-ewk/ewk_enums_internal.h"
  #include "/home/kayes/abi_tool/manual_execution/mobile/3.0/usr/include/chromium-ewk/ewk_error.h"
  #include "/home/kayes/abi_tool/manual_execution/mobile/3.0/usr/include/chromium-ewk/ewk_error_internal.h"
  #include "/home/kayes/abi_tool/manual_execution/mobile/3.0/usr/include/chromium-ewk/ewk_favicon_database_internal.h"
  #include "/home/kayes/abi_tool/manual_execution/mobile/3.0/usr/include/chromium-ewk/ewk_frame_internal.h"
  #include "/home/kayes/abi_tool/manual_execution/mobile/3.0/usr/include/chromium-ewk/ewk_geolocation.h"
  #include "/home/kayes/abi_tool/manual_execution/mobile/3.0/usr/include/chromium-ewk/ewk_geolocation_internal.h"
  #include "/home/kayes/abi_tool/manual_execution/mobile/3.0/usr/include/chromium-ewk/ewk_highcontrast_product.h"
  #include "/home/kayes/abi_tool/manual_execution/mobile/3.0/usr/include/chromium-ewk/ewk_history_internal.h"
  #include "/home/kayes/abi_tool/manual_execution/mobile/3.0/usr/include/chromium-ewk/ewk_hit_test_internal.h"
  #include "/home/kayes/abi_tool/manual_execution/mobile/3.0/usr/include/chromium-ewk/ewk_intercept_request.h"
  #include "/home/kayes/abi_tool/manual_execution/mobile/3.0/usr/include/chromium-ewk/ewk_intercept_request_internal.h"
  #include "/home/kayes/abi_tool/manual_execution/mobile/3.0/usr/include/chromium-ewk/ewk_ipc_message_internal.h"
  #include "/home/kayes/abi_tool/manual_execution/mobile/3.0/usr/include/chromium-ewk/ewk_log_internal.h"
  #include "/home/kayes/abi_tool/manual_execution/mobile/3.0/usr/include/chromium-ewk/ewk_main.h"
  #include "/home/kayes/abi_tool/manual_execution/mobile/3.0/usr/include/chromium-ewk/ewk_main_internal.h"
  #include "/home/kayes/abi_tool/manual_execution/mobile/3.0/usr/include/chromium-ewk/ewk_notification_internal.h"
  #include "/home/kayes/abi_tool/manual_execution/mobile/3.0/usr/include/chromium-ewk/ewk_object_internal.h"
  #include "/home/kayes/abi_tool/manual_execution/mobile/3.0/usr/include/chromium-ewk/ewk_page_group_internal.h"
  #include "/home/kayes/abi_tool/manual_execution/mobile/3.0/usr/include/chromium-ewk/ewk_policy_decision.h"
  #include "/home/kayes/abi_tool/manual_execution/mobile/3.0/usr/include/chromium-ewk/ewk_policy_decision_internal.h"
  #include "/home/kayes/abi_tool/manual_execution/mobile/3.0/usr/include/chromium-ewk/ewk_popup_menu_item_internal.h"
  #include "/home/kayes/abi_tool/manual_execution/mobile/3.0/usr/include/chromium-ewk/ewk_quota_permission_request_internal.h"
  #include "/home/kayes/abi_tool/manual_execution/mobile/3.0/usr/include/chromium-ewk/ewk_security_origin.h"
  #include "/home/kayes/abi_tool/manual_execution/mobile/3.0/usr/include/chromium-ewk/ewk_security_origin_internal.h"
  #include "/home/kayes/abi_tool/manual_execution/mobile/3.0/usr/include/chromium-ewk/ewk_settings.h"
  #include "/home/kayes/abi_tool/manual_execution/mobile/3.0/usr/include/chromium-ewk/ewk_settings_internal.h"
  #include "/home/kayes/abi_tool/manual_execution/mobile/3.0/usr/include/chromium-ewk/ewk_settings_product.h"
  #include "/home/kayes/abi_tool/manual_execution/mobile/3.0/usr/include/chromium-ewk/ewk_storage_manager_internal.h"
  #include "/home/kayes/abi_tool/manual_execution/mobile/3.0/usr/include/chromium-ewk/ewk_text_style_internal.h"
  #include "/home/kayes/abi_tool/manual_execution/mobile/3.0/usr/include/chromium-ewk/ewk_touch_internal.h"
  #include "/home/kayes/abi_tool/manual_execution/mobile/3.0/usr/include/chromium-ewk/ewk_tracing_internal.h"
  #include "/home/kayes/abi_tool/manual_execution/mobile/3.0/usr/include/chromium-ewk/ewk_user_media_internal.h"
  #include "/home/kayes/abi_tool/manual_execution/mobile/3.0/usr/include/chromium-ewk/ewk_value_product.h"
  #include "/home/kayes/abi_tool/manual_execution/mobile/3.0/usr/include/chromium-ewk/ewk_view.h"
  #include "/home/kayes/abi_tool/manual_execution/mobile/3.0/usr/include/chromium-ewk/ewk_view_internal.h"
  #include "/home/kayes/abi_tool/manual_execution/mobile/3.0/usr/include/chromium-ewk/ewk_view_product.h"
  #include "/home/kayes/abi_tool/manual_execution/mobile/3.0/usr/include/chromium-ewk/ewk_web_application_icon_data_internal.h"
  #include "/home/kayes/abi_tool/manual_execution/mobile/3.0/usr/include/chromium-ewk/ewk_window_features_internal.h"
  #include "/home/kayes/abi_tool/manual_execution/mobile/3.0/usr/include/chromium-ewk/EWebKit.h"
  #include "/home/kayes/abi_tool/manual_execution/mobile/3.0/usr/include/chromium-ewk/EWebKit_internal.h"
  #include "/home/kayes/abi_tool/manual_execution/mobile/3.0/usr/include/chromium-ewk/EWebKit_product.h"

  // add namespaces
  namespace v8{typedef int tmp_add_type_1;}
  v8::tmp_add_type_1 tmp_add_func_1(){return 0;};
  namespace v8{namespace internal{typedef int tmp_add_type_2;}}
  v8::internal::tmp_add_type_2 tmp_add_func_2(){return 0;};

  // add classes
  Eina_Tile_Grid_Info* tmp_add_class_0;
  Ewk_Event_Gesture* tmp_add_class_1;
  Ewk_Password_Data* tmp_add_class_2;
  Ewk_Scrollbar_Data* tmp_add_class_3;
  Ewk_View_Smart_Class* tmp_add_class_4;
  Ewk_View_Smart_Data* tmp_add_class_5;
  _Efl_Gfx_Dash* tmp_add_class_6;
  _Efl_Gfx_Gradient_Stop* tmp_add_class_7;
  _Eina_Accessor* tmp_add_class_8;
  _Eina_Array* tmp_add_class_9;
  _Eina_Barrier* tmp_add_class_10;
  _Eina_Bezier* tmp_add_class_11;
  _Eina_Clist* tmp_add_class_12;
  _Eina_Condition* tmp_add_class_13;
  _Eina_Evlog_Buf* tmp_add_class_14;
  _Eina_Evlog_Item* tmp_add_class_15;
  _Eina_File_Direct_Info* tmp_add_class_16;
  _Eina_File_Line* tmp_add_class_17;
  _Eina_Hash_Tuple* tmp_add_class_18;
  _Eina_Inarray* tmp_add_class_19;
  _Eina_Inlist* tmp_add_class_20;
  _Eina_Iterator* tmp_add_class_21;
  _Eina_List* tmp_add_class_22;
  _Eina_List_Accounting* tmp_add_class_23;
  _Eina_Lock* tmp_add_class_24;
  _Eina_Log_Domain* tmp_add_class_25;
  _Eina_Matrix3* tmp_add_class_26;
  _Eina_Matrix3_F16p16* tmp_add_class_27;
  _Eina_Matrix4* tmp_add_class_28;
  _Eina_Mempool* tmp_add_class_29;
  _Eina_Mempool_Backend* tmp_add_class_30;
  _Eina_Mempool_Backend_ABI1* tmp_add_class_31;
  _Eina_Mempool_Backend_ABI2* tmp_add_class_32;
  _Eina_Point_3D* tmp_add_class_33;
  _Eina_Point_3D_F16p16* tmp_add_class_34;
  _Eina_Quad* tmp_add_class_35;
  _Eina_Quaternion* tmp_add_class_36;
  _Eina_Quaternion_F16p16* tmp_add_class_37;
  _Eina_RWLock* tmp_add_class_38;
  _Eina_Rbtree* tmp_add_class_39;
  _Eina_Rectangle* tmp_add_class_40;
  _Eina_Simple_XML_Attribute* tmp_add_class_41;
  _Eina_Simple_XML_Node* tmp_add_class_42;
  _Eina_Simple_XML_Node_Data* tmp_add_class_43;
  _Eina_Simple_XML_Node_Tag* tmp_add_class_44;
  _Eina_Stat* tmp_add_class_45;
  _Eina_Thread_Queue_Msg* tmp_add_class_46;
  _Eina_Thread_Queue_Msg_Sub* tmp_add_class_47;
  _Eina_Tile_Grid_Slicer* tmp_add_class_48;
  _Eina_Trash* tmp_add_class_49;
  _Eina_Value* tmp_add_class_50;
  _Eina_Value_Array* tmp_add_class_51;
  _Eina_Value_Blob* tmp_add_class_52;
  _Eina_Value_Blob_Operations* tmp_add_class_53;
  _Eina_Value_Hash* tmp_add_class_54;
  _Eina_Value_List* tmp_add_class_55;
  _Eina_Value_Struct* tmp_add_class_56;
  _Eina_Value_Struct_Desc* tmp_add_class_57;
  _Eina_Value_Struct_Member* tmp_add_class_58;
  _Eina_Value_Struct_Operations* tmp_add_class_59;
  _Eina_Value_Type* tmp_add_class_60;
  _Eina_Value_Union* tmp_add_class_61;
  _Eina_Version* tmp_add_class_62;
  _Eina_Xattr* tmp_add_class_63;
  _Emile_Image_Animated* tmp_add_class_64;
  _Emile_Image_Load_Opts* tmp_add_class_65;
  _Emile_Image_Property* tmp_add_class_66;
  _Eo_Call_Cache* tmp_add_class_67;
  _Eo_Call_Cache_Entry* tmp_add_class_68;
  _Eo_Call_Cache_Index* tmp_add_class_69;
  _Eo_Call_Cache_Off* tmp_add_class_70;
  _Eo_Callback_Array_Item* tmp_add_class_71;
  _Eo_Class_Description* tmp_add_class_72;
  _Eo_Dbg_Info* tmp_add_class_73;
  _Eo_Event_Description* tmp_add_class_74;
  _Eo_Op_Call_Data* tmp_add_class_75;
  _Eo_Op_Description* tmp_add_class_76;
  _Evas_Axis* tmp_add_class_77;
  _Evas_Coord_Point* tmp_add_class_78;
  _Evas_Coord_Precision_Point* tmp_add_class_79;
  _Evas_Coord_Precision_Size* tmp_add_class_80;
  _Evas_Coord_Rectangle* tmp_add_class_81;
  _Evas_Coord_Size* tmp_add_class_82;
  _Evas_Cserve_Config* tmp_add_class_83;
  _Evas_Cserve_Image* tmp_add_class_84;
  _Evas_Cserve_Image_Cache* tmp_add_class_85;
  _Evas_Cserve_Stats* tmp_add_class_86;
  _Evas_Engine_Info* tmp_add_class_87;
  _Evas_Event_Axis_Update* tmp_add_class_88;
  _Evas_Event_Hold* tmp_add_class_89;
  _Evas_Event_Key_Down* tmp_add_class_90;
  _Evas_Event_Key_Up* tmp_add_class_91;
  _Evas_Event_Mouse_Down* tmp_add_class_92;
  _Evas_Event_Mouse_In* tmp_add_class_93;
  _Evas_Event_Mouse_Move* tmp_add_class_94;
  _Evas_Event_Mouse_Out* tmp_add_class_95;
  _Evas_Event_Mouse_Up* tmp_add_class_96;
  _Evas_Event_Mouse_Wheel* tmp_add_class_97;
  _Evas_Event_Multi_Down* tmp_add_class_98;
  _Evas_Event_Multi_Move* tmp_add_class_99;
  _Evas_Event_Multi_Up* tmp_add_class_100;
  _Evas_Event_Render_Post* tmp_add_class_101;
  _Evas_Image_Load_Func* tmp_add_class_102;
  _Evas_Module* tmp_add_class_103;
  _Evas_Module_Api* tmp_add_class_104;
  _Evas_Native_Surface* tmp_add_class_105;
  _Evas_Object_Box_Api* tmp_add_class_106;
  _Evas_Object_Box_Data* tmp_add_class_107;
  _Evas_Object_Box_Option* tmp_add_class_108;
  _Evas_Object_Smart_Clipped_Data* tmp_add_class_109;
  _Evas_Pixel_Import_Source* tmp_add_class_110;
  _Evas_Point* tmp_add_class_111;
  _Evas_Position* tmp_add_class_112;
  _Evas_Precision_Position* tmp_add_class_113;
  _Evas_Smart_Cb_Description* tmp_add_class_114;
  _Evas_Smart_Class* tmp_add_class_115;
  _Evas_Smart_Interface* tmp_add_class_116;
  _Evas_Textblock_Rectangle* tmp_add_class_117;
  _Evas_Textgrid_Cell* tmp_add_class_118;
  _Evas_Version* tmp_add_class_119;
  _Evas_Video_Surface* tmp_add_class_120;
  _Ewk_Notification_Permission* tmp_add_class_121;
  _Ewk_Script_Message* tmp_add_class_122;
  _Ewk_Touch_Point* tmp_add_class_123;
  itimerval* tmp_add_class_124;
  pthread_attr_t* tmp_add_class_125;

The GCC parameters:
  gcc -fdump-translation-unit -fkeep-inline-functions -c -x c++-header -fpermissive -w  -std=c++0x "/tmp/dHH0KxhdmW/dump2.h"  -I/home/kayes/tizen-sdk/platforms/tizen-3.0/mobile/rootstraps/mobile-3.0-device.core/usr/include -I/home/kayes/tizen-sdk/platforms/tizen-3.0/mobile/rootstraps/mobile-3.0-device.core/usr/include/evas-1 -I/home/kayes/tizen-sdk/platforms/tizen-3.0/mobile/rootstraps/mobile-3.0-device.core/usr/include/eo-1 -I/home/kayes/tizen-sdk/platforms/tizen-3.0/mobile/rootstraps/mobile-3.0-device.core/usr/include/emile-1 -I/home/kayes/tizen-sdk/platforms/tizen-3.0/mobile/rootstraps/mobile-3.0-device.core/usr/include/eina-1 -I/home/kayes/tizen-sdk/platforms/tizen-3.0/mobile/rootstraps/mobile-3.0-device.core/usr/include/efl-1 -I/home/kayes/tizen-sdk/platforms/tizen-3.0/mobile/rootstraps/mobile-3.0-device.core/usr/include/eina-1/eina

