==============================libaccounts-svc-debuginfo==============================
libaccounts-svc is selected for comparision. 
libaccounts-svc dump successful for comparision. 
==============================appcore-widget-debuginfo==============================
libcapi-appfw-widget-application is selected for comparision. 
libcapi-appfw-widget-application dump successful for comparision. 
==============================attach-panel-debuginfo==============================
libattach-panel is selected for comparision. 
libattach-panel dump successful for comparision. 
==============================cairo-debuginfo==============================
libcairo-gobject is selected for comparision. 
libcairo-gobject dump successful for comparision. 
libcairo-script-interpreter is selected for comparision. 
libcairo-script-interpreter dump successful for comparision. 
libcairo is selected for comparision. 
libcairo dump successful for comparision. 
==============================calendar-service-debuginfo==============================
libcalendar-service2 is selected for comparision. 
libcalendar-service2 dump successful for comparision. 
==============================appcore-agent-debuginfo==============================
libappcore-agent is selected for comparision. 
libappcore-agent dump successful for comparision. 
==============================capi-data-control-debuginfo==============================
libcapi-data-control is not selected for comparision. 
==============================capi-media-screen-mirroring-debuginfo==============================
libcapi-media-screen-mirroring is selected for comparision. 
libcapi-media-screen-mirroring dump successful for comparision. 
libmiracast_server_lib is selected for comparision. 
libmiracast_server_lib dump successful for comparision. 
==============================capi-message-port-debuginfo==============================
libcapi-message-port is not selected for comparision. 
==============================capi-network-nfc-debuginfo==============================
libcapi-network-nfc is selected for comparision. 
libcapi-network-nfc dump successful for comparision. 
==============================dali-adaptor-debuginfo==============================
libdali-adaptor is selected for comparision. 
libdali-adaptor dump successful for comparision. 
libdali-feedback-plugin is not selected for comparision. 
==============================dali-debuginfo==============================
libdali-core is selected for comparision. 
libdali-core dump successful for comparision. 
==============================service-adaptor-debuginfo==============================
==============================libslp-tapi-debuginfo==============================
libSLP-tapi is selected for comparision. 
libSLP-tapi dump successful for comparision. 
