*&ERROR&* File not found :compat_reports/#summary (No such file or directory)
***********libaccounts-svc.so***********compat_reports/libaccounts-svc/2.4_to_3.0/compat_report.html
Page in compatible!!!!
***********libcapi-appfw-widget-application.so***********compat_reports/libcapi-appfw-widget-application/2.4_to_3.0/compat_report.html
Page in incompatible!!!!
<a name='Binary_Removed'></a><a name='Binary_Withdrawn'></a> <a name='Type_Binary_Problems_High'></a>
<a name='Type_Binary_Problems_High'></a> <a name='Type_Binary_Problems_Medium'></a>
<a name='Type_Binary_Problems_Medium'></a> <a name='Type_Binary_Problems_Low'></a>
<a name='Type_Binary_Problems_Low'></a> to the top</a>
***********libattach-panel.so***********compat_reports/libattach-panel/2.4_to_3.0/compat_report.html
Page in incompatible!!!!
<a name='Type_Binary_Problems_Medium'></a> to the top</a>
***********libcairo-gobject.so***********compat_reports/libcairo-gobject/2.4_to_3.0/compat_report.html
Page in compatible!!!!
***********libcairo-script-interpreter.so***********compat_reports/libcairo-script-interpreter/2.4_to_3.0/compat_report.html
Page in compatible!!!!
***********libcairo.so***********compat_reports/libcairo/2.4_to_3.0/compat_report.html
Page in incompatible!!!!
<a name='Binary_Removed'></a><a name='Binary_Withdrawn'></a> <a name='Type_Binary_Problems_Medium'></a>
<a name='Type_Binary_Problems_Medium'></a> <a name='Type_Binary_Problems_Low'></a>
<a name='Type_Binary_Problems_Low'></a> to the top</a>
***********libcalendar-service2.so***********compat_reports/libcalendar-service2/2.4_to_3.0/compat_report.html
Page in compatible!!!!
***********libappcore-agent.so***********compat_reports/libappcore-agent/2.4_to_3.0/compat_report.html
Page in compatible!!!!
***********libcapi-media-screen-mirroring.so***********compat_reports/libcapi-media-screen-mirroring/2.4_to_3.0/compat_report.html
Page in incompatible!!!!
<a name='Type_Binary_Problems_Medium'></a> <a name='Type_Binary_Problems_Low'></a>
<a name='Type_Binary_Problems_Low'></a> to the top</a>
***********libmiracast_server_lib.so***********compat_reports/libmiracast_server_lib/2.4_to_3.0/compat_report.html
Page in compatible!!!!
***********libcapi-network-nfc.so***********compat_reports/libcapi-network-nfc/2.4_to_3.0/compat_report.html
Page in compatible!!!!
***********libdali-adaptor.so***********compat_reports/libdali-adaptor/2.4_to_3.0/compat_report.html
Page in incompatible!!!!
<a name='Binary_Removed'></a><a name='Binary_Withdrawn'></a> <a name='Interface_Binary_Problems_High'></a>
<a name='Interface_Binary_Problems_High'></a> <a name='Type_Binary_Problems_Medium'></a>
<a name='Type_Binary_Problems_Medium'></a> <a name='Interface_Binary_Problems_Medium'></a>
<a name='Interface_Binary_Problems_Medium'></a> <a name='Type_Binary_Problems_Low'></a>
<a name='Type_Binary_Problems_Low'></a> <a name='Interface_Binary_Problems_Low'></a>
<a name='Interface_Binary_Problems_Low'></a> to the top</a>
***********libdali-core.so***********compat_reports/libdali-core/2.4_to_3.0/compat_report.html
Page in incompatible!!!!
<a name='Binary_Removed'></a><a name='Binary_Withdrawn'></a> <a name='Type_Binary_Problems_High'></a>
<a name='Type_Binary_Problems_High'></a> <a name='Interface_Binary_Problems_High'></a>
<a name='Interface_Binary_Problems_High'></a> <a name='Type_Binary_Problems_Low'></a>
<a name='Type_Binary_Problems_Low'></a> <a name='Interface_Binary_Problems_Low'></a>
<a name='Interface_Binary_Problems_Low'></a> to the top</a>
***********libSLP-tapi.so***********compat_reports/libSLP-tapi/2.4_to_3.0/compat_report.html
Page in compatible!!!!
