*&ERROR&* File not found :compat_reports/#summary (No such file or directory)
***********libaccounts-svc.so***********compat_reports/libaccounts-svc/2.4_to_3.0/compat_report.html
Page in compatible!!!!
***********libcapi-appfw-widget-application.so***********compat_reports/libcapi-appfw-widget-application/2.4_to_3.0/compat_report.html
Page in incompatible!!!!
<a name='Binary_Removed'></a><a name='Binary_Withdrawn'></a> <a name='Type_Binary_Problems_High'></a>
<a name='Type_Binary_Problems_High'></a> <a name='Type_Binary_Problems_Medium'></a>
<a name='Type_Binary_Problems_Medium'></a> <a name='Type_Binary_Problems_Low'></a>
<a name='Type_Binary_Problems_Low'></a> to the top</a>
***********libcairo-gobject.so***********compat_reports/libcairo-gobject/2.4_to_3.0/compat_report.html
Page in compatible!!!!
***********libcairo-script-interpreter.so***********compat_reports/libcairo-script-interpreter/2.4_to_3.0/compat_report.html
Page in compatible!!!!
***********libcairo.so***********compat_reports/libcairo/2.4_to_3.0/compat_report.html
Page in incompatible!!!!
<a name='Binary_Removed'></a><a name='Binary_Withdrawn'></a> <a name='Type_Binary_Problems_Medium'></a>
<a name='Type_Binary_Problems_Medium'></a> <a name='Type_Binary_Problems_Low'></a>
<a name='Type_Binary_Problems_Low'></a> to the top</a>
***********libappcore-agent.so***********compat_reports/libappcore-agent/2.4_to_3.0/compat_report.html
Page in compatible!!!!
***********libcapi-media-screen-mirroring.so***********compat_reports/libcapi-media-screen-mirroring/2.4_to_3.0/compat_report.html
Page in incompatible!!!!
<a name='Type_Binary_Problems_Medium'></a> <a name='Type_Binary_Problems_Low'></a>
<a name='Type_Binary_Problems_Low'></a> to the top</a>
***********libmiracast_server_lib.so***********compat_reports/libmiracast_server_lib/2.4_to_3.0/compat_report.html
Page in compatible!!!!
***********libcapi-network-nfc.so***********compat_reports/libcapi-network-nfc/2.4_to_3.0/compat_report.html
Page in compatible!!!!
***********libdali-adaptor.so***********compat_reports/libdali-adaptor/2.4_to_3.0/compat_report.html
Page in incompatible!!!!
<a name='Binary_Removed'></a><a name='Binary_Withdrawn'></a> <a name='Interface_Binary_Problems_High'></a>
<a name='Interface_Binary_Problems_High'></a> <a name='Type_Binary_Problems_Medium'></a>
<a name='Type_Binary_Problems_Medium'></a> <a name='Interface_Binary_Problems_Medium'></a>
<a name='Interface_Binary_Problems_Medium'></a> <a name='Type_Binary_Problems_Low'></a>
<a name='Type_Binary_Problems_Low'></a> <a name='Interface_Binary_Problems_Low'></a>
<a name='Interface_Binary_Problems_Low'></a> to the top</a>
***********libdali-core.so***********compat_reports/libdali-core/2.4_to_3.0/compat_report.html
Page in incompatible!!!!
<a name='Binary_Removed'></a><a name='Binary_Withdrawn'></a> <a name='Type_Binary_Problems_High'></a>
<a name='Type_Binary_Problems_High'></a> <a name='Interface_Binary_Problems_High'></a>
<a name='Interface_Binary_Problems_High'></a> <a name='Type_Binary_Problems_Medium'></a>
<a name='Type_Binary_Problems_Medium'></a> <a name='Interface_Binary_Problems_Medium'></a>
<a name='Interface_Binary_Problems_Medium'></a> <a name='Type_Binary_Problems_Low'></a>
<a name='Type_Binary_Problems_Low'></a> <a name='Interface_Binary_Problems_Low'></a>
<a name='Interface_Binary_Problems_Low'></a> to the top</a>
***********libdali-toolkit.so***********compat_reports/libdali-toolkit/2.4_to_3.0/compat_report.html
Page in incompatible!!!!
<a name='Binary_Removed'></a><a name='Binary_Withdrawn'></a> <a name='Type_Binary_Problems_High'></a>
<a name='Type_Binary_Problems_High'></a> <a name='Interface_Binary_Problems_High'></a>
<a name='Interface_Binary_Problems_High'></a> <a name='Type_Binary_Problems_Medium'></a>
<a name='Type_Binary_Problems_Medium'></a> <a name='Interface_Binary_Problems_Medium'></a>
<a name='Interface_Binary_Problems_Medium'></a> <a name='Type_Binary_Problems_Low'></a>
<a name='Type_Binary_Problems_Low'></a> <a name='Interface_Binary_Problems_Low'></a>
<a name='Interface_Binary_Problems_Low'></a> to the top</a>
***********libSLP-tapi.so***********compat_reports/libSLP-tapi/2.4_to_3.0/compat_report.html
Page in compatible!!!!
***********libui-gadget-1.so***********compat_reports/libui-gadget-1/2.4_to_3.0/compat_report.html
Page in compatible!!!!
***********libui-gadget-1-efl-engine.so***********compat_reports/libui-gadget-1-efl-engine/2.4_to_3.0/compat_report.html
Page in compatible!!!!
***********libemail-network.so***********compat_reports/libemail-network/2.4_to_3.0/compat_report.html
Page in compatible!!!!
***********libemail-common-use.so***********compat_reports/libemail-common-use/2.4_to_3.0/compat_report.html
Page in incompatible!!!!
<a name='Binary_Removed'></a><a name='Binary_Withdrawn'></a> <a name='Type_Binary_Problems_Medium'></a>
<a name='Type_Binary_Problems_Medium'></a> <a name='Type_Binary_Problems_Low'></a>
<a name='Type_Binary_Problems_Low'></a> to the top</a>
***********libemail-device.so***********compat_reports/libemail-device/2.4_to_3.0/compat_report.html
Page in compatible!!!!
***********libemail-storage.so***********compat_reports/libemail-storage/2.4_to_3.0/compat_report.html
Page in incompatible!!!!
<a name='Binary_Removed'></a><a name='Binary_Withdrawn'></a> <a name='Interface_Binary_Problems_High'></a>
<a name='Interface_Binary_Problems_High'></a> <a name='Type_Binary_Problems_Medium'></a>
<a name='Type_Binary_Problems_Medium'></a> to the top</a>
***********libemail-ipc.so***********compat_reports/libemail-ipc/2.4_to_3.0/compat_report.html
Page in compatible!!!!
***********libemail-smime-api.so***********compat_reports/libemail-smime-api/2.4_to_3.0/compat_report.html
Page in compatible!!!!
***********libemail-smime.so***********compat_reports/libemail-smime/2.4_to_3.0/compat_report.html
Page in incompatible!!!!
<a name='Binary_Removed'></a><a name='Binary_Withdrawn'></a> to the top</a>
***********libemail-core.so***********compat_reports/libemail-core/2.4_to_3.0/compat_report.html
Page in incompatible!!!!
<a name='Binary_Removed'></a><a name='Binary_Withdrawn'></a> <a name='Interface_Binary_Problems_High'></a>
<a name='Interface_Binary_Problems_High'></a> <a name='Type_Binary_Problems_Medium'></a>
<a name='Type_Binary_Problems_Medium'></a> <a name='Type_Binary_Problems_Low'></a>
<a name='Type_Binary_Problems_Low'></a> <a name='Interface_Binary_Problems_Low'></a>
<a name='Interface_Binary_Problems_Low'></a> to the top</a>
***********libemail-container.so***********compat_reports/libemail-container/2.4_to_3.0/compat_report.html
Page in compatible!!!!
***********libemail-api.so***********compat_reports/libemail-api/2.4_to_3.0/compat_report.html
Page in incompatible!!!!
<a name='Type_Binary_Problems_Medium'></a> <a name='Type_Binary_Problems_Low'></a>
<a name='Type_Binary_Problems_Low'></a> to the top</a>
***********libmsg_vobject.so***********compat_reports/libmsg_vobject/2.4_to_3.0/compat_report.html
Page in compatible!!!!
***********libmsg_transaction_manager.so***********compat_reports/libmsg_transaction_manager/2.4_to_3.0/compat_report.html
Page in incompatible!!!!
<a name='Binary_Removed'></a><a name='Binary_Withdrawn'></a> <a name='Type_Binary_Problems_High'></a>
<a name='Type_Binary_Problems_High'></a> <a name='Type_Binary_Problems_Low'></a>
<a name='Type_Binary_Problems_Low'></a> <a name='Interface_Binary_Problems_Low'></a>
<a name='Interface_Binary_Problems_Low'></a> to the top</a>
***********libmsg_framework_handler.so***********compat_reports/libmsg_framework_handler/2.4_to_3.0/compat_report.html
Page in incompatible!!!!
<a name='Binary_Removed'></a><a name='Binary_Withdrawn'></a> <a name='Interface_Binary_Problems_High'></a>
<a name='Interface_Binary_Problems_High'></a> <a name='Type_Binary_Problems_Medium'></a>
<a name='Type_Binary_Problems_Medium'></a> <a name='Type_Binary_Problems_Low'></a>
<a name='Type_Binary_Problems_Low'></a> <a name='Interface_Binary_Problems_Low'></a>
<a name='Interface_Binary_Problems_Low'></a> to the top</a>
***********libmsg_mapi.so***********compat_reports/libmsg_mapi/2.4_to_3.0/compat_report.html
Page in incompatible!!!!
<a name='Binary_Removed'></a><a name='Binary_Withdrawn'></a> <a name='Interface_Binary_Problems_High'></a>
<a name='Interface_Binary_Problems_High'></a> <a name='Interface_Binary_Problems_Low'></a>
<a name='Interface_Binary_Problems_Low'></a> to the top</a>
***********libmsg_transaction_proxy.so***********compat_reports/libmsg_transaction_proxy/2.4_to_3.0/compat_report.html
Page in incompatible!!!!
<a name='Binary_Removed'></a><a name='Binary_Withdrawn'></a> <a name='Type_Binary_Problems_Medium'></a>
<a name='Type_Binary_Problems_Medium'></a> <a name='Type_Binary_Problems_Low'></a>
<a name='Type_Binary_Problems_Low'></a> to the top</a>
***********libmsg_plugin_manager.so***********compat_reports/libmsg_plugin_manager/2.4_to_3.0/compat_report.html
Page in incompatible!!!!
<a name='Binary_Removed'></a><a name='Binary_Withdrawn'></a> <a name='Interface_Binary_Problems_High'></a>
<a name='Interface_Binary_Problems_High'></a> <a name='Type_Binary_Problems_Medium'></a>
<a name='Type_Binary_Problems_Medium'></a> <a name='Type_Binary_Problems_Low'></a>
<a name='Type_Binary_Problems_Low'></a> to the top</a>
***********libmsg_externals.so***********compat_reports/libmsg_externals/2.4_to_3.0/compat_report.html
Page in incompatible!!!!
<a name='Binary_Removed'></a><a name='Binary_Withdrawn'></a> <a name='Type_Binary_Problems_Low'></a>
<a name='Type_Binary_Problems_Low'></a> <a name='Interface_Binary_Problems_Low'></a>
<a name='Interface_Binary_Problems_Low'></a> to the top</a>
***********libmsg_utils.so***********compat_reports/libmsg_utils/2.4_to_3.0/compat_report.html
Page in incompatible!!!!
<a name='Binary_Removed'></a><a name='Binary_Withdrawn'></a> <a name='Type_Binary_Problems_High'></a>
<a name='Type_Binary_Problems_High'></a> <a name='Interface_Binary_Problems_High'></a>
<a name='Interface_Binary_Problems_High'></a> <a name='Type_Binary_Problems_Medium'></a>
<a name='Type_Binary_Problems_Medium'></a> <a name='Interface_Binary_Problems_Medium'></a>
<a name='Interface_Binary_Problems_Medium'></a> <a name='Type_Binary_Problems_Low'></a>
<a name='Type_Binary_Problems_Low'></a> <a name='Interface_Binary_Problems_Low'></a>
<a name='Interface_Binary_Problems_Low'></a> to the top</a>
***********libcapi-web-tab.so***********compat_reports/libcapi-web-tab/2.4_to_3.0/compat_report.html
Page in compatible!!!!
***********libcapi-web-bookmark.so***********compat_reports/libcapi-web-bookmark/2.4_to_3.0/compat_report.html
Page in compatible!!!!
***********libcapi-web-history.so***********compat_reports/libcapi-web-history/2.4_to_3.0/compat_report.html
Page in compatible!!!!
***********libcapi-web-bookmark-csc.so***********compat_reports/libcapi-web-bookmark-csc/2.4_to_3.0/compat_report.html
Page in compatible!!!!
