Temporary header file '/tmp/XqJlJyPxEL/dump1.h' with the following content will be compiled to create GCC translation unit dump:

  // add includes
  #include "/home/kayes/abi_tool/abi-tool-2.7/2.4/usr/include/dali-toolkit/dali-toolkit.h"
  #include "/home/kayes/abi_tool/abi-tool-2.7/2.4/usr/include/dali-toolkit/devel-api/builder/builder.h"
  #include "/home/kayes/abi_tool/abi-tool-2.7/2.4/usr/include/dali-toolkit/devel-api/controls/bloom-view/bloom-view.h"
  #include "/home/kayes/abi_tool/abi-tool-2.7/2.4/usr/include/dali-toolkit/devel-api/controls/effects-view/effects-view.h"
  #include "/home/kayes/abi_tool/abi-tool-2.7/2.4/usr/include/dali-toolkit/devel-api/controls/magnifier/magnifier.h"
  #include "/home/kayes/abi_tool/abi-tool-2.7/2.4/usr/include/dali-toolkit/devel-api/controls/page-turn-view/page-turn-view.h"
  #include "/home/kayes/abi_tool/abi-tool-2.7/2.4/usr/include/dali-toolkit/devel-api/controls/popup/popup.h"
  #include "/home/kayes/abi_tool/abi-tool-2.7/2.4/usr/include/dali-toolkit/devel-api/controls/shadow-view/shadow-view.h"
  #include "/home/kayes/abi_tool/abi-tool-2.7/2.4/usr/include/dali-toolkit/devel-api/controls/slider/slider.h"
  #include "/home/kayes/abi_tool/abi-tool-2.7/2.4/usr/include/dali-toolkit/devel-api/controls/super-blur-view/super-blur-view.h"
  #include "/home/kayes/abi_tool/abi-tool-2.7/2.4/usr/include/dali-toolkit/devel-api/controls/tool-bar/tool-bar.h"
  #include "/home/kayes/abi_tool/abi-tool-2.7/2.4/usr/include/dali-toolkit/public-api/accessibility-manager/accessibility-manager.h"
  #include "/home/kayes/abi_tool/abi-tool-2.7/2.4/usr/include/dali-toolkit/public-api/controls/alignment/alignment.h"
  #include "/home/kayes/abi_tool/abi-tool-2.7/2.4/usr/include/dali-toolkit/public-api/controls/gaussian-blur-view/gaussian-blur-view.h"
  #include "/home/kayes/abi_tool/abi-tool-2.7/2.4/usr/include/dali-toolkit/public-api/controls/image-view/image-view.h"
  #include "/home/kayes/abi_tool/abi-tool-2.7/2.4/usr/include/dali-toolkit/public-api/controls/scroll-bar/scroll-bar.h"
  #include "/home/kayes/abi_tool/abi-tool-2.7/2.4/usr/include/dali-toolkit/public-api/controls/scrollable/item-view/item-view.h"
  #include "/home/kayes/abi_tool/abi-tool-2.7/2.4/usr/include/dali-toolkit/public-api/controls/scrollable/scroll-view/scroll-view.h"
  #include "/home/kayes/abi_tool/abi-tool-2.7/2.4/usr/include/dali-toolkit/public-api/controls/scrollable/scrollable.h"
  #include "/home/kayes/abi_tool/abi-tool-2.7/2.4/usr/include/dali-toolkit/public-api/controls/table-view/table-view.h"
  #include "/home/kayes/abi_tool/abi-tool-2.7/2.4/usr/include/dali/dali.h"
  #include "/home/kayes/abi_tool/abi-tool-2.7/2.4/usr/include/dali/devel-api/scripting/scripting.h"
  #include "/home/kayes/abi_tool/abi-tool-2.7/2.4/usr/include/dali/devel-api/text-abstraction/text-abstraction.h"
  #include "/home/kayes/abi_tool/abi-tool-2.7/2.4/usr/include/dali/public-api/animation/animation.h"
  #include "/home/kayes/abi_tool/abi-tool-2.7/2.4/usr/include/dali-toolkit/devel-api/scripting/script.h"
  #include "/home/kayes/abi_tool/abi-tool-2.7/2.4/usr/include/dali-toolkit/public-api/controls/buttons/button.h"
  #include "/home/kayes/abi_tool/abi-tool-2.7/2.4/usr/include/dali-toolkit/public-api/controls/control.h"
  #include "/home/kayes/abi_tool/abi-tool-2.7/2.4/usr/include/dali/integration-api/adaptors/adaptor.h"
  #include "/home/kayes/abi_tool/abi-tool-2.7/2.4/usr/include/dali/integration-api/events/event.h"
  #include "/home/kayes/abi_tool/abi-tool-2.7/2.4/usr/include/dali/public-api/actors/actor.h"
  #include "/home/kayes/abi_tool/abi-tool-2.7/2.4/usr/include/dali/public-api/images/image.h"
  #include "/home/kayes/abi_tool/abi-tool-2.7/2.4/usr/include/dali/public-api/render-tasks/render-task.h"
  #include "/home/kayes/abi_tool/abi-tool-2.7/2.4/usr/include/dali/public-api/shader-effects/shader-effect.h"
  #include "/home/kayes/abi_tool/abi-tool-2.7/2.4/usr/include/dali/public-api/math/math-utils.h"
  #include "/home/kayes/abi_tool/abi-tool-2.7/2.4/usr/include/dali-toolkit/devel-api/focus-manager/keyinput-focus-manager.h"
  #include "/home/kayes/abi_tool/abi-tool-2.7/2.4/usr/include/dali-toolkit/public-api/controls/scrollable/item-view/item-view-declarations.h"
  #include "/home/kayes/abi_tool/abi-tool-2.7/2.4/usr/include/dali-toolkit/public-api/controls/scrollable/scroll-view/scroll-view-constraints.h"
  #include "/home/kayes/abi_tool/abi-tool-2.7/2.4/usr/include/dali-toolkit/public-api/controls/scrollable/scroll-view/scroll-view-effect.h"
  #include "/home/kayes/abi_tool/abi-tool-2.7/2.4/usr/include/dali-toolkit/public-api/controls/scrollable/scroll-view/scroll-view-page-path-effect.h"
  #include "/home/kayes/abi_tool/abi-tool-2.7/2.4/usr/include/dali-toolkit/public-api/focus-manager/keyboard-focus-manager.h"
  #include "/home/kayes/abi_tool/abi-tool-2.7/2.4/usr/include/dali/devel-api/text-abstraction/text-abstraction-definitions.h"
  #include "/home/kayes/abi_tool/abi-tool-2.7/2.4/usr/include/dali/public-api/common/dali-common.h"
  #include "/home/kayes/abi_tool/abi-tool-2.7/2.4/usr/include/dali/public-api/math/compile-time-math.h"
  #include "/home/kayes/abi_tool/abi-tool-2.7/2.4/usr/include/dali/public-api/object/base-object.h"
  #include "/home/kayes/abi_tool/abi-tool-2.7/2.4/usr/include/dali/public-api/object/object-registry.h"
  #include "/home/kayes/abi_tool/abi-tool-2.7/2.4/usr/include/dali/public-api/object/ref-object.h"
  #include "/home/kayes/abi_tool/abi-tool-2.7/2.4/usr/include/dali-toolkit/devel-api/controls/bubble-effect/bubble-emitter.h"
  #include "/home/kayes/abi_tool/abi-tool-2.7/2.4/usr/include/dali-toolkit/devel-api/controls/page-turn-view/page-factory.h"
  #include "/home/kayes/abi_tool/abi-tool-2.7/2.4/usr/include/dali-toolkit/devel-api/controls/page-turn-view/page-turn-landscape-view.h"
  #include "/home/kayes/abi_tool/abi-tool-2.7/2.4/usr/include/dali-toolkit/devel-api/controls/page-turn-view/page-turn-portrait-view.h"
  #include "/home/kayes/abi_tool/abi-tool-2.7/2.4/usr/include/dali-toolkit/devel-api/controls/text-controls/text-selection-popup.h"
  #include "/home/kayes/abi_tool/abi-tool-2.7/2.4/usr/include/dali-toolkit/devel-api/controls/text-controls/text-selection-toolbar.h"
  #include "/home/kayes/abi_tool/abi-tool-2.7/2.4/usr/include/dali-toolkit/devel-api/scripting/script-plugin.h"
  #include "/home/kayes/abi_tool/abi-tool-2.7/2.4/usr/include/dali-toolkit/devel-api/shader-effects/alpha-discard-effect.h"
  #include "/home/kayes/abi_tool/abi-tool-2.7/2.4/usr/include/dali-toolkit/devel-api/shader-effects/bendy-effect.h"
  #include "/home/kayes/abi_tool/abi-tool-2.7/2.4/usr/include/dali-toolkit/devel-api/shader-effects/blind-effect.h"
  #include "/home/kayes/abi_tool/abi-tool-2.7/2.4/usr/include/dali-toolkit/devel-api/shader-effects/bouncing-effect.h"
  #include "/home/kayes/abi_tool/abi-tool-2.7/2.4/usr/include/dali-toolkit/devel-api/shader-effects/carousel-effect.h"
  #include "/home/kayes/abi_tool/abi-tool-2.7/2.4/usr/include/dali-toolkit/devel-api/shader-effects/displacement-effect.h"
  #include "/home/kayes/abi_tool/abi-tool-2.7/2.4/usr/include/dali-toolkit/devel-api/shader-effects/dissolve-effect.h"
  #include "/home/kayes/abi_tool/abi-tool-2.7/2.4/usr/include/dali-toolkit/devel-api/shader-effects/dissolve-local-effect.h"
  #include "/home/kayes/abi_tool/abi-tool-2.7/2.4/usr/include/dali-toolkit/devel-api/shader-effects/distance-field-effect.h"
  #include "/home/kayes/abi_tool/abi-tool-2.7/2.4/usr/include/dali-toolkit/devel-api/shader-effects/image-region-effect.h"
  #include "/home/kayes/abi_tool/abi-tool-2.7/2.4/usr/include/dali-toolkit/devel-api/shader-effects/iris-effect.h"
  #include "/home/kayes/abi_tool/abi-tool-2.7/2.4/usr/include/dali-toolkit/devel-api/shader-effects/mask-effect.h"
  #include "/home/kayes/abi_tool/abi-tool-2.7/2.4/usr/include/dali-toolkit/devel-api/shader-effects/mirror-effect.h"
  #include "/home/kayes/abi_tool/abi-tool-2.7/2.4/usr/include/dali-toolkit/devel-api/shader-effects/motion-blur-effect.h"
  #include "/home/kayes/abi_tool/abi-tool-2.7/2.4/usr/include/dali-toolkit/devel-api/shader-effects/motion-stretch-effect.h"
  #include "/home/kayes/abi_tool/abi-tool-2.7/2.4/usr/include/dali-toolkit/devel-api/shader-effects/nine-patch-mask-effect.h"
  #include "/home/kayes/abi_tool/abi-tool-2.7/2.4/usr/include/dali-toolkit/devel-api/shader-effects/overlay-effect.h"
  #include "/home/kayes/abi_tool/abi-tool-2.7/2.4/usr/include/dali-toolkit/devel-api/shader-effects/ripple-effect.h"
  #include "/home/kayes/abi_tool/abi-tool-2.7/2.4/usr/include/dali-toolkit/devel-api/shader-effects/ripple2d-effect.h"
  #include "/home/kayes/abi_tool/abi-tool-2.7/2.4/usr/include/dali-toolkit/devel-api/shader-effects/shear-effect.h"
  #include "/home/kayes/abi_tool/abi-tool-2.7/2.4/usr/include/dali-toolkit/devel-api/shader-effects/soft-button-effect.h"
  #include "/home/kayes/abi_tool/abi-tool-2.7/2.4/usr/include/dali-toolkit/devel-api/shader-effects/spot-effect.h"
  #include "/home/kayes/abi_tool/abi-tool-2.7/2.4/usr/include/dali-toolkit/devel-api/shader-effects/square-dissolve-effect.h"
  #include "/home/kayes/abi_tool/abi-tool-2.7/2.4/usr/include/dali-toolkit/devel-api/shader-effects/swirl-effect.h"
  #include "/home/kayes/abi_tool/abi-tool-2.7/2.4/usr/include/dali-toolkit/devel-api/transition-effects/cube-transition-cross-effect.h"
  #include "/home/kayes/abi_tool/abi-tool-2.7/2.4/usr/include/dali-toolkit/devel-api/transition-effects/cube-transition-effect.h"
  #include "/home/kayes/abi_tool/abi-tool-2.7/2.4/usr/include/dali-toolkit/devel-api/transition-effects/cube-transition-fold-effect.h"
  #include "/home/kayes/abi_tool/abi-tool-2.7/2.4/usr/include/dali-toolkit/devel-api/transition-effects/cube-transition-wave-effect.h"
  #include "/home/kayes/abi_tool/abi-tool-2.7/2.4/usr/include/dali-toolkit/public-api/controls/buttons/check-box-button.h"
  #include "/home/kayes/abi_tool/abi-tool-2.7/2.4/usr/include/dali-toolkit/public-api/controls/buttons/push-button.h"
  #include "/home/kayes/abi_tool/abi-tool-2.7/2.4/usr/include/dali-toolkit/public-api/controls/buttons/radio-button.h"
  #include "/home/kayes/abi_tool/abi-tool-2.7/2.4/usr/include/dali-toolkit/public-api/controls/control-impl.h"
  #include "/home/kayes/abi_tool/abi-tool-2.7/2.4/usr/include/dali-toolkit/public-api/controls/scrollable/item-view/default-item-layout.h"
  #include "/home/kayes/abi_tool/abi-tool-2.7/2.4/usr/include/dali-toolkit/public-api/controls/scrollable/item-view/item-factory.h"
  #include "/home/kayes/abi_tool/abi-tool-2.7/2.4/usr/include/dali-toolkit/public-api/controls/scrollable/item-view/item-layout.h"
  #include "/home/kayes/abi_tool/abi-tool-2.7/2.4/usr/include/dali-toolkit/public-api/controls/text-controls/text-field.h"
  #include "/home/kayes/abi_tool/abi-tool-2.7/2.4/usr/include/dali-toolkit/public-api/controls/text-controls/text-label.h"
  #include "/home/kayes/abi_tool/abi-tool-2.7/2.4/usr/include/dali-toolkit/public-api/dali-toolkit-version.h"
  #include "/home/kayes/abi_tool/abi-tool-2.7/2.4/usr/include/dali/devel-api/adaptor-framework/accessibility-adaptor.h"
  #include "/home/kayes/abi_tool/abi-tool-2.7/2.4/usr/include/dali/devel-api/common/ref-counted-dali-vector.h"
  #include "/home/kayes/abi_tool/abi-tool-2.7/2.4/usr/include/dali/integration-api/events/gesture-event.h"
  #include "/home/kayes/abi_tool/abi-tool-2.7/2.4/usr/include/dali/integration-api/events/hover-event-integ.h"
  #include "/home/kayes/abi_tool/abi-tool-2.7/2.4/usr/include/dali/integration-api/events/key-event-integ.h"
  #include "/home/kayes/abi_tool/abi-tool-2.7/2.4/usr/include/dali/integration-api/events/long-press-gesture-event.h"
  #include "/home/kayes/abi_tool/abi-tool-2.7/2.4/usr/include/dali/integration-api/events/multi-point-event-integ.h"
  #include "/home/kayes/abi_tool/abi-tool-2.7/2.4/usr/include/dali/integration-api/events/pan-gesture-event.h"
  #include "/home/kayes/abi_tool/abi-tool-2.7/2.4/usr/include/dali/integration-api/events/pinch-gesture-event.h"
  #include "/home/kayes/abi_tool/abi-tool-2.7/2.4/usr/include/dali/integration-api/events/tap-gesture-event.h"
  #include "/home/kayes/abi_tool/abi-tool-2.7/2.4/usr/include/dali/integration-api/events/touch-event-combiner.h"
  #include "/home/kayes/abi_tool/abi-tool-2.7/2.4/usr/include/dali/integration-api/events/touch-event-integ.h"
  #include "/home/kayes/abi_tool/abi-tool-2.7/2.4/usr/include/dali/integration-api/events/wheel-event-integ.h"
  #include "/home/kayes/abi_tool/abi-tool-2.7/2.4/usr/include/dali/public-api/actors/actor-enumerations.h"
  #include "/home/kayes/abi_tool/abi-tool-2.7/2.4/usr/include/dali/public-api/actors/camera-actor.h"
  #include "/home/kayes/abi_tool/abi-tool-2.7/2.4/usr/include/dali/public-api/actors/custom-actor.h"
  #include "/home/kayes/abi_tool/abi-tool-2.7/2.4/usr/include/dali/public-api/actors/custom-actor-impl.h"
  #include "/home/kayes/abi_tool/abi-tool-2.7/2.4/usr/include/dali/public-api/actors/image-actor.h"
  #include "/home/kayes/abi_tool/abi-tool-2.7/2.4/usr/include/dali/public-api/common/dali-vector.h"
  #include "/home/kayes/abi_tool/abi-tool-2.7/2.4/usr/include/dali/public-api/dali-adaptor-version.h"
  #include "/home/kayes/abi_tool/abi-tool-2.7/2.4/usr/include/dali/public-api/dali-core.h"
  #include "/home/kayes/abi_tool/abi-tool-2.7/2.4/usr/include/dali/public-api/dali-core-version.h"
  #include "/home/kayes/abi_tool/abi-tool-2.7/2.4/usr/include/dali/public-api/events/hover-event.h"
  #include "/home/kayes/abi_tool/abi-tool-2.7/2.4/usr/include/dali/public-api/events/key-event.h"
  #include "/home/kayes/abi_tool/abi-tool-2.7/2.4/usr/include/dali/public-api/events/touch-event.h"
  #include "/home/kayes/abi_tool/abi-tool-2.7/2.4/usr/include/dali/public-api/events/wheel-event.h"
  #include "/home/kayes/abi_tool/abi-tool-2.7/2.4/usr/include/dali/public-api/images/buffer-image.h"
  #include "/home/kayes/abi_tool/abi-tool-2.7/2.4/usr/include/dali/public-api/images/encoded-buffer-image.h"
  #include "/home/kayes/abi_tool/abi-tool-2.7/2.4/usr/include/dali/public-api/images/frame-buffer-image.h"
  #include "/home/kayes/abi_tool/abi-tool-2.7/2.4/usr/include/dali/public-api/images/image-operations.h"
  #include "/home/kayes/abi_tool/abi-tool-2.7/2.4/usr/include/dali/public-api/images/native-image.h"
  #include "/home/kayes/abi_tool/abi-tool-2.7/2.4/usr/include/dali/public-api/images/native-image-interface.h"
  #include "/home/kayes/abi_tool/abi-tool-2.7/2.4/usr/include/dali/public-api/images/nine-patch-image.h"
  #include "/home/kayes/abi_tool/abi-tool-2.7/2.4/usr/include/dali/public-api/images/resource-image.h"
  #include "/home/kayes/abi_tool/abi-tool-2.7/2.4/usr/include/dali/public-api/render-tasks/render-task-list.h"
  #include "/home/kayes/abi_tool/abi-tool-2.7/2.4/usr/include/dali/public-api/signals/base-signal.h"
  #include "/home/kayes/abi_tool/abi-tool-2.7/2.4/usr/include/dali/public-api/signals/dali-signal.h"
  #include "/home/kayes/abi_tool/abi-tool-2.7/2.4/usr/include/dali/public-api/signals/signal-slot-connections.h"
  #include "/home/kayes/abi_tool/abi-tool-2.7/2.4/usr/include/dali/public-api/signals/signal-slot-observers.h"
  #include "/home/kayes/abi_tool/abi-tool-2.7/2.4/usr/include/dali-toolkit/devel-api/builder/json-parser.h"
  #include "/home/kayes/abi_tool/abi-tool-2.7/2.4/usr/include/dali-toolkit/devel-api/builder/tree-node.h"
  #include "/home/kayes/abi_tool/abi-tool-2.7/2.4/usr/include/dali-toolkit/devel-api/styling/style-manager.h"
  #include "/home/kayes/abi_tool/abi-tool-2.7/2.4/usr/include/dali/devel-api/adaptor-framework/accessibility-action-handler.h"
  #include "/home/kayes/abi_tool/abi-tool-2.7/2.4/usr/include/dali/devel-api/adaptor-framework/accessibility-gesture-handler.h"
  #include "/home/kayes/abi_tool/abi-tool-2.7/2.4/usr/include/dali/devel-api/adaptor-framework/bitmap-loader.h"
  #include "/home/kayes/abi_tool/abi-tool-2.7/2.4/usr/include/dali/devel-api/adaptor-framework/bitmap-saver.h"
  #include "/home/kayes/abi_tool/abi-tool-2.7/2.4/usr/include/dali/devel-api/adaptor-framework/clipboard.h"
  #include "/home/kayes/abi_tool/abi-tool-2.7/2.4/usr/include/dali/devel-api/adaptor-framework/clipboard-event-notifier.h"
  #include "/home/kayes/abi_tool/abi-tool-2.7/2.4/usr/include/dali/devel-api/adaptor-framework/color-controller.h"
  #include "/home/kayes/abi_tool/abi-tool-2.7/2.4/usr/include/dali/devel-api/adaptor-framework/drag-and-drop-detector.h"
  #include "/home/kayes/abi_tool/abi-tool-2.7/2.4/usr/include/dali/devel-api/adaptor-framework/event-feeder.h"
  #include "/home/kayes/abi_tool/abi-tool-2.7/2.4/usr/include/dali/devel-api/adaptor-framework/feedback-player.h"
  #include "/home/kayes/abi_tool/abi-tool-2.7/2.4/usr/include/dali/devel-api/adaptor-framework/feedback-plugin.h"
  #include "/home/kayes/abi_tool/abi-tool-2.7/2.4/usr/include/dali/devel-api/adaptor-framework/imf-manager.h"
  #include "/home/kayes/abi_tool/abi-tool-2.7/2.4/usr/include/dali/devel-api/adaptor-framework/lifecycle-controller.h"
  #include "/home/kayes/abi_tool/abi-tool-2.7/2.4/usr/include/dali/devel-api/adaptor-framework/orientation.h"
  #include "/home/kayes/abi_tool/abi-tool-2.7/2.4/usr/include/dali/devel-api/adaptor-framework/performance-logger.h"
  #include "/home/kayes/abi_tool/abi-tool-2.7/2.4/usr/include/dali/devel-api/adaptor-framework/physical-keyboard.h"
  #include "/home/kayes/abi_tool/abi-tool-2.7/2.4/usr/include/dali/devel-api/adaptor-framework/render-surface.h"
  #include "/home/kayes/abi_tool/abi-tool-2.7/2.4/usr/include/dali/devel-api/adaptor-framework/singleton-service.h"
  #include "/home/kayes/abi_tool/abi-tool-2.7/2.4/usr/include/dali/devel-api/adaptor-framework/sound-player.h"
  #include "/home/kayes/abi_tool/abi-tool-2.7/2.4/usr/include/dali/devel-api/adaptor-framework/style-monitor.h"
  #include "/home/kayes/abi_tool/abi-tool-2.7/2.4/usr/include/dali/devel-api/adaptor-framework/tilt-sensor.h"
  #include "/home/kayes/abi_tool/abi-tool-2.7/2.4/usr/include/dali/devel-api/adaptor-framework/virtual-keyboard.h"
  #include "/home/kayes/abi_tool/abi-tool-2.7/2.4/usr/include/dali/devel-api/adaptor-framework/window-extensions.h"
  #include "/home/kayes/abi_tool/abi-tool-2.7/2.4/usr/include/dali/devel-api/animation/path-constrainer.h"
  #include "/home/kayes/abi_tool/abi-tool-2.7/2.4/usr/include/dali/devel-api/common/hash.h"
  #include "/home/kayes/abi_tool/abi-tool-2.7/2.4/usr/include/dali/devel-api/common/map-wrapper.h"
  #include "/home/kayes/abi_tool/abi-tool-2.7/2.4/usr/include/dali/devel-api/common/mutex.h"
  #include "/home/kayes/abi_tool/abi-tool-2.7/2.4/usr/include/dali/devel-api/common/set-wrapper.h"
  #include "/home/kayes/abi_tool/abi-tool-2.7/2.4/usr/include/dali/devel-api/events/hit-test-algorithm.h"
  #include "/home/kayes/abi_tool/abi-tool-2.7/2.4/usr/include/dali/devel-api/images/atlas.h"
  #include "/home/kayes/abi_tool/abi-tool-2.7/2.4/usr/include/dali/devel-api/images/distance-field.h"
  #include "/home/kayes/abi_tool/abi-tool-2.7/2.4/usr/include/dali/devel-api/object/property-buffer.h"
  #include "/home/kayes/abi_tool/abi-tool-2.7/2.4/usr/include/dali/devel-api/object/type-registry-helper.h"
  #include "/home/kayes/abi_tool/abi-tool-2.7/2.4/usr/include/dali/devel-api/object/weak-handle.h"
  #include "/home/kayes/abi_tool/abi-tool-2.7/2.4/usr/include/dali/devel-api/rendering/cull-face.h"
  #include "/home/kayes/abi_tool/abi-tool-2.7/2.4/usr/include/dali/devel-api/rendering/geometry.h"
  #include "/home/kayes/abi_tool/abi-tool-2.7/2.4/usr/include/dali/devel-api/rendering/material.h"
  #include "/home/kayes/abi_tool/abi-tool-2.7/2.4/usr/include/dali/devel-api/rendering/renderer.h"
  #include "/home/kayes/abi_tool/abi-tool-2.7/2.4/usr/include/dali/devel-api/rendering/sampler.h"
  #include "/home/kayes/abi_tool/abi-tool-2.7/2.4/usr/include/dali/devel-api/rendering/shader.h"
  #include "/home/kayes/abi_tool/abi-tool-2.7/2.4/usr/include/dali/devel-api/text-abstraction/bidirectional-support.h"
  #include "/home/kayes/abi_tool/abi-tool-2.7/2.4/usr/include/dali/devel-api/text-abstraction/font-client.h"
  #include "/home/kayes/abi_tool/abi-tool-2.7/2.4/usr/include/dali/devel-api/text-abstraction/font-list.h"
  #include "/home/kayes/abi_tool/abi-tool-2.7/2.4/usr/include/dali/devel-api/text-abstraction/font-metrics.h"
  #include "/home/kayes/abi_tool/abi-tool-2.7/2.4/usr/include/dali/devel-api/text-abstraction/glyph-info.h"
  #include "/home/kayes/abi_tool/abi-tool-2.7/2.4/usr/include/dali/devel-api/text-abstraction/script.h"
  #include "/home/kayes/abi_tool/abi-tool-2.7/2.4/usr/include/dali/devel-api/text-abstraction/segmentation.h"
  #include "/home/kayes/abi_tool/abi-tool-2.7/2.4/usr/include/dali/devel-api/text-abstraction/shaping.h"
  #include "/home/kayes/abi_tool/abi-tool-2.7/2.4/usr/include/dali/integration-api/adaptors/ecore-x-render-surface.h"
  #include "/home/kayes/abi_tool/abi-tool-2.7/2.4/usr/include/dali/integration-api/adaptors/ecore-x-types.h"
  #include "/home/kayes/abi_tool/abi-tool-2.7/2.4/usr/include/dali/integration-api/adaptors/egl-interface.h"
  #include "/home/kayes/abi_tool/abi-tool-2.7/2.4/usr/include/dali/integration-api/adaptors/pixmap-render-surface.h"
  #include "/home/kayes/abi_tool/abi-tool-2.7/2.4/usr/include/dali/integration-api/adaptors/pixmap-render-surface-factory.h"
  #include "/home/kayes/abi_tool/abi-tool-2.7/2.4/usr/include/dali/integration-api/adaptors/thread-synchronization-interface.h"
  #include "/home/kayes/abi_tool/abi-tool-2.7/2.4/usr/include/dali/integration-api/adaptors/trigger-event-factory.h"
  #include "/home/kayes/abi_tool/abi-tool-2.7/2.4/usr/include/dali/integration-api/adaptors/trigger-event-factory-interface.h"
  #include "/home/kayes/abi_tool/abi-tool-2.7/2.4/usr/include/dali/integration-api/adaptors/trigger-event-interface.h"
  #include "/home/kayes/abi_tool/abi-tool-2.7/2.4/usr/include/dali/integration-api/bitmap.h"
  #include "/home/kayes/abi_tool/abi-tool-2.7/2.4/usr/include/dali/integration-api/context-notifier.h"
  #include "/home/kayes/abi_tool/abi-tool-2.7/2.4/usr/include/dali/integration-api/core.h"
  #include "/home/kayes/abi_tool/abi-tool-2.7/2.4/usr/include/dali/integration-api/debug.h"
  #include "/home/kayes/abi_tool/abi-tool-2.7/2.4/usr/include/dali/integration-api/events/gesture-requests.h"
  #include "/home/kayes/abi_tool/abi-tool-2.7/2.4/usr/include/dali/integration-api/events/touch-data.h"
  #include "/home/kayes/abi_tool/abi-tool-2.7/2.4/usr/include/dali/integration-api/gesture-manager.h"
  #include "/home/kayes/abi_tool/abi-tool-2.7/2.4/usr/include/dali/integration-api/gl-abstraction.h"
  #include "/home/kayes/abi_tool/abi-tool-2.7/2.4/usr/include/dali/integration-api/gl-defines.h"
  #include "/home/kayes/abi_tool/abi-tool-2.7/2.4/usr/include/dali/integration-api/gl-sync-abstraction.h"
  #include "/home/kayes/abi_tool/abi-tool-2.7/2.4/usr/include/dali/integration-api/image-data.h"
  #include "/home/kayes/abi_tool/abi-tool-2.7/2.4/usr/include/dali/integration-api/input-options.h"
  #include "/home/kayes/abi_tool/abi-tool-2.7/2.4/usr/include/dali/integration-api/lockless-buffer.h"
  #include "/home/kayes/abi_tool/abi-tool-2.7/2.4/usr/include/dali/integration-api/platform-abstraction.h"
  #include "/home/kayes/abi_tool/abi-tool-2.7/2.4/usr/include/dali/integration-api/profiling.h"
  #include "/home/kayes/abi_tool/abi-tool-2.7/2.4/usr/include/dali/integration-api/render-controller.h"
  #include "/home/kayes/abi_tool/abi-tool-2.7/2.4/usr/include/dali/integration-api/resource-cache.h"
  #include "/home/kayes/abi_tool/abi-tool-2.7/2.4/usr/include/dali/integration-api/resource-declarations.h"
  #include "/home/kayes/abi_tool/abi-tool-2.7/2.4/usr/include/dali/integration-api/resource-policies.h"
  #include "/home/kayes/abi_tool/abi-tool-2.7/2.4/usr/include/dali/integration-api/resource-request.h"
  #include "/home/kayes/abi_tool/abi-tool-2.7/2.4/usr/include/dali/integration-api/resource-types.h"
  #include "/home/kayes/abi_tool/abi-tool-2.7/2.4/usr/include/dali/integration-api/system-overlay.h"
  #include "/home/kayes/abi_tool/abi-tool-2.7/2.4/usr/include/dali/public-api/actors/blending.h"
  #include "/home/kayes/abi_tool/abi-tool-2.7/2.4/usr/include/dali/public-api/actors/draw-mode.h"
  #include "/home/kayes/abi_tool/abi-tool-2.7/2.4/usr/include/dali/public-api/actors/layer.h"
  #include "/home/kayes/abi_tool/abi-tool-2.7/2.4/usr/include/dali/public-api/actors/sampling.h"
  #include "/home/kayes/abi_tool/abi-tool-2.7/2.4/usr/include/dali/public-api/adaptor-framework/application.h"
  #include "/home/kayes/abi_tool/abi-tool-2.7/2.4/usr/include/dali/public-api/adaptor-framework/application-configuration.h"
  #include "/home/kayes/abi_tool/abi-tool-2.7/2.4/usr/include/dali-toolkit/devel-api/shader-effects/quadratic-bezier.h"
  #include "/home/kayes/abi_tool/abi-tool-2.7/2.4/usr/include/dali-toolkit/public-api/controls/default-controls/solid-color-actor.h"
  #include "/home/kayes/abi_tool/abi-tool-2.7/2.4/usr/include/dali-toolkit/public-api/enums.h"
  #include "/home/kayes/abi_tool/abi-tool-2.7/2.4/usr/include/dali-toolkit/public-api/text/rendering-backend.h"
  #include "/home/kayes/abi_tool/abi-tool-2.7/2.4/usr/include/dali/public-api/adaptor-framework/input-method.h"
  #include "/home/kayes/abi_tool/abi-tool-2.7/2.4/usr/include/dali/public-api/adaptor-framework/key.h"
  #include "/home/kayes/abi_tool/abi-tool-2.7/2.4/usr/include/dali/public-api/adaptor-framework/key-grab.h"
  #include "/home/kayes/abi_tool/abi-tool-2.7/2.4/usr/include/dali/public-api/adaptor-framework/native-image-source.h"
  #include "/home/kayes/abi_tool/abi-tool-2.7/2.4/usr/include/dali/public-api/adaptor-framework/style-change.h"
  #include "/home/kayes/abi_tool/abi-tool-2.7/2.4/usr/include/dali/public-api/adaptor-framework/timer.h"
  #include "/home/kayes/abi_tool/abi-tool-2.7/2.4/usr/include/dali/public-api/adaptor-framework/tts-player.h"
  #include "/home/kayes/abi_tool/abi-tool-2.7/2.4/usr/include/dali/public-api/adaptor-framework/window.h"
  #include "/home/kayes/abi_tool/abi-tool-2.7/2.4/usr/include/dali/public-api/animation/alpha-function.h"
  #include "/home/kayes/abi_tool/abi-tool-2.7/2.4/usr/include/dali/public-api/animation/constraint.h"
  #include "/home/kayes/abi_tool/abi-tool-2.7/2.4/usr/include/dali/public-api/animation/constraint-source.h"
  #include "/home/kayes/abi_tool/abi-tool-2.7/2.4/usr/include/dali/public-api/animation/constraints.h"
  #include "/home/kayes/abi_tool/abi-tool-2.7/2.4/usr/include/dali/public-api/animation/key-frames.h"
  #include "/home/kayes/abi_tool/abi-tool-2.7/2.4/usr/include/dali/public-api/animation/linear-constrainer.h"
  #include "/home/kayes/abi_tool/abi-tool-2.7/2.4/usr/include/dali/public-api/animation/path.h"
  #include "/home/kayes/abi_tool/abi-tool-2.7/2.4/usr/include/dali/public-api/animation/time-period.h"
  #include "/home/kayes/abi_tool/abi-tool-2.7/2.4/usr/include/dali/public-api/common/compile-time-assert.h"
  #include "/home/kayes/abi_tool/abi-tool-2.7/2.4/usr/include/dali/public-api/common/constants.h"
  #include "/home/kayes/abi_tool/abi-tool-2.7/2.4/usr/include/dali/public-api/common/intrusive-ptr.h"
  #include "/home/kayes/abi_tool/abi-tool-2.7/2.4/usr/include/dali/public-api/common/loading-state.h"
  #include "/home/kayes/abi_tool/abi-tool-2.7/2.4/usr/include/dali/public-api/common/stage.h"
  #include "/home/kayes/abi_tool/abi-tool-2.7/2.4/usr/include/dali/public-api/common/type-traits.h"
  #include "/home/kayes/abi_tool/abi-tool-2.7/2.4/usr/include/dali/public-api/common/vector-wrapper.h"
  #include "/home/kayes/abi_tool/abi-tool-2.7/2.4/usr/include/dali/public-api/common/view-mode.h"
  #include "/home/kayes/abi_tool/abi-tool-2.7/2.4/usr/include/dali/public-api/events/gesture.h"
  #include "/home/kayes/abi_tool/abi-tool-2.7/2.4/usr/include/dali/public-api/events/gesture-detector.h"
  #include "/home/kayes/abi_tool/abi-tool-2.7/2.4/usr/include/dali/public-api/events/long-press-gesture.h"
  #include "/home/kayes/abi_tool/abi-tool-2.7/2.4/usr/include/dali/public-api/events/long-press-gesture-detector.h"
  #include "/home/kayes/abi_tool/abi-tool-2.7/2.4/usr/include/dali/public-api/events/pan-gesture.h"
  #include "/home/kayes/abi_tool/abi-tool-2.7/2.4/usr/include/dali/public-api/events/pan-gesture-detector.h"
  #include "/home/kayes/abi_tool/abi-tool-2.7/2.4/usr/include/dali/public-api/events/pinch-gesture.h"
  #include "/home/kayes/abi_tool/abi-tool-2.7/2.4/usr/include/dali/public-api/events/pinch-gesture-detector.h"
  #include "/home/kayes/abi_tool/abi-tool-2.7/2.4/usr/include/dali/public-api/events/tap-gesture.h"
  #include "/home/kayes/abi_tool/abi-tool-2.7/2.4/usr/include/dali/public-api/events/tap-gesture-detector.h"
  #include "/home/kayes/abi_tool/abi-tool-2.7/2.4/usr/include/dali/public-api/events/touch-point.h"
  #include "/home/kayes/abi_tool/abi-tool-2.7/2.4/usr/include/dali/public-api/images/pixel.h"
  #include "/home/kayes/abi_tool/abi-tool-2.7/2.4/usr/include/dali/public-api/math/angle-axis.h"
  #include "/home/kayes/abi_tool/abi-tool-2.7/2.4/usr/include/dali/public-api/math/degree.h"
  #include "/home/kayes/abi_tool/abi-tool-2.7/2.4/usr/include/dali/public-api/math/matrix.h"
  #include "/home/kayes/abi_tool/abi-tool-2.7/2.4/usr/include/dali/public-api/math/matrix3.h"
  #include "/home/kayes/abi_tool/abi-tool-2.7/2.4/usr/include/dali/public-api/math/quaternion.h"
  #include "/home/kayes/abi_tool/abi-tool-2.7/2.4/usr/include/dali/public-api/math/radian.h"
  #include "/home/kayes/abi_tool/abi-tool-2.7/2.4/usr/include/dali/public-api/math/random.h"
  #include "/home/kayes/abi_tool/abi-tool-2.7/2.4/usr/include/dali/public-api/math/rect.h"
  #include "/home/kayes/abi_tool/abi-tool-2.7/2.4/usr/include/dali/public-api/math/uint-16-pair.h"
  #include "/home/kayes/abi_tool/abi-tool-2.7/2.4/usr/include/dali/public-api/math/vector2.h"
  #include "/home/kayes/abi_tool/abi-tool-2.7/2.4/usr/include/dali/public-api/math/vector3.h"
  #include "/home/kayes/abi_tool/abi-tool-2.7/2.4/usr/include/dali/public-api/math/vector4.h"
  #include "/home/kayes/abi_tool/abi-tool-2.7/2.4/usr/include/dali/public-api/math/viewport.h"
  #include "/home/kayes/abi_tool/abi-tool-2.7/2.4/usr/include/dali/public-api/object/any.h"
  #include "/home/kayes/abi_tool/abi-tool-2.7/2.4/usr/include/dali/public-api/object/base-handle.h"
  #include "/home/kayes/abi_tool/abi-tool-2.7/2.4/usr/include/dali/public-api/object/handle.h"
  #include "/home/kayes/abi_tool/abi-tool-2.7/2.4/usr/include/dali/public-api/object/property.h"
  #include "/home/kayes/abi_tool/abi-tool-2.7/2.4/usr/include/dali/public-api/object/property-array.h"
  #include "/home/kayes/abi_tool/abi-tool-2.7/2.4/usr/include/dali/public-api/object/property-conditions.h"
  #include "/home/kayes/abi_tool/abi-tool-2.7/2.4/usr/include/dali/public-api/object/property-index-ranges.h"
  #include "/home/kayes/abi_tool/abi-tool-2.7/2.4/usr/include/dali/public-api/object/property-input.h"
  #include "/home/kayes/abi_tool/abi-tool-2.7/2.4/usr/include/dali/public-api/object/property-map.h"
  #include "/home/kayes/abi_tool/abi-tool-2.7/2.4/usr/include/dali/public-api/object/property-notification.h"
  #include "/home/kayes/abi_tool/abi-tool-2.7/2.4/usr/include/dali/public-api/object/property-notification-declarations.h"
  #include "/home/kayes/abi_tool/abi-tool-2.7/2.4/usr/include/dali/public-api/object/property-types.h"
  #include "/home/kayes/abi_tool/abi-tool-2.7/2.4/usr/include/dali/public-api/object/property-value.h"
  #include "/home/kayes/abi_tool/abi-tool-2.7/2.4/usr/include/dali/public-api/object/type-info.h"
  #include "/home/kayes/abi_tool/abi-tool-2.7/2.4/usr/include/dali/public-api/object/type-registry.h"
  #include "/home/kayes/abi_tool/abi-tool-2.7/2.4/usr/include/dali/public-api/signals/callback.h"
  #include "/home/kayes/abi_tool/abi-tool-2.7/2.4/usr/include/dali/public-api/signals/connection-tracker.h"
  #include "/home/kayes/abi_tool/abi-tool-2.7/2.4/usr/include/dali/public-api/signals/connection-tracker-interface.h"
  #include "/home/kayes/abi_tool/abi-tool-2.7/2.4/usr/include/dali/public-api/signals/functor-delegate.h"
  #include "/home/kayes/abi_tool/abi-tool-2.7/2.4/usr/include/dali/public-api/signals/slot-delegate.h"
  #include "/home/kayes/abi_tool/abi-tool-2.7/2.4/usr/include/dali/public-api/size-negotiation/relayout-container.h"

  // add namespaces
  namespace Dali{typedef int tmp_add_type_1;}
  Dali::tmp_add_type_1 tmp_add_func_1(){return 0;};
  namespace Dali{namespace AnchorPoint{typedef int tmp_add_type_2;}}
  Dali::AnchorPoint::tmp_add_type_2 tmp_add_func_2(){return 0;};
  namespace Dali{namespace BlendingEquation{typedef int tmp_add_type_3;}}
  Dali::BlendingEquation::tmp_add_type_3 tmp_add_func_3(){return 0;};
  namespace Dali{namespace BlendingFactor{typedef int tmp_add_type_4;}}
  Dali::BlendingFactor::tmp_add_type_4 tmp_add_func_4(){return 0;};
  namespace Dali{namespace BlendingMode{typedef int tmp_add_type_5;}}
  Dali::BlendingMode::tmp_add_type_5 tmp_add_func_5(){return 0;};
  namespace Dali{namespace Camera{typedef int tmp_add_type_6;}}
  Dali::Camera::tmp_add_type_6 tmp_add_func_6(){return 0;};
  namespace Dali{namespace Color{typedef int tmp_add_type_7;}}
  Dali::Color::tmp_add_type_7 tmp_add_func_7(){return 0;};
  namespace Dali{namespace Configuration{typedef int tmp_add_type_8;}}
  Dali::Configuration::tmp_add_type_8 tmp_add_func_8(){return 0;};
  namespace Dali{namespace Dimension{typedef int tmp_add_type_9;}}
  Dali::Dimension::tmp_add_type_9 tmp_add_func_9(){return 0;};
  namespace Dali{namespace DrawMode{typedef int tmp_add_type_10;}}
  Dali::DrawMode::tmp_add_type_10 tmp_add_func_10(){return 0;};
  namespace Dali{namespace EventFeeder{typedef int tmp_add_type_11;}}
  Dali::EventFeeder::tmp_add_type_11 tmp_add_func_11(){return 0;};
  namespace Dali{namespace FilterMode{typedef int tmp_add_type_12;}}
  Dali::FilterMode::tmp_add_type_12 tmp_add_func_12(){return 0;};
  namespace Dali{namespace FittingMode{typedef int tmp_add_type_13;}}
  Dali::FittingMode::tmp_add_type_13 tmp_add_func_13(){return 0;};
  namespace Dali{namespace HitTestAlgorithm{typedef int tmp_add_type_14;}}
  Dali::HitTestAlgorithm::tmp_add_type_14 tmp_add_func_14(){return 0;};
  namespace Dali{namespace HorizontalAlignment{typedef int tmp_add_type_15;}}
  Dali::HorizontalAlignment::tmp_add_type_15 tmp_add_func_15(){return 0;};
  namespace Dali{namespace InputMethod{typedef int tmp_add_type_16;}}
  Dali::InputMethod::tmp_add_type_16 tmp_add_func_16(){return 0;};
  namespace Dali{namespace Integration{typedef int tmp_add_type_17;}}
  Dali::Integration::tmp_add_type_17 tmp_add_func_17(){return 0;};
  namespace Dali{namespace Internal{typedef int tmp_add_type_18;}}
  Dali::Internal::tmp_add_type_18 tmp_add_func_18(){return 0;};
  namespace Dali{namespace Internal{namespace Adaptor{typedef int tmp_add_type_19;}}}
  Dali::Internal::Adaptor::tmp_add_type_19 tmp_add_func_19(){return 0;};
  namespace Dali{namespace KeyGrab{typedef int tmp_add_type_20;}}
  Dali::KeyGrab::tmp_add_type_20 tmp_add_func_20(){return 0;};
  namespace Dali{namespace Math{typedef int tmp_add_type_21;}}
  Dali::Math::tmp_add_type_21 tmp_add_func_21(){return 0;};
  namespace Dali{namespace ParentOrigin{typedef int tmp_add_type_22;}}
  Dali::ParentOrigin::tmp_add_type_22 tmp_add_func_22(){return 0;};
  namespace Dali{namespace Pixel{typedef int tmp_add_type_23;}}
  Dali::Pixel::tmp_add_type_23 tmp_add_func_23(){return 0;};
  namespace Dali{namespace PropertyTypes{typedef int tmp_add_type_24;}}
  Dali::PropertyTypes::tmp_add_type_24 tmp_add_func_24(){return 0;};
  namespace Dali{namespace Random{typedef int tmp_add_type_25;}}
  Dali::Random::tmp_add_type_25 tmp_add_func_25(){return 0;};
  namespace Dali{namespace RenderBuffer{typedef int tmp_add_type_26;}}
  Dali::RenderBuffer::tmp_add_type_26 tmp_add_func_26(){return 0;};
  namespace Dali{namespace ResizePolicy{typedef int tmp_add_type_27;}}
  Dali::ResizePolicy::tmp_add_type_27 tmp_add_func_27(){return 0;};
  namespace Dali{namespace SamplingMode{typedef int tmp_add_type_28;}}
  Dali::SamplingMode::tmp_add_type_28 tmp_add_func_28(){return 0;};
  namespace Dali{namespace Scripting{typedef int tmp_add_type_29;}}
  Dali::Scripting::tmp_add_type_29 tmp_add_func_29(){return 0;};
  namespace Dali{namespace SizeScalePolicy{typedef int tmp_add_type_30;}}
  Dali::SizeScalePolicy::tmp_add_type_30 tmp_add_func_30(){return 0;};
  namespace Dali{namespace StyleChange{typedef int tmp_add_type_31;}}
  Dali::StyleChange::tmp_add_type_31 tmp_add_func_31(){return 0;};
  namespace Dali{namespace TextAbstraction{typedef int tmp_add_type_32;}}
  Dali::TextAbstraction::tmp_add_type_32 tmp_add_func_32(){return 0;};
  namespace Dali{namespace TextAbstraction{namespace FontSlant{typedef int tmp_add_type_33;}}}
  Dali::TextAbstraction::FontSlant::tmp_add_type_33 tmp_add_func_33(){return 0;};
  namespace Dali{namespace TextAbstraction{namespace FontWeight{typedef int tmp_add_type_34;}}}
  Dali::TextAbstraction::FontWeight::tmp_add_type_34 tmp_add_func_34(){return 0;};
  namespace Dali{namespace TextAbstraction{namespace FontWidth{typedef int tmp_add_type_35;}}}
  Dali::TextAbstraction::FontWidth::tmp_add_type_35 tmp_add_func_35(){return 0;};
  namespace Dali{namespace TextAbstraction{namespace Internal{typedef int tmp_add_type_36;}}}
  Dali::TextAbstraction::Internal::tmp_add_type_36 tmp_add_func_36(){return 0;};
  namespace Dali{namespace Toolkit{typedef int tmp_add_type_37;}}
  Dali::Toolkit::tmp_add_type_37 tmp_add_func_37(){return 0;};
  namespace Dali{namespace Toolkit{namespace ControlOrientation{typedef int tmp_add_type_38;}}}
  Dali::Toolkit::ControlOrientation::tmp_add_type_38 tmp_add_func_38(){return 0;};
  namespace Dali{namespace Toolkit{namespace DefaultItemLayout{typedef int tmp_add_type_39;}}}
  Dali::Toolkit::DefaultItemLayout::tmp_add_type_39 tmp_add_func_39(){return 0;};
  namespace Dali{namespace Toolkit{namespace Internal{typedef int tmp_add_type_40;}}}
  Dali::Toolkit::Internal::tmp_add_type_40 tmp_add_func_40(){return 0;};
  namespace Dali{namespace Toolkit{namespace NinePatchMaskEffect{typedef int tmp_add_type_41;}}}
  Dali::Toolkit::NinePatchMaskEffect::tmp_add_type_41 tmp_add_func_41(){return 0;};
  namespace Dali{namespace Toolkit{namespace Text{typedef int tmp_add_type_42;}}}
  Dali::Toolkit::Text::tmp_add_type_42 tmp_add_func_42(){return 0;};
  namespace Dali{namespace VerticalAlignment{typedef int tmp_add_type_43;}}
  Dali::VerticalAlignment::tmp_add_type_43 tmp_add_func_43(){return 0;};
  namespace Dali{namespace VirtualKeyboard{typedef int tmp_add_type_44;}}
  Dali::VirtualKeyboard::tmp_add_type_44 tmp_add_func_44(){return 0;};
  namespace Dali{namespace WeightObject{typedef int tmp_add_type_45;}}
  Dali::WeightObject::tmp_add_type_45 tmp_add_func_45(){return 0;};
  namespace Dali{namespace WindowExtensions{typedef int tmp_add_type_46;}}
  Dali::WindowExtensions::tmp_add_type_46 tmp_add_func_46(){return 0;};

The GCC parameters:
  gcc -fdump-translation-unit -fkeep-inline-functions -c -x c++-header -fpermissive -w "/tmp/XqJlJyPxEL/dump1.h"  -I/home/kayes/abi_tool/abi-tool-2.7/2.4/usr/include -I/home/kayes/abi_tool/abi-tool-2.7/2.4/usr/include/dali/public-api/adaptor-framework -I/home/kayes/abi_tool/abi-tool-2.7/2.4/usr/include/dali/integration-api/adaptors -I/home/kayes/abi_tool/abi-tool-2.7/2.4/usr/include/dali/devel-api/adaptor-framework -I/home/kayes/tizen-sdk/platforms/tizen-3.0/mobile/rootstraps/mobile-3.0-device.core/usr/include

In file included from /tmp/XqJlJyPxEL/dump1.h:184:0:
/home/kayes/abi_tool/abi-tool-2.7/2.4/usr/include/dali/integration-api/adaptors/ecore-x-render-surface.h:22:21: fatal error: Ecore_X.h: No such file or directory
 #include <Ecore_X.h>
                     ^
compilation terminated.

