====================
রবি জুল  3 16:10:15 BDT 2016
====================
account-common.armv7l 0.1.1-13.1 platform/core/account/account-common#49f7f981cc6cab0cdc21ab7d0023218cc2c1e54e
account-manager.armv7l 0.1.7-26.1 platform/core/account/account-manager#056d3693a37e6ffe48812cc58862a39373929d05
account-parser.armv7l 0.1.0-8.3 platform/core/account/account-parser#b3f6eb7098f69887c244d2e36619cab5b20fa2ee
acl.armv7l 2.2.52-2.9 platform/upstream/acl#53165edcc772173273f502514090a6e0fb7e862c
alarm-server.armv7l 0.4.178-44.1 platform/core/appfw/alarm-manager#9de0d16a83bf3772a08cac8b361c9a9d9be32906
alsa-utils.armv7l 1.0.28-10.1 platform/upstream/alsa-utils#9fa0f937fc370f2ff1457daf7f4e3a5f4b3a9e0f
amd.armv7l 0.0.100-80.1 platform/core/appfw/amd#a87436f0170291330933017c509ee68fd845f29d
anthy.armv7l 9100h-10.10 platform/core/uifw/anthy#ae5007464c40c9f359c278c788be0bfdd8ebdcbe
app-core-common.armv7l 1.2-41.1 platform/core/appfw/app-core#7a918d29b0a1c9e7eba774c79bb3c0e28051e313
app-core-efl.armv7l 1.2-41.1 platform/core/appfw/app-core#7a918d29b0a1c9e7eba774c79bb3c0e28051e313
app-installers.armv7l 1.8-124.1 platform/core/appfw/app-installers#e824130b4b13bd6e928ef29124e30136af9694ea
app-svc.armv7l 0.1.53-17.4 platform/core/appfw/app-svc#1c984aefbe371d3d04709aaff514c6ed10a62292
app2sd.armv7l 0.5.42-24.1 platform/core/appfw/app2sd#4fef0ce86006be84570ccd0641e5ac76fd029361
argos_watchdog.armv7l 0.0.1-1.4 platform/core/system/argos_watchdog#2810f7f2347f4181ea38ca4147f9d3f27b81686c
askuser-plugins.armv7l 0.1.4-14.2 platform/core/security/askuser#2e15a94f374b676aca8dc2985a643927b80eca3f
askuser-test.armv7l 0.1.4-14.2 platform/core/security/askuser#2e15a94f374b676aca8dc2985a643927b80eca3f
askuser.armv7l 0.1.4-14.2 platform/core/security/askuser#2e15a94f374b676aca8dc2985a643927b80eca3f
at-spi2-core.armv7l 2.16.1-10.5 platform/upstream/at-spi2-core#65a8179bd64640d3c76767121dbf45ce9b8422ae
attr.armv7l 2.4.47-1.12 platform/upstream/attr#450f47ad953f7a7d4c577d489103f75234b25619
audio-config-sc-TM1-sc7730.noarch 0.1.17-4.1 profile/mobile/platform/adaptation/spreadtrum/audio-config-sc#20bc902c262f3ac1c3b16c68b4ff85412c509801
audio-hal-sc7727.armv7l 0.1.15-15.1 platform/adaptation/spreadtrum/audio-hal-sc7727#38c55251b66cd301fb37030b2d2f388e4d1c3d9f
aul.armv7l 0.0.300-31.1 platform/core/appfw/aul-1#2ee7f590516af6ffddfd0603052792c5a8aae504
auth-fw.armv7l 0.0.1-4.3 platform/core/security/auth-fw#282a7b00f385840fd00d98e9e94cd77a9707d657
bash.armv7l 3.2.57-3.1 product/upstream/bash#e15719eca663a1de7762ab70817b0357640572bc
bluetooth-agent.armv7l 0.1.0-30.1 platform/core/connectivity/bluetooth-agent#50e736df1bec1801635ed4e40fdd26345710ed9f
bluetooth-firmware-sprd-TM1.armv7l 0.1.1-3.1 platform/adaptation/bluetooth-firmware-sprd#29c93f443d87e88075145ee6673436fffd2efd85
bluetooth-frwk-core.armv7l 0.2.151-80.1 platform/core/connectivity/bluetooth-frwk#1220aad652d06655b5fb1a73cf7593c1c8c28cec
bluetooth-frwk-service.armv7l 0.2.151-80.1 platform/core/connectivity/bluetooth-frwk#1220aad652d06655b5fb1a73cf7593c1c8c28cec
bluetooth-frwk.armv7l 0.2.151-80.1 platform/core/connectivity/bluetooth-frwk#1220aad652d06655b5fb1a73cf7593c1c8c28cec
bluetooth-share.armv7l 0.0.47-38.1 platform/core/connectivity/bluetooth-share#bcd2ef0bf898d56c7131d8d2d991737622020490
bluetooth-tools.armv7l 0.2.35-19.1 platform/core/connectivity/bluetooth-tools#24b434e3f4f8983a6d4f6cbe192501754fc3df3e
bluez.armv7l 5.37-51.1 platform/upstream/bluez#efdef8a229f6f8aac1f2c85539542513629c3056
boost-date-time.armv7l 1.58.0-13.2 platform/upstream/boost#19bc0ae04846b66e010064545c66a1b6f1a042ac
boost-filesystem.armv7l 1.58.0-13.2 platform/upstream/boost#19bc0ae04846b66e010064545c66a1b6f1a042ac
boost-license.noarch 1.58.0-13.2 platform/upstream/boost#19bc0ae04846b66e010064545c66a1b6f1a042ac
boost-program-options.armv7l 1.58.0-13.2 platform/upstream/boost#19bc0ae04846b66e010064545c66a1b6f1a042ac
boost-regex.armv7l 1.58.0-13.2 platform/upstream/boost#19bc0ae04846b66e010064545c66a1b6f1a042ac
boost-system.armv7l 1.58.0-13.2 platform/upstream/boost#19bc0ae04846b66e010064545c66a1b6f1a042ac
boost-thread.armv7l 1.58.0-13.2 platform/upstream/boost#19bc0ae04846b66e010064545c66a1b6f1a042ac
boot-animation.armv7l 0.3.7-11.5 apps/core/preloaded/boot-animation#ce20ff4e0d4b9f8231ae90577be252f8f335755c
buxton2.armv7l 1.1-42.1 platform/core/system/buxton2#fbdb056195c42a8a6699411930d2cc675855ca7a
ca-certificates-tizen.noarch 0.2.0-7.2 platform/core/security/ca-certificates-tizen#c650c46c67ecf1d9a78d754d6b8b6e5876fa4632
ca-certificates.noarch 0.0.2-17.18 platform/core/security/ca-certificates#2918b0eea81778b9963db13c9447f07d1af0fbef
call-manager.armv7l 0.1.71-33.3 platform/core/telephony/call-manager#d821a5b1947ac27fe60ef2faac40f3216f80faa9
capi-media-streamer.armv7l 0.1.4-10.6 platform/core/api/mediastreamer#4dc7882f4bfcd6e9dbdc4be4118fe06d9f120cbc
capi-media-streamrecorder.armv7l 0.0.7-4.28 platform/core/api/mediastreamrecorder#2ac4aeeea701f94e4a5e1dd54ddccd2fa80dab6e
capi-mediademuxer.armv7l 0.1.2-5.1 platform/core/api/mediademuxer#61162ef16e9ee068cd20b345ca27ac478182dbc4
capi-mediamuxer.armv7l 0.1.1-5.61 platform/core/api/mediamuxer#1cc71ad47f31c30b4629d657ac723a7085c5ae6f
capi-network-http.armv7l 0.0.10-10.9 platform/core/api/http#771bd209c3d2ae95a249637b1b94e554e2159a31
capi-network-mtp.armv7l 1.3.13-2.3 platform/core/api/mtp#7b12721376ae47284f5d61bfd5aacc4f3752129b
capi-network-softap.armv7l 0.0.5-2.23 platform/core/api/softap#774469c0578932ba4bb3777cab256ab4b99cec77
capi-network-vpn-setting.armv7l 0.1.0_3-3.46 platform/core/api/vpn-setting#b65a1e86d8bf5513b7b309467eb8edd89a1f3e0a
capi-vpnsvc.armv7l 1.0.23-19.1 platform/core/api/vpn-service#9bd6013f577b109b5a879784e6a337ce8649ca3d
cert-checker.armv7l 0.1.0-9.3 platform/core/security/cert-checker#30177b747ab42a7cedc5228803e057d05583b1a6
cert-svc-ui.armv7l 1.0.3-22.1 platform/core/security/cert-svc-ui#67148c6e4a55226dd8f43acc3798d716590e05c5
cert-svc.armv7l 2.1.0-43.42 platform/core/security/cert-svc#819a03e037d4084f5dc784873c101c5390b8786d
chromium-efl.armv7l 47.2526.69.49-285.1 platform/framework/web/chromium-efl#fdf9d4525d0dcddd8b4f3ed71d47375750eed09e
connman-connman-vpnd.armv7l 1.29-48.1 platform/upstream/connman#339667a208a0bd79e6a49f283110271b5dd5c976
connman-plugin-openvpn.armv7l 1.29-48.1 platform/upstream/connman#339667a208a0bd79e6a49f283110271b5dd5c976
connman.armv7l 1.29-48.1 platform/upstream/connman#339667a208a0bd79e6a49f283110271b5dd5c976
cordova-api.armv7l 0.11-8.32 platform/core/api/cordova-plugins#7fd92a8bcc51533a826446e341e5ec7052ce1ae8
coregl.armv7l 0.1.10-14.17 platform/core/uifw/coregl#715d39db2cbc5a44eb5f88b44e0151e3d083ee36
coreutils.armv7l 6.9-7.3 product/upstream/coreutils#c11dc7c39c03e9ec3f36c4296660132fe7213010
crash-worker.armv7l 0.2.0-15.1 platform/core/system/crash-worker#f31e04285b9a3e6938032969cf51e01dead6a9b6
crosswalk-tizen.armv7l 1.0.0-46.1 platform/framework/web/crosswalk-tizen#c18fdeb685f89cfa8e49613c226ba04d0820673d
cryptsetup.armv7l 1.6.7-2.1 platform/upstream/cryptsetup#064b2722c00e5d32b35d3f47b24e7be3ad1c132b
curl.armv7l 7.48.0-12.1 platform/upstream/curl#ede3440ea72f7455b2a43cd6fda32cdc777b8a41
cyad.armv7l 0.14.2-35.1 platform/core/security/cynara#ccde197966af6c02a493f9cda2cf83a8dd73b5fa
cynara-db-migration.armv7l 0.14.2-35.1 platform/core/security/cynara#ccde197966af6c02a493f9cda2cf83a8dd73b5fa
cynara.armv7l 0.14.2-35.1 platform/core/security/cynara#ccde197966af6c02a493f9cda2cf83a8dd73b5fa
d2d-conv-manager-lib.armv7l 0.0.1-13.7 platform/core/convergence/d2d-conv-manager#71ffc29436a170c6e8e1c45517428a7924aaa04d
d2d-conv-manager.armv7l 0.0.1-13.7 platform/core/convergence/d2d-conv-manager#71ffc29436a170c6e8e1c45517428a7924aaa04d
data-control.armv7l 0.0.16-24.1 platform/core/appfw/data-control#b91c2c50f1fa3f7c0e2dc21049dfd856a43cb516
data-provider-master.armv7l 1.3.0-32.1 platform/core/appfw/data-provider-master#93dc2ddf1348c0908ec39c24fe08a603a6d43575
db4.armv7l 4.8.30.NC-1.15 platform/upstream/db4#a9c449b776662e5b683c754f36b0cbe5710888e5
dbus-glib.armv7l 0.100.2-8.9 platform/upstream/dbus-glib#43ece0a1234a07d165097262df34d4399fdcb67c
dbus-libs.armv7l 1.10.6-37.1 platform/upstream/dbus#2d2a205fc8c6b2e7f2814a0c5233d967301cf880
dbus.armv7l 1.10.6-37.1 platform/upstream/dbus#2d2a205fc8c6b2e7f2814a0c5233d967301cf880
dcm-service.armv7l 0.0.11-20.1 platform/core/multimedia/dcm-service#15a598bbeee8fd67519cea8ef0a5a325ea243fac
debug-launchpad.armv7l 0.0.12-15.1 platform/core/appfw/debug-launchpad#9cbed95f80f830c5bf6f79f0eea54a7f8a1ddc48
default-ac-domains.noarch 0.1-14.4 platform/core/security/default-ac-domains#e94abf3c28bf8a114f00f61a5e3cbc5fd79695a6
default-fonts-fc-sdk.armv7l 0.0.5-12.2 platform/core/graphics/default-fonts-fc-sdk#b588050bc45908383e6e9a122a6d2cff9d9e2bf9
default-fonts-sdk.armv7l 1.2.1.0-11.1 platform/core/graphics/default-fonts-sdk#24ab51948cc4d8da96446e8bb23f5bd539889851
device-manager-plugin-sc7730.armv7l 0.0.1-13.1 profile/mobile/platform/adaptation/spreadtrum/device-manager-plugin-sc7730#6a4892a96d489ecb727dc9ca92e6a54cc601b581
device-mapper.armv7l 1.02.77-7.8 platform/upstream/device-mapper#911d8280f4873d65ea93f12a23eddf79a40b38eb
device-policy-manager.armv7l 0.0.1-27.1 platform/core/security/device-policy-manager#165106eb24ec4bf662ab9fb585828cb4dd7f760e
deviced-tools.armv7l 1.0.0-71.2 platform/core/system/deviced#e3dab626e38347ca8617651e58e45813c96adcf8
deviced.armv7l 1.0.0-71.2 platform/core/system/deviced#e3dab626e38347ca8617651e58e45813c96adcf8
dlogutil.armv7l 0.4.1-45.1 platform/core/system/dlog#ac196e7ab424e2f685a314645dee8c7a4e418ff4
dnsmasq.armv7l 2.74-14.1 platform/upstream/dnsmasq#0d9282104a68ca9cb49dce5838adcf885890298c
download-provider.armv7l 2.1.56-48.10 platform/framework/web/download-provider#91f20f38376c9a7ffc91f24447fdcb3ae0c6073d
dpm-pam-zone.armv7l 0.0.1-27.1 platform/core/security/device-policy-manager#165106eb24ec4bf662ab9fb585828cb4dd7f760e
drm-service-core-tizen.armv7l 0.3.9-4.4 platform/core/security/drm-service-core-tizen#b76320a83686403da73d2a9e5fc1632145207811
dummyasm.armv7l 0.0.1-21.1 platform/core/account/fido-client#54841b9d5ecbd05b2056f72349d67cdf59a12132
e-mod-tizen-devicemgr.armv7l 0.1.18-90.1 platform/core/uifw/e-mod-tizen-devicemgr#5402d25c87ba87b25118bc4cd7cc5d433f9ed2e6
e-mod-tizen-effect.armv7l 0.0.8-6.2 platform/core/uifw/e-mod-tizen-effect#46f6a6b9eb21b4ae4f79d972fbae45f1a0ebb8a8
e-mod-tizen-eom.armv7l 0.1.1-8.35 platform/core/uifw/e-mod-tizen-eom#6a98082ebfbb2e9f840c11a47df71f310ee0c7b8
e-mod-tizen-gesture.armv7l 0.1.0-3.28 platform/core/uifw/e-mod-tizen-gesture#25905450a1935f007eb3a255482489466921529a
e-mod-tizen-keyrouter.armv7l 0.1.18-46.2 platform/core/uifw/e-mod-tizen-keyrouter#f8825811465cc158117bad65fcfd8ab7d4a83129
e-mod-tizen-processmgr.armv7l 0.1.2-4.36 platform/core/uifw/e-mod-tizen-processmgr#93fbd3f09be3ec574ace03ad55d417477a3c87d6
e-mod-tizen-qpmgr.armv7l 0.1.15-6.3 profile/mobile/platform/core/uifw/e-mod-tizen-qpmgr#12c04e9f1b79414e7c6f5026113e177702aa3697
e-mod-tizen-screen-reader.armv7l 0.0.1-2.9 platform/core/uifw/e-mod-tizen-screen-reader#54e8d6539e46cdd8c25b1d2863c82d8a9cfe8d28
e-mod-tizen-wl-textinput.armv7l 0.1.49-51.1 platform/core/uifw/e-mod-tizen-wl-textinput#75b3733f39c267ee1858833d1689632eb1039383
e-mod-tizen-wm-policy.armv7l 0.2.16-125.1 platform/core/uifw/e-mod-tizen-wm-policy#a362b4c28f937e0440c46bc67b7d8a0edb200e12
e-tizen-data.noarch 0.2.6-59.4 profile/mobile/platform/core/uifw/e-tizen-data#6ac8560122c895eb2388f964953b9870b59f2c36
e2fsprogs.armv7l 1.42.13-2.1 platform/upstream/e2fsprogs#00fd769c1ad97db4957076d815725821c33ac2eb
ector.armv7l 1.16.0-214.3 platform/upstream/efl#18048d52bd1af2725cfe6f0ab1ab4064bbbc7f39
edbus.armv7l 1.7.9-8.19 platform/upstream/edbus#f988bbb48d8894e47d9166ebb966e51fd2f32942
eet.armv7l 1.16.0-214.3 platform/upstream/efl#18048d52bd1af2725cfe6f0ab1ab4064bbbc7f39
eeze.armv7l 1.16.0-214.3 platform/upstream/efl#18048d52bd1af2725cfe6f0ab1ab4064bbbc7f39
efl-assist.armv7l 0.1.18r02-9.4 platform/core/uifw/efl-assist#a88bc31689172ae3fc11d0e0724a05cbc39aa050
efl-config.armv7l 0.1-5.2 profile/mobile/platform/core/uifw/efl-config#1cb1da7a8280f9325a32ac1bf8c2e4ed0891da79
efl-misc.noarch 0.1.32-21.1 profile/mobile/platform/core/uifw/efl-misc#782f329d14709ddf0128e4ec79d01e8c06378c2d
efl-modules.armv7l 0.1.1-6.1 profile/mobile/platform/core/uifw/efl-modules#d5e576e17d45b7dfb69d606ff8682bfd0a481d52
efl-theme-tizen-mobile.armv7l 1.0-30.4 profile/mobile/platform/core/uifw/efl-theme-tizen-mobile#035bae08513e559838d1c45b643f518a73c8d18a
efl.armv7l 1.16.0-214.3 platform/upstream/efl#18048d52bd1af2725cfe6f0ab1ab4064bbbc7f39
efreet.armv7l 1.16.0-214.3 platform/upstream/efl#18048d52bd1af2725cfe6f0ab1ab4064bbbc7f39
eio.armv7l 1.16.0-214.3 platform/upstream/efl#18048d52bd1af2725cfe6f0ab1ab4064bbbc7f39
eldbus.armv7l 1.16.0-214.3 platform/upstream/efl#18048d52bd1af2725cfe6f0ab1ab4064bbbc7f39
embryo.armv7l 1.16.0-214.3 platform/upstream/efl#18048d52bd1af2725cfe6f0ab1ab4064bbbc7f39
emile.armv7l 1.16.0-214.3 platform/upstream/efl#18048d52bd1af2725cfe6f0ab1ab4064bbbc7f39
enlightenment.armv7l 0.20.0-180.1 platform/upstream/enlightenment#e5395b3bc19fd11b844e6b264cb59e6833fb16b2
eo.armv7l 1.16.0-214.3 platform/upstream/efl#18048d52bd1af2725cfe6f0ab1ab4064bbbc7f39
esd.armv7l 0.0.1-4.2 platform/core/appfw/event-system#c05da81c51d3493cfbaad1d5d781faa47ae9cb87
ethumb.armv7l 1.16.0-214.3 platform/upstream/efl#18048d52bd1af2725cfe6f0ab1ab4064bbbc7f39
eventsystem.armv7l 0.0.1-11.2 platform/core/appfw/libeventsystem#d20cbfa6da9ec348df0a7b1356502892ed62bd5a
fido-client.armv7l 0.0.1-21.1 platform/core/account/fido-client#54841b9d5ecbd05b2056f72349d67cdf59a12132
filesystem.armv7l 3.1-4.1 platform/upstream/filesystem#b648b646a056adc5c4be0be2951b25c09fe3f766
findutils.armv7l 4.3.8-2.10 product/upstream/findutils#9ce8659bcb14492a8da04b8eebff7528745e7ba5
fontconfig.armv7l 2.11.93-11.1 platform/upstream/fontconfig#0cbee96a357c6248fbd0d50c5b1872c184ab9b12
freealut.armv7l 1.1.0-8.1 platform/upstream/freealut#e49c4159c327ac69b050d318d9ad6c6b7303da50
fribidi.armv7l 0.19.5-6.9 platform/upstream/fribidi#d96da0b6aa6593b118b22d59a242c4feb5ff4927
fsck-msdos.armv7l 1.0.0-1.1 platform/upstream/fsck-msdos#beca313598e4235920c800028a287958fbfbf4ed
gawk.armv7l 3.1.5-2.8 product/upstream/gawk#5f040b3129470de365e017593cfccb094abb2b1e
gdbm.armv7l 1.8.3-2.5 product/upstream/gdbm#de09dc9644ad6109d4c016134ba4e9ff9d657717
geofence-server.armv7l 0.4.4-19.15 platform/core/location/geofence-server#1237eaaf7fdfe7d23c5914bc0e0b3d49164769ef
giflib.armv7l 5.1.2-9.3 platform/upstream/giflib#a152ebfeb96620337dd37433b7397a0fd921c055
gio-branding-upstream.noarch 2.44.1-6.1 platform/upstream/glib#e96d3db85e2a951bb0d301b390c9718d3a0f62a3
girepository.armv7l 1.36.0-6.12 platform/upstream/gobject-introspection#6c15fe2f7415421fd1d38d03d8865c0e3e4c9967
glib-networking.armv7l 2.38.0-16.2 platform/upstream/glib-networking#8128574f85494afdbfb8743900c215022be296c5
glibc-locale.armv7l 2.20-9.1 platform/upstream/linaro-glibc#47d37d990ab286a96a5e38fbeec641365d24c02b
glibc.armv7l 2.20-9.1 platform/upstream/linaro-glibc#47d37d990ab286a96a5e38fbeec641365d24c02b
gmime.armv7l 2.6.20-4.1 platform/upstream/gmime#c3a886e7df55fd50565aea213a182aeac46c7009
gmock.armv7l 1.7.0-4.1 platform/upstream/gmock#e9af2645b97318476dc0eeded167f0bd08d686ec
grep.armv7l 2.5.2-2.8 product/upstream/grep#89b6768046f08b7e319b44eae9bb3dab50714da4
gssdp.armv7l 0.14.4-2.4 platform/upstream/gssdp#82132acee11fc856a26b93cee1201dd77e201380
gst-libav.armv7l 1.6.1-16.3 platform/upstream/gst-libav#e1f563f39a91fad1f7e932f56b78c2ace8b4f90b
gst-plugins-bad.armv7l 1.6.1-55.1 platform/upstream/gst-plugins-bad#54f32c45baf45479028d5febc86b951d732427a9
gst-plugins-base.armv7l 1.6.1-28.1 platform/upstream/gst-plugins-base#5d747861353471d5b409d0ed28fd9119512898ae
gst-plugins-good.armv7l 1.6.1-28.1 platform/upstream/gst-plugins-good#6accccc87b8fc1e3e5788956e3bf252a9391e659
gst-plugins-tizen.armv7l 1.0.0-37.2 platform/upstream/gst-plugins-tizen#0271b38e81c9c6a36ca4219cc187380614bd5b7e
gst-plugins-ugly.armv7l 1.6.1-12.8 platform/upstream/gst-plugins-ugly#d5c390bf1b3ca4fee7d9100f620be7fae75b863a
gst-rtsp-server.armv7l 1.6.1-23.1 platform/upstream/gst-rtsp-server#eb5a99fb87006febc7793376e6da60d6d47968f4
gstreamer-utils.armv7l 1.6.1-20.7 platform/upstream/gstreamer#834fcac126cee1077181ced6abbe738be243f0ab
gstreamer.armv7l 1.6.1-20.7 platform/upstream/gstreamer#834fcac126cee1077181ced6abbe738be243f0ab
gum-utils.armv7l 1.0.8-46.1 platform/upstream/gumd#06d3d46b881daf69180d67aaeea6ed07126ac7f2
gumd.armv7l 1.0.8-46.1 platform/upstream/gumd#06d3d46b881daf69180d67aaeea6ed07126ac7f2
gzip.armv7l 1.3.12-2.11 product/upstream/gzip#94415ecd9267c94e8d75c94463426e880d55f300
heremaps-uc-launcher.armv7l 0.3.2-28.1 platform/core/location/maps-plugin-here#9d5c3813af234fb07f4d6cb686b301f3d198af3b
iniparser.armv7l 3.1-9.4 platform/upstream/iniparser#c216877577a389ba12752e8620a1c56371acce80
iotcon.armv7l 0.2.2-33.5 platform/core/iot/iotcon#2e9667915419c43073bb382a5b22c3f13fc012d9
iotivity.armv7l 1.1.0-19.7 platform/upstream/iotivity#f5025d7067356e547eecff643d71912bf8cf008e
iproute2.armv7l 3.9.0-10.1 platform/upstream/iproute2#5d14810bf9e4acb2c68b95239b6ab9754765d9b8
iptables.armv7l 1.4.21-9.7 platform/upstream/iptables#bdab2ae3d451b295663473477b0f2d8064c75fc6
ise-default.armv7l 1.2.49-76.1 platform/core/uifw/ise-default#70692b113f6d32f1ade5557c0d598e6fa1035c41
ise-engine-anthy.armv7l 1.0.7-11.1 platform/core/uifw/ise-engine-anthy#362e61c54f6658adfd141a65434412ef90ab7ff5
ise-engine-default.armv7l 1.0.5-9.3 platform/core/uifw/ise-engine-default#563312a423791d23ee3fb769fa104811edcba2ff
ise-engine-hangul.armv7l 1.0.7-12.1 platform/core/uifw/ise-engine-hangul#1ad1305b204f4953e49390ba3d860689dd413fc8
ise-engine-sunpinyin.armv7l 1.0.5-9.3 platform/core/uifw/ise-engine-sunpinyin#d93c032aadfff6c80f46a162703ee6540866da2a
ise-engine-tables-zh.armv7l 1.0.8-13.1 platform/core/uifw/ise-engine-tables#e49234aaeb3b8a07b5174f5bd3f492a67a94f014
ise-engine-tables.armv7l 1.0.8-13.1 platform/core/uifw/ise-engine-tables#e49234aaeb3b8a07b5174f5bd3f492a67a94f014
ise-engine-unikey.armv7l 0.3.2-3.1 platform/core/uifw/ise-engine-unikey#5d575fd9392890abf41228e332c9ccd5d0374228
isf-config-mobile.noarch 0.1.0-2.1 profile/mobile/platform/core/uifw/isf-config#70052c10dc6f39de31e96eee4c95b481b93f5dfa
isf.armv7l 3.0.93-115.1 platform/core/uifw/isf#cb07b7fb8df7dcc7f9a75c582c49db43076b6fdf
jsoncpp.armv7l 1.6.5-2.2 platform/upstream/jsoncpp#e21f5fb3b3e673b5c1ec91264ec765a420ca9df8
kmod-compat.armv7l 18-8.1 platform/upstream/kmod#92857e35087bbb0816bdd19bcaf687adb0603392
kmod.armv7l 18-8.1 platform/upstream/kmod#92857e35087bbb0816bdd19bcaf687adb0603392
launchpad.armv7l 0.2.3.14-54.2 platform/core/appfw/launchpad#42cd958b6a32dc8b6dd5635b8b300ebb243c32d8
lbs-server-plugin-replay.armv7l 0.2.4-8.1 platform/core/location/lbs-server-plugin-replay#e1f6763e71b1a76cefb83828f533702da051031d
lbs-server.armv7l 1.0.4-17.1 platform/core/location/lbs-server#a23ac00a3c74fc57b11a1ba9a36adb138a206498
libaccount-service.armv7l 0.4.4-18.1 platform/core/api/libaccount-service#c1bd9b72f4d72b53a4979b50568cb66b92dc5606
libacl.armv7l 2.2.52-2.9 platform/upstream/acl#53165edcc772173273f502514090a6e0fb7e862c
libalarm.armv7l 0.4.178-44.1 platform/core/appfw/alarm-manager#9de0d16a83bf3772a08cac8b361c9a9d9be32906
libaskuser-common.armv7l 0.1.4-14.2 platform/core/security/askuser#2e15a94f374b676aca8dc2985a643927b80eca3f
libasound.armv7l 1.0.28-10.8 platform/upstream/alsa-lib#15b8b2bbb2e91178daad99870016ab01db3e3750
libatk-bridge-2_0-0.armv7l 2.12.0-6.1 platform/upstream/at-spi2-atk#78c7762e0b1bd61b6508d70cc914b4d3c7f47b95
libatk.armv7l 2.12.0-12.1 platform/upstream/atk#64dd2a3c3a8bffb86d836658afef68b4660c33dd
libatspi0.armv7l 2.16.1-10.5 platform/upstream/at-spi2-core#65a8179bd64640d3c76767121dbf45ce9b8422ae
libattr.armv7l 2.4.47-1.12 platform/upstream/attr#450f47ad953f7a7d4c577d489103f75234b25619
libauth-fw-client-admin.armv7l 0.0.1-4.3 platform/core/security/auth-fw#282a7b00f385840fd00d98e9e94cd77a9707d657
libauth-fw-client.armv7l 0.0.1-4.3 platform/core/security/auth-fw#282a7b00f385840fd00d98e9e94cd77a9707d657
libavcodec.armv7l 11.4-11.1 platform/upstream/libav#9e35dd7c8f1c03b6bd4ca54710da38729c27f821
libavformat.armv7l 11.4-11.1 platform/upstream/libav#9e35dd7c8f1c03b6bd4ca54710da38729c27f821
libavutil.armv7l 11.4-11.1 platform/upstream/libav#9e35dd7c8f1c03b6bd4ca54710da38729c27f821
libblkid.armv7l 2.25.2-4.1 platform/upstream/util-linux#06d8468d48c5f86f5765a041b7ff164a42b5f417
libbluetooth-share.armv7l 0.0.47-38.1 platform/core/connectivity/bluetooth-share#bcd2ef0bf898d56c7131d8d2d991737622020490
libbluetooth.armv7l 5.37-51.1 platform/upstream/bluez#efdef8a229f6f8aac1f2c85539542513629c3056
libbmp.armv7l 0.1.3-2.1 platform/upstream/libbmp#0581f50825d90713e8fe8f1d383cde16868c924f
libbz2.armv7l 1.0.6-1.72 platform/upstream/bzip2#2eaa43958f0416d06758a05fe93d098002ee339d
libcall-manager.armv7l 0.0.10-7.5 platform/core/telephony/libcall-manager#5b9141ca8bade6912dddbcdcb133b11f2ef167de
libcap-tools.armv7l 2.24-1.68 platform/upstream/libcap#efac36e39e9c65ebf2a11545b6fe9a2e0185d5e8
libcap.armv7l 2.24-1.68 platform/upstream/libcap#efac36e39e9c65ebf2a11545b6fe9a2e0185d5e8
libcares.armv7l 1.10.0-1.8 platform/upstream/c-ares#cbe8b82a6854d8ff4a306ae3240a6606a3d1090a
libcert-checker-client.armv7l 0.1.0-9.3 platform/core/security/cert-checker#30177b747ab42a7cedc5228803e057d05583b1a6
libcert-checker-common.armv7l 0.1.0-9.3 platform/core/security/cert-checker#30177b747ab42a7cedc5228803e057d05583b1a6
libcom_err.armv7l 1.42.13-2.1 platform/upstream/e2fsprogs#00fd769c1ad97db4957076d815725821c33ac2eb
libcryptsvc.armv7l 0.0.1-11.3 platform/core/security/libcryptsvc#789fc17ac1d5641a8d82b429b1785f9a6c2b4097
libcurl.armv7l 7.48.0-12.1 platform/upstream/curl#ede3440ea72f7455b2a43cd6fda32cdc777b8a41
libcynara-admin.armv7l 0.14.2-35.1 platform/core/security/cynara#ccde197966af6c02a493f9cda2cf83a8dd73b5fa
libcynara-agent.armv7l 0.14.2-35.1 platform/core/security/cynara#ccde197966af6c02a493f9cda2cf83a8dd73b5fa
libcynara-client.armv7l 0.14.2-35.1 platform/core/security/cynara#ccde197966af6c02a493f9cda2cf83a8dd73b5fa
libcynara-commons.armv7l 0.14.2-35.1 platform/core/security/cynara#ccde197966af6c02a493f9cda2cf83a8dd73b5fa
libcynara-creds-commons.armv7l 0.14.2-35.1 platform/core/security/cynara#ccde197966af6c02a493f9cda2cf83a8dd73b5fa
libcynara-creds-dbus.armv7l 0.14.2-35.1 platform/core/security/cynara#ccde197966af6c02a493f9cda2cf83a8dd73b5fa
libcynara-creds-gdbus.armv7l 0.14.2-35.1 platform/core/security/cynara#ccde197966af6c02a493f9cda2cf83a8dd73b5fa
libcynara-creds-socket.armv7l 0.14.2-35.1 platform/core/security/cynara#ccde197966af6c02a493f9cda2cf83a8dd73b5fa
libcynara-monitor.armv7l 0.14.2-35.1 platform/core/security/cynara#ccde197966af6c02a493f9cda2cf83a8dd73b5fa
libcynara-session.armv7l 0.14.2-35.1 platform/core/security/cynara#ccde197966af6c02a493f9cda2cf83a8dd73b5fa
libdevice-node.armv7l 0.1.0-16.1 platform/core/system/libdevice-node#72b6c01cd71f94fdc5107cc3bcaf7002d1af81ca
libdeviced.armv7l 1.0.0-71.2 platform/core/system/deviced#e3dab626e38347ca8617651e58e45813c96adcf8
libdevmapper.armv7l 1.02.77-7.8 platform/upstream/device-mapper#911d8280f4873d65ea93f12a23eddf79a40b38eb
libdns_sd.armv7l 576.30.4-7.1 platform/upstream/mdnsresponder#6e26a08d0f0dbde84ebd701fa875058610995787
libdpm.armv7l 0.0.1-27.1 platform/core/security/device-policy-manager#165106eb24ec4bf662ab9fb585828cb4dd7f760e
libdrm.armv7l 2.4.58-23.1 platform/upstream/libdrm#500fd993bcf782484e8f53bd77f118ec81302b92
libdw.armv7l 0.153-4.32 product/upstream/elfutils#1506f8ed81bc6db2d25ec39d883514d7a5bd690c
libebl.armv7l 0.153-4.32 product/upstream/elfutils#1506f8ed81bc6db2d25ec39d883514d7a5bd690c
libelf.armv7l 0.153-4.32 product/upstream/elfutils#1506f8ed81bc6db2d25ec39d883514d7a5bd690c
libevdev.armv7l 1.2.2-10.3 platform/upstream/libevdev#4d46ff84aca5d09ef33050c3a9c5bcf96c16046e
libexif.armv7l 0.6.21-7.1 platform/upstream/libexif#b9c784fd54b8e5e3f5ee135dc727f616e6b54a0f
libexpat.armv7l 2.1.1-2.1 platform/upstream/expat#c5ded00cd55cbe179cab047be997fa6d7ca0149f
libext2fs.armv7l 1.42.13-2.1 platform/upstream/e2fsprogs#00fd769c1ad97db4957076d815725821c33ac2eb
libffi.armv7l 3.1-2.1 platform/upstream/libffi#9301bebc6078e3ccf4db45aa63cc5dc853286b42
libfreebl3.armv7l 3.23-4.12 platform/upstream/nss#d2a8c7e98ab18907c1e14033c993731adc7eea9e
libfreetype.armv7l 2.5.5-8.3 platform/upstream/freetype2#84672cb0b533cbd681ab0e3735a8eb66ddbceef8
libfuse.armv7l 2.9.6-9.1 platform/upstream/fuse#e7a25386ed7e656665efcc632a0dbba5b5a83877
libgbm.armv7l 1.0-6.1 platform/core/uifw/libgbm#ae5d34445eee38daa4349a9ea0340b3faa324ded
libgcc.armv7l 4.9.2-11.1 platform/upstream/linaro-gcc#3e3fac6d58ffa4a65a61bfd4fcf74c321fc18665
libgcrypt.armv7l 1.6.2-2.72 platform/upstream/libgcrypt#6a3b9178aa9de12aa127211704681df510f26c62
libgeofence-dbus.armv7l 0.3.3-10.1 platform/core/location/geofence-dbus#8b0589afbdd8140bf3ecae73a9a0dd923845947a
libgio.armv7l 2.44.1-6.1 platform/upstream/glib#e96d3db85e2a951bb0d301b390c9718d3a0f62a3
libgirepository.armv7l 1.36.0-6.12 platform/upstream/gobject-introspection#6c15fe2f7415421fd1d38d03d8865c0e3e4c9967
libglib.armv7l 2.44.1-6.1 platform/upstream/glib#e96d3db85e2a951bb0d301b390c9718d3a0f62a3
libgmodule.armv7l 2.44.1-6.1 platform/upstream/glib#e96d3db85e2a951bb0d301b390c9718d3a0f62a3
libgmp.armv7l 4.2.1-4.1 product/upstream/gmp#63db76d4b2f713185c85f75dc49e7f0d43b34005
libgnutls.armv7l 3.4.11-10.1 platform/upstream/gnutls#e65cbd2e89245c5609d30e042f05b3ee693eec49
libgobject.armv7l 2.44.1-6.1 platform/upstream/glib#e96d3db85e2a951bb0d301b390c9718d3a0f62a3
libgpg-error.armv7l 1.13-3.33 platform/upstream/libgpg-error#6b695f27757cbebe83801f4532100b8d1cafd6d4
libgthread.armv7l 2.44.1-6.1 platform/upstream/glib#e96d3db85e2a951bb0d301b390c9718d3a0f62a3
libgudev.armv7l 219-46.1 platform/upstream/systemd#abcba9a6cd684c154afd72fad4ce7bd104ff2c04
libgum.armv7l 1.0.8-46.1 platform/upstream/gumd#06d3d46b881daf69180d67aaeea6ed07126ac7f2
libhangul.armv7l 0.1.0-11.9 platform/core/uifw/libhangul#025191eda9ef24340d1cc660ccea982147f3ff95
libharfbuzz.armv7l 0.9.40-9.1 platform/upstream/harfbuzz#b2201aeb45f31a7a91cc0c2abb1bb42335366030
libhogweed.armv7l 3.2-9.1 platform/upstream/nettle#51b1acb90a37a3326cb5f34002a18c342eca98a9
libhyphen.armv7l 2.8.8-2.2 platform/upstream/hyphen#15bb768f6cfa2d033f549c93544530a886d6aa27
libicu.armv7l 57.1-13.1 platform/upstream/icu#d88c9bdd83d0da9c2159a6d2716638e4fb6cebef
libidn.armv7l 1.15-2.5 product/upstream/libidn#0c205eab91aac8642d13686fe58c4ca659263faa
libinput.armv7l 0.11.0-14.3 platform/upstream/libinput#8a9d31f8e5c6f543c7f11090c8e220b4966ad5cc
libiri.armv7l 1.1-8.7 platform/upstream/libiri#c756950ca6af8d207c90d570a03ca7673e577123
libjpeg.armv7l 8.0.2-10.18 platform/upstream/libjpeg-turbo#f0c108a8a3303188be997068afd26ae075c709c3
libjson-glib.armv7l 1.2.0-10.1 platform/upstream/json-glib#192d2b4d939dee78bd6eda38f294c59a7756862c
libjson.armv7l 0.12-11.8 platform/upstream/json-c#86f16d64aa1546a2606088a16a938aa08635567e
libkmod.armv7l 18-8.1 platform/upstream/kmod#92857e35087bbb0816bdd19bcaf687adb0603392
liblbs-dbus.armv7l 1.0.0-15.1 platform/core/location/lbs-dbus#7c7984ea9cd4fdb7c55d89495a3b4515baa3cf85
liblbs-location.armv7l 1.3.1-19.1 platform/core/location/lbs-location#3a2fbf30944f06dba73ca2aea3113d9505de382e
libleveldb.armv7l 1.1-8.10 platform/upstream/leveldb#9c5600002489dfbcb0d58ef84e4188e5423265eb
libltdl.armv7l 2.4.2-3.1 platform/upstream/libtool#79f8dda891fc20539d65604d86aee8d0a26c0b98
liblua.armv7l 5.1.4-1.14 platform/upstream/lua#25c38c5d6cf919f6e0c37413955c20dbea24d37f
liblzma.armv7l 5.1.3-2.3 platform/upstream/xz#56a594c73196ae5834d5df55107e318e7d4f7e1f
libmagic-data.armv7l 5.18-1.11 platform/upstream/file#b450849bb0aad0ab5d00c84f5c1b69abc05f4cad
libmagic.armv7l 5.18-1.11 platform/upstream/file#b450849bb0aad0ab5d00c84f5c1b69abc05f4cad
libmedia-service.armv7l 0.2.71-71.1 platform/core/multimedia/libmedia-service#37c4830870e9c5631746f9204946d9be009c6a12
libmedia-thumbnail.armv7l 0.1.96-45.3 platform/core/multimedia/libmedia-thumbnail#29f1964d08ae8f4f4c794c3c6c8d1da1bbb62c08
libmedia-utils.armv7l 0.2.94-112.1 platform/core/multimedia/media-server#d719d45e2f456865f167165395ea203f92c1f63f
libmm-camcorder.armv7l 0.10.58-45.1 platform/core/multimedia/libmm-camcorder#bbd2630cc204b326c20418cebaa9032b5b204658
libmm-common.armv7l 0.2.96-25.1 platform/core/multimedia/libmm-common#50de7849be6accc5e622be7c8151f014dd433658
libmm-fileinfo.armv7l 0.6.44-31.1 platform/core/multimedia/libmm-fileinfo#a63dd809dbadcfec35702c3214c6b12392f59924
libmm-imgp-gstcs.armv7l 0.11-13.1 platform/core/multimedia/libmm-imgp-gstcs#178f29f78d27127cb362d7bc4c9e7d689713724d
libmm-player.armv7l 0.5.86-80.1 platform/core/multimedia/libmm-player#21c4b11ff80bc17018db6257858814bee2d7e5f9
libmm-radio.armv7l 0.2.5-19.1 platform/core/multimedia/libmm-radio#17de5a3eeae10585aa5b065ffe10046df13e401e
libmm-session.armv7l 0.2.9-10.7 platform/core/multimedia/libmm-session#0b7c963f5f396bc268781894168c876347bdd1f9
libmm-sound.armv7l 0.10.39-70.1 platform/core/multimedia/libmm-sound#2bde9f3aa465f3befc3c5321bb1efd367c663afb
libmm-streamrecorder.armv7l 0.0.8-7.1 platform/core/multimedia/libmm-streamrecorder#413f24de7c84e622d7a68d1257ff92457b953c24
libmm-transcode.armv7l 0.10-7.4 platform/core/multimedia/libmm-transcode#30d0bc15151727b8a90605dfe453cf535408a3f4
libmm-utility.armv7l 0.24-33.1 platform/core/multimedia/libmm-utility#0cde86900c97cc0c3cbb7830d693da98fbae3d13
libmm-wfd.armv7l 0.2.197-19.1 platform/core/multimedia/libmm-wfd#ed33972b7fe3baaf7448594cb35cd621e7ecba4a
libmnl.armv7l 1.0.3-6.8 platform/upstream/libmnl#c40ac5e9c3588cf4d542cc04948cc9aff4068783
libmount.armv7l 2.25.2-4.1 platform/upstream/util-linux#06d8468d48c5f86f5765a041b7ff164a42b5f417
libmtdev.armv7l 1.1.5-8.3 platform/upstream/mtdev#b4af2171ddb052ce49658138a4c203bdfb210a48
libmtp.armv7l 1.1.11-8.3 platform/upstream/libmtp#4a92dde13beb5b5f3bb144e56f5eec6b8eea5b20
libncurses.armv7l 5.9-1.13 platform/upstream/ncurses#eefc3e4398eaa6c81cf61dd36c3ba3d87f33d1bf
libnet-client.armv7l 1.1.54-27.1 platform/core/connectivity/libnet-client#19535706ffe11a589b2e054304bcc0c7a6b6f895
libnetfilter_queue.armv7l 1.0.2-1.10 platform/upstream/libnetfilter_queue#e99e1939d1fa7cf73a4918dcbb2e286180a8664e
libnettle.armv7l 3.2-9.1 platform/upstream/nettle#51b1acb90a37a3326cb5f34002a18c342eca98a9
libnfnetlink.armv7l 1.0.1-6.11 platform/upstream/libnfnetlink#799f84b01c26970d8a72b058661515a9441ce316
libnl2.armv7l 2.0-6.11 platform/upstream/libnl2#7abc61a18afc17e2489d057115028ddc6d512916
libnsbmp.armv7l 0.1.1-1.9 platform/upstream/libnsbmp#bf8fb39f478b8dc4f8b6565df6b56be7cfc72d71
libnsd-dns-sd.armv7l 0.0.4-12.1 platform/core/api/nsd#6e3ba3c76a24d80869ac678c3b783b2f42373623
libnsd-ssdp.armv7l 0.0.4-12.1 platform/core/api/nsd#6e3ba3c76a24d80869ac678c3b783b2f42373623
liboauth.armv7l 1.0.3-1.2 platform/upstream/liboauth#9d6f3a2e293d7a433847c40a1ac501dc8e39d148
libogg.armv7l 1.3.2-8.2 platform/upstream/libogg#b75913e3b9a875c38ba05cd37ae3eab368fa0672
libopenssl.armv7l 1.0.2g-7.2 platform/upstream/openssl#0d4d30d99b8d7e840e8ae6131f71439eb379a748
liborc.armv7l 0.4.18-8.9 platform/upstream/orc#c8f3d75f1e339924839968051f32d13893be2ea8
libpcre.armv7l 8.31-1.14 platform/upstream/pcre#9c2e8a728e754745e364793d1718dc219c522da0
libpcrecpp.armv7l 8.31-1.14 platform/upstream/pcre#9c2e8a728e754745e364793d1718dc219c522da0
libpepper-efl.armv7l 0.0.13-20.2 platform/core/uifw/libpepper-efl#821624aed7bc021497d63ecf5da41548dc9abc0a
libphonenumber.armv7l 7.0.6-11.8 platform/upstream/libphonenumber#b3ea1d41e615b39522503af317e4956e72344c43
libpng.armv7l 1.6.21-8.6 platform/upstream/libpng#1472d50d76d5562524c55939b2cf2dc14c95d534
libpopt.armv7l 1.16-2.3 platform/upstream/popt#57a4b6aad5f2107aa86aaf2062d553e2b6edc5f0
libprotobuf-lite9.armv7l 2.6.1-9.2 platform/upstream/protobuf#08e41ced8712e364d67fda0948c13d8271bec896
libpulse.armv7l 5.0-56.1 platform/upstream/pulseaudio#ca480bea59c247e737dbffd21c8219c3ed20d0fe
libre2.armv7l 20130115-6.10 platform/upstream/re2#4ae165f74795e7a24135199b894cfec36a36d210
libreadline.armv7l 5.2-2.2 platform/upstream/readline#9197ce0c776e355acd8eb33b9f0b526771d27bfe
librua.armv7l 0.1.0-14.1 platform/core/appfw/librua#f1e05f4e231382abdbc5a3bc2d2db355a85f17a6
libscl-core.armv7l 0.4.24-29.2 platform/core/uifw/libscl-core#e4e63a6a8c12a95d51bd96a4180761c235b7dda1
libscl-ui.armv7l 0.6.24-46.2 platform/core/uifw/libscl-ui#d4d0928ab846cd88884bdfb44a73cb6a5eb956ee
libsecurity-manager-client.armv7l 1.1.9-39.1 platform/core/security/security-manager#153ad18afbad98330d55a6fca55d8ab237c3593f
libsensord.armv7l 2.0.5-23.9 platform/core/system/sensord#1d31e3f9247b3d44b4221e3c74142022566c331d
libslp-db-util.armv7l 0.1.1-6.12 platform/core/appfw/libslp-db-util#4ef37c0712f5f5043768c66ffef2a7f5b76ba940
libsmack.armv7l 1.2.0-4.1 platform/upstream/smack#258708ac41e5d98ae802d83b124eb9d0d4194d57
libsmartcols.armv7l 2.25.2-4.1 platform/upstream/util-linux#06d8468d48c5f86f5765a041b7ff164a42b5f417
libsndfile.armv7l 1.0.26-10.2 platform/upstream/libsndfile#3e10dcd88161de23dde52c1be53e8d54a2f097f2
libsoftokn3.armv7l 3.23-4.12 platform/upstream/nss#d2a8c7e98ab18907c1e14033c993731adc7eea9e
libsoup.armv7l 2.46.0-14.1 platform/upstream/libsoup#9051ac538086420ebec29797359e9d55a5a2547f
libspeexdsp.armv7l 1.1.999_1.2rc1-7.9 platform/upstream/speex#f3149d4a5ace2fbf4d15694b5983ce13239acd9e
libsqlite.armv7l 3.8.10.2-1.11 platform/upstream/sqlite#5b2351dd3f6115a2eec31705a3a9595e36a1d955
libstdc++.armv7l 4.9.2-11.1 platform/upstream/linaro-gcc#3e3fac6d58ffa4a65a61bfd4fcf74c321fc18665
libswscale.armv7l 11.4-11.1 platform/upstream/libav#9e35dd7c8f1c03b6bd4ca54710da38729c27f821
libsystemd.armv7l 219-46.1 platform/upstream/systemd#abcba9a6cd684c154afd72fad4ce7bd104ff2c04
libtapi.armv7l 0.8.3-23.16 platform/core/telephony/libtapi#748949e279ec3b92166fc7d69ca4cc0f08c67088
libtasn1.armv7l 4.8-9.1 platform/upstream/libtasn1#e5c912938e2958fbeb7ee01183f0bc4e33143ead
libtcore.armv7l 0.3.5-24.1 platform/core/telephony/libtcore#bea80d6a80c36843af2e6cd95891a404853b3669
libtdm-sprd.armv7l 1.0.1-21.1 platform/adaptation/spreadtrum/libtdm-sprd#212b389e6d7f2a2e07b6fe68015f6cae8eac9916
libtdm.armv7l 1.3.0-35.1 platform/core/uifw/libtdm#7eb26154bfe6d2476f804b823fdca0a6380e6acb
libtheora.armv7l 1.1.1-7.8 platform/upstream/libtheora#452027ecdc2aee2c8bcb77496de2968b8ca835ef
libtiff.armv7l 4.0.6-9.6 platform/upstream/tiff#13f7ac96dbb2f0687ba8157b5b24b4b81857850e
libtremolo.armv7l 0.0.11-3.8 platform/upstream/libtremolo#dde4b17bb9f4cc61e125374c08dab9990913a997
libtzplatform-config.armv7l 2.0-38.4 platform/core/appfw/tizen-platform-config#3c4cbb43901c9cc628ec56a93c207c5704bad312
libunwind.armv7l 1.1-7.15 platform/upstream/libunwind#d83a30b6eeec029880e59f710bcfe48ff98a6e01
libusb.armv7l 1.0.19-7.10 platform/upstream/libusb#925a0bf805a44244318d8a51d0be2593031865af
libuuid.armv7l 2.25.2-4.1 platform/upstream/util-linux#06d8468d48c5f86f5765a041b7ff164a42b5f417
libuw-imap-toolkit.armv7l 0.1.36-12.1 platform/upstream/uw-imap-toolkit#e891ff04b3b0a9d62588e37da530d1d2d0d5c083
libv4l.armv7l 1.6.0-4.1 platform/upstream/v4l-utils#bfebac8aed15a9184ab81eb2244cb6489b0dd2c6
libvorbis.armv7l 1.3.4-8.7 platform/upstream/libvorbis#9c9ab7dc64cf725ebfd4b3363514c13c98d8cf46
libvorbisenc.armv7l 1.3.4-8.7 platform/upstream/libvorbis#9c9ab7dc64cf725ebfd4b3363514c13c98d8cf46
libwayland-client.armv7l 1.10.0-21.3 platform/upstream/wayland#4aaab413c2558df7a287352fa16167e2d6329fc5
libwayland-cursor.armv7l 1.10.0-21.3 platform/upstream/wayland#4aaab413c2558df7a287352fa16167e2d6329fc5
libwayland-egl.armv7l 1.0-20.1 platform/core/uifw/libtpl-egl#6933722141c4ba59e5c39faa75af5ad1bb9921ab
libwayland-extension-client.armv7l 1.0.44-58.1 platform/core/uifw/wayland-extension#62e8149d0d8a08d6fd6a73b4ceed015a9a5c8b23
libwayland-extension-server.armv7l 1.0.44-58.1 platform/core/uifw/wayland-extension#62e8149d0d8a08d6fd6a73b4ceed015a9a5c8b23
libwayland-server.armv7l 1.10.0-21.3 platform/upstream/wayland#4aaab413c2558df7a287352fa16167e2d6329fc5
libwayland-tbm-client.armv7l 0.1.3-31.1 platform/core/uifw/wayland-tbm#5b0facadbcff4055fd744cf37b770281fa4aa0f9
libwayland-tbm-server.armv7l 0.1.3-31.1 platform/core/uifw/wayland-tbm#5b0facadbcff4055fd744cf37b770281fa4aa0f9
libwbxml2.armv7l 0.11.2-6.11 platform/upstream/libwbxml2#549574b031e0796f9708a91239b06297f1c88653
libwebappenc.armv7l 0.1.0-9.1 platform/core/security/libwebappenc#6f18da83631e06509b2f14a729c7b6ac05aa4046
libwebsockets.armv7l 1.7.3-2.3 platform/upstream/libwebsockets#3171a9778cf3d16911c840003d4b9083edcf2d0a
libwidget_viewer.armv7l 1.3-41.1 platform/core/appfw/widget-viewer#e4fe37276106211dde7365addcd2778beb898dd3
libxkbcommon.armv7l 0.4.3-14.1 platform/upstream/libxkbcommon#c46e96a48c779c21c10ed80637cf7b10b32e377a
libxml2.armv7l 2.8.0-4.1 platform/upstream/libxml2#e52e7cd8d3553116787eb0573f3b3d379f09698a
libxslt.armv7l 1.1.28-1.13 platform/upstream/libxslt#925059ca6aa063c9640e82ad4f40be2e38959aa8
libzone.armv7l 0.0.1-27.1 platform/core/security/device-policy-manager#165106eb24ec4bf662ab9fb585828cb4dd7f760e
linux-3.10-sc7730_tizen_tm1.armv7l Tizen_sc7730-22.3 profile/mobile/platform/kernel/linux-3.10-sc7730#6e9479c7c433aa0e00faa9ab750535ed9d77cc1e
location-geofence-server.armv7l 0.4.4-19.15 platform/core/location/geofence-server#1237eaaf7fdfe7d23c5914bc0e0b3d49164769ef
location-lbs-server.armv7l 1.0.4-17.1 platform/core/location/lbs-server#a23ac00a3c74fc57b11a1ba9a36adb138a206498
lrzsz.armv7l 0.12.20-1.2 platform/upstream/lrzsz#6d3f6f3fbe6d5a0b3191c72c05f1a2707dfd08bb
lzo.armv7l 2.08-1.7 platform/upstream/lzo#a97fbf725aa75db53756b59df6888e59b47c931d
manifest-parser.armv7l 1.5-66.1 platform/core/appfw/manifest-parser#130012aaa47dda27d24f9ed584184f60bf385b23
maps-plugin-here.armv7l 0.3.2-28.1 platform/core/location/maps-plugin-here#9d5c3813af234fb07f4d6cb686b301f3d198af3b
mdnsresponder.armv7l 576.30.4-7.1 platform/upstream/mdnsresponder#6e26a08d0f0dbde84ebd701fa875058610995787
media-server.armv7l 0.2.94-112.1 platform/core/multimedia/media-server#d719d45e2f456865f167165395ea203f92c1f63f
media-thumbnail-server.armv7l 0.1.96-45.3 platform/core/multimedia/libmedia-thumbnail#29f1964d08ae8f4f4c794c3c6c8d1da1bbb62c08
mediacontroller.armv7l 0.1.23-11.11 platform/core/api/media-controller#62f081e6dc6959e4c2f4426c66a42a5f941bb5da
memps.armv7l 0.1.8-6.1 platform/core/system/memps#99115c352f766b04639911693ee9b5fe97ee2531
message-port.armv7l 1.2.2.1-20.1 platform/core/appfw/message-port#b54b4b16f233d61f588a3d80bb56cf1794abbf40
meta-generic-adaptation.noarch 0-53.1 platform/upstream/meta-generic#1fd5d016eea0d253c7f6256eebcb7e112d351da1
minizip.armv7l 1.2.8-1.12 platform/upstream/zlib#07c39a3fbdb0f2c8ef5d508a57921514357263aa
mmfw-sysconf-target-tm1.armv7l 0.2.71-89.1 platform/core/multimedia/mmfw-sysconf#cbc9d1fa020cf0c860935f787aad2cf888ee7a85
mmsvc-camera.armv7l 0.2.40-33.2 platform/core/multimedia/mmsvc-camera#0ef2a17f3ec2e9db51b4b93e7dbed82b1d67ae74
mmsvc-player.armv7l 0.2.16-61.1 platform/core/multimedia/mmsvc-player#5b04bf056cfe8d9b2f1b426ea5db3bc35394dd0c
mmsvc-recorder.armv7l 0.2.19-19.15 platform/core/multimedia/mmsvc-recorder#f418ade9f317909bf40ad5bd56cf324526ea8e57
mobileap-agent.armv7l 1.0.61-25.1 platform/core/connectivity/mobileap-agent#00be2db054e21717329bf39d82a27f72c28761df
model-config-tm1.noarch 0.0.1-23.1 profile/mobile/platform/tm1/model-config-tm1#493fa9d6f7a41f74378136953191207b6890e6ee
mtp-initiator.armv7l 1.4.9-16.34 platform/core/connectivity/mtp-initiator#62a0ae991f466f0183de9b3f50f73badf6f814c0
mtp-responder.armv7l 0.0.11-13.1 platform/core/connectivity/mtp-responder#7e543083d1cb401ab671a8d87bac082bd642f317
murphy-glib.armv7l 0.0.74-10.1 platform/upstream/murphy#3d0ef3fccb42a52deb43d5b932c24c9f6ad86ec9
murphy.armv7l 0.0.74-10.1 platform/upstream/murphy#3d0ef3fccb42a52deb43d5b932c24c9f6ad86ec9
mused.armv7l 0.1.2-9.1 platform/core/multimedia/mmsvc-core#93a89e1ad8e73045d91254692056cd2c72ef088f
my-account.armv7l 1.9.103-6.1 profile/mobile/apps/native/my-account#8f8812b9a90b282ed91d6aa57ecd97c217da935a
net-config.armv7l 1.1.80-58.1 platform/core/connectivity/net-config#4679fbe464a1541156277ce45debd405b673238f
net-tools.armv7l 2.0_20121208git-1.8 platform/upstream/net-tools#1bfd01a3262139d0c41c5d2c3c5fef5af004aa2f
net.netpopup.armv7l 0.2.84-5.2 platform/core/connectivity/net-popup#7da6a4c1d179a8156c8e0671bf692b5a7139c2f0
net.wifi-qs.armv7l 1.0.184-21.2 apps/core/preloaded/ug-wifi-efl#8b2ea0c5866d36c56a9c784fd7ca2eea97fb9d80
nether.armv7l 0.0.1-9.8 platform/core/security/nether#804beebc950feeab0e3eeb013a46839fcb648e21
newfs-msdos.armv7l 1.0.0-1.1 platform/upstream/newfs-msdos#194dce1f6b8a2fedcf1690809fbaa91ca2f00b4e
nfc-common-lib.armv7l 0.1.148-21.13 platform/core/connectivity/nfc-manager#8fb7eea9003904670b7f680d2f1b6fb98acea56d
nghttp2.armv7l 0.7.3-1.6 platform/upstream/nghttp2#4a3834b1ea81ed157cb8c57052065cd610c05883
nspr.armv7l 4.12-4.6 platform/upstream/nspr#443bcb24f9d0abde89a2688ffd946beea762bbe2
nss-certs.armv7l 3.23-4.12 platform/upstream/nss#d2a8c7e98ab18907c1e14033c993731adc7eea9e
nss.armv7l 3.23-4.12 platform/upstream/nss#d2a8c7e98ab18907c1e14033c993731adc7eea9e
obexd.armv7l 5.37-51.1 platform/upstream/bluez#efdef8a229f6f8aac1f2c85539542513629c3056
openal-soft.armv7l 1.17.2-8.1 platform/upstream/openal-soft#270d2a1b0a9cbc85dfa14d2fe905b7dd4f95fac9
opencore-amr.armv7l 0.1.3-7.11 platform/upstream/opencore-amr#57eb34e9d791a94afaa8307fdbd538a66e01080e
opencv.armv7l 2.4.9-5.209 platform/upstream/opencv#e2aca33b4287e28d322038a8425539b3516dd8dc
openvpn.armv7l 2.3.2-2.23 platform/upstream/openvpn#75f32099185255706a056584f6f80bb99dc80ba7
org.tizen.app-selector.armv7l 0.1.61-5.12 profile/mobile/platform/core/appfw/app-selector#90df0b3eedf6646c502bea3dd22fb9ebc08bf006
org.tizen.bluetooth-share-ui.armv7l 0.0.88-7.14 apps/core/preloaded/bluetooth-share-ui#88839a9330b09ad5b7efd7a6b37423c570784c0a
org.tizen.browser.armv7l 1.5.0-34.1 apps/web/browser#0cfefc4a79f82e4a87614a59db4d7abc36538c2d
org.tizen.bt-syspopup.armv7l 0.3.1-11.1 platform/core/connectivity/bt-syspopup#4d576c8887902f55fd2761c0f5cba21699596be1
org.tizen.calendar.armv7l 1.0.0-24.1 profile/mobile/apps/native/calendar#46305cf0ca7e6378387e8639662ac96578e256dc
org.tizen.call-setting.armv7l 1.0.0-12.1 profile/mobile/apps/native/call-setting#3d5e7d355d6d717edc42ed096b72d19214352dfd
org.tizen.call-ui.armv7l 1.0.0-17.1 profile/mobile/apps/native/call-ui#b63fa821a054edb20c2e21944d7db0cedb13c152
org.tizen.callmgr-popup.armv7l 0.1.71-33.3 platform/core/telephony/call-manager#d821a5b1947ac27fe60ef2faac40f3216f80faa9
org.tizen.camera-app.armv7l 1.0.0-16.1 profile/mobile/apps/native/camera-app#75c3ea7bfe31dcd8b57a6c0594c69b656fa4ab6a
org.tizen.contacts.armv7l 2.0.0-28.1 profile/mobile/apps/native/phone-contacts#961c58244e8cb1da8f23778590ecdfdc2bd0f732
org.tizen.crash-syspopup.armv7l 0.2.0-11.1 platform/core/system/system-popup#aa10d4e190dc44c0c50d83e786f275fc7f0e99a1
org.tizen.download-manager.armv7l 0.3.8-12.5 apps/web/download-manager#4bc26195ca9f3d67ce89b24085ae25320dc846fb
org.tizen.dpm-syspopup.armv7l 0.0.1-27.1 platform/core/security/device-policy-manager#165106eb24ec4bf662ab9fb585828cb4dd7f760e
org.tizen.dpm-toolkit.armv7l 0.1-11.1 platform/core/security/dpm-toolkit#a8f0cf1eea9d0fac019d483e2695e65baca38691
org.tizen.email.armv7l 0.9.34-18.1 profile/mobile/apps/native/email-app#020390bdaca45e047ac9b692fae2d87e73aa68f5
org.tizen.gallery.armv7l 1.0.0-17.1 profile/mobile/apps/native/gallery#f5dda2ad188bcab2221c2c47fe0533f7f92b481c
org.tizen.gps-syspopup.armv7l 1.0.32-6.2 profile/mobile/apps/native/location/lbs-setting#a475ce59eeaacea54122dbb60669cf528a9ed5f8
org.tizen.heremaps-uc.armv7l 0.3.2-28.1 platform/core/location/maps-plugin-here#9d5c3813af234fb07f4d6cb686b301f3d198af3b
org.tizen.homescreen-efl.armv7l 1.0.0-31.1 profile/mobile/apps/native/homescreen-efl#e5e2efe6f3f5e8349f7f1582fada88da0da813dc
org.tizen.image-viewer.armv7l 1.0.0-13.1 profile/mobile/apps/native/ug-image-viewer-efl#abfa503621dd1239691e4c6791a629215ecf373b
org.tizen.indicator.armv7l 0.2.53-14.3 profile/mobile/apps/native/indicator#5c983d8ed2a4f37ac09d81e10e8667732e4aa2de
org.tizen.inputmethod-setting.armv7l 0.5.10-38.1 platform/core/uifw/inputmethod-setting#70a3e11e3b4a187e4769aacd0624018427755a92
org.tizen.isf-kbd-mode-changer.armv7l 3.0.93-115.1 platform/core/uifw/isf#cb07b7fb8df7dcc7f9a75c582c49db43076b6fdf
org.tizen.kaskit.armv7l 0.0.1-27.1 platform/core/security/device-policy-manager#165106eb24ec4bf662ab9fb585828cb4dd7f760e
org.tizen.keyguard.armv7l 0.0.1-27.1 platform/core/security/device-policy-manager#165106eb24ec4bf662ab9fb585828cb4dd7f760e
org.tizen.lockscreen.armv7l 0.1.0-23.1 profile/mobile/apps/native/lockscreen#d58e534518b99e87065040f3e513d7713f398f2d
org.tizen.menu-screen.armv7l 1.2.5-12.5 apps/core/preloaded/menu-screen#6da06fbdd749a74aba60cd76dff093821847fa3d
org.tizen.message.armv7l 1.0.0-20.1 profile/mobile/apps/native/message#26c5da3636781e310519df19b34aadbdd0767221
org.tizen.music-player.armv7l 1.0.0-22.1 profile/mobile/apps/native/music-player#d694d724c52af1d3a2d9fe8428ce80113f1a1cf3
org.tizen.myfile.armv7l 1.0.0-18.1 profile/mobile/apps/native/myfiles#adf2ac44d75f3ba631495a6bc481d2a26cb30363
org.tizen.myplace.armv7l 1.0.1-7.2 profile/mobile/apps/native/location/myplace#1bec7766e108e62e8329618485fbc912006e939c
org.tizen.ode.armv7l 0.0.1-27.1 platform/core/security/device-policy-manager#165106eb24ec4bf662ab9fb585828cb4dd7f760e
org.tizen.overheat-syspopup.armv7l 0.2.0-11.1 platform/core/system/system-popup#aa10d4e190dc44c0c50d83e786f275fc7f0e99a1
org.tizen.powerkey-syspopup.armv7l 0.2.0-11.1 platform/core/system/system-popup#aa10d4e190dc44c0c50d83e786f275fc7f0e99a1
org.tizen.privacy-setting.armv7l 1.0.0-6.2 profile/mobile/apps/native/privacy-setting#d872580402f3b0f6e1676433b6a476794ee6ba00
org.tizen.quickpanel.armv7l 0.8.0-18.12 profile/mobile/apps/native/quickpanel#0bbddf7db0beca1dadeb7fd7eba2c9fe109fa09f
org.tizen.screen-reader.armv7l 0.0.8-10.1 platform/core/accessibility/screen-reader#0eac217b1cf90fdfbecca123a1b8d6b712a53dc2
org.tizen.service-plugin-sample.armv7l 0.1.6-7.1 platform/core/convergence/plugin/service-plugin-sample#41e7450a222940f0b6025495594d7c133eb92903
org.tizen.setting-homescreen.armv7l 1.0.0-8.1 profile/mobile/apps/native/ug-setting-homescreen-efl#beb2d8c62612f26da1c5a6a826cb142cdfbf2079
org.tizen.setting-location.armv7l 1.0.32-6.2 profile/mobile/apps/native/location/lbs-setting#a475ce59eeaacea54122dbb60669cf528a9ed5f8
org.tizen.setting.armv7l 1.0.1-44.1 profile/mobile/apps/native/settings#51790acb2778aa0e43c7bea6968da6e07efd45ca
org.tizen.share-panel.armv7l 1.0.0-6.1 profile/mobile/apps/native/share-panel#dbb54314534b253af4b740fc11e8788dd05a084e
org.tizen.system-signal-sender.armv7l 0.2.0-11.1 platform/core/system/system-popup#aa10d4e190dc44c0c50d83e786f275fc7f0e99a1
org.tizen.system-syspopup.armv7l 0.2.0-11.1 platform/core/system/system-popup#aa10d4e190dc44c0c50d83e786f275fc7f0e99a1
org.tizen.task-mgr.armv7l 1.0.0-10.1 profile/mobile/apps/native/taskmanager#037757bb118ad7b4941c56c89e8a786b3b6d86b4
org.tizen.ug-gallery-efl.armv7l 1.0.0-7.1 profile/mobile/apps/native/ug-gallery-efl#c6d8220d50b9db191f2ec56961cdc93b02b2f592
org.tizen.ug-lockscreen-options.armv7l 1.0.0-6.1 profile/mobile/apps/native/ug-lockscreen-setting-efl#34a927426cd54b3402883068771c5a9235e1a908
org.tizen.ug-myfile-efl.armv7l 1.0.0-8.1 profile/mobile/apps/native/ug-myfile-efl#a2ec094edb2b176360f16411c5566ffcc1a765bd
org.tizen.videos.armv7l 1.0.0-24.1 profile/mobile/apps/native/video-player#bdd8c8f6d77b95f0e5a4ace09428e6ddc61b86b4
org.tizen.voice-setting.armv7l 0.0.1-7.2 profile/mobile/apps/native/voice/voice-setting#a6ec501137d3333c5b873be0f85094f4429b8a43
org.tizen.volume.armv7l 0.1.149-5.12 apps/core/preloaded/volume-app#f6c96c65e3e84e8f93184a93efb92be3c5835193
org.tizen.wallpaper-ui-service.armv7l 1.0.0-14.1 profile/mobile/apps/native/wallpaper-ui-service#86dea6d947e62c999adc5ba50ee4fbeb4877cb6f
org.tizen.widget_viewer_sdk.armv7l 0.0.1-41.1 platform/core/appfw/widget-viewer#e4fe37276106211dde7365addcd2778beb898dd3
org.tizen.wifi-direct-popup.armv7l 1.11.76-6.8 apps/core/preloaded/ug-wifi-direct#406427c087a0126392b6acbab7bded54c04e448e
org.tizen.worldclock-efl.armv7l 1.0.0-4.1 profile/mobile/apps/native/libug-worldclock-efl#cef34fa1020fe8029e529f5ea92edaec24dcd7c2
org.tizen.zone-setup-wizard.armv7l 0.0.1-27.1 platform/core/security/device-policy-manager#165106eb24ec4bf662ab9fb585828cb4dd7f760e
pam-locale.noarch 1.1.6-3.1 platform/upstream/pam#16a6b6d626ce86295e04406e386c72515e7626fd
pam-modules-extra.armv7l 1.1.6-3.1 platform/upstream/pam#16a6b6d626ce86295e04406e386c72515e7626fd
pam.armv7l 1.1.6-3.1 platform/upstream/pam#16a6b6d626ce86295e04406e386c72515e7626fd
pepper.armv7l 1.0.6-15.1 platform/core/uifw/pepper#9b9827e2be178d1887e3c29681597f1f23f08585
pims-ipc.armv7l 0.1.18-17.2 platform/core/pim/pims-ipc#7984cac7ef6c0931e032179a9dc1981442315b5f
pixman.armv7l 0.32.6-7.12 platform/upstream/pixman#293e30820313387c82be42c5e25dbd3756a2ded4
pkg-config.armv7l 0.28-1.10 platform/upstream/pkg-config#5649da369d00aaf304396095f1699a0806c3b721
pkgmgr-client.armv7l 0.2.89-18.1 platform/core/appfw/slp-pkgmgr#04266c54942658728c2ae019e9597a72ba29052e
pkgmgr-info-parser.armv7l 0.1.0-129.1 platform/core/appfw/pkgmgr-info#95644ad5f3a8fc0e297ac4458172a7c03fad169c
pkgmgr-info.armv7l 0.1.0-129.1 platform/core/appfw/pkgmgr-info#95644ad5f3a8fc0e297ac4458172a7c03fad169c
pkgmgr-installer.armv7l 0.2.89-18.1 platform/core/appfw/slp-pkgmgr#04266c54942658728c2ae019e9597a72ba29052e
pkgmgr-server.armv7l 0.3.37-27.1 platform/core/appfw/pkgmgr-server#7724a6f7c5c31f2ae45c24f79c4e2c72ffe3c37a
pkgmgr-tool.armv7l 0.1.0-37.1 platform/core/appfw/pkgmgr-tool#8112612700e26b7ac5e321d1861cb4593b032de9
pkgmgr.armv7l 0.2.89-18.1 platform/core/appfw/slp-pkgmgr#04266c54942658728c2ae019e9597a72ba29052e
privacy-guard-client.armv7l 0.0.5-14.1 platform/core/security/privacy-guard#a8a7b4dd78f6ffa7b799ede9e9f8795c5d7eada1
privacy-guard-server.armv7l 0.0.5-14.1 platform/core/security/privacy-guard#a8a7b4dd78f6ffa7b799ede9e9f8795c5d7eada1
privilege-checker.armv7l 0.0.5-44.5 platform/core/security/privilege-checker#99f5b072ba552ff569bd22dd61d67c707bd0b22c
procps-ng.armv7l 3.3.9-1.11 platform/upstream/procps-ng#967749519aefdd1bba9a3329d3ea77c351d1f8b6
psmisc.armv7l 22.21-9.9 platform/upstream/psmisc#8bdb3e71794f16a084afd48ef0fd713e30385558
pubkey-pinning.armv7l 0.0.4-8.3 platform/core/security/pubkey-pinning#2ea96e73c4118ac405a03ef0ea18e959fa17c5e9
pulseaudio-locale.noarch 5.0-56.1 platform/upstream/pulseaudio#ca480bea59c247e737dbffd21c8219c3ed20d0fe
pulseaudio-module-bluetooth.armv7l 5.0-56.1 platform/upstream/pulseaudio#ca480bea59c247e737dbffd21c8219c3ed20d0fe
pulseaudio-modules-tizen.armv7l 5.0.59-53.1 platform/core/multimedia/pulseaudio-modules-tizen#ee344e31da6d7e5894bc22a420168ddcd2b7c92a
pulseaudio-utils.armv7l 5.0-56.1 platform/upstream/pulseaudio#ca480bea59c247e737dbffd21c8219c3ed20d0fe
pulseaudio.armv7l 5.0-56.1 platform/upstream/pulseaudio#ca480bea59c247e737dbffd21c8219c3ed20d0fe
push-bin.armv7l 0.4.39-28.1 platform/core/appfw/sppc#2b4ed4b44f0fb4219001564abbc8f8a035910053
resourced.armv7l 0.2.87-24.81 platform/core/system/resourced#5f2d264ae75ac47dfcb9fa00783d0f96b29f8992
rfkill.armv7l 0.4-7.6 platform/upstream/rfkill#55aca08cbe73ad443102569e8e5c8b44e2a1cc8d
rpm-security-plugin.armv7l 4.11.0.1-5.3 platform/upstream/rpm#763ef3871038772e57a8878893bddfd6a41268a2
rpm.armv7l 4.11.0.1-5.3 platform/upstream/rpm#763ef3871038772e57a8878893bddfd6a41268a2
sbc.armv7l 1.2-8.7 platform/upstream/sbc#14ca83886162cb9b9a63a25675516088c2dc4c7f
sdbd.armv7l 3.0.12-44.1 sdk/target/sdbd#4d85f757e1b209f30c081b9348f63a155812f657
security-config.armv7l 1.0-26.1 platform/core/security/security-config#8d3aecf5ed7f6cea704b2f280dc1537412b78586
security-manager-policy.armv7l 1.1.9-39.1 platform/core/security/security-manager#153ad18afbad98330d55a6fca55d8ab237c3593f
security-manager.armv7l 1.1.9-39.1 platform/core/security/security-manager#153ad18afbad98330d55a6fca55d8ab237c3593f
security-privilege-manager.armv7l 0.0.5-44.5 platform/core/security/privilege-checker#99f5b072ba552ff569bd22dd61d67c707bd0b22c
sed.armv7l 4.1c-2.4 product/upstream/sed#5fafc98c53c0f2cc3f136f8f01b48bebed8f0be5
sensor-hal-tm1.armv7l 1.0.2-6.5 platform/adaptation/tm1/sensor-hal-tm1#9e78e86c78697ffe62093f00b01a8b685040bbd2
sensord.armv7l 2.0.5-23.9 platform/core/system/sensord#1d31e3f9247b3d44b4221e3c74142022566c331d
setup.noarch 0.9-2.20 platform/upstream/setup#6cae62f0a879f6bc5416f3bfe5aca857a95b78fb
shadow-utils.armv7l 4.1.4.2-1.1 platform/upstream/shadow-utils#6cd3bb578b0ed75f2dd95f72801112962c936124
shared-mime-info.armv7l 1.3-1.5 platform/upstream/shared-mime-info#b3d6d91768efdf508c2b8fe2cd069b1334a1c272
smack.armv7l 1.2.0-4.1 platform/upstream/smack#258708ac41e5d98ae802d83b124eb9d0d4194d57
smartcard-plugin-uicc.armv7l 0.0.11-8.1 platform/core/connectivity/smartcard-plugin-uicc#16e00ee9e99c6f5f73c7f1f9c8834bc13b29e624
smartcard-service-common.armv7l 0.1.48-22.31 platform/core/connectivity/smartcard-service#a0e250369564c4d6f825f8981da29b4719d17649
smartcard-service-server.armv7l 0.1.48-22.31 platform/core/connectivity/smartcard-service#a0e250369564c4d6f825f8981da29b4719d17649
smartcard-service.armv7l 0.1.48-22.31 platform/core/connectivity/smartcard-service#a0e250369564c4d6f825f8981da29b4719d17649
sqlite.armv7l 3.8.10.2-1.11 platform/upstream/sqlite#5b2351dd3f6115a2eec31705a3a9595e36a1d955
starter.armv7l 0.5.52-45.1 apps/core/preloaded/starter#4b06bc12ee3f7a100005032990fb53c939846d66
sticker-panel.armv7l 0.1.0-2.2 profile/mobile/apps/native/sticker-panel#1a086ca6b454592e9752cb5d44ec5313fdb17634
svi-data.armv7l 0.1.4-23.1 platform/core/system/libsvi#b80e432af9473864492410a9d4f1bf99d4b4e1a4
swap-manager.armv7l 3.0-12.13 platform/core/system/swap-manager#621ee205102ec735352416b58434dd5e843eae4c
swap-modules.armv7l 3.0-11.1 platform/kernel/swap-modules#ea3cd5d07720d7d154dcb046a7c11f91d2101456
swap-probe-elf.armv7l 3.0-11.12 platform/core/system/swap-probe#f6a74b6637ba950efb6946f87464e50658b357fc
swap-probe.armv7l 3.0-11.12 platform/core/system/swap-probe#f6a74b6637ba950efb6946f87464e50658b357fc
sync-service.armv7l 0.1.6-40.1 platform/core/account/sync-manager#7fcd5bca8bf07ff04f308ec7c4c168914cf26dec
syspopup-caller.armv7l 0.0.100-21.5 platform/core/base/syspopup#e534f2c34109e67ad132ac8e016b26123c755403
syspopup.armv7l 0.0.100-21.5 platform/core/base/syspopup#e534f2c34109e67ad132ac8e016b26123c755403
system-plugin-spreadtrum.noarch 0.1-21.1 platform/adaptation/system-plugin#d0b08988e334877e07c0082d61c4c392f90a290f
system-plugin.noarch 0.1-21.1 platform/adaptation/system-plugin#d0b08988e334877e07c0082d61c4c392f90a290f
system-servant.armv7l 0.2.0-11.1 platform/core/system/system-popup#aa10d4e190dc44c0c50d83e786f275fc7f0e99a1
systemd.armv7l 219-46.1 platform/upstream/systemd#abcba9a6cd684c154afd72fad4ce7bd104ff2c04
taglib.armv7l 1.8-1.12 platform/upstream/taglib#489a552ad409dbac9e53862221de4d6cc0234ddc
tar.armv7l 1.17-2.6 product/upstream/tar#a8d964ee3ae1acc7d0a9ed43e5f1e363d26da090
tel-plugin-database.armv7l 0.1.27-15.1 platform/core/telephony/tel-plugin-database#422dd1f1a7ae226179cbea8fd1273c216479af62
tel-plugin-dbus_tapi.armv7l 0.3.74-13.5 platform/core/telephony/tel-plugin-dbus_tapi#562f4e33db5b289eb42a2812be5e637964f6d5d5
tel-plugin-indicator.armv7l 0.1.70-11.2 platform/core/telephony/tel-plugin-indicator#0f8f62d270af46a990b134eb471d7c4c800bb9ca
tel-plugin-nitz.armv7l 0.1.76-8.1 platform/core/telephony/tel-plugin-nitz#3a7b81ec3d3388981f676e89a54468a81604a585
tel-plugin-packetservice.armv7l 0.3.29-25.3 platform/core/telephony/tel-plugin-packetservice#e6da346a2501cd0391ea788b48172ebce46178f0
telephony-daemon.armv7l 1.3.39-15.2 platform/core/telephony/telephony-daemon#c5e04bca57419692c87bd816b92648c2c86d0c70
terminfo-base.armv7l 5.9-1.13 platform/upstream/ncurses#eefc3e4398eaa6c81cf61dd36c3ba3d87f33d1bf
tizen-locale.armv7l 0.1-4.2 platform/framework/base/tizen-locale#a581f7b36017e931d8dfc4947b9d3840a4c40f51
tizen-platform-config-tools.armv7l 2.0-38.4 platform/core/appfw/tizen-platform-config#3c4cbb43901c9cc628ec56a93c207c5704bad312
tizen-platform-config.armv7l 2.0-38.4 platform/core/appfw/tizen-platform-config#3c4cbb43901c9cc628ec56a93c207c5704bad312
tizen-release.armv7l 3.0.0-10.13 platform/upstream/tizen-release#080f16318c61066f98f5dcc0e8c8c54fff02184d
tlm-config-common-singleseat.armv7l 1.0.3-50.1 platform/core/system/tlm#abacb0dfba8b4950997b1a751db592af4e5a36e2
tlm.armv7l 1.0.3-50.1 platform/core/system/tlm#abacb0dfba8b4950997b1a751db592af4e5a36e2
toybox-symlinks-dhcp.armv7l 0.6.0-10.3 platform/upstream/toybox#a7f12ead3799e61cf0139e0e52ab58cd928cbdf3
toybox-symlinks-dhcpd.armv7l 0.6.0-10.3 platform/upstream/toybox#a7f12ead3799e61cf0139e0e52ab58cd928cbdf3
toybox.armv7l 0.6.0-10.3 platform/upstream/toybox#a7f12ead3799e61cf0139e0e52ab58cd928cbdf3
tpk-backend.armv7l 0.1-38.1 platform/core/appfw/tpk-backend#109ac6661eddad78c7c72a6b4d308720d94f871c
tpk-manifest-handlers.armv7l 1.5-5.1 platform/core/appfw/tpk-manifest-handlers#56394c4fc8681c5bc96205ca2a77d69f724952db
typelib-1_0-Atspi-2_0.armv7l 2.16.1-10.5 platform/upstream/at-spi2-core#65a8179bd64640d3c76767121dbf45ce9b8422ae
tzdata.armv7l 2014h-1.7 platform/upstream/tzdata#7d50fa562a1dafd2453021f633cb9236998d9ea1
tzsh.armv7l 0.1.11-5.1 platform/core/uifw/tizen-ws-shell#6aed91ad45981ec4882d0dd3e849d025ae507cdc
ug-bluetooth-efl.armv7l 0.3.2-23.3 apps/core/preloaded/ug-bluetooth-efl#10c133ad79d93ebe8a06bb8c04d7f65292526b1b
ug-setting-mobileap-efl.armv7l 1.0.142-17.2 apps/core/preloaded/ug-mobile-ap#c848e0683790d037cef49ace607473b771f7e78b
ug-setting-wifidirect-efl.armv7l 1.11.76-6.8 apps/core/preloaded/ug-wifi-direct#406427c087a0126392b6acbab7bded54c04e448e
ui-viewmgr.armv7l 0.1.0-2.1 platform/core/uifw/ui-viewmgr#7ffee363f6a83a0ad6aea2695ff7f8b655209439
unzip.armv7l 6.0-1.21 platform/upstream/unzip#9b72cfb5e2fc5a095c0d6e8cd72c4d36c18ce48f
util-linux.armv7l 2.25.2-4.1 platform/upstream/util-linux#06d8468d48c5f86f5765a041b7ff164a42b5f417
v8.armv7l 4.7.83-3.1 platform/upstream/v8#58d6861144c70448c13781f699d31bf831219e63
vc-engine-default.armv7l 0.2.0-5.1 platform/core/uifw/vc-engine-default#6067d98da31a105745ec668cc114537885a0e9b7
webapi-plugins.armv7l 1.4-106.4 platform/core/api/webapi-plugins#9da920e783a4578a52a5ccf95a0d3276fae4e707
wgt-backend.armv7l 0.1-33.1 platform/core/appfw/wgt-backend#a90c5e7a6e9bd7302109e7e91f0d44b6ce67cc96
wgt-manifest-handlers.armv7l 1.5-9.1 platform/core/appfw/wgt-manifest-handlers#9b65e74c56e24b52975e0cd0271f03a5bbaad226
widget_toolkit.armv7l 0.0.1-41.1 platform/core/appfw/widget-viewer#e4fe37276106211dde7365addcd2778beb898dd3
wifi-direct-manager.armv7l 1.2.181-37.1 platform/core/connectivity/wifi-direct-manager#7f13c60e466e7ea21000fa539c7b0ed0a6f09da0
wifi-direct-plugin-wpasupplicant.armv7l 1.2.181-37.1 platform/core/connectivity/wifi-direct-manager#7f13c60e466e7ea21000fa539c7b0ed0a6f09da0
wifi-efl-ug.armv7l 1.0.184-21.2 apps/core/preloaded/ug-wifi-efl#8b2ea0c5866d36c56a9c784fd7ca2eea97fb9d80
wpa_supplicant.armv7l 2.5-27.1 platform/upstream/wpa_supplicant#1efa1fc6a78653c6767714de8fd6253890622e30
xdelta3.armv7l 3.0.9-1.10 platform/upstream/xdelta3#8f2326734da7cf176d4bb29aae6b57ba567a1f27
xdgmime.armv7l 0.0.12-10.2 platform/core/appfw/xdgmime#e47255803c134114dbea6a09b74bf344c7ff5afd
xkeyboard-config.noarch 2.13-28.1 platform/upstream/xkeyboard-config#4cb09bb4240c1e4a00469e08a3ea8c1fb8dda8aa
xmlsec1-openssl.armv7l 1.2.19-8.16 platform/upstream/xmlsec1#fe8ea3dba5971ab3f47090ba52d7f824c3d23545
xmlsec1.armv7l 1.2.19-8.16 platform/upstream/xmlsec1#fe8ea3dba5971ab3f47090ba52d7f824c3d23545
xz.armv7l 5.1.3-2.3 platform/upstream/xz#56a594c73196ae5834d5df55107e318e7d4f7e1f
zbar.armv7l 0.10-1.10 platform/upstream/libzbar#5494b6ccabd6b271325a4dd105f1864331245c64
zint.armv7l 2.4.3-2.12 platform/upstream/libzint#4f3e68a11484b0aaceceeba9c4c1bb42861d56b9
zip.armv7l 3.0-1.9 platform/upstream/zip#b93d573b47875ad43a8df84196f04a84772a4949
zlib.armv7l 1.2.8-1.12 platform/upstream/zlib#07c39a3fbdb0f2c8ef5d508a57921514357263aa
