Temporary header file '/tmp/RShe1yFxXc/dump1.h' with the following content will be compiled to create GCC translation unit dump:

  // add includes
  #include "/home/kayes/abi_tool/abi-tool-2.7/2.4/usr/include/email-service/email-api.h"
  #include "/home/kayes/abi_tool/abi-tool-2.7/2.4/usr/include/email-service/email-api-account.h"
  #include "/home/kayes/abi_tool/abi-tool-2.7/2.4/usr/include/email-service/email-api-etc.h"
  #include "/home/kayes/abi_tool/abi-tool-2.7/2.4/usr/include/email-service/email-api-init.h"
  #include "/home/kayes/abi_tool/abi-tool-2.7/2.4/usr/include/email-service/email-api-mail.h"
  #include "/home/kayes/abi_tool/abi-tool-2.7/2.4/usr/include/email-service/email-api-mailbox.h"
  #include "/home/kayes/abi_tool/abi-tool-2.7/2.4/usr/include/email-service/email-api-network.h"
  #include "/home/kayes/abi_tool/abi-tool-2.7/2.4/usr/include/email-service/email-api-rule.h"
  #include "/home/kayes/abi_tool/abi-tool-2.7/2.4/usr/include/email-service/email-api-smime.h"
  #include "/home/kayes/abi_tool/abi-tool-2.7/2.4/usr/include/email-service/email-errors.h"
  #include "/home/kayes/abi_tool/abi-tool-2.7/2.4/usr/include/email-service/email-types.h"

The GCC parameters:
  gcc -fdump-translation-unit -fkeep-inline-functions -c -x c++-header -fpermissive -w "/tmp/RShe1yFxXc/dump1.h"  -I/home/kayes/tizen-sdk/platforms/tizen-3.0/mobile/rootstraps/mobile-3.0-device.core/usr/include -I/home/kayes/tizen-sdk/platforms/tizen-3.0/mobile/rootstraps/mobile-3.0-device.core/usr/include/glib-2.0 -I/home/kayes/tizen-sdk/platforms/tizen-3.0/mobile/rootstraps/mobile-3.0-device.core/usr/lib/glib-2.0/include

Temporary header file '/tmp/RShe1yFxXc/dump2.h' with the following content will be compiled to create GCC translation unit dump:

  // add includes
  #include "/home/kayes/abi_tool/abi-tool-2.7/3.0/usr/include/email-service/email-api.h"
  #include "/home/kayes/abi_tool/abi-tool-2.7/3.0/usr/include/email-service/email-api-account.h"
  #include "/home/kayes/abi_tool/abi-tool-2.7/3.0/usr/include/email-service/email-api-etc.h"
  #include "/home/kayes/abi_tool/abi-tool-2.7/3.0/usr/include/email-service/email-api-init.h"
  #include "/home/kayes/abi_tool/abi-tool-2.7/3.0/usr/include/email-service/email-api-mail.h"
  #include "/home/kayes/abi_tool/abi-tool-2.7/3.0/usr/include/email-service/email-api-mailbox.h"
  #include "/home/kayes/abi_tool/abi-tool-2.7/3.0/usr/include/email-service/email-api-network.h"
  #include "/home/kayes/abi_tool/abi-tool-2.7/3.0/usr/include/email-service/email-api-rule.h"
  #include "/home/kayes/abi_tool/abi-tool-2.7/3.0/usr/include/email-service/email-api-smime.h"
  #include "/home/kayes/abi_tool/abi-tool-2.7/3.0/usr/include/email-service/email-errors.h"
  #include "/home/kayes/abi_tool/abi-tool-2.7/3.0/usr/include/email-service/email-types.h"

The GCC parameters:
  gcc -fdump-translation-unit -fkeep-inline-functions -c -x c++-header -fpermissive -w "/tmp/RShe1yFxXc/dump2.h"  -I/home/kayes/tizen-sdk/platforms/tizen-3.0/mobile/rootstraps/mobile-3.0-device.core/usr/include -I/home/kayes/tizen-sdk/platforms/tizen-3.0/mobile/rootstraps/mobile-3.0-device.core/usr/include/glib-2.0 -I/home/kayes/tizen-sdk/platforms/tizen-3.0/mobile/rootstraps/mobile-3.0-device.core/usr/lib/glib-2.0/include

