Temporary header file '/tmp/qNHTSf8hVT/dump1.h' with the following content will be compiled to create GCC translation unit dump:

  // add includes
  #include "/home/kayes/abi_tool/abi-tool-2.7/2.4/usr/include/widget_viewer_evas/widget_viewer_evas.h"
  #include "/home/kayes/abi_tool/abi-tool-2.7/2.4/usr/include/evas-1/Evas.h"
  #include "/home/kayes/abi_tool/abi-tool-2.7/2.4/usr/include/evas-1/canvas/evas_canvas.eo.h"
  #include "/home/kayes/abi_tool/abi-tool-2.7/2.4/usr/include/evas-1/canvas/evas_canvas.eo.legacy.h"
  #include "/home/kayes/abi_tool/abi-tool-2.7/2.4/usr/include/widget_viewer_evas/widget_viewer_evas_internal.h"
  #include "/home/kayes/abi_tool/abi-tool-2.7/2.4/usr/include/evas-1/canvas/evas_3d_camera.eo.h"
  #include "/home/kayes/abi_tool/abi-tool-2.7/2.4/usr/include/evas-1/canvas/evas_3d_camera.eo.legacy.h"
  #include "/home/kayes/abi_tool/abi-tool-2.7/2.4/usr/include/evas-1/canvas/evas_3d_light.eo.h"
  #include "/home/kayes/abi_tool/abi-tool-2.7/2.4/usr/include/evas-1/canvas/evas_3d_light.eo.legacy.h"
  #include "/home/kayes/abi_tool/abi-tool-2.7/2.4/usr/include/evas-1/canvas/evas_3d_material.eo.h"
  #include "/home/kayes/abi_tool/abi-tool-2.7/2.4/usr/include/evas-1/canvas/evas_3d_material.eo.legacy.h"
  #include "/home/kayes/abi_tool/abi-tool-2.7/2.4/usr/include/evas-1/canvas/evas_3d_mesh.eo.h"
  #include "/home/kayes/abi_tool/abi-tool-2.7/2.4/usr/include/evas-1/canvas/evas_3d_mesh.eo.legacy.h"
  #include "/home/kayes/abi_tool/abi-tool-2.7/2.4/usr/include/evas-1/canvas/evas_3d_node.eo.h"
  #include "/home/kayes/abi_tool/abi-tool-2.7/2.4/usr/include/evas-1/canvas/evas_3d_node.eo.legacy.h"
  #include "/home/kayes/abi_tool/abi-tool-2.7/2.4/usr/include/evas-1/canvas/evas_3d_object.eo.h"
  #include "/home/kayes/abi_tool/abi-tool-2.7/2.4/usr/include/evas-1/canvas/evas_3d_object.eo.legacy.h"
  #include "/home/kayes/abi_tool/abi-tool-2.7/2.4/usr/include/evas-1/canvas/evas_3d_scene.eo.h"
  #include "/home/kayes/abi_tool/abi-tool-2.7/2.4/usr/include/evas-1/canvas/evas_3d_scene.eo.legacy.h"
  #include "/home/kayes/abi_tool/abi-tool-2.7/2.4/usr/include/evas-1/canvas/evas_3d_texture.eo.h"
  #include "/home/kayes/abi_tool/abi-tool-2.7/2.4/usr/include/evas-1/canvas/evas_3d_texture.eo.legacy.h"
  #include "/home/kayes/abi_tool/abi-tool-2.7/2.4/usr/include/evas-1/canvas/evas_box.eo.h"
  #include "/home/kayes/abi_tool/abi-tool-2.7/2.4/usr/include/evas-1/canvas/evas_box.eo.legacy.h"
  #include "/home/kayes/abi_tool/abi-tool-2.7/2.4/usr/include/evas-1/canvas/evas_clickable_interface.eo.h"
  #include "/home/kayes/abi_tool/abi-tool-2.7/2.4/usr/include/evas-1/canvas/evas_clickable_interface.eo.legacy.h"
  #include "/home/kayes/abi_tool/abi-tool-2.7/2.4/usr/include/evas-1/canvas/evas_common_interface.eo.h"
  #include "/home/kayes/abi_tool/abi-tool-2.7/2.4/usr/include/evas-1/canvas/evas_common_interface.eo.legacy.h"
  #include "/home/kayes/abi_tool/abi-tool-2.7/2.4/usr/include/evas-1/canvas/evas_draggable_interface.eo.h"
  #include "/home/kayes/abi_tool/abi-tool-2.7/2.4/usr/include/evas-1/canvas/evas_draggable_interface.eo.legacy.h"
  #include "/home/kayes/abi_tool/abi-tool-2.7/2.4/usr/include/evas-1/canvas/evas_grid.eo.h"
  #include "/home/kayes/abi_tool/abi-tool-2.7/2.4/usr/include/evas-1/canvas/evas_grid.eo.legacy.h"
  #include "/home/kayes/abi_tool/abi-tool-2.7/2.4/usr/include/evas-1/canvas/evas_image.eo.h"
  #include "/home/kayes/abi_tool/abi-tool-2.7/2.4/usr/include/evas-1/canvas/evas_image.eo.legacy.h"
  #include "/home/kayes/abi_tool/abi-tool-2.7/2.4/usr/include/evas-1/canvas/evas_line.eo.h"
  #include "/home/kayes/abi_tool/abi-tool-2.7/2.4/usr/include/evas-1/canvas/evas_line.eo.legacy.h"
  #include "/home/kayes/abi_tool/abi-tool-2.7/2.4/usr/include/evas-1/canvas/evas_object.eo.h"
  #include "/home/kayes/abi_tool/abi-tool-2.7/2.4/usr/include/evas-1/canvas/evas_object.eo.legacy.h"
  #include "/home/kayes/abi_tool/abi-tool-2.7/2.4/usr/include/evas-1/canvas/evas_object_smart.eo.h"
  #include "/home/kayes/abi_tool/abi-tool-2.7/2.4/usr/include/evas-1/canvas/evas_object_smart.eo.legacy.h"
  #include "/home/kayes/abi_tool/abi-tool-2.7/2.4/usr/include/evas-1/canvas/evas_out.eo.h"
  #include "/home/kayes/abi_tool/abi-tool-2.7/2.4/usr/include/evas-1/canvas/evas_out.eo.legacy.h"
  #include "/home/kayes/abi_tool/abi-tool-2.7/2.4/usr/include/evas-1/canvas/evas_polygon.eo.h"
  #include "/home/kayes/abi_tool/abi-tool-2.7/2.4/usr/include/evas-1/canvas/evas_polygon.eo.legacy.h"
  #include "/home/kayes/abi_tool/abi-tool-2.7/2.4/usr/include/evas-1/canvas/evas_rectangle.eo.h"
  #include "/home/kayes/abi_tool/abi-tool-2.7/2.4/usr/include/evas-1/canvas/evas_rectangle.eo.legacy.h"
  #include "/home/kayes/abi_tool/abi-tool-2.7/2.4/usr/include/evas-1/canvas/evas_scrollable_interface.eo.h"
  #include "/home/kayes/abi_tool/abi-tool-2.7/2.4/usr/include/evas-1/canvas/evas_scrollable_interface.eo.legacy.h"
  #include "/home/kayes/abi_tool/abi-tool-2.7/2.4/usr/include/evas-1/canvas/evas_selectable_interface.eo.h"
  #include "/home/kayes/abi_tool/abi-tool-2.7/2.4/usr/include/evas-1/canvas/evas_selectable_interface.eo.legacy.h"
  #include "/home/kayes/abi_tool/abi-tool-2.7/2.4/usr/include/evas-1/canvas/evas_signal_interface.eo.h"
  #include "/home/kayes/abi_tool/abi-tool-2.7/2.4/usr/include/evas-1/canvas/evas_signal_interface.eo.legacy.h"
  #include "/home/kayes/abi_tool/abi-tool-2.7/2.4/usr/include/evas-1/canvas/evas_smart_clipped.eo.h"
  #include "/home/kayes/abi_tool/abi-tool-2.7/2.4/usr/include/evas-1/canvas/evas_smart_clipped.eo.legacy.h"
  #include "/home/kayes/abi_tool/abi-tool-2.7/2.4/usr/include/evas-1/canvas/evas_table.eo.h"
  #include "/home/kayes/abi_tool/abi-tool-2.7/2.4/usr/include/evas-1/canvas/evas_table.eo.legacy.h"
  #include "/home/kayes/abi_tool/abi-tool-2.7/2.4/usr/include/evas-1/canvas/evas_text.eo.h"
  #include "/home/kayes/abi_tool/abi-tool-2.7/2.4/usr/include/evas-1/canvas/evas_text.eo.legacy.h"
  #include "/home/kayes/abi_tool/abi-tool-2.7/2.4/usr/include/evas-1/canvas/evas_textblock.eo.h"
  #include "/home/kayes/abi_tool/abi-tool-2.7/2.4/usr/include/evas-1/canvas/evas_textblock.eo.legacy.h"
  #include "/home/kayes/abi_tool/abi-tool-2.7/2.4/usr/include/evas-1/canvas/evas_textgrid.eo.h"
  #include "/home/kayes/abi_tool/abi-tool-2.7/2.4/usr/include/evas-1/canvas/evas_textgrid.eo.legacy.h"
  #include "/home/kayes/abi_tool/abi-tool-2.7/2.4/usr/include/evas-1/canvas/evas_vg.eo.h"
  #include "/home/kayes/abi_tool/abi-tool-2.7/2.4/usr/include/evas-1/canvas/evas_vg.eo.legacy.h"
  #include "/home/kayes/abi_tool/abi-tool-2.7/2.4/usr/include/evas-1/canvas/evas_zoomable_interface.eo.h"
  #include "/home/kayes/abi_tool/abi-tool-2.7/2.4/usr/include/evas-1/canvas/evas_zoomable_interface.eo.legacy.h"
  #include "/home/kayes/abi_tool/abi-tool-2.7/2.4/usr/include/evas-1/Evas_Common.h"
  #include "/home/kayes/abi_tool/abi-tool-2.7/2.4/usr/include/evas-1/Evas_Engine_Buffer.h"
  #include "/home/kayes/abi_tool/abi-tool-2.7/2.4/usr/include/evas-1/Evas_Engine_GL_X11.h"
  #include "/home/kayes/abi_tool/abi-tool-2.7/2.4/usr/include/evas-1/Evas_Engine_Software_X11.h"
  #include "/home/kayes/abi_tool/abi-tool-2.7/2.4/usr/include/evas-1/Evas_Eo.h"
  #include "/home/kayes/abi_tool/abi-tool-2.7/2.4/usr/include/evas-1/Evas_GL.h"
  #include "/home/kayes/abi_tool/abi-tool-2.7/2.4/usr/include/evas-1/Evas_GL_GLES1_Helpers.h"
  #include "/home/kayes/abi_tool/abi-tool-2.7/2.4/usr/include/evas-1/Evas_GL_GLES2_Helpers.h"
  #include "/home/kayes/abi_tool/abi-tool-2.7/2.4/usr/include/evas-1/Evas_GL_GLES3_Helpers.h"
  #include "/home/kayes/abi_tool/abi-tool-2.7/2.4/usr/include/evas-1/Evas_Legacy.h"
  #include "/home/kayes/abi_tool/abi-tool-2.7/2.4/usr/include/evas-1/Evas_Loader.h"
  #include "/home/kayes/abi_tool/abi-tool-2.7/2.4/usr/include/evas-1/canvas/efl_vg_base.eo.h"
  #include "/home/kayes/abi_tool/abi-tool-2.7/2.4/usr/include/evas-1/canvas/efl_vg_base.eo.legacy.h"
  #include "/home/kayes/abi_tool/abi-tool-2.7/2.4/usr/include/evas-1/canvas/efl_vg_container.eo.h"
  #include "/home/kayes/abi_tool/abi-tool-2.7/2.4/usr/include/evas-1/canvas/efl_vg_container.eo.legacy.h"
  #include "/home/kayes/abi_tool/abi-tool-2.7/2.4/usr/include/evas-1/canvas/efl_vg_gradient.eo.h"
  #include "/home/kayes/abi_tool/abi-tool-2.7/2.4/usr/include/evas-1/canvas/efl_vg_gradient.eo.legacy.h"
  #include "/home/kayes/abi_tool/abi-tool-2.7/2.4/usr/include/evas-1/canvas/efl_vg_gradient_linear.eo.h"
  #include "/home/kayes/abi_tool/abi-tool-2.7/2.4/usr/include/evas-1/canvas/efl_vg_gradient_linear.eo.legacy.h"
  #include "/home/kayes/abi_tool/abi-tool-2.7/2.4/usr/include/evas-1/canvas/efl_vg_gradient_radial.eo.h"
  #include "/home/kayes/abi_tool/abi-tool-2.7/2.4/usr/include/evas-1/canvas/efl_vg_gradient_radial.eo.legacy.h"
  #include "/home/kayes/abi_tool/abi-tool-2.7/2.4/usr/include/evas-1/canvas/efl_vg_root_node.eo.h"
  #include "/home/kayes/abi_tool/abi-tool-2.7/2.4/usr/include/evas-1/canvas/efl_vg_root_node.eo.legacy.h"
  #include "/home/kayes/abi_tool/abi-tool-2.7/2.4/usr/include/evas-1/canvas/efl_vg_shape.eo.h"
  #include "/home/kayes/abi_tool/abi-tool-2.7/2.4/usr/include/evas-1/canvas/efl_vg_shape.eo.legacy.h"

The GCC parameters:
  gcc -fdump-translation-unit -fkeep-inline-functions -c -x c++-header -fpermissive -w "/tmp/qNHTSf8hVT/dump1.h"  -I/home/kayes/abi_tool/abi-tool-2.7/2.4/usr/include/evas-1 -I/home/kayes/tizen-sdk/platforms/tizen-3.0/mobile/rootstraps/mobile-3.0-device.core/usr/include -I/home/kayes/tizen-sdk/platforms/tizen-3.0/mobile/rootstraps/mobile-3.0-device.core/usr/include/widget_service -I/home/kayes/tizen-sdk/platforms/tizen-3.0/mobile/rootstraps/mobile-3.0-device.core/usr/include/eo-1 -I/home/kayes/tizen-sdk/platforms/tizen-3.0/mobile/rootstraps/mobile-3.0-device.core/usr/include/eina-1 -I/home/kayes/tizen-sdk/platforms/tizen-3.0/mobile/rootstraps/mobile-3.0-device.core/usr/include/efl-1 -I/home/kayes/tizen-sdk/platforms/tizen-3.0/mobile/rootstraps/mobile-3.0-device.core/usr/include/ecore-evas-1 -I/home/kayes/tizen-sdk/platforms/tizen-3.0/mobile/rootstraps/mobile-3.0-device.core/usr/include/ecore-1 -I/home/kayes/tizen-sdk/platforms/tizen-3.0/mobile/rootstraps/mobile-3.0-device.core/usr/include/eina-1/eina

In file included from /tmp/qNHTSf8hVT/dump1.h:7:0:
/home/kayes/abi_tool/abi-tool-2.7/2.4/usr/include/widget_viewer_evas/widget_viewer_evas_internal.h:26:37: fatal error: widget_service_internal.h: No such file or directory
 #include "widget_service_internal.h"
                                     ^
compilation terminated.

