Temporary header file '/tmp/QsKCdILX99/dump1.h' with the following content will be compiled to create GCC translation unit dump:

  // add includes
  #include "/home/kayes/abi_tool/abi-tool-2.7/2.4/usr/include/msg-service/msg.h"
  #include "/home/kayes/abi_tool/abi-tool-2.7/2.4/usr/include/msg-service/msg_storage.h"
  #include "/home/kayes/abi_tool/abi-tool-2.7/2.4/usr/include/msg-service/msg_storage_types.h"
  #include "/home/kayes/abi_tool/abi-tool-2.7/2.4/usr/include/msg-service/msg_transport.h"
  #include "/home/kayes/abi_tool/abi-tool-2.7/2.4/usr/include/msg-service/msg_transport_types.h"
  #include "/home/kayes/abi_tool/abi-tool-2.7/2.4/usr/include/msg-service/msg_types.h"

The GCC parameters:
  gcc -fdump-translation-unit -fkeep-inline-functions -c -x c++-header -fpermissive -w "/tmp/QsKCdILX99/dump1.h"

Temporary header file '/tmp/QsKCdILX99/dump2.h' with the following content will be compiled to create GCC translation unit dump:

  // add includes
  #include "/home/kayes/abi_tool/abi-tool-2.7/3.0/usr/include/msg-service/msg.h"
  #include "/home/kayes/abi_tool/abi-tool-2.7/3.0/usr/include/msg-service/msg_storage.h"
  #include "/home/kayes/abi_tool/abi-tool-2.7/3.0/usr/include/msg-service/msg_storage_types.h"
  #include "/home/kayes/abi_tool/abi-tool-2.7/3.0/usr/include/msg-service/msg_transport.h"
  #include "/home/kayes/abi_tool/abi-tool-2.7/3.0/usr/include/msg-service/msg_transport_types.h"
  #include "/home/kayes/abi_tool/abi-tool-2.7/3.0/usr/include/msg-service/msg_types.h"

The GCC parameters:
  gcc -fdump-translation-unit -fkeep-inline-functions -c -x c++-header -fpermissive -w "/tmp/QsKCdILX99/dump2.h"

