====================
বুধ জানু  4 13:36:34 BDT 2017
====================
SDL2.armv7l 2.0.4-12.1 platform/upstream/SDL#71cbad8ebaa1b39a74cb100b0746a852901b118a
account-common.armv7l 0.1.4-5.1 platform/core/account/account-common#600a3231cdbfe3e0b8327207d91f685aed7a8532
account-manager.armv7l 0.1.13-6.1 platform/core/account/account-manager#41f2c3bbf2ba83fa81e9d4485fee94a394049ab7
account-parser.armv7l 0.1.3-4.1 platform/core/account/account-parser#793a0684f9130be868fe416767302ffa9230688f
acl.armv7l 2.2.52-1.1 platform/upstream/acl#bb2f70f5a4d7015cb3dadf2a84f42117bae1c669
alarm-server.armv7l 0.4.178-18.1 platform/core/appfw/alarm-manager#c1f809f715b2fa5e6e4ae411ea6fd08936806a0c
alsa-utils.armv7l 1.0.28-1.1 platform/upstream/alsa-utils#74df8d82377f09ecb57f2c427fa502b1548391a7
amd.armv7l 0.0.101-26.1 platform/core/appfw/amd#c046b74c5b5be9e9c806e7384c231d2784a31375
anthy.armv7l 9100h-3.1 platform/core/uifw/anthy#1aad455b3846c543068121d444f38c910b0e640f
app-core-common.armv7l 1.2-5.1 platform/core/appfw/app-core#39cbcf2218aafa82ccdc9cb460cc99ef06173f05
app-core-efl.armv7l 1.2-5.1 platform/core/appfw/app-core#39cbcf2218aafa82ccdc9cb460cc99ef06173f05
app-installers.armv7l 1.11-29.1 platform/core/appfw/app-installers#3cce6d400c909de5c6e467b7365b2b8acb916d95
app-svc.armv7l 0.1.53-3.1 platform/core/appfw/app-svc#2240e3859435c519298bb9e8ee2d821cbb1fea17
app2sd.armv7l 0.5.43-9.1 platform/core/appfw/app2sd#49d8b53f4be929d3f9f1ea246ce6edadea56d712
appcore-agent.armv7l 1.0.4-6.1 platform/core/appfw/appcore-agent#a1f571e6c872cca3f57cd69c8bc93dcb826c5955
appcore-widget.armv7l 1.0.0.0-9.1 platform/core/appfw/appcore-widget#e95b5d19521b531da453f48c71d9777f335bdb28
argos_watchdog.armv7l 0.0.1-1.1 platform/core/system/argos_watchdog#d5114e76188e1bbb4c30fbe8cb8894819eeb2e7f
askuser-plugins.armv7l 0.1.7-5.2 platform/core/security/askuser#25413a2f9d34c4cb9b533238b9f2f2725e67d9ac
askuser-test.armv7l 0.1.7-5.2 platform/core/security/askuser#25413a2f9d34c4cb9b533238b9f2f2725e67d9ac
askuser.armv7l 0.1.7-5.2 platform/core/security/askuser#25413a2f9d34c4cb9b533238b9f2f2725e67d9ac
at-spi2-core.armv7l 2.16.1-7.1 platform/upstream/at-spi2-core#688544a3fc70c878b39ad0e5134e58291d2bffa8
audio-config-wm1831-orbis.noarch 0.0.29-1.1 profile/wearable/platform/adaptation/samsung_exynos/audio-config-wm1831#4759d20bdb291a19361f9a4774c5bc49187e7f61
audio-hal-wm1831.armv7l 0.1.10-3.1 platform/adaptation/samsung_exynos/audio-hal-wm1831#62c42b6a0dc5c0f1f98e48277f7fc6f93589f99c
aul.armv7l 0.0.304-19.3 platform/core/appfw/aul-1#f924ca5e7cad8ef9fd2514eb24d1880fe75d1193
auth-fw.armv7l 0.0.1-3.1 platform/core/security/auth-fw#96d64bfa6ee2867f154d3dd9f06ace999903b1ad
bash.armv7l 3.2.57-1.1 product/upstream/bash#e15719eca663a1de7762ab70817b0357640572bc
bluetooth-agent.armv7l 0.1.2-8.1 platform/core/connectivity/bluetooth-agent#39029ff4899c21fcb842232702526296940aaae3
bluetooth-firmware-bcm-exynos3250.armv7l 0.2.0-2.1 platform/adaptation/bluetooth-firmware-bcm#ea7fc1b04c45aac702a21755b1fd343a32d963f0
bluetooth-frwk-core.armv7l 0.2.156-20.1 platform/core/connectivity/bluetooth-frwk#005fc2b1b55394ab098c6281624f072e6003a38f
bluetooth-frwk-service.armv7l 0.2.156-20.1 platform/core/connectivity/bluetooth-frwk#005fc2b1b55394ab098c6281624f072e6003a38f
bluetooth-frwk.armv7l 0.2.156-20.1 platform/core/connectivity/bluetooth-frwk#005fc2b1b55394ab098c6281624f072e6003a38f
bluetooth-tools.armv7l 0.2.37-4.1 platform/core/connectivity/bluetooth-tools#db06301be713bb321e6566b747e3d4daf9803dc0
bluez.armv7l 5.37-14.1 platform/upstream/bluez#13cddc2dfc56cd5fb51d066e327666c5a61a7c56
boost-date-time.armv7l 1.58.0-1.2 platform/upstream/boost#19bc0ae04846b66e010064545c66a1b6f1a042ac
boost-filesystem.armv7l 1.58.0-1.2 platform/upstream/boost#19bc0ae04846b66e010064545c66a1b6f1a042ac
boost-license.noarch 1.58.0-1.2 platform/upstream/boost#19bc0ae04846b66e010064545c66a1b6f1a042ac
boost-program-options.armv7l 1.58.0-1.2 platform/upstream/boost#19bc0ae04846b66e010064545c66a1b6f1a042ac
boost-regex.armv7l 1.58.0-1.2 platform/upstream/boost#19bc0ae04846b66e010064545c66a1b6f1a042ac
boost-system.armv7l 1.58.0-1.2 platform/upstream/boost#19bc0ae04846b66e010064545c66a1b6f1a042ac
boost-thread.armv7l 1.58.0-1.2 platform/upstream/boost#19bc0ae04846b66e010064545c66a1b6f1a042ac
boot-animation.armv7l 0.3.7-6.1 apps/native/boot-animation#ace956c9562912dc99f165ca8f95d40804b9eceb
buxton2.armv7l 1.1-14.1 platform/core/system/buxton2#fdf1cda7254359a084d4568ad0877dfa5bcc72be
ca-certificates-tizen.armv7l 0.2.0-3.1 platform/core/security/ca-certificates-tizen#2fc05b33448affddcafbc50fb4aade877282b7fb
ca-certificates.noarch 0.0.4-4.1 platform/core/security/ca-certificates#780b8a780973dc78a8184789d1acc8b5a11ca18d
calendar-service.armv7l 0.1.175-11.1 platform/core/pim/calendar-service#6161a7669c7199650a1ea67a42abbcd5abe5fb2f
capi-appfw-alarm.armv7l 0.1.0-5.1 platform/core/api/alarm#c15b7985b5274f21bf5857d59c85de545e5ca9d7
capi-appfw-application.armv7l 0.1.0-7.1 platform/core/api/application#5cff1a01ee9946c4b12cad9ff1634e887749fe43
capi-maps-service.armv7l 0.6.9-9.1 platform/core/api/maps-service#20a0b3ba66c23e480abbfbf364db00e9a2ec58f5
capi-media-controller.armv7l 0.1.31-7.1 platform/core/api/media-controller#44bab8e281b0a75001d5437b9aa42c88b89a5803
capi-media-metadata-editor.armv7l 0.1.5-1.1 platform/core/api/metadata-editor#6955f6010fc3d35e66643e7aa1e64a8eb670294c
capi-media-streamer.armv7l 0.1.11-9.1 platform/core/api/mediastreamer#0a187c0051812dbe8e6c2f12c189cac7c2b239ae
capi-media-streamrecorder.armv7l 0.0.7-1.2 platform/core/api/mediastreamrecorder#2ac4aeeea701f94e4a5e1dd54ddccd2fa80dab6e
capi-media-thumbnail-util.armv7l 0.1.5-4.1 platform/core/api/thumbnail-util#51a89fc04169423ebd6e8d2e837847aa0812ae8e
capi-media-vision.armv7l 0.3.23-3.3 platform/core/api/mediavision#7c7e8ff790c089877bb9dfb3f73202a674d484ae
capi-mediademuxer.armv7l 0.1.15-5.1 platform/core/api/mediademuxer#0196ab2d12104c528a02bb0a5d1d7e910b0cf758
capi-mediamuxer.armv7l 0.1.7-6.2 platform/core/api/mediamuxer#a433c71ff93b8725d1dfe5293b18dae3c41d3147
capi-messaging-email.armv7l 0.1.16-2.1 platform/core/api/email#1fe2f50189e87ee3847c57bc55a305afbd8031f4
capi-network-http.armv7l 0.0.19-6.1 platform/core/api/http#b7b4ee71b9b0596e4c8766c85e8629ae60ed5c57
capi-network-nfc.armv7l 0.3.6-6.1 platform/core/api/nfc#b3554807f8fd15306b9448be76b8b8f83d3846d5
capi-network-softap.armv7l 0.0.11-6.1 platform/core/api/softap#a294c749678d04cfc9b2e310b655bc058374897b
capi-ui-inputmethod-manager.armv7l 0.0.9-1.1 platform/core/api/inputmethod-manager#1951e136ede104ea9dfa59334f1d9f98cadef58a
capi-ui-inputmethod.armv7l 0.0.18-1.1 platform/core/api/inputmethod#a5a74cca744ec39b34fac38a22dc119ea544f54b
capi-web-url-download.armv7l 1.2.8-1.1 platform/core/api/url-download#eb57317f8ecd21ae34ba99fa834ca01f25d2ff08
cert-svc.armv7l 2.1.6-9.1 platform/core/security/cert-svc#20cd4cc911e45e6480f328006fbce7f5cb6067a1
chromium-efl.armv7l 47.2526.69.49-48.1 platform/framework/web/chromium-efl#383d311e434a30621dc9d777d6fac3b4254a106e
connman.armv7l 1.29-12.1 platform/upstream/connman#97d882d9b7a5bb5e47e4391ce8731cffe152c81d
contacts-service2.armv7l 0.13.69-19.1 platform/core/pim/contacts-service#2fc61b075f66603e010aa52036e1be7f52b1a2ee
context-common.armv7l 0.9.9-3.1 platform/core/context/context-common#afd9f6f43bf2e1f7c9e2ba707eb7adb1aafa6807
context-provider.armv7l 0.9.13-9.1 platform/core/context/context-provider#cb09cab88bab5f124e0e41d20f65c6e0d7e83d52
context-service.armv7l 0.9.9-5.1 platform/core/context/context-service#ea7559550fc8fe7ebbc50ec8096def1a46849b71
cordova-api.armv7l 0.14-5.1 platform/core/api/cordova-plugins#14728d86e70dafba5e9d5269d49b95f3288121b2
coregl.armv7l 0.1.10-8.3 platform/core/uifw/coregl#34cdee0a80af9d7a49e926ceb331ff6ff543fcce
coreutils.armv7l 6.9-1.1 product/upstream/coreutils#6efa1012aab2052a7dadaa4cea99a5f88f0b58c2
crash-worker.armv7l 0.3.0-13.1 platform/core/system/crash-worker#fbe2344b1b9729a845a8701d25086eca33147336
crosswalk-tizen.armv7l 1.0.0-20.1 platform/framework/web/crosswalk-tizen#8b10d34491ddfcc7cf5fd3d75aa873e070c2ea7e
curl.armv7l 7.50.2-6.1 platform/upstream/curl#4f2e71339b51562be7a669546873be5bfebd47ff
cyad.armv7l 0.14.6-4.1 platform/core/security/cynara#072236aa7db2da388ef74ecf1c8cd5622423a185
cynara-db-migration.armv7l 0.14.6-4.1 platform/core/security/cynara#072236aa7db2da388ef74ecf1c8cd5622423a185
cynara.armv7l 0.14.6-4.1 platform/core/security/cynara#072236aa7db2da388ef74ecf1c8cd5622423a185
d2d-conv-manager-lib.armv7l 0.0.1-23.1 platform/core/convergence/d2d-conv-manager#06b3707b1c80ba7e8104fdfbff10db9b7ef04701
d2d-conv-manager.armv7l 0.0.1-23.1 platform/core/convergence/d2d-conv-manager#06b3707b1c80ba7e8104fdfbff10db9b7ef04701
dali-adaptor-dali-video-player-plugin.armv7l 1.1.45-11.5 platform/core/uifw/dali-adaptor#f6952fa2f24d7173e05597f3e54c862a4dc5a6e4
dali-adaptor.armv7l 1.1.45-11.5 platform/core/uifw/dali-adaptor#f6952fa2f24d7173e05597f3e54c862a4dc5a6e4
dali-toolkit.armv7l 1.1.45-13.3 platform/core/uifw/dali-toolkit#9f79f40fbeb533ef6fa92d2ad973d20e8885410f
dali.armv7l 1.1.45-10.2 platform/core/uifw/dali-core#a523de52af5a8e299f18a8484ce6b4e1c76f5895
data-control.armv7l 0.0.16-9.1 platform/core/appfw/data-control#40df0ae1127e0bfd6f7b89d2a4824d1a50aff7d1
data-provider-master.armv7l 1.3.0-15.1 platform/core/appfw/data-provider-master#13037aaa960a34089c8a9a710f18c5a0fd615f01
db4.armv7l 4.8.30.NC-1.1 platform/upstream/db4#ca62e6e1b6cb57421f026fe91e6dec9039cceab7
dbus-glib.armv7l 0.100.2-1.1 platform/upstream/dbus-glib#43ece0a1234a07d165097262df34d4399fdcb67c
dbus-libs.armv7l 1.10.6-5.1 platform/upstream/dbus#4f9a3114261606c3edf84655b2e5752dee33585f
dbus.armv7l 1.10.6-5.1 platform/upstream/dbus#4f9a3114261606c3edf84655b2e5752dee33585f
dcm-service.armv7l 0.0.13-2.1 platform/core/multimedia/dcm-service#99bc9a0ab7ca6efae478bc6c11be1a9d9a75b185
default-ac-domains.noarch 0.1-3.1 platform/core/security/default-ac-domains#4ea5125c9ec6f44246d4af684d571d30e6bcede4
default-fonts-fc-sdk.armv7l 0.0.5-2.1 platform/core/graphics/default-fonts-fc-sdk#347120509eb9e542497e87be50ca2ddd1f944265
default-fonts-sdk.armv7l 1.2.1.0-4.1 platform/core/graphics/default-fonts-sdk#54f9606d6da123ef850206cb08048b31afda50b7
device-manager-plugin-exynos3250.armv7l 0.0.1-1.2 profile/wearable/platform/adaptation/samsung_exynos/device-manager-plugin-exynos3250#3219f97880852b77f9b636cb016d50f5c8f408a3
device-policy-manager.armv7l 0.0.1-10.1 platform/core/security/device-policy-manager#82474cdc81a2d7dfcc478698d38ebe1a6567b0bf
deviced-tools.armv7l 2.0.0-24.1 platform/core/system/deviced#5ee8fc14cf9ecb8cdb574eda0c57e04dc23d7871
deviced.armv7l 2.0.0-24.1 platform/core/system/deviced#5ee8fc14cf9ecb8cdb574eda0c57e04dc23d7871
dlogbackend-logger.armv7l 0.5.1-12.1 platform/core/system/dlog#4b8b47d48490636fe4b5c2f392b379310b22f4eb
dlogutil.armv7l 0.5.1-12.1 platform/core/system/dlog#4b8b47d48490636fe4b5c2f392b379310b22f4eb
dnsmasq.armv7l 2.74-1.2 platform/upstream/dnsmasq#bfe353fab22064f77f3ad423b95b848dcbad21b7
download-fonts-service.armv7l 1.0.0-1.1 platform/core/uifw/download-fonts-service#3ea6bd7b1ba605d7b9e52b281355842e1e0a53ff
download-provider.armv7l 2.1.70-6.17 platform/framework/web/download-provider#4ffec953b24a55d34d45c63f672d1c36b5b38e80
drm-service-core-tizen.armv7l 0.3.9-3.2 platform/core/security/drm-service-core-tizen#618410feb6847ad7048999ffc44f8913295e9251
dummyasm.armv7l 0.0.1-4.2 platform/core/account/fido-client#bd5e7c179cf639f51966c1bbab1e905fe9d9d4d4
e-mod-tizen-devicemgr.armv7l 0.1.47-17.5 platform/core/uifw/e-mod-tizen-devicemgr#e8eaeeb2c67502ece5927b2340d1e40624a72972
e-mod-tizen-eom.armv7l 0.1.1-3.29 platform/core/uifw/e-mod-tizen-eom#f286e69061b8769d17145756a60c15c75dd6830d
e-mod-tizen-gesture.armv7l 0.1.3-5.7 platform/core/uifw/e-mod-tizen-gesture#d34ed57a8e14e6d5b36004ed203778da2d17c5c9
e-mod-tizen-keyrouter.armv7l 0.1.30-8.7 platform/core/uifw/e-mod-tizen-keyrouter#6dd8a151cd359352307753c40202ed55c9a6982f
e-mod-tizen-processmgr.armv7l 0.2.1-1.28 platform/core/uifw/e-mod-tizen-processmgr#0da8b458b43982d9376d50d4f92f37e5cd3352c8
e-mod-tizen-screen-reader.armv7l 0.0.2-4.1 platform/core/uifw/e-mod-tizen-screen-reader#ae25b9c161ed19b5de0793a6b52cc270d01fcbfc
e-mod-tizen-wl-textinput.armv7l 0.1.78-13.2 platform/core/uifw/e-mod-tizen-wl-textinput#fe2cbcf4571729de5625bfc6578d278564b95007
e-mod-tizen-wm-policy.armv7l 0.3.5-11.2 platform/core/uifw/e-mod-tizen-wm-policy#fe389357b4a5189660d3cd6d92a2c1eede25f9b1
e-tizen-data.noarch 0.3.12-3.8 profile/wearable/platform/core/uifw/e-tizen-data#4588a72ad7d8b66172f545104e63fd85fb9ed36c
e2fsprogs.armv7l 1.42.13-2.1 platform/upstream/e2fsprogs#08d3b17bb3ac181696ef001a61ee280951294970
ector.armv7l 1.16.0-18.2 platform/upstream/efl#3b853c781f04a2660f85fcf05b175f4297961f9b
edbus.armv7l 1.7.9-1.1 platform/upstream/edbus#f988bbb48d8894e47d9166ebb966e51fd2f32942
eet.armv7l 1.16.0-18.2 platform/upstream/efl#3b853c781f04a2660f85fcf05b175f4297961f9b
eeze.armv7l 1.16.0-18.2 platform/upstream/efl#3b853c781f04a2660f85fcf05b175f4297961f9b
efl-config.armv7l 0.1-1.66 profile/wearable/platform/core/uifw/efl-config#bbefde7e4b85134e0287a142500c09287f630f75
efl-misc.noarch 0.1.32-4.1 profile/wearable/platform/core/uifw/efl-misc#81cd403a92178c8be3275072bb1479ee8eaf9b83
efl-modules.armv7l 0.1.1-6.1 profile/wearable/platform/core/uifw/efl-modules#46429b0440a9447f87c42b452b0aa20c004fcdf2
efl-theme-tizen-wearable.armv7l 1.1.0-15.3 profile/wearable/platform/core/uifw/efl-theme-tizen-wearable#6f62c6fcfca404979d6834f48094af1b9e6a0ea2
efl.armv7l 1.16.0-18.2 platform/upstream/efl#3b853c781f04a2660f85fcf05b175f4297961f9b
efreet.armv7l 1.16.0-18.2 platform/upstream/efl#3b853c781f04a2660f85fcf05b175f4297961f9b
eio.armv7l 1.16.0-18.2 platform/upstream/efl#3b853c781f04a2660f85fcf05b175f4297961f9b
eldbus.armv7l 1.16.0-18.2 platform/upstream/efl#3b853c781f04a2660f85fcf05b175f4297961f9b
elementary-locale.noarch 1.16.0-18.1 platform/upstream/elementary#7ee2aabec08f9649f97abe8e0269d0b59c8a0e3f
elementary-tools.armv7l 1.16.0-18.1 platform/upstream/elementary#7ee2aabec08f9649f97abe8e0269d0b59c8a0e3f
elementary.armv7l 1.16.0-18.1 platform/upstream/elementary#7ee2aabec08f9649f97abe8e0269d0b59c8a0e3f
email-service.armv7l 0.10.103-7.37 platform/core/messaging/email-service#f18ca15260e3c211a8ba6ffad40a1f72e8627b81
embryo.armv7l 1.16.0-18.2 platform/upstream/efl#3b853c781f04a2660f85fcf05b175f4297961f9b
emile.armv7l 1.16.0-18.2 platform/upstream/efl#3b853c781f04a2660f85fcf05b175f4297961f9b
emotion.armv7l 1.16.0-18.2 platform/upstream/efl#3b853c781f04a2660f85fcf05b175f4297961f9b
enlightenment.armv7l 0.20.0-29.1 platform/upstream/enlightenment#620b329f83807dcb2074c2c5d7d730f8b12fb373
eo.armv7l 1.16.0-18.2 platform/upstream/efl#3b853c781f04a2660f85fcf05b175f4297961f9b
esd.armv7l 0.0.1-6.1 platform/core/appfw/event-system#84ed104e0aa96dd633440ffe4bb0934c836022a8
ethumb.armv7l 1.16.0-18.2 platform/upstream/efl#3b853c781f04a2660f85fcf05b175f4297961f9b
evas.armv7l 1.16.0-18.2 platform/upstream/efl#3b853c781f04a2660f85fcf05b175f4297961f9b
eventsystem.armv7l 0.0.1-4.1 platform/core/appfw/libeventsystem#23792796e351e43b004d5877420565a881bb2fa7
fido-client.armv7l 0.0.1-4.2 platform/core/account/fido-client#bd5e7c179cf639f51966c1bbab1e905fe9d9d4d4
filesystem.armv7l 3.1-8.1 platform/upstream/filesystem#b7ebd3eb47e978225f40425ba2ca0c501c18a194
findutils.armv7l 4.3.8-1.1 product/upstream/findutils#fbcec791d08fd35fb1fecbde8577d0c093b03c8e
fontconfig.armv7l 2.12.1-7.1 platform/upstream/fontconfig#0a2044589bb9cd04a462787dc4f15f0dab74fbdc
freealut.armv7l 1.1.0-1.1 platform/upstream/freealut#e49c4159c327ac69b050d318d9ad6c6b7303da50
fribidi.armv7l 0.19.7-1.1 platform/upstream/fribidi#cdb5dd6f99799643edf722951fefb2178a63adae
fsck-msdos.armv7l 1.0.0-1.1 platform/upstream/fsck-msdos#7968662a7c873ca47c5f4f4994fa54197220c1ec
gawk.armv7l 3.1.5-1.1 product/upstream/gawk#5f040b3129470de365e017593cfccb094abb2b1e
gdbm.armv7l 1.8.3-1.1 product/upstream/gdbm#de09dc9644ad6109d4c016134ba4e9ff9d657717
giflib.armv7l 5.1.2-1.1 platform/upstream/giflib#8236083c901e4740d31e916bccfecf37522f82f2
gio-branding-upstream.noarch 2.44.1-11.1 platform/upstream/glib#1c9ea65f1aae0cfc84d122edbbf1e48df17f999e
girepository.armv7l 1.36.0-1.2 platform/upstream/gobject-introspection#6c15fe2f7415421fd1d38d03d8865c0e3e4c9967
glib-networking.armv7l 2.38.0-2.1 platform/upstream/glib-networking#934146aa9320025d44cc35e6a006d8238b545eff
glibc-locale.armv7l 2.20-2.1 platform/upstream/linaro-glibc#6341ed51865f87dfa2347e2cc5a8ee3ebf098045
glibc.armv7l 2.20-2.1 platform/upstream/linaro-glibc#6341ed51865f87dfa2347e2cc5a8ee3ebf098045
gmime.armv7l 2.6.20-1.1 platform/upstream/gmime#500a500d7b6830b80c74eebb5cd5c4dc4156cd96
gmock.armv7l 1.7.0-1.1 platform/upstream/gmock#e9af2645b97318476dc0eeded167f0bd08d686ec
grep.armv7l 2.5.2-1.1 product/upstream/grep#89b6768046f08b7e319b44eae9bb3dab50714da4
gssdp.armv7l 0.14.4-1.1 platform/upstream/gssdp#9eb682479f9e96f5f8b25cd8486bd47156356673
gst-libav.armv7l 1.6.1-3.2 platform/upstream/gst-libav#6c0d69fbcfd19873334567ae007fb7a79a3b0387
gst-omx.armv7l 1.2.3-5.1 platform/upstream/gst-omx#882d9ac8538267da5e2e6f05f08a1ec26ba356b7
gst-plugins-bad.armv7l 1.6.1-13.1 platform/upstream/gst-plugins-bad#7d37c48a713cd48cc60238da393258f8f3ab4af3
gst-plugins-base.armv7l 1.6.1-9.1 platform/upstream/gst-plugins-base#07236fad079ec0fd7dcc13c3d2fa51e7a337e9dd
gst-plugins-good.armv7l 1.6.1-10.1 platform/upstream/gst-plugins-good#88c4fdad543640a3556a21f6e4ea6b5776159db5
gst-plugins-tizen.armv7l 1.0.0-8.1 platform/upstream/gst-plugins-tizen#3d74d4c20edc6d02ef77d87543969af274967d6f
gst-plugins-ugly.armv7l 1.6.1-1.1 platform/upstream/gst-plugins-ugly#d5c390bf1b3ca4fee7d9100f620be7fae75b863a
gstreamer-utils.armv7l 1.6.1-6.1 platform/upstream/gstreamer#e493b62e025c55b2e646a534ccfeeb18942667a7
gstreamer.armv7l 1.6.1-6.1 platform/upstream/gstreamer#e493b62e025c55b2e646a534ccfeeb18942667a7
gum-utils.armv7l 1.0.8-5.1 platform/upstream/gumd#4ea0fadf00da2de0f9ad0b4d27e0aa08d33a988b
gumd.armv7l 1.0.8-5.1 platform/upstream/gumd#4ea0fadf00da2de0f9ad0b4d27e0aa08d33a988b
gzip.armv7l 1.3.12-1.1 product/upstream/gzip#94415ecd9267c94e8d75c94463426e880d55f300
heremaps-uc-launcher.armv7l 0.3.14-10.2 platform/core/location/maps-plugin-here#c4e8a245b189b0edbbf2e5282fbb58bc95e81b13
iniparser.armv7l 3.2-2.1 platform/upstream/iniparser#ddfd095b1d8f75aa9acfae808adb466ac0487b5a
iotcon.armv7l 0.3.10-10.1 platform/core/iot/iotcon#60fe104e91501d5e92e09a785cae20cb57e9fb91
iotivity.armv7l 1.2.1-8.14 platform/upstream/iotivity#2015708296e9674d0b884695421dd78cb3b8d477
iproute2.armv7l 3.9.0-1.1 platform/upstream/iproute2#05c2052b08d5cd38eddc07818e5b39d2f7c6a242
iptables.armv7l 1.4.21-1.1 platform/upstream/iptables#bdab2ae3d451b295663473477b0f2d8064c75fc6
ise-default.armv7l 1.3.21-23.1 platform/core/uifw/ise-default#76cb8d18312eb6421de726040af5ade0dd81ab10
ise-engine-default.armv7l 1.0.6-2.1 platform/core/uifw/ise-engine-default#a3425f6b132ed4adc61e399a63280002a06062bb
isf-config-wearable.noarch 0.1.4-1.1 profile/wearable/platform/core/uifw/isf-config#f22e412c9fa6e8dbefb8087b095de3dfc574c01a
isf.armv7l 3.0.153-19.2 platform/core/uifw/isf#7a82166c28f71da9761095ac8530c2fcdd9a9fd0
jsoncpp.armv7l 1.7.7-2.1 platform/upstream/jsoncpp#148202df049d2537b8a66b5c1464cc0da5c1a5a3
kmod-compat.armv7l 18-1.1 platform/upstream/kmod#92857e35087bbb0816bdd19bcaf687adb0603392
kmod.armv7l 18-1.1 platform/upstream/kmod#92857e35087bbb0816bdd19bcaf687adb0603392
launchpad.armv7l 0.2.3.14-10.1 platform/core/appfw/launchpad#6f59e47b0770f4ce5cd0a3ef3475d00b4047b4e9
lbs-server-plugin-replay.armv7l 0.2.5-1.2 platform/core/location/lbs-server-plugin-replay#f5f230c665316320d98f8e2b3baa1adca9b193dd
lbs-server.armv7l 1.0.10-3.1 platform/core/location/lbs-server#26691ac562e5949a5f331d1137cac0292b09c3f9
libaccount-service.armv7l 0.4.12-8.1 platform/core/api/libaccount-service#a95c0414cbe481688749513528a9f849dbaafeee
libacl.armv7l 2.2.52-1.1 platform/upstream/acl#bb2f70f5a4d7015cb3dadf2a84f42117bae1c669
libalarm.armv7l 0.4.178-18.1 platform/core/appfw/alarm-manager#c1f809f715b2fa5e6e4ae411ea6fd08936806a0c
libaskuser-common.armv7l 0.1.7-5.2 platform/core/security/askuser#25413a2f9d34c4cb9b533238b9f2f2725e67d9ac
libasound.armv7l 1.0.28-1.1 platform/upstream/alsa-lib#a662d129aaaba31acd70edda3c030be2332109e1
libatk-bridge-2_0-0.armv7l 2.16.0-3.1 platform/upstream/at-spi2-atk#a0b1c15371a99a883cbd373b5f020c3779f60f85
libatk.armv7l 2.16.0-3.1 platform/upstream/atk#e91d02fcd860bd758e8ec9b85b19a16cdffba2bc
libatspi0.armv7l 2.16.1-7.1 platform/upstream/at-spi2-core#688544a3fc70c878b39ad0e5134e58291d2bffa8
libattr.armv7l 2.4.47-2.1 platform/upstream/attr#aa301487ed451a3036e8de0edf266f334260432b
libauth-fw-client-admin.armv7l 0.0.1-3.1 platform/core/security/auth-fw#96d64bfa6ee2867f154d3dd9f06ace999903b1ad
libauth-fw-client.armv7l 0.0.1-3.1 platform/core/security/auth-fw#96d64bfa6ee2867f154d3dd9f06ace999903b1ad
libavcodec.armv7l 11.4-2.1 platform/upstream/libav#13e859ead80465c4e359cf44b464a1cb5b5ff154
libavformat.armv7l 11.4-2.1 platform/upstream/libav#13e859ead80465c4e359cf44b464a1cb5b5ff154
libavutil.armv7l 11.4-2.1 platform/upstream/libav#13e859ead80465c4e359cf44b464a1cb5b5ff154
libblkid.armv7l 2.28-1.1 platform/upstream/util-linux#613b5916b9dad5b90991d31492c58029183f5e3b
libbmp.armv7l 0.1.3-1.1 platform/upstream/libbmp#0581f50825d90713e8fe8f1d383cde16868c924f
libbz2.armv7l 1.0.6-1.9 platform/upstream/bzip2#a0ce3d19cafededee240c7ac926b1f505326c765
libcairo.armv7l 1.14.2-4.1 platform/core/graphics/cairo#8a4f453c6ae9091976e08944ab646a4b44174dae
libcap-tools.armv7l 2.24-1.1 platform/upstream/libcap#efac36e39e9c65ebf2a11545b6fe9a2e0185d5e8
libcap.armv7l 2.24-1.1 platform/upstream/libcap#efac36e39e9c65ebf2a11545b6fe9a2e0185d5e8
libcares.armv7l 1.12.0-3.1 platform/upstream/c-ares#6e8e7a899a742f7f170ff6f07a26cf4832f4fdc9
libcom_err.armv7l 1.42.13-2.1 platform/upstream/e2fsprogs#08d3b17bb3ac181696ef001a61ee280951294970
libcore-sync-client.armv7l 0.1.17-9.1 platform/core/account/sync-manager#6437d0dd19383ab02389ea4dee7ab3ceed2afcec
libcryptsvc.armv7l 0.0.1-1.1 platform/core/security/libcryptsvc#789fc17ac1d5641a8d82b429b1785f9a6c2b4097
libcurl.armv7l 7.50.2-6.1 platform/upstream/curl#4f2e71339b51562be7a669546873be5bfebd47ff
libcynara-admin.armv7l 0.14.6-4.1 platform/core/security/cynara#072236aa7db2da388ef74ecf1c8cd5622423a185
libcynara-agent.armv7l 0.14.6-4.1 platform/core/security/cynara#072236aa7db2da388ef74ecf1c8cd5622423a185
libcynara-client.armv7l 0.14.6-4.1 platform/core/security/cynara#072236aa7db2da388ef74ecf1c8cd5622423a185
libcynara-commons.armv7l 0.14.6-4.1 platform/core/security/cynara#072236aa7db2da388ef74ecf1c8cd5622423a185
libcynara-creds-commons.armv7l 0.14.6-4.1 platform/core/security/cynara#072236aa7db2da388ef74ecf1c8cd5622423a185
libcynara-creds-dbus.armv7l 0.14.6-4.1 platform/core/security/cynara#072236aa7db2da388ef74ecf1c8cd5622423a185
libcynara-creds-gdbus.armv7l 0.14.6-4.1 platform/core/security/cynara#072236aa7db2da388ef74ecf1c8cd5622423a185
libcynara-creds-socket.armv7l 0.14.6-4.1 platform/core/security/cynara#072236aa7db2da388ef74ecf1c8cd5622423a185
libcynara-monitor.armv7l 0.14.6-4.1 platform/core/security/cynara#072236aa7db2da388ef74ecf1c8cd5622423a185
libcynara-session.armv7l 0.14.6-4.1 platform/core/security/cynara#072236aa7db2da388ef74ecf1c8cd5622423a185
libdevice-node.armv7l 0.1.1-6.1 platform/core/system/libdevice-node#22be1ab827e676e97bf8f3a03b26155e60b15fdb
libdeviced.armv7l 2.0.0-24.1 platform/core/system/deviced#5ee8fc14cf9ecb8cdb574eda0c57e04dc23d7871
libdns_sd.armv7l 576.30.4-5.1 platform/upstream/mdnsresponder#6788a02c4381c58e4e00a6eb117963f6c04796eb
libdpm.armv7l 0.0.1-10.1 platform/core/security/device-policy-manager#82474cdc81a2d7dfcc478698d38ebe1a6567b0bf
libdrm.armv7l 2.4.58-1.1 platform/upstream/libdrm#ad9ef04faed688ed214e45c4b96bb1feb0af6d47
libdw.armv7l 0.153-1.8 product/upstream/elfutils#2409992e137a9d50ac0d487c113333e0bae15db3
libelf.armv7l 0.153-1.8 product/upstream/elfutils#2409992e137a9d50ac0d487c113333e0bae15db3
libeom.armv7l 1.0.4-4.1 platform/core/uifw/libeom#5b9d6ba32e5b86014f319dccfb5dea5993643058
libevdev.armv7l 1.2.2-1.1 platform/upstream/libevdev#4d46ff84aca5d09ef33050c3a9c5bcf96c16046e
libexif.armv7l 0.6.21-1.1 platform/upstream/libexif#b9c784fd54b8e5e3f5ee135dc727f616e6b54a0f
libexpat.armv7l 2.2.0-2.1 platform/upstream/expat#878545d094845e207cb92767c5ee20ccfbca448f
libext2fs.armv7l 1.42.13-2.1 platform/upstream/e2fsprogs#08d3b17bb3ac181696ef001a61ee280951294970
libfdisk1.armv7l 2.28-1.1 platform/upstream/util-linux#613b5916b9dad5b90991d31492c58029183f5e3b
libfeedback.armv7l 0.2.0-6.1 platform/core/system/libsvi#d5e74c07a5f241f24a88e2b4ddc87116f3babaf4
libffi.armv7l 3.1-1.1 platform/upstream/libffi#9301bebc6078e3ccf4db45aa63cc5dc853286b42
libfreebl3.armv7l 3.23-1.8 platform/upstream/nss#d2a8c7e98ab18907c1e14033c993731adc7eea9e
libfreetype.armv7l 2.6.5-1.1 platform/upstream/freetype2#7564907ee973e2e67165ba7208f17e0154a42738
libfuse.armv7l 2.9.6-1.1 platform/upstream/fuse#e7a25386ed7e656665efcc632a0dbba5b5a83877
libgbm.armv7l 1.0-1.1 platform/core/uifw/libgbm#ae5d34445eee38daa4349a9ea0340b3faa324ded
libgcc.armv7l 4.9.2-2.2 platform/upstream/linaro-gcc#2dfb1385d2bd9b2dbd01983b907583c53deb9518
libgcrypt.armv7l 1.7.1-1.1 platform/upstream/libgcrypt#04c14f15d3935e6808487ecdfb7ce04fdee3858a
libgio.armv7l 2.44.1-11.1 platform/upstream/glib#1c9ea65f1aae0cfc84d122edbbf1e48df17f999e
libgirepository.armv7l 1.36.0-1.2 platform/upstream/gobject-introspection#6c15fe2f7415421fd1d38d03d8865c0e3e4c9967
libglib.armv7l 2.44.1-11.1 platform/upstream/glib#1c9ea65f1aae0cfc84d122edbbf1e48df17f999e
libgmodule.armv7l 2.44.1-11.1 platform/upstream/glib#1c9ea65f1aae0cfc84d122edbbf1e48df17f999e
libgmp.armv7l 4.2.1-1.1 product/upstream/gmp#63db76d4b2f713185c85f75dc49e7f0d43b34005
libgnutls.armv7l 3.3.5-2.1 platform/upstream/gnutls#fe7ff06feb7671a4fe88969b829f57b4e2b3ede4
libgobject.armv7l 2.44.1-11.1 platform/upstream/glib#1c9ea65f1aae0cfc84d122edbbf1e48df17f999e
libgpg-error.armv7l 1.13-1.7 platform/upstream/libgpg-error#6b695f27757cbebe83801f4532100b8d1cafd6d4
libgthread.armv7l 2.44.1-11.1 platform/upstream/glib#1c9ea65f1aae0cfc84d122edbbf1e48df17f999e
libgum.armv7l 1.0.8-5.1 platform/upstream/gumd#4ea0fadf00da2de0f9ad0b4d27e0aa08d33a988b
libhangul.armv7l 0.1.0-1.1 platform/core/uifw/libhangul#025191eda9ef24340d1cc660ccea982147f3ff95
libharfbuzz.armv7l 1.3.0-1.1 platform/upstream/harfbuzz#9fcbc84278ff4f6a9fd7763846958f9cb5a62279
libhogweed.armv7l 2.7.1-1.1 platform/upstream/nettle#d0dce7ec96e5b694deab4c21e93f644560f79375
libhyphen.armv7l 2.8.8-1.1 platform/upstream/hyphen#15bb768f6cfa2d033f549c93544530a886d6aa27
libicu.armv7l 57.1-1.2 platform/upstream/icu#834bca632a09565a250893903ee752cdc17017d2
libidn.armv7l 1.15-1.1 product/upstream/libidn#b6213c4d172ed46f6684b6b81d0a66b2ca4ce1d8
libinput.armv7l 0.11.0-2.1 platform/upstream/libinput#42fb9bc5feccc6d2a369bff167a1261b5f1d1486
libiri.armv7l 1.1-1.1 platform/upstream/libiri#c756950ca6af8d207c90d570a03ca7673e577123
libjpeg.armv7l 8.0.2-1.5 platform/upstream/libjpeg-turbo#e87d43229452f1ef001b4b97862480beb90a4b09
libjson-glib.armv7l 1.2.0-1.1 platform/upstream/json-glib#192d2b4d939dee78bd6eda38f294c59a7756862c
libjson.armv7l 0.12-1.1 platform/upstream/json-c#a15f1773ada2f5dc46b00f463454a4f4e37fb27d
libkmod.armv7l 18-1.1 platform/upstream/kmod#92857e35087bbb0816bdd19bcaf687adb0603392
liblbs-dbus.armv7l 1.0.2-3.1 platform/core/location/lbs-dbus#feefa1c1ee1e0977b8c180a284358bf962315be3
liblbs-location.armv7l 1.3.5-4.1 platform/core/location/lbs-location#32305c42587c1b4c36b2d298ac8c2540eebaf5b7
libleveldb.armv7l 1.1-1.1 platform/upstream/leveldb#9c5600002489dfbcb0d58ef84e4188e5423265eb
libltdl.armv7l 2.4.2-1.1 platform/upstream/libtool#79f8dda891fc20539d65604d86aee8d0a26c0b98
liblua.armv7l 5.1.4-1.1 platform/upstream/lua#25c38c5d6cf919f6e0c37413955c20dbea24d37f
liblzma.armv7l 5.1.3-1.1 platform/upstream/xz#701fc4e4b88e7c11ae2660fd0e6d86d74e98877a
libmagic-data.armv7l 5.28-2.1 platform/upstream/file#dc3cc8d81eb030a75760b50915ab4334ce8a9704
libmagic.armv7l 5.28-2.1 platform/upstream/file#dc3cc8d81eb030a75760b50915ab4334ce8a9704
libmedia-service.armv7l 0.2.90-9.1 platform/core/multimedia/libmedia-service#f334d5d7a94d12ca7dc7cd92b6e5df26f9ea264c
libmedia-thumbnail.armv7l 0.1.100-3.1 platform/core/multimedia/libmedia-thumbnail#082e7499ca5d57fee12ebdbb22c7ebc5c2ca1586
libmedia-utils.armv7l 0.3.29-17.1 platform/core/multimedia/media-server#e80664643d0e729e8c03b50d68740598a25723ec
libmm-camcorder.armv7l 0.10.99-13.1 platform/core/multimedia/libmm-camcorder#cad92628d90e775275f7cab65744145abf296bfb
libmm-common.armv7l 0.2.98-2.1 platform/core/multimedia/libmm-common#b0e77e4042b9b06161a3f84d2645eb967ff59a8d
libmm-evas-renderer.armv7l 0.0.9-7.1 platform/core/multimedia/libmm-evas-renderer#bdac8b8ca6064afeda46c03551af1a87e00240b9
libmm-fileinfo.armv7l 0.6.54-6.1 platform/core/multimedia/libmm-fileinfo#a82f657dfcca4897ed5b5ff9e773342f41387c01
libmm-imgp-gstcs.armv7l 0.12-1.2 platform/core/multimedia/libmm-imgp-gstcs#54768e415cf0f17c1d0f8906cc2a7c8d48417a15
libmm-player.armv7l 0.6.20-14.1 platform/core/multimedia/libmm-player#b7bf7e96a66f9fe831819bc4b51c3cc11455b6b4
libmm-radio.armv7l 0.2.18-8.1 platform/core/multimedia/libmm-radio#b036b0088d7d626e6813ca4287ae6eb9aefb81e2
libmm-session.armv7l 0.2.9-1.1 platform/core/multimedia/libmm-session#0b7c963f5f396bc268781894168c876347bdd1f9
libmm-sound.armv7l 0.10.77-10.1 platform/core/multimedia/libmm-sound#d7cf8183716b7ce865e95329139c46f172ddde99
libmm-streamrecorder.armv7l 0.0.11-4.1 platform/core/multimedia/libmm-streamrecorder#ac4592a5994a149a8ee24470d076577b737da6d6
libmm-utility.armv7l 0.26-2.3 platform/core/multimedia/libmm-utility#1d5837d6965a75d7b3dd5e85d9679e85e22f6b82
libmnl.armv7l 1.0.3-1.1 platform/upstream/libmnl#c40ac5e9c3588cf4d542cc04948cc9aff4068783
libmount.armv7l 2.28-1.1 platform/upstream/util-linux#613b5916b9dad5b90991d31492c58029183f5e3b
libmtdev.armv7l 1.1.5-1.1 platform/upstream/mtdev#33314eb5b51716eeb628d3303bc63b1fa4615c60
libncurses.armv7l 5.9-1.1 platform/upstream/ncurses#eefc3e4398eaa6c81cf61dd36c3ba3d87f33d1bf
libnet-client.armv7l 1.1.57-5.1 platform/core/connectivity/libnet-client#ca44d57aa38fff73a879f099b88ae534b1497801
libnetfilter_queue.armv7l 1.0.2-1.1 platform/upstream/libnetfilter_queue#e99e1939d1fa7cf73a4918dcbb2e286180a8664e
libnettle.armv7l 2.7.1-1.1 platform/upstream/nettle#d0dce7ec96e5b694deab4c21e93f644560f79375
libnfnetlink.armv7l 1.0.1-1.1 platform/upstream/libnfnetlink#799f84b01c26970d8a72b058661515a9441ce316
libnl2.armv7l 2.0-1.1 platform/upstream/libnl2#7abc61a18afc17e2489d057115028ddc6d512916
libnsbmp.armv7l 0.1.1-1.1 platform/upstream/libnsbmp#bf8fb39f478b8dc4f8b6565df6b56be7cfc72d71
libnsd-dns-sd.armv7l 0.0.11-5.1 platform/core/api/nsd#f4d60f53d642e21101d9257345e3bd2b7d7cc3be
libnsd-ssdp.armv7l 0.0.11-5.1 platform/core/api/nsd#f4d60f53d642e21101d9257345e3bd2b7d7cc3be
libnss-security-manager.armv7l 1.2.12-9.1 platform/core/security/security-manager#961c10eca811c32bde94566ac269fec290cdac96
liboauth.armv7l 1.0.3-1.1 platform/upstream/liboauth#9d6f3a2e293d7a433847c40a1ac501dc8e39d148
libogg.armv7l 1.3.2-1.1 platform/upstream/libogg#b75913e3b9a875c38ba05cd37ae3eab368fa0672
libomxil-e3250-v4l2.armv7l 0.1.2-1.1 platform/adaptation/ap_samsung/libomxil-e3250-v4l2#fc05637baf4b8e0b572bc7a2cf06cf5d06ac1202
libopenssl.armv7l 1.0.2j-1.1 platform/upstream/openssl#2aa9976583d40171b571a16e060b886b220157f4
liborc.armv7l 0.4.18-1.1 platform/upstream/orc#c8f3d75f1e339924839968051f32d13893be2ea8
libpcre.armv7l 8.39-1.1 platform/upstream/pcre#7e15daf4f2e26a440fc15817dc501b48e5189739
libpcrecpp.armv7l 8.39-1.1 platform/upstream/pcre#7e15daf4f2e26a440fc15817dc501b48e5189739
libphonenumber.armv7l 7.0.6-1.6 platform/upstream/libphonenumber#1255a477e660fc1be97b4a0ef0a093622a1a6a6e
libpng.armv7l 1.6.21-1.1 platform/upstream/libpng#b7996917b34edd9c47ca5ffd53f0bd681bd9c79a
libpopt.armv7l 1.16-1.1 platform/upstream/popt#57a4b6aad5f2107aa86aaf2062d553e2b6edc5f0
libprotobuf-lite9.armv7l 2.6.1-1.2 platform/upstream/protobuf#60f43b65d240afe6cf5a377ec66cd7b0ac3b6c34
libpulse.armv7l 5.0-7.1 platform/upstream/pulseaudio#8a64f5fc35c20ce9520a98105808e2ee48a58ee4
libre2.armv7l 20130115-1.1 platform/upstream/re2#4ae165f74795e7a24135199b894cfec36a36d210
libreadline.armv7l 5.2-1.1 platform/upstream/readline#9197ce0c776e355acd8eb33b9f0b526771d27bfe
librua.armv7l 0.1.0-4.1 platform/core/appfw/librua#ab9c9a8657c7b84fbb447099056d87799f65666b
libscl-common.armv7l 0.4.1-1.1 platform/core/uifw/libscl-common#01ca5c89187b7930641c77a8b07f7ffda98adc08
libscl-core.armv7l 0.4.33-6.1 platform/core/uifw/libscl-core#ed0c1b3bb7a467e78f9ad0d536a8e2e7db86c969
libscl-ui.armv7l 0.6.45-12.2 platform/core/uifw/libscl-ui#bed2c310ab9722e03eac91790492b91de1f16baa
libscreen_connector_provider.armv7l 1.0-3.1 platform/core/appfw/screen-connector#a6feb4b93fb290802d392a5bfd5998fefa2bdff9
libscreen_connector_watcher.armv7l 1.0-3.1 platform/core/appfw/screen-connector#a6feb4b93fb290802d392a5bfd5998fefa2bdff9
libscreen_connector_watcher_evas.armv7l 1.0-3.1 platform/core/appfw/screen-connector#a6feb4b93fb290802d392a5bfd5998fefa2bdff9
libsecurity-manager-client.armv7l 1.2.12-9.1 platform/core/security/security-manager#961c10eca811c32bde94566ac269fec290cdac96
libsensord.armv7l 2.0.9-7.1 platform/core/system/sensord#e02c195ed699ebf0f0cf4869624a6734029dd762
libslp-db-util.armv7l 0.1.1-4.1 platform/core/appfw/libslp-db-util#8017f205ffb48391debdfbd55f082ac4bec98d4d
libsmack.armv7l 1.3.0-2.1 platform/upstream/smack#11561ab6f8a062d8afd36a51714e26f6c08f1ec5
libsmartcols.armv7l 2.28-1.1 platform/upstream/util-linux#613b5916b9dad5b90991d31492c58029183f5e3b
libsndfile.armv7l 1.0.26-1.1 platform/upstream/libsndfile#86d6043fbcad671df30fd93f5fc9fd39df014288
libsoftokn3.armv7l 3.23-1.8 platform/upstream/nss#d2a8c7e98ab18907c1e14033c993731adc7eea9e
libsoup.armv7l 2.46.0-2.1 platform/upstream/libsoup#92bdc351305935cab11c895b88d753b7e78c8c8b
libspeex.armv7l 1.1.999_1.2rc1-1.1 platform/upstream/speex#f3149d4a5ace2fbf4d15694b5983ce13239acd9e
libspeexdsp.armv7l 1.1.999_1.2rc1-1.1 platform/upstream/speex#f3149d4a5ace2fbf4d15694b5983ce13239acd9e
libsqlite.armv7l 3.8.10.2-1.1 platform/upstream/sqlite#5b2351dd3f6115a2eec31705a3a9595e36a1d955
libstdc++.armv7l 4.9.2-2.2 platform/upstream/linaro-gcc#2dfb1385d2bd9b2dbd01983b907583c53deb9518
libswscale.armv7l 11.4-2.1 platform/upstream/libav#13e859ead80465c4e359cf44b464a1cb5b5ff154
libsystemd.armv7l 219-13.1 platform/upstream/systemd#204cbf4400d6cab1f41e01a7d6b359cf5cf7ddce
libtapi.armv7l 0.8.8-8.1 platform/core/telephony/libtapi#69ff17891c44ed620029060434324028168626c0
libtasn1.armv7l 4.8-1.1 platform/upstream/libtasn1#e5c912938e2958fbeb7ee01183f0bc4e33143ead
libtcore.armv7l 0.3.9-8.1 platform/core/telephony/libtcore#5859e5f2c489b782d40a84053dc2a9c0054f7cd2
libtdm-client.armv7l 1.5.1-8.2 platform/core/uifw/libtdm#d3abb95b901ff5e17c50f8d841347c8e6e9ca3d5
libtdm-exynos.armv7l 1.0.6-9.1 platform/adaptation/samsung_exynos/libtdm-exynos#194328a6af5b47934ca7a1e86fa9f1731f0515b5
libtdm.armv7l 1.5.1-8.2 platform/core/uifw/libtdm#d3abb95b901ff5e17c50f8d841347c8e6e9ca3d5
libtheora.armv7l 1.1.1-1.1 platform/upstream/libtheora#452027ecdc2aee2c8bcb77496de2968b8ca835ef
libtiff.armv7l 4.0.6-2.1 platform/upstream/tiff#bff1137fcad5ef66cc9c2c406b1c251c5bceea4a
libtracker.armv7l 1.0.1-1.1 platform/core/system/libtracker#1d227fb24ea6af2cc2be57e707def9d940e72f08
libtremolo.armv7l 0.0.11-1.1 platform/upstream/libtremolo#dde4b17bb9f4cc61e125374c08dab9990913a997
libtzplatform-config.armv7l 2.1-5.1 platform/core/system/tizen-platform-config#f03c55e9b38cb6207c4eba4473c504db9e80c08f
libunwind.armv7l 1.1-2.1 platform/upstream/libunwind#9d8234746f0105d299ba2a314310f859da4ea0d6
libuuid.armv7l 2.28-1.1 platform/upstream/util-linux#613b5916b9dad5b90991d31492c58029183f5e3b
libuw-imap-toolkit.armv7l 0.1.36-2.1 platform/upstream/uw-imap-toolkit#9bebe0d8b0e57c19a5ceb50fc160cfa1c052d5db
libvorbis.armv7l 1.3.4-1.1 platform/upstream/libvorbis#9c9ab7dc64cf725ebfd4b3363514c13c98d8cf46
libvorbisenc.armv7l 1.3.4-1.1 platform/upstream/libvorbis#9c9ab7dc64cf725ebfd4b3363514c13c98d8cf46
libwayland-client.armv7l 1.10.0-2.1 platform/upstream/wayland#f32033a9638d97ab0e7f6f0c577f85afd2bed68d
libwayland-cursor.armv7l 1.10.0-2.1 platform/upstream/wayland#f32033a9638d97ab0e7f6f0c577f85afd2bed68d
libwayland-egl.armv7l 1.0-9.1 platform/core/uifw/libtpl-egl#e31a5104bf9eb31ee1ca28230d99812c84e25818
libwayland-extension-client.armv7l 1.1.1-12.1 platform/core/uifw/wayland-extension#cc36c020f486680b7a188574e01e01e4afbb2f29
libwayland-extension-server.armv7l 1.1.1-12.1 platform/core/uifw/wayland-extension#cc36c020f486680b7a188574e01e01e4afbb2f29
libwayland-server.armv7l 1.10.0-2.1 platform/upstream/wayland#f32033a9638d97ab0e7f6f0c577f85afd2bed68d
libwayland-tbm-client.armv7l 0.1.14-8.1 platform/core/uifw/wayland-tbm#aa5d606d83fb2b234774751b65cad35b7d9dc614
libwayland-tbm-server.armv7l 0.1.14-8.1 platform/core/uifw/wayland-tbm#aa5d606d83fb2b234774751b65cad35b7d9dc614
libwbxml2.armv7l 0.11.2-1.1 platform/upstream/libwbxml2#549574b031e0796f9708a91239b06297f1c88653
libwebappenc.armv7l 0.1.0-4.1 platform/core/security/libwebappenc#3898acb11d7a788f8233620fdf9e6f774a89e2c6
libwebsockets.armv7l 1.7.9-3.1 platform/upstream/libwebsockets#348ec0844fbe1471c918d788df6aa0c1db82ba13
libwidget_viewer.armv7l 1.3-26.1 platform/core/appfw/widget-viewer#b62b43511e65e6f6daf45d97c43b8bc3621f6c55
libwidget_viewer_dali.armv7l 1.3-26.1 platform/core/appfw/widget-viewer#b62b43511e65e6f6daf45d97c43b8bc3621f6c55
libxkbcommon.armv7l 0.4.3-1.1 platform/upstream/libxkbcommon#7b8b60005a74329a79b19c3e83193ce590deee12
libxml2.armv7l 2.9.4-1.1 platform/upstream/libxml2#4dac047df51f7ed81ce7f7642fcf0ab0c7799d76
libxslt.armv7l 1.1.29-1.1 platform/upstream/libxslt#c582450a479ff157cf79aed26b6b08e867ff3832
linux-3.4-exynos3250_tizen_wc1.armv7l Tizen_exynos3250-9.1 profile/wearable/platform/kernel/linux-3.4-exynos3250#bffab1a995570c6832f9008220dcc61f751056b6
location-lbs-server.armv7l 1.0.10-3.1 platform/core/location/lbs-server#26691ac562e5949a5f331d1137cac0292b09c3f9
lrzsz.armv7l 0.12.20-1.1 platform/upstream/lrzsz#6d3f6f3fbe6d5a0b3191c72c05f1a2707dfd08bb
lzo.armv7l 2.08-1.1 platform/upstream/lzo#a97fbf725aa75db53756b59df6888e59b47c931d
manifest-parser.armv7l 1.5-5.1 platform/core/appfw/manifest-parser#c56612d344c587d65bf8267d2c7c734c5ef6796d
maps-plugin-here.armv7l 0.3.14-10.2 platform/core/location/maps-plugin-here#c4e8a245b189b0edbbf2e5282fbb58bc95e81b13
maps-plugin-mapzen.armv7l 0.0.1-8.1 platform/core/location/maps-plugin-mapzen#8400639ee62ed5989dd66a823c107fa6268109ec
mdnsresponder.armv7l 576.30.4-5.1 platform/upstream/mdnsresponder#6788a02c4381c58e4e00a6eb117963f6c04796eb
media-server.armv7l 0.3.29-17.1 platform/core/multimedia/media-server#e80664643d0e729e8c03b50d68740598a25723ec
media-thumbnail-server.armv7l 0.1.100-3.1 platform/core/multimedia/libmedia-thumbnail#082e7499ca5d57fee12ebdbb22c7ebc5c2ca1586
mediacontroller.armv7l 0.1.31-7.1 platform/core/api/media-controller#44bab8e281b0a75001d5437b9aa42c88b89a5803
memps.armv7l 0.1.9-3.1 platform/core/system/memps#872b83ece7991deb0de0d6e85554a5880bde5540
message-port.armv7l 1.2.2.1-10.1 platform/core/appfw/message-port#feb1a341b8b0491a29efc5fa43539f078f1108bd
meta-generic-adaptation.noarch 0-2.1 platform/upstream/meta-generic#b7f140a3b2ca2727e71bd0f75e61e1e6881a01ca
minizip.armv7l 1.2.8-1.1 platform/upstream/zlib#07c39a3fbdb0f2c8ef5d508a57921514357263aa
mmfw-sysconf-target-tw1.armv7l 0.2.94-10.1 platform/core/multimedia/mmfw-sysconf#d469553b9db99c4682b42975c523e5e3bd6922cd
mmsvc-camera.armv7l 0.2.63-9.1 platform/core/multimedia/mmsvc-camera#5e08604f0d64162be00f733bcbb222d2a5f74f81
mmsvc-player.armv7l 0.2.40-13.1 platform/core/multimedia/mmsvc-player#540311c16a491bbea962a5648ba2be82ab44a0fe
mmsvc-recorder.armv7l 0.2.32-5.1 platform/core/multimedia/mmsvc-recorder#854a757a7a224e4cc2987cadc5996df72381f598
mobileap-agent.armv7l 1.0.86-11.2 platform/core/connectivity/mobileap-agent#33d17bb346542c53c47fb614c2f632699bb91767
model-config-tw1.noarch 0.0.1-3.1 profile/wearable/platform/tw1/model-config-tw1#e91aa22a5c3166c3a0080978b0941ea2476bfdd6
motion.armv7l 1.2.1-2.1 platform/core/api/motion#e8021e33668cefa55266d6abd89a674a9f50f7b7
mtp-responder.armv7l 0.0.18-9.1 platform/core/connectivity/mtp-responder#0d71f6a2ec9b743aca0a7a6513fab11815819469
murphy-glib.armv7l 0.0.74-5.1 platform/upstream/murphy#3ee3c6b4059e715cfede2418a0619dd97d60d91f
murphy.armv7l 0.0.74-5.1 platform/upstream/murphy#3ee3c6b4059e715cfede2418a0619dd97d60d91f
mused.armv7l 0.1.42-15.1 platform/core/multimedia/mmsvc-core#b8ce45045fab802213dc136203b610603e9894de
my-account.armv7l 0.0.4-7.2 profile/wearable/apps/native/my-account#e27fb76fb817445ff9f5be759f881fae13673780
net-config.armv7l 1.1.97-9.1 platform/core/connectivity/net-config#b5a86faf5f18f7235fdceaa73e6730a56527a9ec
net-tools.armv7l 2.0_20121208git-1.1 platform/upstream/net-tools#1bfd01a3262139d0c41c5d2c3c5fef5af004aa2f
nether.armv7l 0.0.1-4.1 platform/core/security/nether#803258cee1d310d351d6a5becb70e781abfb595a
newfs-msdos.armv7l 1.0.0-1.1 platform/upstream/newfs-msdos#7ee32db82296552156cfb4bc494d6b7d29434f6d
nfc-common-lib.armv7l 0.1.155-9.1 platform/core/connectivity/nfc-manager#e6a1ac23b3c37f5b0d988101c9e70fd7c9e6e6b6
nfc-manager.armv7l 0.1.155-9.1 platform/core/connectivity/nfc-manager#e6a1ac23b3c37f5b0d988101c9e70fd7c9e6e6b6
nghttp2.armv7l 1.0.0-1.1 platform/upstream/nghttp2#efcf5e759adcc485ed011ad8966582146c162b8e
nodejs.armv7l 4.4.3-1.2 platform/upstream/nodejs#dd601292373e88ff6bdff128f8f4614c8e1f31af
nspr.armv7l 4.12-1.3 platform/upstream/nspr#443bcb24f9d0abde89a2688ffd946beea762bbe2
nss-certs.armv7l 3.23-1.8 platform/upstream/nss#d2a8c7e98ab18907c1e14033c993731adc7eea9e
nss.armv7l 3.23-1.8 platform/upstream/nss#d2a8c7e98ab18907c1e14033c993731adc7eea9e
oauth2.armv7l 0.0.3-5.1 platform/core/account/liboauth2#92fce41f00ba4faab82558bca904a5deb20384fb
obexd.armv7l 5.37-14.1 platform/upstream/bluez#13cddc2dfc56cd5fb51d066e327666c5a61a7c56
openal-soft.armv7l 1.17.2-3.1 platform/upstream/openal-soft#17e00da5c2525437beb79fd7e5153ce255b37047
opencore-amr.armv7l 0.1.3-1.1 platform/upstream/opencore-amr#57eb34e9d791a94afaa8307fdbd538a66e01080e
opencv.armv7l 2.4.9-1.2 platform/upstream/opencv#e2aca33b4287e28d322038a8425539b3516dd8dc
openssl.armv7l 1.0.2j-1.1 platform/upstream/openssl#2aa9976583d40171b571a16e060b886b220157f4
org.tizen.accessibility-setting.armv7l 0.0.1-3.2 profile/wearable/apps/native/accessibility-setting#ef42c716ecd376ff2f7067b590d283dd155dee78
org.tizen.alarm.armv7l 2.3.2-15.1 profile/wearable/apps/native/alarm#5f0695f16917f5feeffa33731b1a661329d9a03c
org.tizen.app-selector.armv7l 0.1.57-1.26 profile/wearable/platform/core/appfw/app-selector#f1a2228f7fd12e296b0382840ed55a66255e240e
org.tizen.bluetooth.armv7l 0.1.2-9.3 profile/wearable/apps/native/connectivity/bluetooth#0dcfd538da98475414fb8b31edc4c150ace7abc0
org.tizen.bt-syspopup.armv7l 0.3.2-11.2 platform/core/connectivity/bt-syspopup#18d7a022f96e1fe81e25f91a9b955dc4dcf7c2f0
org.tizen.classic-watch.armv7l 0.0.1-1.4 profile/wearable/apps/native/classic-watch#e3453d21437887d2b71c3d83143c62f4369bf5de
org.tizen.crash-syspopup.armv7l 0.2.0-17.1 platform/core/system/system-popup#49526c48f18978968c6fb366f3fce8d887c7c380
org.tizen.d2d-conv-setting.armv7l 1.0-5.1 profile/wearable/apps/native/d2d-conv-setting#a4be778cba50391d607402d02edffa155338ecee
org.tizen.d2d-conv-syspopup.armv7l 1.0-5.3 platform/core/convergence/d2d-conv-syspopup#c2efc3777d8da1a7f558a946ad3341699eee5877
org.tizen.dpm-syspopup.armv7l 0.0.1-10.1 platform/core/security/device-policy-manager#82474cdc81a2d7dfcc478698d38ebe1a6567b0bf
org.tizen.dpm-toolkit.armv7l 0.1-5.1 platform/core/security/dpm-toolkit#d2d1c8e248196d541460bb4e7dcdc9d97cfdccbf
org.tizen.elm-demo-tizen-wearable.armv7l 0.2-2.3 profile/wearable/platform/core/uifw/elm-demo-tizen-wearable#fed7d40329adbbe10260932d3d07a36d61b3a68c
org.tizen.heremaps-uc.armv7l 0.3.14-10.2 platform/core/location/maps-plugin-here#c4e8a245b189b0edbbf2e5282fbb58bc95e81b13
org.tizen.idle-clock-digital.armv7l 0.1.49-3.10 profile/wearable/apps/native/idle-clock-digital#90fb42317d747613bc8f68eef6c94d51fd6e5b53
org.tizen.inputdelegator.armv7l 0.1.161208-6.7 platform/core/uifw/inputdelegator#35e18dbe3b0789fbe3489f65fb8c295813ab1f85
org.tizen.inputmethod-setting.armv7l 0.5.20-8.1 platform/core/uifw/inputmethod-setting#4480e86f1a5fef02dfcca88e6770a37a5d3f1be1
org.tizen.powerkey-syspopup.armv7l 0.2.0-17.1 platform/core/system/system-popup#49526c48f18978968c6fb366f3fce8d887c7c380
org.tizen.privacy-setting.armv7l 1.0.0-2.4 profile/wearable/apps/native/privacy-setting#978e0b9ff3e3743035e5a1a9608433a24cb60d2d
org.tizen.screen-reader.armv7l 0.0.8-18.1 platform/core/accessibility/screen-reader#781ab262c98a117217770f4b0df5e4372b51d0da
org.tizen.stopwatch.armv7l 1.0.0-9.1 profile/wearable/apps/native/stopwatch#1ab57b93e199e9e5ce8dbdf0ba9b302975157626
org.tizen.system-syspopup.armv7l 0.2.0-17.1 platform/core/system/system-popup#49526c48f18978968c6fb366f3fce8d887c7c380
org.tizen.task-mgr.armv7l 1.0.0-15.1 profile/wearable/apps/native/taskmanager#ca63784749bcac0d20000be3896487ee65f8d09d
org.tizen.timer.armv7l 1.0.0-13.1 profile/wearable/apps/native/timer#a804940242f1b73d0f38e22987e3ef39887ca7c9
org.tizen.w-clock-viewer.armv7l 0.1.1-4.9 profile/wearable/apps/native/w-clock-viewer#f4404438368504c9c3f7c3691cee4e215931391f
org.tizen.w-home.armv7l 0.1.0-18.1 profile/wearable/apps/native/w3-home#372f4f9853621155403d38918d85b057cc771f50
org.tizen.w-wifi.armv7l 1.0.229-18.1 apps/native/ug-wifi-efl#88a496c95f6df89343c43f59e05e04124dddab61
org.tizen.watch-setting.armv7l 0.0.1-15.1 profile/wearable/apps/native/watch-setting#0f0032a66a1b2b4433e93c2793f482ddf75ba456
org.tizen.widget_viewer_sdk.armv7l 0.0.1-26.1 platform/core/appfw/widget-viewer#b62b43511e65e6f6daf45d97c43b8bc3621f6c55
org.tizen.windicator.armv7l 0.0.1-9.6 profile/wearable/apps/native/indicator-win#302fb99f67befa389bd10d83f2ee159e5551445c
pam-locale.noarch 1.1.6-2.1 platform/upstream/pam#2ae155e2712e7fd213eb7d729477b2ec1c23f93f
pam-modules-extra.armv7l 1.1.6-2.1 platform/upstream/pam#2ae155e2712e7fd213eb7d729477b2ec1c23f93f
pam.armv7l 1.1.6-2.1 platform/upstream/pam#2ae155e2712e7fd213eb7d729477b2ec1c23f93f
phonenumber-utils.armv7l 0.2.3-3.1 platform/core/telephony/phonenumber-utils#305a8995d5829f71b67ed3bc699f023ab4db98c5
pims-ipc.armv7l 0.1.22-5.1 platform/core/pim/pims-ipc#ea123cf81e83c32ba380f988d75a46c0a0bbd133
pixman.armv7l 0.32.6-1.1 platform/upstream/pixman#293e30820313387c82be42c5e25dbd3756a2ded4
pkg-config.armv7l 0.28-1.1 platform/upstream/pkg-config#5649da369d00aaf304396095f1699a0806c3b721
pkgmgr-client.armv7l 0.2.90-14.1 platform/core/appfw/slp-pkgmgr#5c23edb8946dd432cb3dc3a6e240925f7498ac56
pkgmgr-info-parser.armv7l 0.1.2-19.1 platform/core/appfw/pkgmgr-info#8303b3e99ae0aea2455b0b30de700854409f7440
pkgmgr-info.armv7l 0.1.2-19.1 platform/core/appfw/pkgmgr-info#8303b3e99ae0aea2455b0b30de700854409f7440
pkgmgr-installer.armv7l 0.2.90-14.1 platform/core/appfw/slp-pkgmgr#5c23edb8946dd432cb3dc3a6e240925f7498ac56
pkgmgr-server.armv7l 0.3.37-14.1 platform/core/appfw/pkgmgr-server#308a8fe95dc28a71dbe07bea0d839256364338f4
pkgmgr-tool.armv7l 0.1.1-16.1 platform/core/appfw/pkgmgr-tool#730ce882d0bb10b6df8d4c8c6f09e8f5f76be38a
pkgmgr.armv7l 0.2.90-14.1 platform/core/appfw/slp-pkgmgr#5c23edb8946dd432cb3dc3a6e240925f7498ac56
privilege-checker.armv7l 0.0.5-14.1 platform/core/security/privilege-checker#87702d790ed738d911971c693e62ba69ef304384
procps-ng.armv7l 3.3.9-1.1 platform/upstream/procps-ng#e9ed05ff0a182194b94dd44682a55f625ba5972e
psmisc.armv7l 22.21-1.1 platform/upstream/psmisc#8bdb3e71794f16a084afd48ef0fd713e30385558
pubkey-pinning.armv7l 0.0.5-1.2 platform/core/security/pubkey-pinning#4744a55c51fd53345963763d3a4d645411b7c4f3
pulseaudio-module-bluetooth.armv7l 5.0-7.1 platform/upstream/pulseaudio#8a64f5fc35c20ce9520a98105808e2ee48a58ee4
pulseaudio-modules-tizen.armv7l 5.0.117-13.1 platform/core/multimedia/pulseaudio-modules-tizen#fe2a9432c588a11468e387faeedfe38cfa4d17ca
pulseaudio-utils.armv7l 5.0-7.1 platform/upstream/pulseaudio#8a64f5fc35c20ce9520a98105808e2ee48a58ee4
pulseaudio.armv7l 5.0-7.1 platform/upstream/pulseaudio#8a64f5fc35c20ce9520a98105808e2ee48a58ee4
push-bin.armv7l 0.4.61-14.1 platform/core/appfw/sppc#2cb7ff218a0804ca82ed78635c0790c39329f15b
resourced.armv7l 0.3-12.1 platform/core/system/resourced#c55a2e0f291f9b5ebac9536ab9576d79423a633f
rfkill.armv7l 0.4-1.1 platform/upstream/rfkill#55aca08cbe73ad443102569e8e5c8b44e2a1cc8d
rpm-security-plugin.armv7l 4.11.0.1-1.1 platform/upstream/rpm#1304a19179d820e9dce2ef7d73ed5c3ae5cefa8b
rpm.armv7l 4.11.0.1-1.1 platform/upstream/rpm#1304a19179d820e9dce2ef7d73ed5c3ae5cefa8b
sbc.armv7l 1.2-1.1 platform/upstream/sbc#14ca83886162cb9b9a63a25675516088c2dc4c7f
sdbd.armv7l 3.0.13-22.1 sdk/target/sdbd#b3894c7aa4e819c5cde88c7d389fb8300af6fdb1
security-config-profile_wearable.armv7l 1.0-15.1 platform/core/security/security-config#16df07f1fc9db801b3667c311b13e98ab47c2f2c
security-config.armv7l 1.0-15.1 platform/core/security/security-config#16df07f1fc9db801b3667c311b13e98ab47c2f2c
security-manager-policy.armv7l 1.2.12-9.1 platform/core/security/security-manager#961c10eca811c32bde94566ac269fec290cdac96
security-manager.armv7l 1.2.12-9.1 platform/core/security/security-manager#961c10eca811c32bde94566ac269fec290cdac96
security-privilege-manager.armv7l 0.0.5-14.1 platform/core/security/privilege-checker#87702d790ed738d911971c693e62ba69ef304384
sed.armv7l 4.1c-1.1 product/upstream/sed#5fafc98c53c0f2cc3f136f8f01b48bebed8f0be5
sensor-hal-tw1.armv7l 1.0.3-1.1 platform/adaptation/tw1/sensor-hal-tw1#1f79c2f7cc6763f283b71e1b8ec4de1fe0dabac1
sensord.armv7l 2.0.9-7.1 platform/core/system/sensord#e02c195ed699ebf0f0cf4869624a6734029dd762
setup.noarch 0.9-1.3 platform/upstream/setup#9144a25983a94357022317f04a806d44347024b2
shadow-utils-adm.armv7l 4.1.4.2-2.1 platform/upstream/shadow-utils#6689c204b02e12e10101673743ff58c18f617de9
shadow-utils.armv7l 4.1.4.2-2.1 platform/upstream/shadow-utils#6689c204b02e12e10101673743ff58c18f617de9
shared-mime-info.armv7l 1.3-2.1 platform/upstream/shared-mime-info#c7db6ee43bd73521cee7428ead4efeb9d300e8d1
smack.armv7l 1.3.0-2.1 platform/upstream/smack#11561ab6f8a062d8afd36a51714e26f6c08f1ec5
smartcard-plugin-nfc.armv7l 0.0.11-1.1 platform/core/connectivity/smartcard-plugin-nfc#1e74825669656e7dab97a57a0bbc96f498a6ce77
smartcard-service-common.armv7l 0.1.51-1.3 platform/core/connectivity/smartcard-service#b58c9d011c5850b59071b4e9d292734d003d1ddd
smartcard-service.armv7l 0.1.51-1.3 platform/core/connectivity/smartcard-service#b58c9d011c5850b59071b4e9d292734d003d1ddd
sqlite.armv7l 3.8.10.2-1.1 platform/upstream/sqlite#5b2351dd3f6115a2eec31705a3a9595e36a1d955
starter.armv7l 0.5.52-7.3 apps/native/starter#b63f20a68be5c51199771e4eae7b9b8913b4db4b
svi-data.armv7l 0.2.0-6.1 platform/core/system/libsvi#d5e74c07a5f241f24a88e2b4ddc87116f3babaf4
swap-manager.armv7l 3.0-10.2 platform/core/system/swap-manager#9cc287fa0e8942bb1a55267d08a12aad5db7d083
swap-modules.armv7l 3.0-10.1 platform/kernel/swap-modules#be89f4e94cac1b6b9cd8c0d4450f0ad9b52079a6
swap-probe-elf.armv7l 3.0-9.5 platform/core/system/swap-probe#45a761e31f0ee054c3440e8c87ac2581a90d7ac6
swap-probe-lsan.armv7l 3.0-9.5 platform/core/system/swap-probe#45a761e31f0ee054c3440e8c87ac2581a90d7ac6
swap-probe.armv7l 3.0-9.5 platform/core/system/swap-probe#45a761e31f0ee054c3440e8c87ac2581a90d7ac6
sync-service.armv7l 0.1.17-9.1 platform/core/account/sync-manager#6437d0dd19383ab02389ea4dee7ab3ceed2afcec
syspopup-caller.armv7l 0.0.100-6.1 platform/core/base/syspopup#a461cdd034666f38f0ec45354a042c2f37a0476e
syspopup.armv7l 0.0.100-6.1 platform/core/base/syspopup#a461cdd034666f38f0ec45354a042c2f37a0476e
system-plugin-circle.noarch 0.1-11.1 platform/adaptation/system-plugin#9ce7b946b0aeb3c5ef9f6bc4033c5aedecb009ec
system-plugin.armv7l 0.1-11.1 platform/adaptation/system-plugin#9ce7b946b0aeb3c5ef9f6bc4033c5aedecb009ec
system-servant.armv7l 0.2.0-17.1 platform/core/system/system-popup#49526c48f18978968c6fb366f3fce8d887c7c380
system-upgrade.armv7l 0.1-11.1 platform/adaptation/system-plugin#9ce7b946b0aeb3c5ef9f6bc4033c5aedecb009ec
systemd-user-helper.armv7l 0.1-11.1 platform/adaptation/system-plugin#9ce7b946b0aeb3c5ef9f6bc4033c5aedecb009ec
systemd.armv7l 219-13.1 platform/upstream/systemd#204cbf4400d6cab1f41e01a7d6b359cf5cf7ddce
taglib.armv7l 1.8-1.1 platform/upstream/taglib#3e05830e00e2ce68c76adc46bd12719327fc372f
tar.armv7l 1.17-1.1 product/upstream/tar#a8d964ee3ae1acc7d0a9ed43e5f1e363d26da090
tel-plugin-database.armv7l 0.1.30-3.3 platform/core/telephony/tel-plugin-database#19d77ecb2e8b84ba185aa240b9aacc309479dfde
tel-plugin-dbus_tapi.armv7l 0.3.77-7.1 platform/core/telephony/tel-plugin-dbus_tapi#9fac74de6f287e0b639aebd231d79a0b4e0d744a
tel-plugin-indicator.armv7l 0.1.71-2.1 platform/core/telephony/tel-plugin-indicator#d0a1b9db6fc5febd972ac57f352eb0188ef262c8
tel-plugin-nitz.armv7l 0.1.77-2.1 platform/core/telephony/tel-plugin-nitz#de5201f636494919b3590c097809a21609c0756c
tel-plugin-packetservice.armv7l 0.3.36-8.3 platform/core/telephony/tel-plugin-packetservice#f46f27646d1dd79eed6b82e13b261df5f9663a20
telephony-daemon.armv7l 1.3.42-3.1 platform/core/telephony/telephony-daemon#37643804357c0dc36e75a4c93cfc2b43252cce94
terminfo-base.armv7l 5.9-1.1 platform/upstream/ncurses#eefc3e4398eaa6c81cf61dd36c3ba3d87f33d1bf
tizen-debug.armv7l 2.20-1.2 platform/upstream/tizen-debug#ac4028eb3a49a34fba32d59afc86e5a9ac1ef111
tizen-locale.armv7l 0.1-2.1 platform/core/base/tizen-locale#52b8f9a6a6a13e9e61a4bd09af1b0fdcc6afd6ec
tizen-platform-config-tools.armv7l 2.1-5.1 platform/core/system/tizen-platform-config#f03c55e9b38cb6207c4eba4473c504db9e80c08f
tizen-platform-config.armv7l 2.1-5.1 platform/core/system/tizen-platform-config#f03c55e9b38cb6207c4eba4473c504db9e80c08f
tizen-release.armv7l 3.0.0-1.7 platform/upstream/tizen-release#080f16318c61066f98f5dcc0e8c8c54fff02184d
tlm-config-common-singleseat.armv7l 1.0.3-8.1 platform/core/system/tlm#c7b37ce175b676d4d0337f91bdf445e855b339fb
tlm.armv7l 1.0.3-8.1 platform/core/system/tlm#c7b37ce175b676d4d0337f91bdf445e855b339fb
toybox-symlinks-dhcp.armv7l 0.6.0-1.2 platform/upstream/toybox#1a23c1e68d46c2f9b2ccb4b7cdd61fadc44a7530
toybox-symlinks-dhcpd.armv7l 0.6.0-1.2 platform/upstream/toybox#1a23c1e68d46c2f9b2ccb4b7cdd61fadc44a7530
toybox.armv7l 0.6.0-1.2 platform/upstream/toybox#1a23c1e68d46c2f9b2ccb4b7cdd61fadc44a7530
tpk-backend.armv7l 0.1-15.1 platform/core/appfw/tpk-backend#9f6f1efdd496f8bc1d0a8394cdfa4e0d542283e5
tpk-manifest-handlers.armv7l 1.6-11.1 platform/core/appfw/tpk-manifest-handlers#7f76b54d5ed85902fda818126c08d1f0ddf5e3c3
ttrace-extension.armv7l 1.0.0-1.1 tools/ttrace-extension#97048c1e752c9ef81d78f78e1540adcfa79cb82d
ttrace.armv7l 1.0.2-7.1 tools/ttrace#a7c0e05d738abfa6b6edfa3222224aed74d1af6e
typelib-1_0-Atspi-2_0.armv7l 2.16.1-7.1 platform/upstream/at-spi2-core#688544a3fc70c878b39ad0e5134e58291d2bffa8
tzdata-update-parser.armv7l 1.0.0-1.1 platform/core/base/tzdata-update-parser#0929c696fedf43cc23c0c68fa4d75c5ccd492a79
tzdata.armv7l 2016i-2.1 platform/upstream/tzdata#e1ec7d085187e1ba17e45d9e655db7b5af8009fd
tzsh.armv7l 0.2.7-4.1 platform/core/uifw/tizen-ws-shell#cadc246a7d99402cd3b3a0df74a5af778e25e5e8
ug-nfc-efl.armv7l 3.1.6-7.2 apps/native/ug-nfc-efl#643bf7294d9baf60da8b817af1e42b5327ae5f9e
ui-gadget-1.armv7l 0.1.30-8.3 platform/core/appfw/ui-gadget-1#92a6a27ba031f23740123f19ded4d3d20ba0428a
unzip.armv7l 6.0-1.3 platform/upstream/unzip#d9be61b7c5cf5e3e94bde05a0a41d7b76e97068c
util-linux.armv7l 2.28-1.1 platform/upstream/util-linux#613b5916b9dad5b90991d31492c58029183f5e3b
vc-engine-default.armv7l 0.2.0-3.1 platform/core/uifw/vc-engine-default#8316b2e5d93884f50db900b3f7f91ba89fe802fd
voice-control-elm.armv7l 0.2.1-3.2 platform/core/uifw/voice-control-elm#5a1bf64e3a9a2c914034ae809e20cf59634f53b5
voice-control.armv7l 0.2.10-12.1 platform/core/uifw/voice-control#4f54668f04c1ef87a2b7c51a860599e95dc53ec0
watch-control.armv7l 0.0.1-26.1 platform/core/appfw/widget-viewer#b62b43511e65e6f6daf45d97c43b8bc3621f6c55
web-widget-engine.armv7l 0.0.1-3.2 profile/wearable/platform/framework/web/web-widget-engine#df64c95b843c5786cd6b2426ac3419e46c754f6b
web-widget-js.armv7l 0.0.1-2.5 profile/wearable/platform/framework/web/web-widget-js#f2fe515aefa04021c2d34a2d4de1bc6d2d98b6f5
web-widget-runtime.armv7l 0.7.0-6.1 profile/wearable/platform/framework/web/web-widget-runtime#bb465e907420850929dc131b9b265a712fb1c60d
webapi-plugins.armv7l 1.67-21.1 platform/core/api/webapi-plugins#e42ef24a1b48530bc5feca3e4b72ec4cdc5b0837
wgt-backend.armv7l 0.1-18.1 platform/core/appfw/wgt-backend#59a20f87ebd56999807c7704f9642fff96165d0a
wgt-manifest-handlers.armv7l 1.5-3.2 platform/core/appfw/wgt-manifest-handlers#ca9e323c0b02d0cfd2eb9f6fb7c023183e5261e8
wifi-direct-manager.armv7l 1.2.217-8.1 platform/core/connectivity/wifi-direct-manager#d435c26ad0d8d118abd95170a5903a1dbe8f9bc3
wifi-direct-plugin-wpasupplicant.armv7l 1.2.217-8.1 platform/core/connectivity/wifi-direct-manager#d435c26ad0d8d118abd95170a5903a1dbe8f9bc3
wpa_supplicant.armv7l 2.5-5.1 platform/upstream/wpa_supplicant#1e4bf214c81fe15d672612032211f53afafc8a34
wrt-service.armv7l 1.0.6-2.1 platform/framework/web/wrt-service#fe3d95d119f97b9cdc48e549f4de85260be6bbf7
xdelta3.armv7l 3.0.9-1.1 platform/upstream/xdelta3#8f2326734da7cf176d4bb29aae6b57ba567a1f27
xdgmime.armv7l 0.0.12-3.1 platform/core/appfw/xdgmime#3b3af6e4e8cfde094f9882ff1c1cd8ff1cf4b231
xkeyboard-config.noarch 2.13-3.1 platform/upstream/xkeyboard-config#1bccb450e7a04c28e6b67a63d2bc41d3d2747bcf
xmlsec1-openssl.armv7l 1.2.22-5.1 platform/upstream/xmlsec1#ed3f4f73a45fecc781bb38ed754d95bbacd969dd
xmlsec1.armv7l 1.2.22-5.1 platform/upstream/xmlsec1#ed3f4f73a45fecc781bb38ed754d95bbacd969dd
xz.armv7l 5.1.3-1.1 platform/upstream/xz#701fc4e4b88e7c11ae2660fd0e6d86d74e98877a
yaca.armv7l 0.0.2-2.1 platform/core/security/yaca#80eb9a273e45395cadfba33b5de78f71e8a795ef
zbar.armv7l 0.10-2.1 platform/upstream/libzbar#4515b74b9abc8a2e546b5b7fc48ea68d24ea0825
zint.armv7l 2.4.3-2.1 platform/upstream/libzint#aac8202fac3b69a8ace1bd74fb1d3f339f4eb760
zip.armv7l 3.0-1.1 platform/upstream/zip#b93d573b47875ad43a8df84196f04a84772a4949
zlib.armv7l 1.2.8-1.1 platform/upstream/zlib#07c39a3fbdb0f2c8ef5d508a57921514357263aa
