Temporary header file '/tmp/fFHXlqNMoT/dump1.h' with the following content will be compiled to create GCC translation unit dump:

  // add includes
  #include "/home/kayes/abi_tool/abi-tool-2.7w/2.3.1_w/usr/include/telephony/telephony.h"
  #include "/home/kayes/abi_tool/abi-tool-2.7w/2.3.1_w/usr/include/telephony/telephony_call.h"
  #include "/home/kayes/abi_tool/abi-tool-2.7w/2.3.1_w/usr/include/telephony/telephony_common.h"
  #include "/home/kayes/abi_tool/abi-tool-2.7w/2.3.1_w/usr/include/telephony/telephony_modem.h"
  #include "/home/kayes/abi_tool/abi-tool-2.7w/2.3.1_w/usr/include/telephony/telephony_network.h"
  #include "/home/kayes/abi_tool/abi-tool-2.7w/2.3.1_w/usr/include/telephony/telephony_sim.h"

The GCC parameters:
  gcc -fdump-translation-unit -fkeep-inline-functions -c -x c++-header -fpermissive -w "/tmp/fFHXlqNMoT/dump1.h"  -I/home/kayes/tizen-sdk/platforms/tizen-3.0/mobile/rootstraps/mobile-3.0-device.core/usr/include

Temporary header file '/tmp/fFHXlqNMoT/dump2.h' with the following content will be compiled to create GCC translation unit dump:

  // add includes
  #include "/home/kayes/abi_tool/abi-tool-2.7w/3.0_w/usr/include/telephony/telephony.h"
  #include "/home/kayes/abi_tool/abi-tool-2.7w/3.0_w/usr/include/telephony/telephony_call.h"
  #include "/home/kayes/abi_tool/abi-tool-2.7w/3.0_w/usr/include/telephony/telephony_common.h"
  #include "/home/kayes/abi_tool/abi-tool-2.7w/3.0_w/usr/include/telephony/telephony_modem.h"
  #include "/home/kayes/abi_tool/abi-tool-2.7w/3.0_w/usr/include/telephony/telephony_network.h"
  #include "/home/kayes/abi_tool/abi-tool-2.7w/3.0_w/usr/include/telephony/telephony_sim.h"

The GCC parameters:
  gcc -fdump-translation-unit -fkeep-inline-functions -c -x c++-header -fpermissive -w "/tmp/fFHXlqNMoT/dump2.h"  -I/home/kayes/tizen-sdk/platforms/tizen-3.0/mobile/rootstraps/mobile-3.0-device.core/usr/include

