====================
বৃহঃ জুন 16 09:26:09 BDT 2016
====================
ail.armv7l 0.2.95-2.1 framework/appfw/ail#686896e8e3a5cf0842af8de6955d5c86a35c3753
alarm-server.armv7l 0.4.163-2.1 framework/appfw/alarm-manager#0c5e5c06455e4650bfd57d571fcd9f2cf02a6f66
alsa-lib-1.0.25.armv7l 1.0.25-2.1 external/alsa-lib#14acc1fba9aa540a292af3e878dcfe13f8543646
alsa-scenario.armv7l 0.2.7-2.1 framework/multimedia/alsa-scenario-0.2#388aea221fb76d77390172cbc648f749be4497d8
alsa-ucm-data-ymu831.noarch 0.0.1-2.1 adaptation/devices/alsa-ucm-conf-ymu831#ed23c5cc2159adbc79bd6e062918400c4b18fa43
alsa-utils.armv7l 1.0.24.5-2.1 external/alsa-utils#ab19703f133d3563202f61173c9b0781b70a8a08
app-core-common.armv7l 1.3.40-2.1 framework/appfw/app-core#3552376471df823576c72e67b430dd80d21cbaf0
app-core-efl.armv7l 1.3.40-2.1 framework/appfw/app-core#3552376471df823576c72e67b430dd80d21cbaf0
app-svc.armv7l 0.1.78-2.1 framework/appfw/app-svc#c84877bfd0870801129c3a967e95e3848a65c530
app2sd.armv7l 0.5.36-2.1 framework/appfw/app2sd#9be3e551f2a727e0b0b5a140d01cc1ac5b31533e
appcore-agent.armv7l 1.0.4-2.1 framework/appfw/appcore-agent#00b9b2bf92ebd427bb47aa00cec6ce15944f3ac9
attr.armv7l 2.4.44-2.5 framework/base/attr#e1adfdbf2c6eb1d81beb3a755998f90401806fff
audio-hal-e3250.armv7l 0.2.19-2.1 adaptation/ap_samsung/audio-hal-e3250#150956c658d39b46b86383f5bcc5d9af79f760d1
audio-session-manager.armv7l 0.4.8-2.1 framework/multimedia/audio-session-manager#e8369ca3f001a7069940839a8778b0fe3d7c723c
aul.armv7l 0.2.3.0-2.1 framework/appfw/aul-1#e3d5bb584aa5549e9b245ade34757e3419ae61a7
bash3.armv7l 3.2.57-2.4 external/bash3#8a631837d2668ea7120928b9fd744eabde82bb21
bluetooth-agent.armv7l 0.0.47-2.1 framework/connectivity/bluetooth-agent#4d3ff9df0a9ac5827bd859db036c7841be411419
bluetooth-firmware-bcm-e4412.armv7l 0.2.30-2.1 adaptation/devices/bluetooth-firmware-bcm#b50e020f0db5cae6cacf34917482ee3277123d06
bluetooth-frwk-core.armv7l 0.2.147-2.1 framework/connectivity/bluetooth-frwk#bdd625dfdacacdf80e00879a9818552281bedc79
bluetooth-frwk-service.armv7l 0.2.147-2.1 framework/connectivity/bluetooth-frwk#bdd625dfdacacdf80e00879a9818552281bedc79
bluetooth-frwk.armv7l 0.2.147-2.1 framework/connectivity/bluetooth-frwk#bdd625dfdacacdf80e00879a9818552281bedc79
bluetooth-sbc-codec.armv7l 1.0-2.1 framework/multimedia/bluetooth-sbc-codec#761163b93dabb8d469e6d98d48b0691b3cfcbf42
bluetooth-tools.armv7l 0.2.45-2.1 adaptation/bluetooth-tools#509709ef193849cefbcd4dc9f7720cb72a7613f0
bluez.armv7l 5.28-2.1 framework/connectivity/bluez#363525157b8fe40ce1869811eb0754681fec3238
board-config-data-B2.noarch 0.0.4-2.1 adaptation/devices/board-info-data#6ce40090e95af9a3f8eb873e71c2c5b7de555bc7
boost-chrono.armv7l 1.51.0-2.1 external/boost#0f7f84fb2576e072dee61d34f9b0ec8c1b5204bb
boost-system.armv7l 1.51.0-2.1 external/boost#0f7f84fb2576e072dee61d34f9b0ec8c1b5204bb
boot-animation.armv7l 0.3.7-2.1 apps/home/boot-animation#7c9d134ce31eb24398995d569e66b68fc8856a2e
buxton-libs.armv7l 2-2.1 external/buxton#e5ab45ec25b5820582c50b9dffaf4ec24144ddd5
buxton.armv7l 2-2.1 external/buxton#e5ab45ec25b5820582c50b9dffaf4ec24144ddd5
bzip2-libs.armv7l 1.0.5-2.1 external/bzip2#a554c1ff406c607f6a6cffef9da2bcac1c801df3
c-ares.armv7l 1.10.0_4-2.1 external/c-ares#7f399e2606036dd61990519b5c209323e69148ea
ca-certificates.armv7l 0.0.1-2.1 framework/security/ca-certificates#cbb179c84806961b8a49f01b36781374d437d156
capability-manager.armv7l 0.0.7-2.1 framework/appfw/capability-manager#1f7ebe79b602e354756c083abd351084ce16c689
capi-network-serial.armv7l 0.0.9-2.1 framework/api/serial#7487ae05d586d20c331a728dc640a69e8151b38a
capi-security-privilege-manager.armv7l 0.0.3-2.3 framework/security/privilege-checker#1d681c16d25171f188b43eb9ad3e2d5260719319
capi-web-url-download.armv7l 1.2.6-2.1 framework/api/url-download#42cccdbe25e81a2b52bec251d0ebdc2c30f579af
cert-svc.armv7l 1.0.1-2.1 framework/security/cert-svc#d8bdba8501f8f7acfa9f14a1889aaee3c80bd6bf
chromium.armv7l 1.0-2.1 external/chromium#afdbe8b9f99a14e4f7b2ce4543de9a6f6cd1e63a
connman.armv7l 1.3.313-2.1 framework/connectivity/connman#4c7c9925c56bd4d2d06fc73850ac1ac807cfd205
contacts-service2.armv7l 0.13.11-2.3 framework/pim/contacts-service#d05083616118dca7c7a7b4579bcd946d92a51b5b
cpio.armv7l 2.8-2.1 toolchains/cpio#c71c6457a320d702dab7ca3df9c507fb2a49b0d9
crash-worker.armv7l 0.1.3-2.1 framework/system/crash-worker#7fa335b3b23277572b9675753b3a365a8efadf37
data-control.armv7l 0.2.3.2-2.1 framework/appfw/data-control#0673918bfb446edd89e999649b88e7ab6d6a4aa6
data-provider-master.armv7l 1.2.0-2.3 apps/widget/data-provider-master#8737b16d765df69dd103024310edb226ee100666
db4.armv7l 4.8.30-2.3 toolchains/db4#89032ff0d59b0e00e6ec3ead7b7a4b75cd6f208f
dbus-glib.armv7l 0.100-2.1 external/dbus-glib#7b9b478d9912268b15c87f44e0d6dd4b80e102bb
dbus-libs.armv7l 1.6.4-2.1 external/dbus#9c3444b751137df72415a8ee86e090f374839b9f
dbus.armv7l 1.6.4-2.1 external/dbus#9c3444b751137df72415a8ee86e090f374839b9f
debug-launchpad.armv7l 0.0.12-2.1 framework/appfw/debug-launchpad#8627bafd36104243cbff6b147742188d367c7b88
default-fonts-fc-sdk.armv7l 0.0.5-2.1 framework/graphics/default-fonts-fc-sdk#56cb37af32604ee5067808c9829684fe2b6313d0
default-fonts-sdk.armv7l 1.2.3.2-2.1 framework/graphics/default-fonts-sdk#f674aee7ba21c6b6581d5b8ab8a7a55c3604bebe
device-manager-plugin-e3250.armv7l 0.0.03-2.1 adaptation/ap_samsung/device-manager-plugin-exynos3250#ac359615d389df132b9cf77207a478ead5b12efe
deviced.armv7l 1.0.0-2.1 framework/system/deviced#d560643fb6143e9726371d297ed9a22bb5fc2194
dlogutil.armv7l 0.4.1-2.1 framework/system/dlog#949280f9e145d767ec9f3861f5820b7ac1832be8
dnsmasq.armv7l 2.57_9-2.1 framework/connectivity/dnsmasq#48d3a013fac31ab253bdc76d61bd75e217986fdf
download-fonts-service.armv7l 0.0.6-2.1 framework/uifw/download-fonts-service#2c12aeb19a4c0d99682344ad0daafbba59b14f19
download-provider.armv7l 2.1.23-2.3 framework/web/download-provider#2facc60f8eb246d48ddc4276e364678b3b7a8812
e17-data.armv7l 1.0.4.001+svn.76808slp2+build06-2.1 framework/uifw/e17#6d6bbc404f16a308c4f772326858996af1b7cbaf
e17-extra-config-modules.armv7l 0.1.140-2.1 framework/uifw/e17-extra-config-modules#cc929f367fa5bb426153b4429cc1085ed784b00f
e17-extra-modules.armv7l 0.12.19-2.1 framework/uifw/e17-extra-modules#cc2c165e94fed230cad40acfb9b4ec9dd064b1a5
e17-misc-wearable.armv7l 0.13.1-2.1 framework/uifw/e17-misc-wearable#75d3595873e35740406a27df2a3c3d60ec6fbefc
e17.armv7l 1.0.4.001+svn.76808slp2+build06-2.1 framework/uifw/e17#6d6bbc404f16a308c4f772326858996af1b7cbaf
e2fsprogs-libs.armv7l 1.41.9-2.4 toolchains/e2fsprogs#e8466300b59beddcb1dacca66b2b2b0e224153e7
e2fsprogs.armv7l 1.41.9-2.4 toolchains/e2fsprogs#e8466300b59beddcb1dacca66b2b2b0e224153e7
edbus.armv7l 1.6.0+svn.76526slp2+build10-2.1 framework/uifw/edbus#6f6a88f58d17a404ce64c5b1ebe03d1f590cce87
eet.armv7l 1.7.1+svn.77495+build14-2.1 framework/uifw/eet#5aeedfc2fe84f618ca05f86fc05b001b7d8ad72b
efl-assist.armv7l 0.1.143-2.1 framework/uifw/efl-assist#09b6f807b3f8ee1ea2d167c9c095dacf92a793e6
efl-theme-tizen.armv7l 1.1.58-2.1 framework/uifw/efl-theme-tizen#501f353974fa2524913cfadc68c845deeb514969
efreet.armv7l 1.7.1+svn.77412+build14-2.1 framework/uifw/efreet#b982da1e05b57f74469dc7fcbb3f4337fc678aa7
eglibc-common.armv7l 2.13-2.9 external/eglibc#df51c787d5153421cb46bc55bd15393e26d3968b
eglibc.armv7l 2.13-2.9 external/eglibc#df51c787d5153421cb46bc55bd15393e26d3968b
eio.armv7l 1.7.1+svn.77392+build04-2.1 framework/uifw/eio#2747c375fc7b740463ec3085f026f297d228c657
elfutils-libelf.armv7l 0.152-2.8 toolchains/elfutils#64b87ac9afe34f94c079a91bb2d35acbacd4f2f5
elfutils-libs.armv7l 0.152-2.8 toolchains/elfutils#64b87ac9afe34f94c079a91bb2d35acbacd4f2f5
elm-misc.noarch 0.1.142-2.1 framework/uifw/elm-misc#90fee52d008454cdeaf474addfcd1066ab2ffd40
elm-modules.armv7l 0.1.25-2.1 framework/uifw/elm-modules#64dbb52d541efdbd63e076450597457c7dc7a69a
embryo.armv7l 1.6.0+svn.76491slp2+build07-2.1 framework/uifw/embryo#0ed490533e275e7f00837103b65c7ebd09457e00
ethumb.armv7l 1.6.0+svn.75994slp2+build09-2.1 framework/uifw/ethumb#00defa76d88b32cfa97ea0f8fd3f8c380c376728
expat.armv7l 2.0.1-2.1 external/expat#2e8b8ec5eeeb31ac2286e6e83f98bdfa7e7e4c3b
file.armv7l 5.04-2.1 external/file#738310a2edabe8acd6a2065eeb95be2c148b8369
filesystem-tizen.noarch 0.0.1-2.1 framework/base/filesystem-tizen#2766235a7b92b39cfe71c058329e3b86b22b5f5b
filesystem.noarch 0.1-2.1 toolchains/filesystem#e6158981969a5596b4c76d8fc3753ac6e1902721
findutils.armv7l 4.2.31-2.1 toolchains/findutils#03e22f06ae4439c6e360de814bbeecf7ed1d4e9b
fontconfig.armv7l 2.9.0-2.1 framework/graphics/fontconfig#b592fab737fb71452cbc4fd94bfe778a463c2e07
freealut.armv7l 1.1.0-2.1 external/freealut#e7c8779f96dfa00f627657d5f731434041ec68c6
freetype.armv7l 2.5.5-2.1 framework/graphics/freetype#afcae9b7a0a6009d33581fac78416fc9623a8a18
fribidi.armv7l 0.19.6-2.1 external/fribidi#41c1600b159693a8ed3f7b0626ef28b41eb02902
gawk.armv7l 3.1.5-2.3 toolchains/gawk#4749f5b1a2c5c7e777e78179957fcfec74de0fd4
gdbm.armv7l 1.8.3-2.1 toolchains/gdbm#6b2ffbb41379e33cf0e22ffcac2080da4ce439f0
giflib.armv7l 4.1.6-2.3 external/giflib#bb23e80875202a2e0f6dd7fc9e702be212805588
glib-networking.armv7l 2.32.3_1.8-2.1 external/glib-networking#2c957dc3a1656cce4de2307ece3456e1fc479279
glib2.armv7l 2.32.3-2.3 external/glib2.0#c139b0a88efd3773632e54d417b6b6059d779007
gmp.armv7l 4.2.1-2.1 external/gmp#50c8636aaecfd42a904ce3daf33053df0f30e3ee
gnutls.armv7l 2.12.20_2.6-2.1 external/libgnutls26#27f278b20409e70991aade7ee39fa8d8a00b5a24
grep.armv7l 2.5.1a-2.1 toolchains/grep#b5d27ae2921ec9f2c7c4a25bd76aca6f965bded3
gssdp.armv7l 0.8.2_3-2.1 external/gssdp#5d4d864188631d8ce8a3d175d3075f689e0ce428
gst-ffmpeg.armv7l 0.10.14-2.1 framework/multimedia/gstreamer0.10-ffmpeg#ad28d5d32ddcadb1f31b402ffe8d83a4c53f25ca
gst-openmax.armv7l 0.10.1-2.1 framework/multimedia/gst-openmax#0f1587f93daf57a79c94d31f03c443e97f6719f2
gst-plugins-bad.armv7l 0.10.23-2.1 framework/multimedia/gst-plugins-bad0.10#8901f0f02ca60018bb385144996700351b9457c5
gst-plugins-base-tools.armv7l 0.10.37-2.1 framework/multimedia/gst-plugins-base0.10#d33c37ba1f63f11e4115de3d1e7a5bd745c99de0
gst-plugins-base.armv7l 0.10.37-2.1 framework/multimedia/gst-plugins-base0.10#d33c37ba1f63f11e4115de3d1e7a5bd745c99de0
gst-plugins-ext0.10.armv7l 0.4.88-2.1 framework/multimedia/gst-plugins-ext0.10#10d8c7c2b57632a0708f30fc5e417cccbb8f2a66
gst-plugins-good.armv7l 0.10.34-2.1 framework/multimedia/gst-plugins-good0.10#b3fb092a5efa39ca872a5a4168dd9f7bed486c21
gst-plugins-ugly.armv7l 0.10.19-2.1 framework/multimedia/gst-plugins-ugly0.10#74d388e3ff39bdd25b672060bba70253a92bfc41
gstreamer.armv7l 0.10.37-2.3 framework/multimedia/gstreamer0.10#b80b2a513fb1501119f5d4a1da3c27ad43020dda
gupnp.armv7l 0.14.1_6-2.1 external/gupnp#cc027c79dbf7b03ab4b08bf425ec265b245df7cf
gzip.armv7l 1.3.12-2.1 toolchains/gzip#ea4ede1b78b607e47da0dd4a51335215c99f44ad
harfbuzz.armv7l 0.9.40-2.1 framework/uifw/harfbuzz#3b116dcddafed5f018198863aac3cd81d3c7c7e2
heynoti.armv7l 0.0.2-2.1 framework/appfw/heynoti#09a845a7c0bfbe2fd65b88e670bc4fda56f9f39e
hunspell-en.noarch R1.20-2.1 external/hunspell-en#3d46b6969780789baa85f40c00fd73ce68527ba0
iniparser.armv7l 2.17-2.1 external/iniparser#3a29fc23e7ceace9a3f29a5fe0f841c584ffc772
iproute2.armv7l 3.9.2-2.1 external/iproute2#43e2beb837716ac43b3f6989111e1749e6b5dbbd
iptables.armv7l 1.4.22-2.1 external/iptables#427e21006a01f98c92434008442bba504c9d2e6c
ise-default-web.armv7l 1.0.2-2.1 framework/uifw/ise-default-web#a54bfb3035832bf6efe801b1866baddfff4c439e
ise-web-helper-agent.armv7l 0.0.1-2.1 framework/uifw/ise-web-helper-agent#63f40aa9c630d4c2a7be0d2315b58f128fec4c5a
isf-config-wearable.noarch 0.1.0-2.1 framework/uifw/isf-config-wearable#d5e5f9cd21d872d0b1204d6359ddcb01ca061691
isf.armv7l 2.4.8317-2.1 framework/uifw/isf#60093247da5c38d59f142516e65a9f634e1c18a6
json-glib.armv7l 0.0.1-2.1 external/libjson-glib#dbecbc84c16c0ac8e6b022614e847f70de781432
kmod-libs.armv7l 15-2.1 toolchains/kmod#93cdb79a3872edf448407dfec44232a316245ca2
kmod.armv7l 15-2.1 toolchains/kmod#93cdb79a3872edf448407dfec44232a316245ca2
launchpad.armv7l 0.0.20-2.1 framework/appfw/launchpad#20e0f2493de6339a36ac3fee61cf3d4095413510
lbs-server.armv7l 0.6.5-2.1 framework/location/lbs-server#3e0e26161d550370fe271caf0c607049485f74c0
libICE.armv7l 1.0.8-2.1 framework/uifw/xorg/lib/libice#f40af071415a0ca7310c325619173d08f911c4c3
libSM.armv7l 1.2.1-2.1 framework/uifw/xorg/lib/libsm#a8dc4b805d5d38e3935b9d8c90da43d54f24304d
libX11-common.noarch 1.5.0-2.4 framework/uifw/xorg/lib/libx11#bd195c68cf2d707dd8e089797b93c893c1d8879e
libX11.armv7l 1.5.0-2.4 framework/uifw/xorg/lib/libx11#bd195c68cf2d707dd8e089797b93c893c1d8879e
libXau.armv7l 1.0.7-2.1 framework/uifw/xorg/lib/libxau#d34f0bec6fb2140c960be4f5b21fe95bc854aa5a
libXcomposite.armv7l 0.4.4-2.1 framework/uifw/xorg/lib/libxcomposite#ace2327480f4049f8eb74ce35a88fbeac2e7dfcd
libXcursor.armv7l 1.1.13-2.1 framework/uifw/xorg/lib/libxcursor#aae1281d99e9dffd6423241e756beea84e3fabe6
libXdamage.armv7l 1.1.3-2.1 framework/uifw/xorg/lib/libxdamage#12d617f26619d5be5df22cb822ff44ea132cb566
libXdmcp.armv7l 1.1.1-2.1 framework/uifw/xorg/lib/libxdmcp#5a9628cd6831ce864bde32d8989e59a9f17801e9
libXext.armv7l 1.3.1-2.1 framework/uifw/xorg/lib/libxext#567649535108bca98ee9946a965f475844bb09dd
libXfixes.armv7l 5.0-2.1 framework/uifw/xorg/lib/libxfixes#0c3eeeaa8e30ced3c80b6794f71b063b3a50400f
libXfont.armv7l 1.4.5-2.1 framework/uifw/xorg/lib/libxfont#a18d510d45a9a48316e354a795df4a608013a78b
libXgesture.armv7l 0.1.1-2.1 framework/uifw/xorg/lib/libxgesture#e915c0e34d1836a4c84828db7754523fe4714b56
libXi.armv7l 1.6.2-2.1 framework/uifw/xorg/lib/libxi#d41acd23e71a363d12ccddbebccc1ef0147d99e0
libXinerama.armv7l 1.1.2-2.1 framework/uifw/xorg/lib/libxinerama#8d46a73356453fc465416bc159550812ff620270
libXmu.armv7l 1.1.1-2.1 framework/uifw/xorg/lib/libxmu#4ba3487c17462fc79526a2f0fd752ac3ab8e6e6b
libXrandr.armv7l 1.4.0-2.1 framework/uifw/xorg/lib/libxrandr#da1b8feb6c291ccdaa53aa837aef1ad32076a5ee
libXrender.armv7l 0.9.7-2.1 framework/uifw/xorg/lib/libxrender#044912f34f8cf307da81bdebc2b9c09be238a969
libXt.armv7l 1.1.2-2.1 framework/uifw/xorg/lib/libxt#d8f7e07f00ec34363ef7c0140ec13d203c87142c
libXtst.armv7l 1.2.0-2.1 framework/uifw/xorg/lib/libxtst#e37a1fc3379203b369269f8b42f7e7bc93cc7745
libXv.armv7l 1.0.7-2.1 framework/uifw/xorg/lib/libxv#7fa2cca0ec35b3512b59188f068f7ed51e0a45f9
libXxf86dga.armv7l 1.1.3-2.1 framework/uifw/xorg/lib/libxxf86dga#be3b4c44938b4b8c5d77544221b773f075ea8e01
libXxf86vm.armv7l 1.1.2-2.1 framework/uifw/xorg/lib/libxxf86vm#fe9731fcba6025669cf8932d7ee993a169af3830
libacl.armv7l 2.2.49-2.1 framework/base/acl#ff4a03807fc4d7397583d2738198e7f6bf92fb22
libalarm.armv7l 0.4.163-2.1 framework/appfw/alarm-manager#0c5e5c06455e4650bfd57d571fcd9f2cf02a6f66
libarchive-devel.armv7l 2.8.3-2.1 toolchains/libarchive#fe8255f271168a42e9479c74e5bba698cca576ef
libarchive.armv7l 2.8.3-2.1 toolchains/libarchive#fe8255f271168a42e9479c74e5bba698cca576ef
libasound-1.0.25.armv7l 1.0.25-2.1 external/alsa-lib#14acc1fba9aa540a292af3e878dcfe13f8543646
libattr.armv7l 2.4.44-2.5 framework/base/attr#e1adfdbf2c6eb1d81beb3a755998f90401806fff
libavcodec.armv7l 1.0.0-2.1 framework/multimedia/ffmpeg#ba57709a360a388c6b2a0c5908c760c9a4df655f
libavformat.armv7l 1.0.0-2.1 framework/multimedia/ffmpeg#ba57709a360a388c6b2a0c5908c760c9a4df655f
libavutil.armv7l 1.0.0-2.1 framework/multimedia/ffmpeg#ba57709a360a388c6b2a0c5908c760c9a4df655f
libblkid.armv7l 2.20.2-2.1 tools/util-linux#beea0f85c72858f23aecdefb65c25034058d9803
libbluetooth3.armv7l 5.28-2.1 framework/connectivity/bluez#363525157b8fe40ce1869811eb0754681fec3238
libcamsrcjpegenc-sw-libjpeg.armv7l 0.1.15-2.1 framework/multimedia/libcamsrcjpegenc-sw-libjpeg#6ef42dd5e6cbc25f8c29917d6674ff16cce5fd3f
libcamsrcjpegenc.armv7l 0.1.9-2.1 framework/multimedia/libcamsrcjpegenc#85afa051c96555c285e82dc8d21083b6abbca749
libcap.armv7l 2.21-2.1 external/libcap#20a987900373459c930149dd5ef9f37e2f804e29
libcom-core.armv7l 1.0.2-2.1 framework/appfw/com-core#2fec48e7f95695996e46768affe20dc435cbae4f
libcom_err.armv7l 1.41.9-2.4 toolchains/e2fsprogs#e8466300b59beddcb1dacca66b2b2b0e224153e7
libcore-context-manager.armv7l 1.1.2-2.1 framework/context/context-manager#22cd655e6bcd9efd51bdc1aaa11c5a21ce3d0d6a
libcryptsvc.armv7l 0.0.1-2.1 framework/security/libcryptsvc#028f359aebb81c182d92e1ac653a72f0f634cb65
libcurl.armv7l 7.40.1_2-2.1 external/curl#511f2a666276f74e7bea2faf9f21dae0fa33b22c
libdevice-node.armv7l 0.1.0-2.1 framework/system/libdevice-node#3a0ecf8ced7eb17a984b6c9c59d0b040531cc224
libdeviced.armv7l 1.0.0-2.1 framework/system/deviced#d560643fb6143e9726371d297ed9a22bb5fc2194
libdmx.armv7l 1.1.2-2.1 framework/uifw/xorg/lib/libdmx#ecef5f6499196dbd778df5b11ddfe1d0fce38feb
libdri2.armv7l 0.1.0-2.1 framework/uifw/xorg/lib/libdri2#b7aa5988a14a05a18125a799761b7ebf9ccc81c6
libdrm2.armv7l 2.4.35-2.1 framework/uifw/xorg/lib/libdrm#6a6d01d136c758dd8e44b75e9ac6301d67182e52
libexif.armv7l 0.6.21-2.1 framework/multimedia/libexif#b1c7654149142e81c8d808b3e8cc4d8f88e49243
libfeedback.armv7l 0.1.3-2.1 framework/system/libfeedback#bc673ae4f144f760fb0ca61ff5063bb7406ef0dc
libffi.armv7l 3.0.9-2.1 toolchains/libffi#925895931805ac5ee2daedff26d2b3b46d75dbee
libfile.armv7l 5.04-2.1 external/file#738310a2edabe8acd6a2065eeb95be2c148b8369
libfontenc.armv7l 1.1.0-2.1 framework/uifw/xorg/lib/libfontenc#6ec98a281d80e39c6f03ec86812de9935bdaef03
libgcc.armv7l 4.6.4-3.4 toolchains/gcc#01c7c21d53bb93b3cae14e0f056425b3381ad1ae
libgcrypt.armv7l 1.4.4-2.1 external/libgcrypt11#6b80f0853984bd23cc0153949eba2572c86e5227
libgomp.armv7l 4.6.4-3.4 toolchains/gcc#01c7c21d53bb93b3cae14e0f056425b3381ad1ae
libgpg-error.armv7l 1.7-2.1 external/libgpg-error#c7b90fbec6f715d3efaff637acae0f903ce3900f
libgudev1.armv7l 210-2.3 external/systemd#690b41450173408d92e5de0ed9d97d70bfa4edd9
libicu.armv7l 51-2.4 external/icu#60c90a206c8d3e77284bc7b0ce944d548d25d4ae
libidn.armv7l 1.16-2.1 external/libidn#3fa22a58716de02c49f3c93cf52f979d87f6527e
libiri.armv7l 1.7-2.1 external/libiri#4f189fe04144af7f4ba701e97b682a0538d6cb2d
libjournal-devel.armv7l 0.1.0-2.1 framework/system/journal#c1ac2d8725ef7f68b01ec84f4ff4510a11826956
libjournal.armv7l 0.1.0-2.1 framework/system/journal#c1ac2d8725ef7f68b01ec84f4ff4510a11826956
libjpeg-turbo.armv7l 1.2.0-2.3 external/libjpeg-turbo#5887f457025bc2cabc36e31d1c119ea79676f130
libjson.armv7l 0.10.1-2.1 external/json-c#252836c5849cd4f6fb04b83ce48eb270ed491a2c
liblbs-dbus.armv7l 0.3.1-2.1 framework/location/lbs-dbus#f4567a394409a3e29eb03a81da50ad74b9561290
libleveldb.armv7l 1.1_17-2.1 external/leveldb#52e65779520eafed882f837d7ae3c1a3c313259d
liblua.armv7l 5.1.4-2.1 toolchains/lua#75f01e52073b5f007bd4c83ab7f23c2532018e6d
libmedia-service.armv7l 0.2.122-2.1 framework/multimedia/libmedia-service#c21b3ac548823ecff8fc65f6622dde3ace95a772
libmedia-thumbnail.armv7l 0.1.118-2.1 framework/multimedia/libmedia-thumbnail#795da48d2e8d4289fbf84ffa2ef3f8200c813e56
libmedia-utils.armv7l 0.2.89-2.1 framework/multimedia/media-server#1e44221f291c9143ebb854771b6c4f1cf2b08484
libmm-camcorder.armv7l 0.9.64-2.1 framework/multimedia/libmm-camcorder#fa6efa6a43219884b2c42a65e8809de7cdb26011
libmm-common.armv7l 0.2.86-2.1 framework/multimedia/libmm-common#6d6c89301294b8abcd0aaf0bf62f88a17d84df38
libmm-fileinfo.armv7l 0.6.36-2.1 framework/multimedia/libmm-fileinfo#97e3df24773a6715ab4e1f5ed67f27c56e9736dd
libmm-imgp-gstcs.armv7l 0.7-2.1 framework/multimedia/libmm-imgp-gstcs#5a00b243aee055f32261683e843d9f9697a2884e
libmm-player.armv7l 0.5.58-2.1 framework/multimedia/libmm-player#ca1cdb0e5249aafc158a5ce21a415f89a92b2cb9
libmm-radio.armv7l 0.2.15-2.1 framework/multimedia/libmm-radio#01f5b1de76a15384663e899b694212cdcf0e6eb1
libmm-session.armv7l 0.4.16-2.1 framework/multimedia/libmm-session#614d2eb138cd14d1641de2f8a30821e1d2220cb4
libmm-sound-tool.armv7l 0.9.189-2.3 framework/multimedia/libmm-sound#92ce1a7124e7073f8e19a9de7ca3c6d8bd143efd
libmm-sound.armv7l 0.9.189-2.3 framework/multimedia/libmm-sound#92ce1a7124e7073f8e19a9de7ca3c6d8bd143efd
libmm-utility.armv7l 0.34-2.1 framework/multimedia/libmm-utility#8dfafdc80801db5e9585106ee600550589e6a5cb
libmount.armv7l 2.20.2-2.1 tools/util-linux#beea0f85c72858f23aecdefb65c25034058d9803
libnet-client.armv7l 1.1.25-2.1 framework/connectivity/libnet-client#77705c1e87c598210445effa255b3873c340b41c
libnl2.armv7l 2.0.1-2.1 external/libnl2#7011320d5deaaa299318ec7a320da1606a08d3d0
liboauth.armv7l 0.9.4-2.1 external/liboauth#611d0ffe885873dc204af6312e11b6d2757ec91d
libogg.armv7l 1.2.1-2.1 external/libogg#2e9a607d2f4ad2d5b7f0268118b915937113b0a0
libomxil-e3250-v4l2.armv7l 0.0.12-2.1 adaptation/ap_samsung/libomxil-e3250-v4l2#a2e270d76fb620d605226cb955ae19606f5eeb26
libpciaccess.armv7l 0.13.1-2.1 framework/uifw/xorg/lib/libpciaccess#64293f937eefab8d10ab6901df823230b8e987e2
libpcre.armv7l 7.7-2.1 framework/web/pcre#acdcfd2f53dcbbde06cf0c94d116af8b4e197471
libpng.armv7l 1.2.50-2.1 external/libpng#0b448ba109e257a0dcf152f011ff5aee3b0a7398
libprivilege-control-conf.armv7l 0.0.93-2.1 framework/security/libprivilege-control#5eed2fee4bb58d643e2c02ec6600ec8343eb2656
libprivilege-control.armv7l 0.0.93-2.1 framework/security/libprivilege-control#5eed2fee4bb58d643e2c02ec6600ec8343eb2656
libremix.armv7l 0.2.4+build14-2.1 external/libremix#cfc1be9fc642d48a11f17bb985f564f3d72e5087
libresourced.armv7l 0.2.86-2.1 kernel/api/system-resource#94d669cdf24b2e2ecebbe7313216acb934a82ada
librua.armv7l 0.1.8-2.1 framework/appfw/librua#6ac138030f39e1c3fd381dc4c4fd2930b9ca5164
libsecurity-server-client.armv7l 0.0.132-2.1 framework/security/security-server#e9664d4edb71f838f7c38d24631a949737f197a5
libsensord.armv7l 1.1.17-2.1 framework/system/sensord#5f7e76d6a2cbc3ab6d03f67f181063737dc4662e
libshortcut.armv7l 0.6.14-2.1 framework/appfw/shortcut#e98bb2cb455473ed5b0565266eff542a6f24439e
libslp-db-util.armv7l 0.1.8-2.1 framework/appfw/libslp-db-util#f236130e205eb1f9c416f3a59ab52d2783c63df7
libslp-lbsplugin-replay.armv7l 0.2.1-2.1 framework/location/libslp-lbs-plugin-replay#3daf58ebb43eaa120f4d21666e821c9256b47d33
libslp-location.armv7l 0.9.5-2.1 framework/location/libslp-location#aac0b08335800d6ed0db99b002ec8fa4b15fe1d2
libslp-utilx.armv7l 0.4.5-2.1 framework/uifw/xorg/libslp-utilx#6d805d239756d61e9ad0b57e5ac0ab270f05c5d4
libsndfile.armv7l 1.0.25-2.1 external/libsndfile#62dd74398df1b79a7156d1acfee2c734e5d953c2
libsoup2.4.armv7l 2.38.1_0.5.12-2.1 framework/connectivity/libsoup2.4#a19c254cc9ed232f7f157ac3c8c2dcf5f9e73aeb
libss-client.armv7l 0.12.12-2.1 framework/security/secure-storage#84196f7d180a9937aee675f79534022830169121
libss.armv7l 1.41.9-2.4 toolchains/e2fsprogs#e8466300b59beddcb1dacca66b2b2b0e224153e7
libstdc++.armv7l 4.6.4-3.4 toolchains/gcc#01c7c21d53bb93b3cae14e0f056425b3381ad1ae
libswscale.armv7l 1.0.0-2.1 framework/multimedia/ffmpeg#ba57709a360a388c6b2a0c5908c760c9a4df655f
libtcore.armv7l 0.2.59-2.1 framework/telephony/libtcore#a0e0715a6de080ce0a9d12f935d1b275df1f92eb
libtheora.armv7l 1.1.1-2.1 external/libtheora#4e6d952ef339177f02d8defa6a1095ebbd64197d
libtool-ltdl.armv7l 2.2.6b-2.1 toolchains/libtool#f16d18a6e28f1088ef5fa7f2abfe1843d59a9a14
libtremolo.armv7l 0.0.11-2.1 external/libtremolo#17095d34d9c41c1715af19a50a42c2f5bb9cd543
libunwind.armv7l 1.1-2.2 external/libunwind#340927d20fe516adfad5c29c957ebd356880647e
libuuid.armv7l 2.20.2-2.1 tools/util-linux#beea0f85c72858f23aecdefb65c25034058d9803
libvorbis.armv7l 1.2.3-2.1 external/libvorbis#a0760380f50c7f406590cf8ecb6a9cefc3ce119b
libwebsockets.armv7l 1.2-2.1 external/libwebsockets#2ae8ec672a52448f15a6f7d67bdac2bad4c79c58
libwidget.armv7l 1.2.0-2.1 apps/widget/widget#b612ae97e3d3ded3c85d70dbca8e1a5ef6c60a96
libwidget_provider.armv7l 1.1.5-2.1 apps/widget/widget-provider#e96a502e00afe2b6a5c5e72c6c14f96b835baa2f
libwidget_provider_app.armv7l 1.1.5-2.1 apps/widget/widget-provider#e96a502e00afe2b6a5c5e72c6c14f96b835baa2f
libwidget_viewer.armv7l 1.2.1-2.1 apps/widget/widget-viewer#aad53dd8e8c7315bbb7f709eb212f6dc04e11231
libxcb.armv7l 1.8.1-2.1 framework/uifw/xorg/xcb/libxcb#36078de3a9294a55ca48a5c5f426b4bc9b774b5d
libxkbfile.armv7l 1.0.8-2.1 framework/uifw/xorg/lib/libxkbfile#81f3070628b1acaf250c10bdf667b8d1a6f6c619
libxml2.armv7l 2.7.8-2.1 external/libxml2#dd56916a0bd33a8ba1883731296c7b06d9e4ad50
libxslt.armv7l 1.1.16-2.1 external/libxslt#9c206b6ad127d38b9059a30c67233aa042b11a50
location-lbs-server.armv7l 0.6.5-2.1 framework/location/lbs-server#3e0e26161d550370fe271caf0c607049485f74c0
lsb.armv7l 3.2-2.1 external/lsb#30b96a12aa7bb98cdeeee6ebf2d495d392c3a49a
media-data-sdk.armv7l 0.1.38-2.1 framework/multimedia/media-data-sdk#faecf5795bb8045c32f84c86b6ca7484ef3f1efe
media-server.armv7l 0.2.89-2.1 framework/multimedia/media-server#1e44221f291c9143ebb854771b6c4f1cf2b08484
media-thumbnail-server.armv7l 0.1.118-2.1 framework/multimedia/libmedia-thumbnail#795da48d2e8d4289fbf84ffa2ef3f8200c813e56
message-port.armv7l 1.2.2.1-2.1 framework/appfw/message-port#e0e17522145767621f5bdf11197a36f3af78aad2
messageportd.armv7l 1.2.2.1-2.1 framework/appfw/message-port#e0e17522145767621f5bdf11197a36f3af78aad2
mfc-firmware-e3250.armv7l 0.0.9-2.1 adaptation/ap_samsung/mfc-firmware#cb2910d545f4889989cec5db8a6e5aaa0d1258b6
minicontrol.armv7l 0.0.16-2.1 apps/home/minicontrol#9265db2c03d02584b6f9fcd4d0aba967f984a1e7
minizip.armv7l 1.2.5-2.7 toolchains/zlib#6f25fa1f0483bda08596030a0f1a26323b675ca5
mmfw-sysconf-e3250.armv7l 0.1.230-2.1 framework/multimedia/mmfw-sysconf#4de6f2f350a2b36e8da6729c8b4222df860831ae
model-config-b2.noarch 0.0.1-2.1 adaptation/model/model-config-b2#0f207cdb6fc5844bd5e86e4e8ac1547edaa80e7e
mtdev.armv7l 1.1.3-2.1 adaptation/mtdev#50c41782ed14fd4c55fb9f2ea452b0c9977c9640
native-buffer.armv7l 1.1.3-2.1 framework/graphics/native-buffer#67afa26d663c1d6952b471f6e86cbbaad7e44cbf
ncurses-base.armv7l 5.7-2.1 external/ncurses#936da8121473a56d816beabc056ff0a9c3878caf
ncurses-libs.armv7l 5.7-2.1 external/ncurses#936da8121473a56d816beabc056ff0a9c3878caf
ncurses.armv7l 5.7-2.1 external/ncurses#936da8121473a56d816beabc056ff0a9c3878caf
net-config.armv7l 1.0.79-2.3 framework/connectivity/net-config#890e24fe7ea4c98095b06b62147fe9327b562261
net-tools.armv7l 1.60-2.3 tools/net-tools#c032b3f0a61d59aa542d570ec6a12a25d83a27de
nettle.armv7l 2.1_2.3-2.1 external/nettle#1869e7b2df4c02f31f2f077d9cca7c307f255644
nfc-client-lib.armv7l 0.1.92-2.3 framework/connectivity/nfc-manager#4c16670e71241c6494336fbdeca8f3badc1aec12
nfc-common-lib.armv7l 0.1.92-2.3 framework/connectivity/nfc-manager#4c16670e71241c6494336fbdeca8f3badc1aec12
nspr.armv7l 4.9-2.8 toolchains/nspr#420e5745fff4b53ab50026c1d158c5a646f9230a
nss-softokn-freebl.armv7l 3.12.9-2.10 toolchains/nss#453ac1cf7a13347b39d9aaf6c8f7dd9d1377c329
nss-sysinit.armv7l 3.12.9-2.10 toolchains/nss#453ac1cf7a13347b39d9aaf6c8f7dd9d1377c329
nss.armv7l 3.12.9-2.10 toolchains/nss#453ac1cf7a13347b39d9aaf6c8f7dd9d1377c329
openal-soft.armv7l 1.13-2.1 framework/multimedia/openal-soft#b99f34f553328d4a9f4e1e4803d9553a16a36d5f
opencore-amr.armv7l 0.1.3-2.1 external/opencore-amr#bee20294e0d8e1eb6502688d5b9112c7854c70fa
opengl-es-virtual-drv.armv7l 0.1.6-2.4 adaptation/opengl-es-virtual-drv#789a5b2362778064276e019e33adc997b9b5ef8d
opengl-es.armv7l 0.1.3-2.1 framework/graphics/opengl-es#65bc2732523c948f0338e5289bbdf861fbfcb188
openssl.armv7l 1.0.1p-2.5 framework/security/openssl#c484b26e7a6412040753adc580779360753dc250
org.tizen.app-selector-wearable.armv7l 0.1.57-2.2 apps/home/app-selector-wearable#ae83fb0e5958c0300ca4953a96577a58abd48161
org.tizen.bluetooth.armv7l 0.0.45-2.1 apps/connectivity/bluetooth#9f6d331622fb8ea8e63b097f899bd4fae96c7585
org.tizen.bt-syspopup.armv7l 0.2.104-2.2 apps/home/bt-syspopup#41167f57d1e653a0287e9200494a46c1a281e6db
org.tizen.clocksetting.armv7l 0.0.2-2.2 apps/home/b2-clocksetting#f4d52c9f637518dd5bde768cdafe0505909d7c75
org.tizen.crash-popup.armv7l 0.1.31-2.1 framework/system/system-popup#9d7b94ea9e86df21440ba1368dcbdfa3e888cd3e
org.tizen.data-provider-slave.armv7l 1.0.0-2.1 apps/widget/data-provider-slave#9d77f129fcaa9fac29a06eac163b73b8b4cf6703
org.tizen.idle-clock-digital.armv7l 0.1.49-2.3 apps/home/idle-clock-digital#2f2ed91b94b0b270c05bf3f7c8b6ebc222fe835e
org.tizen.lowbat-syspopup.armv7l 0.1.31-2.1 framework/system/system-popup#9d7b94ea9e86df21440ba1368dcbdfa3e888cd3e
org.tizen.lowmem-syspopup.armv7l 0.1.31-2.1 framework/system/system-popup#9d7b94ea9e86df21440ba1368dcbdfa3e888cd3e
org.tizen.poweroff-syspopup.armv7l 0.0.1-2.3 apps/home/device-options#f4b630574d50f65a7e47d5e2b0ab65f6e7541f16
org.tizen.system-syspopup.armv7l 0.1.31-2.1 framework/system/system-popup#9d7b94ea9e86df21440ba1368dcbdfa3e888cd3e
org.tizen.w-clock-viewer.armv7l 0.0.1-2.2 apps/home/w-clock-viewer#0b1d660bbc0057393bd59aee78fdf2754a9f386b
org.tizen.w-home.armv7l 0.1.0-2.3 apps/home/w3-home#c93ef578c5de9b91e365cdb549f2e080f60191f8
org.tizen.w-text-input-setting.armv7l 0.0.1-2.1 framework/uifw/text-input-setting-wearable#4d97a8fe9bd58bcdf04feaf86cc8dd12cbf5468c
org.tizen.widget_viewer_sdk.armv7l 0.0.1-2.1 apps/widget/widget-viewer#aad53dd8e8c7315bbb7f709eb212f6dc04e11231
pam.armv7l 1.1.5-2.1 toolchains/pam#6f67c3fbb3b8d49805e38229b5519934dd6d4637
pims-ipc.armv7l 0.1.9-2.3 framework/pim/pims-ipc#5f74678e713f6096e2cc6150c89a1fe8fd64c57a
pixman.armv7l 0.28.2-2.1 framework/graphics/pixman#c428c7af791c0c6e017e2cc710a9eda9733e00e1
pkg-config.armv7l 0.25-2.1 tools/pkg-config#3ef6d1a7724b16f5415244eab9f7eac7594392e4
pkgmgr-client.armv7l 0.3.37-2.1 framework/appfw/slp-pkgmgr#f8090d18c97e3d22e3e706ba4b5af81a081c5644
pkgmgr-info-parser.armv7l 0.0.231-2.1 framework/appfw/pkgmgr-info#d3c08281f58b97f127f0f126b07c0a25a7144f3d
pkgmgr-info.armv7l 0.0.231-2.1 framework/appfw/pkgmgr-info#d3c08281f58b97f127f0f126b07c0a25a7144f3d
pkgmgr-installer.armv7l 0.3.37-2.1 framework/appfw/slp-pkgmgr#f8090d18c97e3d22e3e706ba4b5af81a081c5644
pkgmgr-server.armv7l 0.3.37-2.1 framework/appfw/slp-pkgmgr#f8090d18c97e3d22e3e706ba4b5af81a081c5644
pkgmgr.armv7l 0.3.37-2.1 framework/appfw/slp-pkgmgr#f8090d18c97e3d22e3e706ba4b5af81a081c5644
popt.armv7l 1.16-2.1 external/popt#06a4216ff76f0d5d9d1e7cb69930be5a4081eb84
privacy-manager-client.armv7l 0.0.6-2.1 framework/security/privacy-manager#359f9ea27a0eb32390ef84fee3047cb873328db7
privacy-manager-server.armv7l 0.0.6-2.1 framework/security/privacy-manager#359f9ea27a0eb32390ef84fee3047cb873328db7
privilege-checker.armv7l 0.0.3-2.3 framework/security/privilege-checker#1d681c16d25171f188b43eb9ad3e2d5260719319
procps.armv7l 3.2.8-2.4 external/procps#1044dad762335d51d1cff1ca3737eaadb9b77933
psmisc.armv7l 22.20-2.1 external/psmisc#c90474a3a14cbbd882fb1474f2cb8f937c8ff6b4
pulseaudio-libs.armv7l 4.0.154-2.1 framework/multimedia/pulseaudio#a5b40dad849c62759b8f40f1d6c2ec6add475d9c
pulseaudio-module-bluetooth.armv7l 4.0.154-2.1 framework/multimedia/pulseaudio#a5b40dad849c62759b8f40f1d6c2ec6add475d9c
pulseaudio-utils.armv7l 4.0.154-2.1 framework/multimedia/pulseaudio#a5b40dad849c62759b8f40f1d6c2ec6add475d9c
pulseaudio.armv7l 4.0.154-2.1 framework/multimedia/pulseaudio#a5b40dad849c62759b8f40f1d6c2ec6add475d9c
push-bin.armv7l 0.4.06-2.1 framework/appfw/sppc#67e38185dbfeda3eabda5423b6e5e525a5a6ff7e
push-tool.armv7l 0.4.06-2.1 framework/appfw/sppc#67e38185dbfeda3eabda5423b6e5e525a5a6ff7e
readline.armv7l 5.2-2.1 external/readline5#eba463ed519b52dca74769c7e9c6315c66084fdf
rfkill.armv7l 0.4-2.1 framework/system/rfkill#96f0b94700c3fcca158d7b930d761c64996427ff
rpm-installer.armv7l 0.1.146-2.1 framework/base/rpm-installer#01de2eacb53274869b126ace4fa27ea2a543ccd5
rpm-libs.armv7l 4.9.1-2.1 toolchains/rpm#bceda01e970b75fd3a50774e0324a6b18b195902
rpm-security-plugin.armv7l 4.9.1-2.1 toolchains/rpm#bceda01e970b75fd3a50774e0324a6b18b195902
rpm.armv7l 4.9.1-2.1 toolchains/rpm#bceda01e970b75fd3a50774e0324a6b18b195902
sdbd.armv7l 2.2.23-2.1 framework/system/sdbd#c2445179c482850f4794160949cf467c7989ba9d
security-server.armv7l 0.0.132-2.1 framework/security/security-server#e9664d4edb71f838f7c38d24631a949737f197a5
sed.armv7l 4.1.5-2.1 toolchains/sed#2d0c55a963bfaaeb66f01380d337cf56f060613b
sensord.armv7l 1.1.17-2.1 framework/system/sensord#5f7e76d6a2cbc3ab6d03f67f181063737dc4662e
setup.noarch 0.1-2.1 toolchains/setup#0d172eb43ecb47affe5cb62dfd5ecfd5a66aaec0
shadow-utils.armv7l 4.1.4.2-2.1 external/shadow-utils#d9970985563ba9f830ebef32e4971152658f18d5
shared-mime-info.armv7l 0.60-2.1 external/shared-mime-info#0ce8dc59fc5c018b78afb36beb89915f40ab4f35
sharutils.armv7l 4.7-2.1 toolchains/sharutils#b3b733df6098d9cd83b8710cafc45f36c113ee3e
smack-privilege-config.armv7l 1.0.8-2.1 framework/security/smack-privilege-config#325f3b21e498c8b0b1e615d2bac301b5c1d737a2
smack-utils.armv7l 1.0+s14-2.1 framework/security/smack#d526130d4daf99cd86235019d82b46ab630ddfdb
smack.armv7l 1.0+s14-2.1 framework/security/smack#d526130d4daf99cd86235019d82b46ab630ddfdb
speex-tools.armv7l 1.2rc1-2.3 external/speex#3e9214e6add9ab7e6e1045561defd0200c0d5403
speex.armv7l 1.2rc1-2.3 external/speex#3e9214e6add9ab7e6e1045561defd0200c0d5403
spindly.armv7l 0.0.9-2.1 framework/connectivity/spdy#cf53160e65fa00020a4038a89fe6a3bb634fb997
sqlite.armv7l 3.7.13-2.1 framework/base/sqlite3#a714454dff118942834c89b6f22868cade1a54bb
ss-server.armv7l 0.12.12-2.1 framework/security/secure-storage#84196f7d180a9937aee675f79534022830169121
starter.armv7l 0.5.52-2.1 apps/home/starter#5cea387de7e517476d31b915642c232347ca7a3d
svi-data.armv7l 0.1.3-2.1 framework/system/libfeedback#bc673ae4f144f760fb0ca61ff5063bb7406ef0dc
sys-assert.armv7l 0.3.2-2.1 framework/system/sys-assert#57f15fa0e89b324d66dcd3529add9542d61c89f6
sys-string.armv7l 1.2-2.1 framework/base/sys-string-0#2944b95c498ba59a02dfe49d15f75e2a428f1841
syspopup-caller.armv7l 0.0.134-2.3 framework/base/syspopup#e9cba11f174c3e3cd0baf887f2ac09d20da5b457
syspopup.armv7l 0.0.134-2.3 framework/base/syspopup#e9cba11f174c3e3cd0baf887f2ac09d20da5b457
system-plugin-common.armv7l 0.0.01-2.1 adaptation/ap_samsung/system-plugin-common#f66f61d6d5c9f9928f140ebfbda80284d1331529
system-plugin-exynos.armv7l 0.1.01-2.1 adaptation/ap_samsung/system-plugin-exynos#874227558c2723b012074bd260046c2ff7e92ad6
system-popup.armv7l 0.1.31-2.1 framework/system/system-popup#9d7b94ea9e86df21440ba1368dcbdfa3e888cd3e
system-resource.armv7l 0.2.86-2.1 kernel/api/system-resource#94d669cdf24b2e2ecebbe7313216acb934a82ada
systemd-libs.armv7l 210-2.3 external/systemd#690b41450173408d92e5de0ed9d97d70bfa4edd9
systemd.armv7l 210-2.3 external/systemd#690b41450173408d92e5de0ed9d97d70bfa4edd9
tar.armv7l 1.17-2.1 toolchains/tar#b90214e2d8f33ee9742ec7abad869d13bd01ecf7
tel-plugin-database.armv7l 0.1.12-2.1 framework/telephony/tel-plugin-database#864b3548ee885f580a60f5170985f80e18fb8dcc
tel-plugin-dbus_tapi.armv7l 0.3.49-2.1 framework/telephony/tel-plugin-dbus_tapi#b56d3ee36923705345c49454934dda4b253eed29
tel-plugin-packetservice.armv7l 0.2.89-2.1 framework/telephony/tel-plugin-packetservice#9bc7c992e40583d4f4f28c386d56adbf9ee2540a
telephony-daemon.armv7l 1.3.19-2.1 framework/telephony/telephony-daemon#f5f2bcc9694e36ba0a85ebe4dfeffd8f4a06e104
tizen-coreutils.armv7l 6.9-2.1 external/tizen-coreutils#a0e7c770a1b565ff9f577ee546b553b55856ba1a
tizen-debug.armv7l 2.13-2.3 external/tizen-debug#7c1d1a1ae8c8b70557ec47536efa8cb8932bcac0
tizen-locale.armv7l 0.1-2.1 framework/base/tizen-locale#15493dd3ecb249fcf90af154fb8c8bccb27b87b8
tizen-release.noarch 2.2.0-2.1 toolchains/tizen-release#ca8102195764613f621ee23b18f250c5d898402f
tizen-security-policy.armv7l 1.2.2.1-2.1 framework/security/tizen-security-policy#2525a376cc176b2ee61c271b39f78a5b0538f06b
toybox-symlinks-klogd.armv7l 0.4.4-2.1 external/toybox#fdf2c97e484052edb14e9eae50c5c5795df43332
toybox-symlinks-sysklogd.armv7l 0.4.4-2.1 external/toybox#fdf2c97e484052edb14e9eae50c5c5795df43332
toybox-symlinks-udhcpc.armv7l 0.4.4-2.1 external/toybox#fdf2c97e484052edb14e9eae50c5c5795df43332
toybox-symlinks-udhcpd.armv7l 0.4.4-2.1 external/toybox#fdf2c97e484052edb14e9eae50c5c5795df43332
toybox.armv7l 0.4.4-2.1 external/toybox#fdf2c97e484052edb14e9eae50c5c5795df43332
tzdata.noarch 2014j-2.1 toolchains/tzdata#274b4b05c8f6ae2cdd0d2acaa0a87f154f8ec17b
unzip.armv7l 6.0-2.7 toolchains/unzip#284908b595ff6545b3b5903f816c578388d900ba
util-linux.armv7l 2.20.2-2.1 tools/util-linux#beea0f85c72858f23aecdefb65c25034058d9803
uuidd.armv7l 2.20.2-2.1 tools/util-linux#beea0f85c72858f23aecdefb65c25034058d9803
webkit2-efl.armv7l 152340_0.10.254.0-1.1 framework/web/wearable/webkit-efl#a1acc707b6b2ddc525d58a99274c00136b452336
which.noarch 0.1-2.1 toolchains/which#28d35cabf1d5d5ee623f2ef521209da634df1e30
widget.web-provider.armv7l 1.101-1.1 framework/web/wearable/web-provider#f354e5639742dd7c8e9bf0587f6c99fc88925520
wifi-direct-manager.armv7l 1.2.70-2.1 framework/connectivity/wifi-direct-manager#c3b523aebdd6fe36e313a8a3096269a3de62cdae
wifi-direct-plugin-wpasupplicant.armv7l 1.2.70-2.1 framework/connectivity/wifi-direct-manager#c3b523aebdd6fe36e313a8a3096269a3de62cdae
wpasupplicant.armv7l 2.1.6-2.1 framework/connectivity/wpasupplicant#9cc0889e485f51d013dd72bad0127d11b4f75a3d
wrt-common-native.armv7l 0.1.2-2.1 framework/web/wrt-service#59a7fa9ba043865996eea437bfcf241b302bf63a
wrt-commons.armv7l 0.2.196_w8-1.1 framework/web/wearable/wrt-commons#48e0c3df27ac60176ee525480a9bc6caad9cd246
wrt-installer.armv7l 0.1.175_w13-1.1 framework/web/wearable/wrt-installer#62bdfb2778143d16e309f8e91b3c2fe324ba92c9
wrt-plugins-common.armv7l 0.3.132_w3-1.1 framework/web/wearable/wrt-plugins-common#a212bb7e4a678888655efd1cd28f61b1118111bc
wrt-plugins-tizen.armv7l 0.5.67-1.1 framework/web/wearable/wrt-plugins-tizen#676deaa852191bcca4ef738158bce5615d3b7892
wrt-security.armv7l 0.0.67-1.1 framework/web/wearable/wrt-security#bbee069bff46a7dc4ead38c065717fecac78b12a
wrt.armv7l 0.8.325_w21-1.1 framework/web/wearable/wrt#cfeac7b2a46e197b187f6f314452e2e1c0a9b991
xdgmime.armv7l 0.0.12-2.1 framework/appfw/xdgmime#a2dca9a48f1d0500efdfd22d8dd53fa4e7bc2987
xkb-data.noarch 2.9.1-2.1 framework/uifw/xorg/util/xkeyboard-config#322bd2396a2130b1e37c04e094887bf16e238d50
xkeyboard-config.noarch 2.9.1-2.1 framework/uifw/xorg/util/xkeyboard-config#322bd2396a2130b1e37c04e094887bf16e238d50
xmlsec1-openssl.armv7l 1.2.14-2.1 external/xmlsec1#a897c2fe384d0f89635d05deee8b1e046e3caa9c
xmlsec1.armv7l 1.2.14-2.1 external/xmlsec1#a897c2fe384d0f89635d05deee8b1e046e3caa9c
xmlstarlet.armv7l 1.4.1-2.1 external/xmlstarlet#4732847654ed74ed893b7ea088805832fd91cc18
xorg-x11-apps.armv7l 7.6.2-2.1 framework/uifw/xorg/app/x11-apps#d712b77850a9a7c4ad73f3c0971acfe6262bfb10
xorg-x11-drv-evdev-multitouch.armv7l 2.3.16-2.1 adaptation/xorg/driver/xserver-xorg-input-evdev-multitouch#059ecb512befa5c04b79d96320203076583232dd
xorg-x11-drv-evdev.armv7l 2.7.6.11-2.1 adaptation/xorg/driver/xserver-xorg-input-evdev#0beb97b77f2b4d29fc5ef71e004c1ea0113c3e29
xorg-x11-drv-exynos.armv7l 0.2.112-2.1 adaptation/ap_samsung/xserver-xorg-video-exynos#cb41fec8f453fd5dc9fb1d4a92a6d49f043578fc
xorg-x11-drv-gesture.armv7l 0.1.60-2.1 adaptation/xorg/driver/xserver-xorg-input-gesture#f04c89548b4b16d26281056d60bfcad599d09c21
xorg-x11-misc-exynos.armv7l 0.0.42-2.1 adaptation/ap_samsung/xserver-xorg-misc-exynos#0cef7a520e12989f79056d372ddb4150ece6b565
xorg-x11-module-xdbg.armv7l 0.1.47-2.1 adaptation/xorg/driver/xserver-xorg-module-xdbg#23468e0c68ff460851aff0d50b7e3dd14acb2137
xorg-x11-server-Xorg.armv7l 1.13.30-2.3 framework/uifw/xorg/server/xorg-server#cc34163eda8906cc0e8c4de8b32e80c23b3850f8
xorg-x11-server-common.armv7l 1.13.30-2.3 framework/uifw/xorg/server/xorg-server#cc34163eda8906cc0e8c4de8b32e80c23b3850f8
xorg-x11-server-utils.armv7l 7.5.1-2.1 framework/uifw/xorg/util/x11-xserver-utils#4d88910228dfcfa8f865f847ff7c45b248ccdb73
xorg-x11-utils.armv7l 7.5.1-2.1 framework/uifw/xorg/util/x11-utils#5d7df437baeb3638bc329f2f67556bb8c3da8910
xorg-x11-xinit.armv7l 1.4.6-2.1 framework/uifw/xorg/app/xinit#1c65e982c552c564ff5aaa959ea19679c98a4b4c
xorg-x11-xinput.armv7l 1.6.0-2.1 framework/uifw/xorg/app/xinput#901c7b3d3f28bee102c40d5f9296a4d8eceaa7cf
xorg-x11-xkb-utils.armv7l 7.9.1-2.1 framework/uifw/xorg/util/x11-xkb-utils#149aa9766b3e35fdc9eb929283c0cb0076afd139
xz-libs.armv7l 5.0.3-2.1 toolchains/xz#7ead91b0f95e7af6e42ff811484bad6595803e66
zlib.armv7l 1.2.5-2.7 toolchains/zlib#6f25fa1f0483bda08596030a0f1a26323b675ca5
