====================
বৃহঃ জুন 16 09:26:16 BDT 2016
====================
account-common.armv7l 0.1.1-7.1 platform/core/account/account-common#49f7f981cc6cab0cdc21ab7d0023218cc2c1e54e
account-manager.armv7l 0.1.4-10.1 platform/core/account/account-manager#35a2b76911282d63e4e0ed3a2bfcb1cc428fb928
account-parser.armv7l 0.1.0-3.3 platform/core/account/account-parser#b3f6eb7098f69887c244d2e36619cab5b20fa2ee
acl.armv7l 2.2.52-2.9 platform/upstream/acl#53165edcc772173273f502514090a6e0fb7e862c
alarm-server.armv7l 0.4.178-41.1 platform/core/appfw/alarm-manager#29fbbe553ddbea5bc5f66f5ca95ead52e034077a
alsa-utils.armv7l 1.0.28-12.8 platform/upstream/alsa-utils#7a31f966b72af9639a41041beb49f6d5dac30c8a
amd.armv7l 0.0.100-69.1 platform/core/appfw/amd#3a6f81e579437b39cd898baedf06083de16a921f
anthy.armv7l 9100h-12.9 platform/core/uifw/anthy#ae5007464c40c9f359c278c788be0bfdd8ebdcbe
app-core-common.armv7l 1.2-39.2 platform/core/appfw/app-core#49d398614817d68434d989990ec7931f67781c26
app-core-efl.armv7l 1.2-39.2 platform/core/appfw/app-core#49d398614817d68434d989990ec7931f67781c26
app-installers.armv7l 1.8-113.1 platform/core/appfw/app-installers#8e280cc1044f62892d6003ede6473de9f15f08f5
app-svc.armv7l 0.1.53-20.4 platform/core/appfw/app-svc#1c984aefbe371d3d04709aaff514c6ed10a62292
app2sd.armv7l 0.5.42-19.2 platform/core/appfw/app2sd#95039c1c02df7300fc5db2c28d888c3958c4a248
appcore-agent.armv7l 1.0.4-17.1 platform/core/appfw/appcore-agent#1b539a04210f85a6e310e83c4541a1901a4e4bef
argos_watchdog.armv7l 0.0.1-1.4 platform/core/system/argos_watchdog#2810f7f2347f4181ea38ca4147f9d3f27b81686c
at-spi2-core.armv7l 2.16.1-7.3 platform/upstream/at-spi2-core#65a8179bd64640d3c76767121dbf45ce9b8422ae
audio-config-wm1831-orbis.noarch 0.0.29-2.2 profile/wearable/platform/adaptation/samsung_exynos/audio-config-wm1831#494121d1ba4caee25dd24eddc25ffd18e903c901
audio-hal-wm1831.armv7l 0.1.5-5.1 platform/adaptation/samsung_exynos/audio-hal-wm1831#6e6425fcd1d064604db43cf21d6c3a2c9032a018
aul.armv7l 0.0.300-23.1 platform/core/appfw/aul-1#d527acd1238877bda165479d8359e81855c9895d
auth-fw.armv7l 0.0.1-4.2 platform/core/security/auth-fw#282a7b00f385840fd00d98e9e94cd77a9707d657
bash.armv7l 3.2.57-3.1 product/upstream/bash#e15719eca663a1de7762ab70817b0357640572bc
bluetooth-agent.armv7l 0.1.0-32.1 platform/core/connectivity/bluetooth-agent#50e736df1bec1801635ed4e40fdd26345710ed9f
bluetooth-frwk-core.armv7l 0.2.151-70.1 platform/core/connectivity/bluetooth-frwk#17e211b818e970b679d46ae01f3f47ab816c6b47
bluetooth-frwk-service.armv7l 0.2.151-70.1 platform/core/connectivity/bluetooth-frwk#17e211b818e970b679d46ae01f3f47ab816c6b47
bluetooth-frwk.armv7l 0.2.151-70.1 platform/core/connectivity/bluetooth-frwk#17e211b818e970b679d46ae01f3f47ab816c6b47
bluetooth-share.armv7l 0.0.47-36.1 platform/core/connectivity/bluetooth-share#e0715f7adea44a10920866ebc26195fcc33bde97
bluetooth-tools-no-firmware.armv7l 0.2.35-17.2 platform/core/connectivity/bluetooth-tools#5ddb59fb4f51771a7cc1af511c226545b2837d77
bluetooth-tools.armv7l 0.2.35-17.2 platform/core/connectivity/bluetooth-tools#5ddb59fb4f51771a7cc1af511c226545b2837d77
bluez.armv7l 5.37-50.1 platform/upstream/bluez#9909826da5140a63a22698501725b3c4e3270a0d
boost-date-time.armv7l 1.58.0-14.1 platform/upstream/boost#19bc0ae04846b66e010064545c66a1b6f1a042ac
boost-filesystem.armv7l 1.58.0-14.1 platform/upstream/boost#19bc0ae04846b66e010064545c66a1b6f1a042ac
boost-license.noarch 1.58.0-14.1 platform/upstream/boost#19bc0ae04846b66e010064545c66a1b6f1a042ac
boost-program-options.armv7l 1.58.0-14.1 platform/upstream/boost#19bc0ae04846b66e010064545c66a1b6f1a042ac
boost-regex.armv7l 1.58.0-14.1 platform/upstream/boost#19bc0ae04846b66e010064545c66a1b6f1a042ac
boost-system.armv7l 1.58.0-14.1 platform/upstream/boost#19bc0ae04846b66e010064545c66a1b6f1a042ac
boost-thread.armv7l 1.58.0-14.1 platform/upstream/boost#19bc0ae04846b66e010064545c66a1b6f1a042ac
boot-animation.armv7l 0.3.7-5.4 apps/core/preloaded/boot-animation#ce20ff4e0d4b9f8231ae90577be252f8f335755c
buxton2.armv7l 1.1-38.1 platform/core/system/buxton2#28d9a0adfd2762fa8cca8ff3ab62cbf1865fcb26
ca-certificates-tizen.noarch 0.2.0-9.2 platform/core/security/ca-certificates-tizen#c650c46c67ecf1d9a78d754d6b8b6e5876fa4632
ca-certificates.noarch 0.0.2-19.12 platform/core/security/ca-certificates#2918b0eea81778b9963db13c9447f07d1af0fbef
capi-maps-service.armv7l 0.6.1-13.5 platform/core/api/maps-service#fce91dd61aa29e194be80636b69a65f2f1201367
capi-media-controller.armv7l 0.1.22-9.7 platform/core/api/media-controller#29e591c2d605191d8e13d32c3e5c7a18f7ae55f2
capi-media-metadata-editor.armv7l 0.1.5-3.2 platform/core/api/metadata-editor#bd3d6f71199bca30fd24ba81b2e3b3d7bfe9f9ff
capi-media-streamer.armv7l 0.1.4-6.2 platform/core/api/mediastreamer#7c66ecce3228094ae2ff157e4d3b28f897d6000b
capi-media-streamrecorder.armv7l 0.0.7-4.11 platform/core/api/mediastreamrecorder#2ac4aeeea701f94e4a5e1dd54ddccd2fa80dab6e
capi-media-thumbnail-util.armv7l 0.1.3-3.3 platform/core/api/thumbnail-util#9d471c2496a87201e6f76790243daef8960c7261
capi-media-vision.armv7l 0.3.17-12.2 platform/core/api/mediavision#31817a245cf354b7bb9c7a38abd55227f3e4e463
capi-mediademuxer.armv7l 0.1.1-3.33 platform/core/api/mediademuxer#1be247417c000d559960805b77b371a9b353c915
capi-mediamuxer.armv7l 0.1.1-5.33 platform/core/api/mediamuxer#1cc71ad47f31c30b4629d657ac723a7085c5ae6f
capi-messaging-email.armv7l 0.1.16-1.1 platform/core/api/email#6009ca2ce57fdbedfe6b3ff1ba377950c42cc74f
capi-network-http.armv7l 0.0.7-5.1 platform/core/api/http#879ecf26c89a347c5cc64cffe5c8d72cff13244b
capi-network-mtp.armv7l 1.3.13-2.3 platform/core/api/mtp#7b12721376ae47284f5d61bfd5aacc4f3752129b
capi-network-softap.armv7l 0.0.5-1.8 platform/core/api/softap#774469c0578932ba4bb3777cab256ab4b99cec77
capi-network-tethering.armv7l 1.0.37-27.9 platform/core/api/tethering#b30aa4ff52ac9bbffd613c7d874fc95791163b04
capi-ui-inputmethod-manager.armv7l 0.0.6-8.41 platform/core/api/inputmethod-manager#41276cb24aede4ae6f05b51adc41ac2d156e85ab
capi-ui-inputmethod.armv7l 0.0.12-12.22 platform/core/api/inputmethod#38b1b70885a95501ae93576b47b6de557dc2be9e
capi-web-url-download.armv7l 1.2.7-2.2 platform/core/api/url-download#73ee64012597b9d1a1ba924b0fcd8f6dfe7daf68
cert-svc.armv7l 2.1.0-45.7 platform/core/security/cert-svc#819a03e037d4084f5dc784873c101c5390b8786d
connman.armv7l 1.29-44.1 platform/upstream/connman#0ea98e0cff37f5a63783a65c84cc5945466b9024
contacts-service2.armv7l 0.13.54-50.10 platform/core/pim/contacts-service#45d355ad34500e52686f5e4df3f832f19cbd6251
context-common.armv7l 0.8.1-7.17 platform/core/context/context-common#c76b26f480896306a84c6654d189ebd6c06e01e3
context-provider.armv7l 0.8.0-10.26 platform/core/context/context-provider#2b0ff4d615b1ec9ac5831c5616b0a0c6a41a4ead
context-service.armv7l 0.8.1-11.18 platform/core/context/context-service#810d896a21dc1429d54fef39161acef06bd590ac
cordova-api.armv7l 0.11-8.14 platform/core/api/cordova-plugins#7fd92a8bcc51533a826446e341e5ec7052ce1ae8
coregl.armv7l 0.1.10-13.4 platform/core/uifw/coregl#715d39db2cbc5a44eb5f88b44e0151e3d083ee36
coreutils.armv7l 6.9-7.3 product/upstream/coreutils#c11dc7c39c03e9ec3f36c4296660132fe7213010
crash-worker.armv7l 0.2.0-10.3 platform/core/system/crash-worker#c691582e7f3ff40beec00086a3c7af9d4d606b1e
crosswalk-tizen.armv7l 1.0.0-23.1 platform/framework/web/crosswalk-tizen#642e138abd12e1b8f59fa7d998b2227b83c5f062
curl.armv7l 7.48.0-13.3 platform/upstream/curl#0be6abcfa9907d66495e75d33667479a62639bd9
cyad.armv7l 0.14.0-33.1 platform/core/security/cynara#d96206ba221c676ad097d977c76f55986d91efae
cynara-db-migration.armv7l 0.14.0-33.1 platform/core/security/cynara#d96206ba221c676ad097d977c76f55986d91efae
cynara.armv7l 0.14.0-33.1 platform/core/security/cynara#d96206ba221c676ad097d977c76f55986d91efae
d2d-conv-manager-lib.armv7l 0.0.1-4.1 platform/core/convergence/d2d-conv-manager#ca2246774e99c764891e94c0dab631a01ded1b70
d2d-conv-manager.armv7l 0.0.1-4.1 platform/core/convergence/d2d-conv-manager#ca2246774e99c764891e94c0dab631a01ded1b70
dali-adaptor.armv7l 1.1.34-50.10 platform/core/uifw/dali-adaptor#45fed827e07fd2fb8f46f392b4a86c516ca25663
dali-toolkit.armv7l 1.1.34-9.16 platform/core/uifw/dali-toolkit#d5dafcb8a4540dfc8c84e3aabb2d992cf9043492
dali.armv7l 1.1.34-10.3 platform/core/uifw/dali-core#833b9bd4c8868af7f38788f2e4639539e9debf67
data-control.armv7l 0.0.16-24.1 platform/core/appfw/data-control#21efb221413c1ef8f02963c174220f6b8ac1002d
data-provider-master.armv7l 1.3.0-17.2 platform/core/appfw/data-provider-master#643a54dcc089ed438e827bf268268c93530c7546
db4.armv7l 4.8.30.NC-1.15 platform/upstream/db4#a9c449b776662e5b683c754f36b0cbe5710888e5
dbus-glib.armv7l 0.100.2-10.9 platform/upstream/dbus-glib#43ece0a1234a07d165097262df34d4399fdcb67c
dbus-libs.armv7l 1.10.6-37.1 platform/upstream/dbus#4ec09a85d5f725f4fccd6c6617e88affee0c6d8a
dbus.armv7l 1.10.6-37.1 platform/upstream/dbus#4ec09a85d5f725f4fccd6c6617e88affee0c6d8a
dcm-service.armv7l 0.0.9-18.2 platform/core/multimedia/dcm-service#d0471f8a9981c91ca0b7c72b6e092945e7853dbe
debug-launchpad.armv7l 0.0.12-11.1 platform/core/appfw/debug-launchpad#bdf76d0705550617e09996cf84ec832a99a9bb7c
default-ac-domains.noarch 0.1-16.4 platform/core/security/default-ac-domains#e94abf3c28bf8a114f00f61a5e3cbc5fd79695a6
default-fonts-fc-sdk.armv7l 0.0.5-14.2 platform/core/graphics/default-fonts-fc-sdk#b588050bc45908383e6e9a122a6d2cff9d9e2bf9
default-fonts-sdk.armv7l 1.2.1.0-13.1 platform/core/graphics/default-fonts-sdk#24ab51948cc4d8da96446e8bb23f5bd539889851
device-manager-plugin-exynos3250.armv7l 0.0.1-2.2 platform/adaptation/samsung_exynos/device-manager-plugin-exynos3250#b74215b7bd69bc5d36f962adb673e4344c8ecb91
device-policy-manager.armv7l 0.0.1-18.1 platform/core/security/device-policy-manager#41c3b6cd9645e1c75f1883c4e7601cf3379b4c19
deviced-tools.armv7l 1.0.0-66.2 platform/core/system/deviced#81a95be9523808369c86a4a2c7f75b5df6239395
deviced.armv7l 1.0.0-66.2 platform/core/system/deviced#81a95be9523808369c86a4a2c7f75b5df6239395
dlogutil.armv7l 0.4.1-45.1 platform/core/system/dlog#9b9bce37bf039bdf2c4902cd98f04597be470ee4
dnsmasq.armv7l 2.74-15.1 platform/upstream/dnsmasq#b0a38a84465387d1a8ba1c2bfdffef48d30933f4
download-provider.armv7l 2.1.55-39.11 platform/framework/web/download-provider#521e1c78fbd597ab81c1e93544a79b933497b100
drm-service-core-tizen.armv7l 0.3.9-4.4 platform/core/security/drm-service-core-tizen#b76320a83686403da73d2a9e5fc1632145207811
dummyasm.armv7l 0.0.1-16.1 platform/core/account/fido-client#817effec3ffad0e2313c5718436f095c4d0b3167
e-mod-tizen-devicemgr.armv7l 0.1.17-84.2 platform/core/uifw/e-mod-tizen-devicemgr#cdb75e6ae3420b491dcc5157c073a8f7de3010ff
e-mod-tizen-eom.armv7l 0.1.1-4.27 platform/core/uifw/e-mod-tizen-eom#6a98082ebfbb2e9f840c11a47df71f310ee0c7b8
e-mod-tizen-gesture.armv7l 0.1.0-3.20 platform/core/uifw/e-mod-tizen-gesture#25905450a1935f007eb3a255482489466921529a
e-mod-tizen-keyrouter.armv7l 0.1.18-42.1 platform/core/uifw/e-mod-tizen-keyrouter#9be5eb6a01275ef412bca6c0417d18d40ab89318
e-mod-tizen-processmgr.armv7l 0.1.2-4.28 platform/core/uifw/e-mod-tizen-processmgr#93fbd3f09be3ec574ace03ad55d417477a3c87d6
e-mod-tizen-wl-textinput.armv7l 0.1.41-44.2 platform/core/uifw/e-mod-tizen-wl-textinput#4bac7c758c4105e836350d53ee1cebdefeaab7dc
e-mod-tizen-wm-policy.armv7l 0.2.4-116.1 platform/core/uifw/e-mod-tizen-wm-policy#1aa42944519ba5d430599480041b603f8d6d1081
e-tizen-data.noarch 0.2.5-56.1 profile/wearable/platform/core/uifw/e-tizen-data#b9d440f82b22f7c863a306fd04771ce340098350
e2fsprogs.armv7l 1.42.13-2.1 platform/upstream/e2fsprogs#00fd769c1ad97db4957076d815725821c33ac2eb
ector.armv7l 1.16.0-207.1 platform/upstream/efl#818a4ecf27deee3b4ef45cfef928ace6cff88b98
edbus.armv7l 1.7.9-10.11 platform/upstream/edbus#f988bbb48d8894e47d9166ebb966e51fd2f32942
eet.armv7l 1.16.0-207.1 platform/upstream/efl#818a4ecf27deee3b4ef45cfef928ace6cff88b98
eeze.armv7l 1.16.0-207.1 platform/upstream/efl#818a4ecf27deee3b4ef45cfef928ace6cff88b98
efl-assist.armv7l 0.1.18r02-11.4 platform/core/uifw/efl-assist#a88bc31689172ae3fc11d0e0724a05cbc39aa050
efl-config.armv7l 0.1-4.1 profile/wearable/platform/core/uifw/efl-config#93782eee3f3e1dff0aeeb31410f0606b77c2616c
efl-misc.noarch 0.1.32-16.1 profile/wearable/platform/core/uifw/efl-misc#4bab26d57d40af0e6f9db97413d58284a97535c1
efl-modules.armv7l 0.1.1-3.1 profile/wearable/platform/core/uifw/efl-modules#ef6215e1e35f4da81abb8b4e7cfff929fb0d1452
efl-theme-tizen-wearable.armv7l 1.1.0-5.65 profile/wearable/platform/core/uifw/efl-theme-tizen-wearable#f8f6656b95fe7e61694a4fd829a60d63c6a3eb57
efl.armv7l 1.16.0-207.1 platform/upstream/efl#818a4ecf27deee3b4ef45cfef928ace6cff88b98
efreet.armv7l 1.16.0-207.1 platform/upstream/efl#818a4ecf27deee3b4ef45cfef928ace6cff88b98
eio.armv7l 1.16.0-207.1 platform/upstream/efl#818a4ecf27deee3b4ef45cfef928ace6cff88b98
eldbus.armv7l 1.16.0-207.1 platform/upstream/efl#818a4ecf27deee3b4ef45cfef928ace6cff88b98
email-service.armv7l 0.10.103-1.22 platform/core/messaging/email-service#ae589a1006466158bc1a8a0e690b4ac1001b3186
embryo.armv7l 1.16.0-207.1 platform/upstream/efl#818a4ecf27deee3b4ef45cfef928ace6cff88b98
emile.armv7l 1.16.0-207.1 platform/upstream/efl#818a4ecf27deee3b4ef45cfef928ace6cff88b98
enlightenment.armv7l 0.20.0-171.1 platform/upstream/enlightenment#a87b3c10956dda6e96cd1387ffefd0ad434e2f9c
eo.armv7l 1.16.0-207.1 platform/upstream/efl#818a4ecf27deee3b4ef45cfef928ace6cff88b98
esd.armv7l 0.0.1-4.2 platform/core/appfw/event-system#c05da81c51d3493cfbaad1d5d781faa47ae9cb87
ethumb.armv7l 1.16.0-207.1 platform/upstream/efl#818a4ecf27deee3b4ef45cfef928ace6cff88b98
eventsystem.armv7l 0.0.1-11.2 platform/core/appfw/libeventsystem#d20cbfa6da9ec348df0a7b1356502892ed62bd5a
fido-client.armv7l 0.0.1-16.1 platform/core/account/fido-client#817effec3ffad0e2313c5718436f095c4d0b3167
filesystem.armv7l 3.1-3.1 platform/upstream/filesystem#0a88d1f20b22401195d4aeb4a75b481fe0aff3b3
findutils.armv7l 4.3.8-2.10 product/upstream/findutils#9ce8659bcb14492a8da04b8eebff7528745e7ba5
fontconfig.armv7l 2.11.93-13.1 platform/upstream/fontconfig#0cbee96a357c6248fbd0d50c5b1872c184ab9b12
freealut.armv7l 1.1.0-9.6 platform/upstream/freealut#1c0921c069980e239772190827656040994b29e1
fribidi.armv7l 0.19.5-8.6 platform/upstream/fribidi#d96da0b6aa6593b118b22d59a242c4feb5ff4927
fsck-msdos.armv7l 1.0.0-1.1 platform/upstream/fsck-msdos#beca313598e4235920c800028a287958fbfbf4ed
gawk.armv7l 3.1.5-2.8 product/upstream/gawk#5f040b3129470de365e017593cfccb094abb2b1e
gdbm.armv7l 1.8.3-2.5 product/upstream/gdbm#de09dc9644ad6109d4c016134ba4e9ff9d657717
giflib.armv7l 5.1.2-11.3 platform/upstream/giflib#a152ebfeb96620337dd37433b7397a0fd921c055
gio-branding-upstream.noarch 2.44.1-5.2 platform/upstream/glib#4d71a0c136aa76da94ace81d84a9010d4a53ee54
girepository.armv7l 1.36.0-8.8 platform/upstream/gobject-introspection#6c15fe2f7415421fd1d38d03d8865c0e3e4c9967
glib-networking.armv7l 2.38.0-18.1 platform/upstream/glib-networking#8128574f85494afdbfb8743900c215022be296c5
glibc-locale.armv7l 2.20-9.1 platform/upstream/linaro-glibc#47d37d990ab286a96a5e38fbeec641365d24c02b
glibc.armv7l 2.20-9.1 platform/upstream/linaro-glibc#47d37d990ab286a96a5e38fbeec641365d24c02b
gmime.armv7l 2.6.20-1.1 platform/upstream/gmime#c3a886e7df55fd50565aea213a182aeac46c7009
grep.armv7l 2.5.2-2.8 product/upstream/grep#89b6768046f08b7e319b44eae9bb3dab50714da4
gssdp.armv7l 0.14.4-2.4 platform/upstream/gssdp#82132acee11fc856a26b93cee1201dd77e201380
gst-libav.armv7l 1.6.1-18.3 platform/upstream/gst-libav#e1f563f39a91fad1f7e932f56b78c2ace8b4f90b
gst-plugins-bad.armv7l 1.6.1-54.1 platform/upstream/gst-plugins-bad#3f13698825de40735c074c244c86f1e4bcc0cd9c
gst-plugins-base.armv7l 1.6.1-30.1 platform/upstream/gst-plugins-base#5d747861353471d5b409d0ed28fd9119512898ae
gst-plugins-good.armv7l 1.6.1-30.1 platform/upstream/gst-plugins-good#6accccc87b8fc1e3e5788956e3bf252a9391e659
gst-plugins-tizen.armv7l 1.0.0-40.2 platform/upstream/gst-plugins-tizen#0271b38e81c9c6a36ca4219cc187380614bd5b7e
gst-plugins-ugly.armv7l 1.6.1-14.6 platform/upstream/gst-plugins-ugly#d5c390bf1b3ca4fee7d9100f620be7fae75b863a
gstreamer-utils.armv7l 1.6.1-22.8 platform/upstream/gstreamer#834fcac126cee1077181ced6abbe738be243f0ab
gstreamer.armv7l 1.6.1-22.8 platform/upstream/gstreamer#834fcac126cee1077181ced6abbe738be243f0ab
gum-utils.armv7l 1.0.8-46.1 platform/upstream/gumd#a645c25869d3f1f6c06ccacec639790d1b49bcc1
gumd.armv7l 1.0.8-46.1 platform/upstream/gumd#a645c25869d3f1f6c06ccacec639790d1b49bcc1
gzip.armv7l 1.3.12-2.11 product/upstream/gzip#94415ecd9267c94e8d75c94463426e880d55f300
heremaps-uc-launcher.armv7l 0.3.2-23.1 platform/core/location/maps-plugin-here#65805a6f5cff93887580d467af0ed8df63d1605e
iniparser.armv7l 3.1-11.6 platform/upstream/iniparser#c216877577a389ba12752e8620a1c56371acce80
iotcon.armv7l 0.1.5-30.3 platform/core/iot/iotcon#27f6c7d326f34e655279303d9895ac788b6dd8e4
iotivity.armv7l 1.1.0-17.10 platform/upstream/iotivity#a72717adbaf4fef80b99686741bc9df35f34bb17
iproute2.armv7l 3.9.0-12.1 platform/upstream/iproute2#5d14810bf9e4acb2c68b95239b6ab9754765d9b8
iptables.armv7l 1.4.21-11.7 platform/upstream/iptables#bdab2ae3d451b295663473477b0f2d8064c75fc6
ise-default.armv7l 1.2.41-69.1 platform/core/uifw/ise-default#fbbab150e51011610b5345843e3e36b6cab63203
ise-engine-anthy.armv7l 1.0.6-8.4 platform/core/uifw/ise-engine-anthy#37bfe47246286287a256502f2461990c9d41507d
ise-engine-default.armv7l 1.0.5-7.3 platform/core/uifw/ise-engine-default#563312a423791d23ee3fb769fa104811edcba2ff
ise-engine-hangul.armv7l 1.0.5-8.1 platform/core/uifw/ise-engine-hangul#2906359440c23854a86e18e5424cdf845750e890
ise-engine-sunpinyin.armv7l 1.0.5-7.3 platform/core/uifw/ise-engine-sunpinyin#d93c032aadfff6c80f46a162703ee6540866da2a
ise-engine-tables-zh.armv7l 1.0.7-10.5 platform/core/uifw/ise-engine-tables#d238ba5540aa175458a1577afc30a81e613f84c4
ise-engine-tables.armv7l 1.0.7-10.5 platform/core/uifw/ise-engine-tables#d238ba5540aa175458a1577afc30a81e613f84c4
ise-engine-unikey.armv7l 0.3.1-1.2 platform/core/uifw/ise-engine-unikey#bb24759806c13a3f7e6dda7f7840b0d5ac74deab
isf-config-wearable.noarch 0.1.0-2.1 profile/wearable/platform/core/uifw/isf-config#36267031eb72278a37b02a101b323a2e3486f7f1
isf.armv7l 3.0.82-107.4 platform/core/uifw/isf#0fe8c7ebb4df7b11485c78e11e29602ba515444a
jsoncpp.armv7l 1.6.5-2.2 platform/upstream/jsoncpp#e21f5fb3b3e673b5c1ec91264ec765a420ca9df8
kmod-compat.armv7l 18-9.7 platform/upstream/kmod#a2ef79f3f784c3c04f94bbccb1e8bfb015c6b571
kmod.armv7l 18-9.7 platform/upstream/kmod#a2ef79f3f784c3c04f94bbccb1e8bfb015c6b571
launchpad.armv7l 0.2.3.14-45.1 platform/core/appfw/launchpad#7cc504d733debba38434b53ad82a4d142d1da844
lbs-server-plugin-replay.armv7l 0.2.4-7.53 platform/core/location/lbs-server-plugin-replay#89cc3656ceadbdd3a7512fcdb2b226dd1eeba6de
lbs-server.armv7l 1.0.2-12.1 platform/core/location/lbs-server#28f7e7fc8e630c096fad0b5998ea5d06497b1c75
libaccount-service.armv7l 0.4.2-10.1 platform/core/api/libaccount-service#51fe4aa9f816b7f320425b9331f00d3504106f7e
libacl.armv7l 2.2.52-2.9 platform/upstream/acl#53165edcc772173273f502514090a6e0fb7e862c
libalarm.armv7l 0.4.178-41.1 platform/core/appfw/alarm-manager#29fbbe553ddbea5bc5f66f5ca95ead52e034077a
libasound.armv7l 1.0.28-12.7 platform/upstream/alsa-lib#15b8b2bbb2e91178daad99870016ab01db3e3750
libatk-bridge-2_0-0.armv7l 2.12.0-6.1 platform/upstream/at-spi2-atk#78c7762e0b1bd61b6508d70cc914b4d3c7f47b95
libatk.armv7l 2.12.0-13.1 platform/upstream/atk#64dd2a3c3a8bffb86d836658afef68b4660c33dd
libatspi0.armv7l 2.16.1-7.3 platform/upstream/at-spi2-core#65a8179bd64640d3c76767121dbf45ce9b8422ae
libattr.armv7l 2.4.47-1.12 platform/upstream/attr#450f47ad953f7a7d4c577d489103f75234b25619
libauth-fw-client-admin.armv7l 0.0.1-4.2 platform/core/security/auth-fw#282a7b00f385840fd00d98e9e94cd77a9707d657
libauth-fw-client.armv7l 0.0.1-4.2 platform/core/security/auth-fw#282a7b00f385840fd00d98e9e94cd77a9707d657
libavcodec.armv7l 11.4-11.23 platform/upstream/libav#ac8aecbdb2fc8de71f62082bdcd8322e6f30cf67
libavformat.armv7l 11.4-11.23 platform/upstream/libav#ac8aecbdb2fc8de71f62082bdcd8322e6f30cf67
libavutil.armv7l 11.4-11.23 platform/upstream/libav#ac8aecbdb2fc8de71f62082bdcd8322e6f30cf67
libblkid.armv7l 2.25.2-3.6 platform/upstream/util-linux#0468d5fd5f614f059230a351558dc673c460af18
libbluetooth-share.armv7l 0.0.47-36.1 platform/core/connectivity/bluetooth-share#e0715f7adea44a10920866ebc26195fcc33bde97
libbmp.armv7l 0.1.3-2.1 platform/upstream/libbmp#0581f50825d90713e8fe8f1d383cde16868c924f
libbz2.armv7l 1.0.6-1.72 platform/upstream/bzip2#2eaa43958f0416d06758a05fe93d098002ee339d
libcap-tools.armv7l 2.24-1.68 platform/upstream/libcap#efac36e39e9c65ebf2a11545b6fe9a2e0185d5e8
libcap.armv7l 2.24-1.68 platform/upstream/libcap#efac36e39e9c65ebf2a11545b6fe9a2e0185d5e8
libcares.armv7l 1.10.0-1.8 platform/upstream/c-ares#cbe8b82a6854d8ff4a306ae3240a6606a3d1090a
libcom_err.armv7l 1.42.13-2.1 platform/upstream/e2fsprogs#00fd769c1ad97db4957076d815725821c33ac2eb
libcore-sync-client.armv7l 0.1.5-12.1 platform/core/account/sync-manager#460379c8ce75bf1b678d4241f4624ef0bcb81e89
libcryptsvc.armv7l 0.0.1-13.3 platform/core/security/libcryptsvc#789fc17ac1d5641a8d82b429b1785f9a6c2b4097
libcurl.armv7l 7.48.0-13.3 platform/upstream/curl#0be6abcfa9907d66495e75d33667479a62639bd9
libcynara-admin.armv7l 0.14.0-33.1 platform/core/security/cynara#d96206ba221c676ad097d977c76f55986d91efae
libcynara-client.armv7l 0.14.0-33.1 platform/core/security/cynara#d96206ba221c676ad097d977c76f55986d91efae
libcynara-commons.armv7l 0.14.0-33.1 platform/core/security/cynara#d96206ba221c676ad097d977c76f55986d91efae
libcynara-creds-commons.armv7l 0.14.0-33.1 platform/core/security/cynara#d96206ba221c676ad097d977c76f55986d91efae
libcynara-creds-dbus.armv7l 0.14.0-33.1 platform/core/security/cynara#d96206ba221c676ad097d977c76f55986d91efae
libcynara-creds-gdbus.armv7l 0.14.0-33.1 platform/core/security/cynara#d96206ba221c676ad097d977c76f55986d91efae
libcynara-creds-socket.armv7l 0.14.0-33.1 platform/core/security/cynara#d96206ba221c676ad097d977c76f55986d91efae
libcynara-monitor.armv7l 0.14.0-33.1 platform/core/security/cynara#d96206ba221c676ad097d977c76f55986d91efae
libcynara-session.armv7l 0.14.0-33.1 platform/core/security/cynara#d96206ba221c676ad097d977c76f55986d91efae
libdevice-node.armv7l 0.1.0-17.2 platform/core/system/libdevice-node#24a8d470abaec09e3afa2bf9f0fbcf22a48e42d2
libdeviced.armv7l 1.0.0-66.2 platform/core/system/deviced#81a95be9523808369c86a4a2c7f75b5df6239395
libdns_sd.armv7l 576.30.4-5.3 platform/core/connectivity/mdnsresponder#00369c8f3aee01359a17f7f21322f8df786d1599
libdpm.armv7l 0.0.1-18.1 platform/core/security/device-policy-manager#41c3b6cd9645e1c75f1883c4e7601cf3379b4c19
libdrm.armv7l 2.4.58-24.8 platform/upstream/libdrm#afbf6ad960d2f46ea0dbea03892559f6a12c427d
libelf.armv7l 0.153-4.32 product/upstream/elfutils#1506f8ed81bc6db2d25ec39d883514d7a5bd690c
libeom.armv7l 1.0.2-11.4 platform/core/uifw/libeom#4c15e02fb7e6a41fc66a8dd00dff06f583394122
libevdev.armv7l 1.2.2-12.3 platform/upstream/libevdev#4d46ff84aca5d09ef33050c3a9c5bcf96c16046e
libexif.armv7l 0.6.21-8.6 platform/upstream/libexif#c648945fce720d35b6fd35f7ac0db4cbe6dd9e55
libexpat.armv7l 2.1.0-1.10 platform/upstream/expat#99d17dd3e4c91dc5874e971c65b9de0260ef7eb4
libext2fs.armv7l 1.42.13-2.1 platform/upstream/e2fsprogs#00fd769c1ad97db4957076d815725821c33ac2eb
libfeedback.armv7l 0.1.4-25.1 platform/core/system/libsvi#f6314882c8e943366b71407913dc38a59d211df6
libffi.armv7l 3.1-1.8 platform/upstream/libffi#e7aaba9baa8fe6ca57c66981d39e0150033ad8c0
libfreebl3.armv7l 3.23-4.12 platform/upstream/nss#d2a8c7e98ab18907c1e14033c993731adc7eea9e
libfreetype.armv7l 2.5.5-10.3 platform/upstream/freetype2#84672cb0b533cbd681ab0e3735a8eb66ddbceef8
libfuse.armv7l 2.9.6-11.1 platform/upstream/fuse#e7a25386ed7e656665efcc632a0dbba5b5a83877
libgbm.armv7l 1.0-6.1 platform/core/uifw/libgbm#ae5d34445eee38daa4349a9ea0340b3faa324ded
libgcc.armv7l 4.9.2-11.1 platform/upstream/linaro-gcc#3e3fac6d58ffa4a65a61bfd4fcf74c321fc18665
libgcrypt.armv7l 1.6.2-2.72 platform/upstream/libgcrypt#6a3b9178aa9de12aa127211704681df510f26c62
libgio.armv7l 2.44.1-5.2 platform/upstream/glib#4d71a0c136aa76da94ace81d84a9010d4a53ee54
libgirepository.armv7l 1.36.0-8.8 platform/upstream/gobject-introspection#6c15fe2f7415421fd1d38d03d8865c0e3e4c9967
libglib.armv7l 2.44.1-5.2 platform/upstream/glib#4d71a0c136aa76da94ace81d84a9010d4a53ee54
libgmodule.armv7l 2.44.1-5.2 platform/upstream/glib#4d71a0c136aa76da94ace81d84a9010d4a53ee54
libgmp.armv7l 4.2.1-4.1 product/upstream/gmp#63db76d4b2f713185c85f75dc49e7f0d43b34005
libgnutls.armv7l 3.3.5-10.1 platform/upstream/gnutls#cb9b5dead12d04095da0e0416d22b7b5ab61ffbd
libgobject.armv7l 2.44.1-5.2 platform/upstream/glib#4d71a0c136aa76da94ace81d84a9010d4a53ee54
libgpg-error.armv7l 1.13-3.33 platform/upstream/libgpg-error#6b695f27757cbebe83801f4532100b8d1cafd6d4
libgthread.armv7l 2.44.1-5.2 platform/upstream/glib#4d71a0c136aa76da94ace81d84a9010d4a53ee54
libgum.armv7l 1.0.8-46.1 platform/upstream/gumd#a645c25869d3f1f6c06ccacec639790d1b49bcc1
libhangul.armv7l 0.1.0-13.6 platform/core/uifw/libhangul#025191eda9ef24340d1cc660ccea982147f3ff95
libharfbuzz.armv7l 0.9.40-10.8 platform/upstream/harfbuzz#b2201aeb45f31a7a91cc0c2abb1bb42335366030
libhogweed.armv7l 2.7.1-10.10 platform/upstream/nettle#dafb3e6d214450aa0ce065b9ce4539a8ece2d7bb
libhyphen.armv7l 2.8.8-2.2 platform/upstream/hyphen#15bb768f6cfa2d033f549c93544530a886d6aa27
libicu.armv7l 54.1-14.13 platform/upstream/icu#07014d02949640812beca32c1f7f528ee5fe2548
libidn.armv7l 1.15-2.5 product/upstream/libidn#0c205eab91aac8642d13686fe58c4ca659263faa
libinput.armv7l 0.11.0-16.3 platform/upstream/libinput#8a9d31f8e5c6f543c7f11090c8e220b4966ad5cc
libiri.armv7l 1.1-10.6 platform/upstream/libiri#c756950ca6af8d207c90d570a03ca7673e577123
libjpeg.armv7l 8.0.2-12.20 platform/upstream/libjpeg-turbo#f0c108a8a3303188be997068afd26ae075c709c3
libjson-glib.armv7l 1.2.0-12.1 platform/upstream/json-glib#192d2b4d939dee78bd6eda38f294c59a7756862c
libjson.armv7l 0.12-13.6 platform/upstream/json-c#86f16d64aa1546a2606088a16a938aa08635567e
libkmod.armv7l 18-9.7 platform/upstream/kmod#a2ef79f3f784c3c04f94bbccb1e8bfb015c6b571
liblbs-dbus.armv7l 1.0.0-14.1 platform/core/location/lbs-dbus#252c3484b7a3034c00706e6335e2121507d8b655
liblbs-location.armv7l 1.3.1-14.1 platform/core/location/lbs-location#84375c708ae6fda4d8f5f8b2233cbd467989e44b
libleveldb.armv7l 1.1-10.7 platform/upstream/leveldb#9c5600002489dfbcb0d58ef84e4188e5423265eb
libltdl.armv7l 2.4.2-3.1 platform/upstream/libtool#79f8dda891fc20539d65604d86aee8d0a26c0b98
liblua.armv7l 5.1.4-1.14 platform/upstream/lua#25c38c5d6cf919f6e0c37413955c20dbea24d37f
liblzma.armv7l 5.1.3-2.3 platform/upstream/xz#56a594c73196ae5834d5df55107e318e7d4f7e1f
libmagic-data.armv7l 5.18-1.11 platform/upstream/file#b450849bb0aad0ab5d00c84f5c1b69abc05f4cad
libmagic.armv7l 5.18-1.11 platform/upstream/file#b450849bb0aad0ab5d00c84f5c1b69abc05f4cad
libmedia-service.armv7l 0.2.68-69.1 platform/core/multimedia/libmedia-service#01c5b0cb41d29d676c07d3653e7a997fe375c7cd
libmedia-thumbnail.armv7l 0.1.96-48.1 platform/core/multimedia/libmedia-thumbnail#29f1964d08ae8f4f4c794c3c6c8d1da1bbb62c08
libmedia-utils.armv7l 0.2.87-108.1 platform/core/multimedia/media-server#7ea333e38f4c52cc3e9ee581c1e6a5a80277871b
libmm-camcorder.armv7l 0.10.54-45.1 platform/core/multimedia/libmm-camcorder#3d5e8a1e5d430bb13fdaa98d845580ce40793350
libmm-common.armv7l 0.2.96-26.3 platform/core/multimedia/libmm-common#98327cefe2a32d6487efaa01e3613b6414b921af
libmm-fileinfo.armv7l 0.6.44-30.1 platform/core/multimedia/libmm-fileinfo#0c668d03847a637f7573f70c060ba6fa06afa542
libmm-imgp-gstcs.armv7l 0.11-14.3 platform/core/multimedia/libmm-imgp-gstcs#a7f23287cb3a084fa010ac7ec7d6c73076435837
libmm-player.armv7l 0.5.80-76.1 platform/core/multimedia/libmm-player#4e513754cbd76543d403ac43c018a48ebd4a54e9
libmm-radio.armv7l 0.2.4-20.3 platform/core/multimedia/libmm-radio#d3b6ae31bd75cbe414aaf7b1fb456615f5a12f00
libmm-session.armv7l 0.2.9-12.7 platform/core/multimedia/libmm-session#0b7c963f5f396bc268781894168c876347bdd1f9
libmm-sound.armv7l 0.10.34-68.1 platform/core/multimedia/libmm-sound#42f527d52e22f68284b0496758adbc5ffa94337e
libmm-streamrecorder.armv7l 0.0.7-6.1 platform/core/multimedia/libmm-streamrecorder#b63fdfd2d20ce66c514990203453fbca98c9e0e5
libmm-utility.armv7l 0.22-34.1 platform/core/multimedia/libmm-utility#bcb039c53dd04c90786aff45a8bbf9c885232162
libmnl.armv7l 1.0.3-8.6 platform/upstream/libmnl#c40ac5e9c3588cf4d542cc04948cc9aff4068783
libmount.armv7l 2.25.2-3.6 platform/upstream/util-linux#0468d5fd5f614f059230a351558dc673c460af18
libmtdev.armv7l 1.1.5-10.3 platform/upstream/mtdev#b4af2171ddb052ce49658138a4c203bdfb210a48
libmtp.armv7l 1.1.11-8.3 platform/upstream/libmtp#4a92dde13beb5b5f3bb144e56f5eec6b8eea5b20
libncurses.armv7l 5.9-1.13 platform/upstream/ncurses#eefc3e4398eaa6c81cf61dd36c3ba3d87f33d1bf
libnet-client.armv7l 1.1.53-27.1 platform/core/connectivity/libnet-client#936fb75670690ee92ea04bc05b8740e056a77ff7
libnetfilter_queue.armv7l 1.0.2-1.6 platform/upstream/libnetfilter_queue#e99e1939d1fa7cf73a4918dcbb2e286180a8664e
libnettle.armv7l 2.7.1-10.10 platform/upstream/nettle#dafb3e6d214450aa0ce065b9ce4539a8ece2d7bb
libnfnetlink.armv7l 1.0.1-8.6 platform/upstream/libnfnetlink#799f84b01c26970d8a72b058661515a9441ce316
libnl2.armv7l 2.0-8.8 platform/upstream/libnl2#7abc61a18afc17e2489d057115028ddc6d512916
libnsbmp.armv7l 0.1.1-1.7 platform/upstream/libnsbmp#bf8fb39f478b8dc4f8b6565df6b56be7cfc72d71
libnsd-dns-sd.armv7l 0.0.4-9.1 platform/core/api/nsd#3d37efd1605f00d203285438a106aff568ea11bb
libnsd-ssdp.armv7l 0.0.4-9.1 platform/core/api/nsd#3d37efd1605f00d203285438a106aff568ea11bb
liboauth.armv7l 1.0.3-1.2 platform/upstream/liboauth#9d6f3a2e293d7a433847c40a1ac501dc8e39d148
libogg.armv7l 1.3.2-10.2 platform/upstream/libogg#b75913e3b9a875c38ba05cd37ae3eab368fa0672
libopenssl.armv7l 1.0.2g-7.2 platform/upstream/openssl#0d4d30d99b8d7e840e8ae6131f71439eb379a748
liborc.armv7l 0.4.18-10.9 platform/upstream/orc#c8f3d75f1e339924839968051f32d13893be2ea8
libpcre.armv7l 8.31-1.14 platform/upstream/pcre#9c2e8a728e754745e364793d1718dc219c522da0
libpcrecpp.armv7l 8.31-1.14 platform/upstream/pcre#9c2e8a728e754745e364793d1718dc219c522da0
libpepper-efl.armv7l 0.0.11-18.1 platform/core/uifw/libpepper-efl#72e095936dc6c4d86b757e7c380b622217d47388
libphonenumber.armv7l 7.0.6-2.3 platform/upstream/libphonenumber#b3ea1d41e615b39522503af317e4956e72344c43
libpng.armv7l 1.6.21-10.8 platform/upstream/libpng#1472d50d76d5562524c55939b2cf2dc14c95d534
libpopt.armv7l 1.16-2.3 platform/upstream/popt#57a4b6aad5f2107aa86aaf2062d553e2b6edc5f0
libprotobuf-lite9.armv7l 2.6.1-1.2 platform/upstream/protobuf#08e41ced8712e364d67fda0948c13d8271bec896
libprotobuf9.armv7l 2.6.1-1.2 platform/upstream/protobuf#08e41ced8712e364d67fda0948c13d8271bec896
libpulse.armv7l 5.0-55.1 platform/upstream/pulseaudio#a92c4e636038b441f4f908c5d08e1f78e39e3cdb
libre2.armv7l 20130115-8.7 platform/upstream/re2#4ae165f74795e7a24135199b894cfec36a36d210
libreadline.armv7l 5.2-2.2 platform/upstream/readline#9197ce0c776e355acd8eb33b9f0b526771d27bfe
librua.armv7l 0.1.0-13.8 platform/core/appfw/librua#dc793275c043e17ece54f529b094267dcc29fbd9
libscl-common.armv7l 0.4.1-3.3 platform/core/uifw/libscl-common#01ca5c89187b7930641c77a8b07f7ffda98adc08
libscl-core.armv7l 0.4.20-24.1 platform/core/uifw/libscl-core#c0c883747fcca9195aa1fc0589b178a5ab46dbe6
libscl-ui.armv7l 0.6.18-41.1 platform/core/uifw/libscl-ui#7dffc040b6e1816ce6a2dec4d8477f523cb14464
libsecurity-manager-client.armv7l 1.1.6-39.1 platform/core/security/security-manager#cd2d462b56be3704ecece33b8597ef7301dd61c1
libsensord.armv7l 2.0.5-23.12 platform/core/system/sensord#b7537c548a6807ee07f3a2ff9245e0e91d31fa77
libshortcut.armv7l 0.6.16-7.1 platform/core/appfw/shortcut#d48ee360d94ec0ddbe087a7bd6e7e40a475fe81c
libslp-db-util.armv7l 0.1.1-8.7 platform/core/appfw/libslp-db-util#4ef37c0712f5f5043768c66ffef2a7f5b76ba940
libsmack.armv7l 1.2.0-3.1 platform/upstream/smack#8105e2c7a02c81bf3a9c41e54606a14b0276742e
libsmartcols.armv7l 2.25.2-3.6 platform/upstream/util-linux#0468d5fd5f614f059230a351558dc673c460af18
libsndfile.armv7l 1.0.26-13.2 platform/upstream/libsndfile#3e10dcd88161de23dde52c1be53e8d54a2f097f2
libsoftokn3.armv7l 3.23-4.12 platform/upstream/nss#d2a8c7e98ab18907c1e14033c993731adc7eea9e
libsoup.armv7l 2.46.0-16.1 platform/upstream/libsoup#9051ac538086420ebec29797359e9d55a5a2547f
libspeexdsp.armv7l 1.1.999_1.2rc1-9.8 platform/upstream/speex#f3149d4a5ace2fbf4d15694b5983ce13239acd9e
libsqlite.armv7l 3.8.10.2-1.11 platform/upstream/sqlite#5b2351dd3f6115a2eec31705a3a9595e36a1d955
libstdc++.armv7l 4.9.2-11.1 platform/upstream/linaro-gcc#3e3fac6d58ffa4a65a61bfd4fcf74c321fc18665
libswscale.armv7l 11.4-11.23 platform/upstream/libav#ac8aecbdb2fc8de71f62082bdcd8322e6f30cf67
libsystemd.armv7l 219-41.1 platform/upstream/systemd#1aba774046f78dbe51d0315b36490bcad9ad8255
libtapi.armv7l 0.8.3-24.9 platform/core/telephony/libtapi#205d4149946dc3afbadccde61ff07b7aa2b651b4
libtasn1.armv7l 4.0-10.3 platform/upstream/libtasn1#74767631f4593cf64808cb4f510f765e7319ae47
libtcore.armv7l 0.3.3-24.1 platform/core/telephony/libtcore#f9beb038e2a1cac2f39cbfa6cf7e32353c0b7690
libtdm-exynos.armv7l 1.0.1-16.4 platform/adaptation/samsung_exynos/libtdm-exynos#6ea7e82259b88f3a8a722b8e2767f6371c258934
libtdm.armv7l 1.2.0-30.1 platform/core/uifw/libtdm#ddd92dc65a7fa176404a2a48625fba8920d85e83
libtheora.armv7l 1.1.1-9.7 platform/upstream/libtheora#452027ecdc2aee2c8bcb77496de2968b8ca835ef
libtiff.armv7l 4.0.6-11.8 platform/upstream/tiff#13f7ac96dbb2f0687ba8157b5b24b4b81857850e
libtremolo.armv7l 0.0.11-5.8 platform/upstream/libtremolo#dde4b17bb9f4cc61e125374c08dab9990913a997
libtzplatform-config.armv7l 2.0-40.2 platform/core/appfw/tizen-platform-config#3c4cbb43901c9cc628ec56a93c207c5704bad312
libusb.armv7l 1.0.19-9.6 platform/upstream/libusb#925a0bf805a44244318d8a51d0be2593031865af
libuuid.armv7l 2.25.2-3.6 platform/upstream/util-linux#0468d5fd5f614f059230a351558dc673c460af18
libuw-imap-toolkit.armv7l 0.1.36-1.1 platform/upstream/uw-imap-toolkit#e891ff04b3b0a9d62588e37da530d1d2d0d5c083
libvorbis.armv7l 1.3.4-11.6 platform/upstream/libvorbis#9c9ab7dc64cf725ebfd4b3363514c13c98d8cf46
libvorbisenc.armv7l 1.3.4-11.6 platform/upstream/libvorbis#9c9ab7dc64cf725ebfd4b3363514c13c98d8cf46
libwayland-client.armv7l 1.10.0-24.1 platform/upstream/wayland#4aaab413c2558df7a287352fa16167e2d6329fc5
libwayland-cursor.armv7l 1.10.0-24.1 platform/upstream/wayland#4aaab413c2558df7a287352fa16167e2d6329fc5
libwayland-egl.armv7l 1.0-15.1 platform/core/uifw/libtpl-egl#0a8b63a2ed6fc81712baeb6e9ea2d9220e47f1df
libwayland-extension-client.armv7l 1.0.39-52.1 platform/core/uifw/wayland-extension#9fd892c2c4234c9f74e39ad6d6db2673f098daaf
libwayland-extension-server.armv7l 1.0.39-52.1 platform/core/uifw/wayland-extension#9fd892c2c4234c9f74e39ad6d6db2673f098daaf
libwayland-server.armv7l 1.10.0-24.1 platform/upstream/wayland#4aaab413c2558df7a287352fa16167e2d6329fc5
libwayland-tbm-client.armv7l 0.1.3-28.1 platform/core/uifw/wayland-tbm#cab195207c65890fdbf8d5bf0d442c7780b93f3a
libwayland-tbm-server.armv7l 0.1.3-28.1 platform/core/uifw/wayland-tbm#cab195207c65890fdbf8d5bf0d442c7780b93f3a
libwbxml2.armv7l 0.11.2-9.7 platform/upstream/libwbxml2#549574b031e0796f9708a91239b06297f1c88653
libwebappenc.armv7l 0.1.0-7.4 platform/core/security/libwebappenc#daa79b8ea309dbf39dcd47cce82cee0e3ba1e4c9
libwebsockets.armv7l 1.7.3-2.3 platform/upstream/libwebsockets#3171a9778cf3d16911c840003d4b9083edcf2d0a
libwidget_viewer.armv7l 1.3-22.1 platform/core/appfw/widget-viewer#c967556372cf82a4fd3b18b8d02619b4380ec5da
libxkbcommon.armv7l 0.4.3-16.1 platform/upstream/libxkbcommon#c46e96a48c779c21c10ed80637cf7b10b32e377a
libxml2.armv7l 2.8.0-1.10 platform/upstream/libxml2#e52e7cd8d3553116787eb0573f3b3d379f09698a
libxslt.armv7l 1.1.28-1.10 platform/upstream/libxslt#925059ca6aa063c9640e82ad4f40be2e38959aa8
linux-3.4-exynos3250_tizen_wc1.armv7l Tizen_exynos3250-12.3 profile/wearable/platform/kernel/linux-3.4-exynos3250#c25b5196700cf4330b560e3f0e859770e627f836
linux-firmware.noarch 20141009-12.4 platform/upstream/linux-firmware#aee29dbd1325c4df321ae86528f47e5862629c0d
location-lbs-server.armv7l 1.0.2-12.1 platform/core/location/lbs-server#28f7e7fc8e630c096fad0b5998ea5d06497b1c75
lrzsz.armv7l 0.12.20-1.2 platform/upstream/lrzsz#6d3f6f3fbe6d5a0b3191c72c05f1a2707dfd08bb
lzo.armv7l 2.08-1.7 platform/upstream/lzo#a97fbf725aa75db53756b59df6888e59b47c931d
manifest-parser.armv7l 1.5-63.1 platform/core/appfw/manifest-parser#c6ada2088153551bd45ef020281ba5790bb3fd6a
maps-plugin-here.armv7l 0.3.2-23.1 platform/core/location/maps-plugin-here#65805a6f5cff93887580d467af0ed8df63d1605e
mdnsresponder.armv7l 576.30.4-5.3 platform/core/connectivity/mdnsresponder#00369c8f3aee01359a17f7f21322f8df786d1599
media-server.armv7l 0.2.87-108.1 platform/core/multimedia/media-server#7ea333e38f4c52cc3e9ee581c1e6a5a80277871b
media-thumbnail-server.armv7l 0.1.96-48.1 platform/core/multimedia/libmedia-thumbnail#29f1964d08ae8f4f4c794c3c6c8d1da1bbb62c08
mediacontroller.armv7l 0.1.22-9.7 platform/core/api/media-controller#29e591c2d605191d8e13d32c3e5c7a18f7ae55f2
memps.armv7l 0.1.8-6.1 platform/core/system/memps#99115c352f766b04639911693ee9b5fe97ee2531
message-port.armv7l 1.2.2.1-18.1 platform/core/appfw/message-port#ecd21d0d7d4cdebb1057b2a409863d63cd980525
meta-generic-adaptation.noarch 0-57.1 platform/upstream/meta-generic#1fd5d016eea0d253c7f6256eebcb7e112d351da1
minizip.armv7l 1.2.8-1.12 platform/upstream/zlib#07c39a3fbdb0f2c8ef5d508a57921514357263aa
mmfw-sysconf-target-tw1.armv7l 0.2.68-81.1 platform/core/multimedia/mmfw-sysconf#73f93b122d11618a2b6c5639a115c36aaaa28acb
mmsvc-camera.armv7l 0.2.39-32.1 platform/core/multimedia/mmsvc-camera#be1ea1d74d090e8881f73181b7ad61d3d7e84fbb
mmsvc-player.armv7l 0.2.15-57.1 platform/core/multimedia/mmsvc-player#d9889ef03b75d38b5797c09027a11717948f503d
mmsvc-recorder.armv7l 0.2.19-19.1 platform/core/multimedia/mmsvc-recorder#f418ade9f317909bf40ad5bd56cf324526ea8e57
mobileap-agent.armv7l 1.0.57-22.1 platform/core/connectivity/mobileap-agent#e8c1be43c2f32645cfc7a822cb9fad29eb875c0d
model-config-tw1.noarch 0.0.1-21.1 profile/wearable/platform/tw1/model-config-tw1#0c01ef244139af88f4cc5b87417b98c6644ad191
mtp-initiator.armv7l 1.4.9-16.20 platform/core/connectivity/mtp-initiator#62a0ae991f466f0183de9b3f50f73badf6f814c0
mtp-responder.armv7l 0.0.8-9.46 platform/core/connectivity/mtp-responder#d20a2ec2bed8739c141e8355461229d7aaf5090c
murphy-glib.armv7l 0.0.74-9.1 platform/upstream/murphy#ed8f15d61d464b82dc793772bfb8850d885d1194
murphy.armv7l 0.0.74-9.1 platform/upstream/murphy#ed8f15d61d464b82dc793772bfb8850d885d1194
mused.armv7l 0.1.2-6.1 platform/core/multimedia/mmsvc-core#e1029739f592ab5a0d258e80846ed1faa9bdf70b
net-config.armv7l 1.1.70-51.2 platform/core/connectivity/net-config#f35c54a69bb164506b40f9dc0880ece241cd4485
net-tools.armv7l 2.0_20121208git-1.8 platform/upstream/net-tools#1bfd01a3262139d0c41c5d2c3c5fef5af004aa2f
nether.armv7l 0.0.1-7.1 platform/core/security/nether#ca33101c91389b21cc5b066698551b46e4f50601
newfs-msdos.armv7l 1.0.0-1.1 platform/upstream/newfs-msdos#194dce1f6b8a2fedcf1690809fbaa91ca2f00b4e
nfc-common-lib.armv7l 0.1.148-20.1 platform/core/connectivity/nfc-manager#02d36eff4a9a8004814e1de7d96fe6d38aeda203
nfc-manager.armv7l 0.1.148-20.1 platform/core/connectivity/nfc-manager#02d36eff4a9a8004814e1de7d96fe6d38aeda203
nghttp2.armv7l 0.7.3-1.6 platform/upstream/nghttp2#4a3834b1ea81ed157cb8c57052065cd610c05883
nodejs.armv7l 4.4.3-19.3 platform/upstream/nodejs#b9b28b06449b0d6bac92ebc6c232839321e3d469
nspr.armv7l 4.12-4.6 platform/upstream/nspr#443bcb24f9d0abde89a2688ffd946beea762bbe2
nss-certs.armv7l 3.23-4.12 platform/upstream/nss#d2a8c7e98ab18907c1e14033c993731adc7eea9e
nss.armv7l 3.23-4.12 platform/upstream/nss#d2a8c7e98ab18907c1e14033c993731adc7eea9e
oauth2.armv7l 0.0.3-4.1 platform/core/account/liboauth2#8046dbddc81c95991ef4933495a24fe2134f2a90
obexd.armv7l 5.37-50.1 platform/upstream/bluez#9909826da5140a63a22698501725b3c4e3270a0d
openal-soft.armv7l 1.17.2-10.1 platform/upstream/openal-soft#270d2a1b0a9cbc85dfa14d2fe905b7dd4f95fac9
opencore-amr.armv7l 0.1.3-10.8 platform/upstream/opencore-amr#57eb34e9d791a94afaa8307fdbd538a66e01080e
opencv.armv7l 2.4.9-5.133 platform/upstream/opencv#e2aca33b4287e28d322038a8425539b3516dd8dc
org.tizen.app-selector.armv7l 0.1.57-1.22 profile/wearable/apps/native/app-selector#9b4a56892f1e5ec5834548c1772c5fe0e6bb7ea5
org.tizen.apptray-widget.armv7l 0.1.1-1.1 profile/wearable/apps/native/apptray-widget#602d55974d48009cb5c0839eb95b6120fa901f20
org.tizen.bt-syspopup.armv7l 0.3.1-6.2 apps/core/preloaded/bt-syspopup#bdf6861553faba612662e37d4bc36af4f6a4d4c2
org.tizen.classic-watch.armv7l 0.0.1-1.1 profile/wearable/apps/native/classic-watch#662964eec9e77f0528818c5fdbb693cafb0751a1
org.tizen.crash-syspopup.armv7l 0.2.0-4.3 platform/core/system/system-popup#10ffe9f5fd9ddf9543c178148922c5f9c387cf22
org.tizen.dpm-syspopup.armv7l 0.0.1-18.1 platform/core/security/device-policy-manager#41c3b6cd9645e1c75f1883c4e7601cf3379b4c19
org.tizen.dpm-toolkit.armv7l 0.1-8.1 platform/core/security/dpm-toolkit#f037368244db03bd409b49209176665ccae0f534
org.tizen.elm-demo-tizen-wearable.armv7l 0.1-1.7 profile/wearable/platform/core/uifw/elm-demo-tizen-wearable#2da2016ebb31d283836e342652d5d5be46fb6abf
org.tizen.heremaps-uc.armv7l 0.3.2-23.1 platform/core/location/maps-plugin-here#65805a6f5cff93887580d467af0ed8df63d1605e
org.tizen.idle-clock-digital.armv7l 0.1.49-2.5 profile/wearable/apps/native/idle-clock-digital#610289de2a9bdd474656e9b78491549d83bfe6cb
org.tizen.inputmethod-setting.armv7l 0.5.6-20.1 platform/core/uifw/inputmethod-setting#3c5cef03a3eae8f5acb75dee7764ba78a7e80b4f
org.tizen.ode.armv7l 0.0.1-18.1 platform/core/security/device-policy-manager#41c3b6cd9645e1c75f1883c4e7601cf3379b4c19
org.tizen.powerkey-syspopup.armv7l 0.2.0-4.3 platform/core/system/system-popup#10ffe9f5fd9ddf9543c178148922c5f9c387cf22
org.tizen.screen-reader.armv7l 0.0.8-7.1 platform/core/accessibility/screen-reader#314427c59b3c6acfcac24ed62a8b29ccd5bf91e5
org.tizen.system-syspopup.armv7l 0.2.0-4.3 platform/core/system/system-popup#10ffe9f5fd9ddf9543c178148922c5f9c387cf22
org.tizen.w-home.armv7l 0.1.0-10.7 profile/wearable/apps/native/w3-home#eed5c3daef60f7992346f05d3a4855952839538c
org.tizen.w-wifi.armv7l 1.0.174-12.3 apps/core/preloaded/ug-wifi-efl#b1916db9d9b4eddc1f65d55d10c9ea00d0424bff
org.tizen.watch-setting.armv7l 0.0.1-21.1 profile/wearable/apps/native/watch-setting#c529104a61d10c91962cc53f054167b313006dc4
org.tizen.widget_viewer_sdk.armv7l 0.0.1-22.1 platform/core/appfw/widget-viewer#c967556372cf82a4fd3b18b8d02619b4380ec5da
org.tizen.windicator.armv7l 0.0.1-1.2 profile/wearable/apps/native/indicator-win#b2486bba389171b98534d2d069256a134006a7b4
pam-locale.noarch 1.1.6-2.1 platform/upstream/pam#ae9aabdd79c40b4f80094b545e617f75589da4a0
pam-modules-extra.armv7l 1.1.6-2.1 platform/upstream/pam#ae9aabdd79c40b4f80094b545e617f75589da4a0
pam.armv7l 1.1.6-2.1 platform/upstream/pam#ae9aabdd79c40b4f80094b545e617f75589da4a0
pepper.armv7l 1.0.5-14.1 platform/core/uifw/pepper#8d085ad6b9f38496711b4e124306a1b8b7a93438
phonenumber-utils.armv7l 0.2.2-14.4 platform/core/telephony/phonenumber-utils#6000c6d6f8c045a781cb1cb62bed7e0b1a0e5686
pims-ipc.armv7l 0.1.17-2.23 platform/core/pim/pims-ipc#381aab0b83daacd99d934757c4ff666afeb3a4ad
pixman.armv7l 0.32.6-9.7 platform/upstream/pixman#293e30820313387c82be42c5e25dbd3756a2ded4
pkg-config.armv7l 0.28-1.10 platform/upstream/pkg-config#5649da369d00aaf304396095f1699a0806c3b721
pkgmgr-client.armv7l 0.2.89-13.1 platform/core/appfw/slp-pkgmgr#def830714603261f9c86429caa695510addbb57b
pkgmgr-info-parser.armv7l 0.1.0-128.1 platform/core/appfw/pkgmgr-info#c3892b772b00cdf739724b6aa9638c1bfa4e01dc
pkgmgr-info.armv7l 0.1.0-128.1 platform/core/appfw/pkgmgr-info#c3892b772b00cdf739724b6aa9638c1bfa4e01dc
pkgmgr-installer.armv7l 0.2.89-13.1 platform/core/appfw/slp-pkgmgr#def830714603261f9c86429caa695510addbb57b
pkgmgr-server.armv7l 0.3.37-20.1 platform/core/appfw/pkgmgr-server#d91941074f60e1c9de528ab387c23a66c0d8114d
pkgmgr-tool.armv7l 0.1.0-32.1 platform/core/appfw/pkgmgr-tool#e52e30663db1a138b437eb61e533a1e6966a292f
pkgmgr.armv7l 0.2.89-13.1 platform/core/appfw/slp-pkgmgr#def830714603261f9c86429caa695510addbb57b
privilege-checker.armv7l 0.0.5-39.1 platform/core/security/privilege-checker#1262118d943c99c5900481b81ab41bdab12444a9
procps-ng.armv7l 3.3.9-1.11 platform/upstream/procps-ng#967749519aefdd1bba9a3329d3ea77c351d1f8b6
psmisc.armv7l 22.21-11.6 platform/upstream/psmisc#8bdb3e71794f16a084afd48ef0fd713e30385558
pubkey-pinning.armv7l 0.0.4-8.1 platform/core/security/pubkey-pinning#2ea96e73c4118ac405a03ef0ea18e959fa17c5e9
pulseaudio-locale.noarch 5.0-55.1 platform/upstream/pulseaudio#a92c4e636038b441f4f908c5d08e1f78e39e3cdb
pulseaudio-module-bluetooth.armv7l 5.0-55.1 platform/upstream/pulseaudio#a92c4e636038b441f4f908c5d08e1f78e39e3cdb
pulseaudio-modules-tizen.armv7l 5.0.55-51.1 platform/core/multimedia/pulseaudio-modules-tizen#7e3603264b507a35e109b30a03477c2be11733ac
pulseaudio-utils.armv7l 5.0-55.1 platform/upstream/pulseaudio#a92c4e636038b441f4f908c5d08e1f78e39e3cdb
pulseaudio.armv7l 5.0-55.1 platform/upstream/pulseaudio#a92c4e636038b441f4f908c5d08e1f78e39e3cdb
push-bin.armv7l 0.4.32-27.1 platform/core/appfw/sppc#9455af1a84787f8e536f338d274c1b24fe05e7c0
resourced.armv7l 0.2.87-26.43 platform/core/system/resourced#5f2d264ae75ac47dfcb9fa00783d0f96b29f8992
rfkill.armv7l 0.4-9.6 platform/upstream/rfkill#55aca08cbe73ad443102569e8e5c8b44e2a1cc8d
rpm-security-plugin.armv7l 4.11.0.1-5.3 platform/upstream/rpm#763ef3871038772e57a8878893bddfd6a41268a2
rpm.armv7l 4.11.0.1-5.3 platform/upstream/rpm#763ef3871038772e57a8878893bddfd6a41268a2
sbc.armv7l 1.2-10.7 platform/upstream/sbc#14ca83886162cb9b9a63a25675516088c2dc4c7f
sdbd.armv7l 3.0.11-38.1 sdk/target/sdbd#e0002f426aa06c7b617d801e4e879c7c2e9389f8
security-config.armv7l 1.0-14.1 platform/core/security/security-config#3de0c6a9327f32dc721195e44fc1914a126966a2
security-manager-policy.armv7l 1.1.6-39.1 platform/core/security/security-manager#cd2d462b56be3704ecece33b8597ef7301dd61c1
security-manager.armv7l 1.1.6-39.1 platform/core/security/security-manager#cd2d462b56be3704ecece33b8597ef7301dd61c1
security-privilege-manager.armv7l 0.0.5-39.1 platform/core/security/privilege-checker#1262118d943c99c5900481b81ab41bdab12444a9
sed.armv7l 4.1c-2.4 product/upstream/sed#5fafc98c53c0f2cc3f136f8f01b48bebed8f0be5
sensor-hal-tw1.armv7l 1.0.2-5.12 platform/adaptation/tw1/sensor-hal-tw1#cf70df577c02214892d9ade5e405d46da58ff49a
sensord.armv7l 2.0.5-23.12 platform/core/system/sensord#b7537c548a6807ee07f3a2ff9245e0e91d31fa77
setup.noarch 0.9-2.20 platform/upstream/setup#6cae62f0a879f6bc5416f3bfe5aca857a95b78fb
shadow-utils.armv7l 4.1.4.2-1.1 platform/upstream/shadow-utils#6cd3bb578b0ed75f2dd95f72801112962c936124
shared-mime-info.armv7l 1.3-1.2 platform/upstream/shared-mime-info#b3d6d91768efdf508c2b8fe2cd069b1334a1c272
smack.armv7l 1.2.0-3.1 platform/upstream/smack#8105e2c7a02c81bf3a9c41e54606a14b0276742e
smartcard-plugin-nfc.armv7l 0.0.11-10.1 platform/core/connectivity/smartcard-plugin-nfc#1e74825669656e7dab97a57a0bbc96f498a6ce77
smartcard-service-common.armv7l 0.1.48-24.11 platform/core/connectivity/smartcard-service#a0e250369564c4d6f825f8981da29b4719d17649
smartcard-service-server.armv7l 0.1.48-24.11 platform/core/connectivity/smartcard-service#a0e250369564c4d6f825f8981da29b4719d17649
smartcard-service.armv7l 0.1.48-24.11 platform/core/connectivity/smartcard-service#a0e250369564c4d6f825f8981da29b4719d17649
sqlite.armv7l 3.8.10.2-1.11 platform/upstream/sqlite#5b2351dd3f6115a2eec31705a3a9595e36a1d955
starter.armv7l 0.5.52-10.1 apps/core/preloaded/starter#7c9a322218077b358ec894b58df22daa97f63142
svi-data.armv7l 0.1.4-25.1 platform/core/system/libsvi#f6314882c8e943366b71407913dc38a59d211df6
swap-manager.armv7l 3.0-10.12 platform/core/system/swap-manager#20d6900af45af672fc3f30077a3068467d63fa63
swap-modules.armv7l 3.0-8.1 platform/kernel/swap-modules#571d6bc345537636af6e925c270704164bb38e69
swap-probe-elf.armv7l 3.0-9.11 platform/core/system/swap-probe#5766e64da9d26d0fe2fa7fb6e90476828c0cec55
swap-probe.armv7l 3.0-9.11 platform/core/system/swap-probe#5766e64da9d26d0fe2fa7fb6e90476828c0cec55
sync-service.armv7l 0.1.5-12.1 platform/core/account/sync-manager#460379c8ce75bf1b678d4241f4624ef0bcb81e89
syspopup-caller.armv7l 0.0.100-18.25 platform/core/base/syspopup#9c9dc8fc7af6362d0df9c1a9351def4b541da532
syspopup.armv7l 0.0.100-18.25 platform/core/base/syspopup#9c9dc8fc7af6362d0df9c1a9351def4b541da532
system-plugin-circle.noarch 0.1-20.2 platform/adaptation/system-plugin#21f58d3066413942e364ce3cb26e6624d122db4d
system-plugin.noarch 0.1-20.2 platform/adaptation/system-plugin#21f58d3066413942e364ce3cb26e6624d122db4d
system-servant.armv7l 0.2.0-4.3 platform/core/system/system-popup#10ffe9f5fd9ddf9543c178148922c5f9c387cf22
systemd.armv7l 219-41.1 platform/upstream/systemd#1aba774046f78dbe51d0315b36490bcad9ad8255
taglib.armv7l 1.8-1.8 platform/upstream/taglib#489a552ad409dbac9e53862221de4d6cc0234ddc
tar.armv7l 1.17-2.6 product/upstream/tar#a8d964ee3ae1acc7d0a9ed43e5f1e363d26da090
tel-plugin-database.armv7l 0.1.27-17.1 platform/core/telephony/tel-plugin-database#422dd1f1a7ae226179cbea8fd1273c216479af62
tel-plugin-dbus_tapi.armv7l 0.3.74-13.2 platform/core/telephony/tel-plugin-dbus_tapi#562f4e33db5b289eb42a2812be5e637964f6d5d5
tel-plugin-indicator.armv7l 0.1.70-13.2 platform/core/telephony/tel-plugin-indicator#0f8f62d270af46a990b134eb471d7c4c800bb9ca
tel-plugin-nitz.armv7l 0.1.75-7.1 platform/core/telephony/tel-plugin-nitz#0846aa34e56dbd28e5b8036ecd5ea23460b32467
tel-plugin-packetservice.armv7l 0.3.29-26.1 platform/core/telephony/tel-plugin-packetservice#e6da346a2501cd0391ea788b48172ebce46178f0
telephony-daemon.armv7l 1.3.39-17.2 platform/core/telephony/telephony-daemon#c5e04bca57419692c87bd816b92648c2c86d0c70
terminfo-base.armv7l 5.9-1.13 platform/upstream/ncurses#eefc3e4398eaa6c81cf61dd36c3ba3d87f33d1bf
tizen-locale.armv7l 0.1-4.4 platform/framework/base/tizen-locale#a581f7b36017e931d8dfc4947b9d3840a4c40f51
tizen-platform-config-tools.armv7l 2.0-40.2 platform/core/appfw/tizen-platform-config#3c4cbb43901c9cc628ec56a93c207c5704bad312
tizen-platform-config.armv7l 2.0-40.2 platform/core/appfw/tizen-platform-config#3c4cbb43901c9cc628ec56a93c207c5704bad312
tizen-release.armv7l 3.0.0-12.13 platform/upstream/tizen-release#080f16318c61066f98f5dcc0e8c8c54fff02184d
tlm-config-common-singleseat.armv7l 1.0.3-49.1 platform/core/system/tlm#3c8bafd112a8d9619a6dae203dafa9f3401b720e
tlm.armv7l 1.0.3-49.1 platform/core/system/tlm#3c8bafd112a8d9619a6dae203dafa9f3401b720e
toybox-symlinks-dhcp.armv7l 0.6.0-10.3 platform/upstream/toybox#a7f12ead3799e61cf0139e0e52ab58cd928cbdf3
toybox-symlinks-dhcpd.armv7l 0.6.0-10.3 platform/upstream/toybox#a7f12ead3799e61cf0139e0e52ab58cd928cbdf3
toybox.armv7l 0.6.0-10.3 platform/upstream/toybox#a7f12ead3799e61cf0139e0e52ab58cd928cbdf3
tpk-backend.armv7l 0.1-31.1 platform/core/appfw/tpk-backend#3d3b97dcf0ea1e286e9704c1988271b8c9dbbc42
tpk-manifest-handlers.armv7l 1.5-3.1 platform/core/appfw/tpk-manifest-handlers#5267f39f0793933b268f03adb1c4a92df694a4de
ttrace-extension.armv7l 1.0.0-2.1 tools/ttrace-extension#f5cbcaf6fea6fef65d9f70a52c379f6c34246728
ttrace.armv7l 1.0.0-19.1 tools/ttrace#cc7d587e410fdddc8f33433cc6058913fa18b628
typelib-1_0-Atspi-2_0.armv7l 2.16.1-7.3 platform/upstream/at-spi2-core#65a8179bd64640d3c76767121dbf45ce9b8422ae
tzdata.armv7l 2014h-1.7 platform/upstream/tzdata#7d50fa562a1dafd2453021f633cb9236998d9ea1
tzsh.armv7l 0.1.9-3.1 platform/core/uifw/tizen-ws-shell#015b6588c23e0ffd50c1bb8397fea960b16e8d2e
ug-nfc-efl.armv7l 3.1.0-3.1 apps/core/preloaded/ug-nfc-efl#dc5f35bd36510f5e145a3964b9637d86eecd9e64
unzip.armv7l 6.0-1.21 platform/upstream/unzip#9b72cfb5e2fc5a095c0d6e8cd72c4d36c18ce48f
util-linux.armv7l 2.25.2-3.6 platform/upstream/util-linux#0468d5fd5f614f059230a351558dc673c460af18
v8.armv7l 4.7.83-2.1 platform/upstream/v8#77a20ac9c10194cf534de1603f19bd66d837e673
vc-engine-default.armv7l 0.2.0-5.1 platform/core/uifw/vc-engine-default#6067d98da31a105745ec668cc114537885a0e9b7
voice-control-elm.armv7l 0.2.1-7.20 platform/core/uifw/voice-control-elm#6047df63d0bda91c3b8a85de6712e0375025f5fc
voice-control.armv7l 0.2.10-20.1 platform/core/uifw/voice-control#aa8a2de43dfb393f022e576b54e37eadb5992307
watch-control.armv7l 0.0.1-22.1 platform/core/appfw/widget-viewer#c967556372cf82a4fd3b18b8d02619b4380ec5da
webapi-plugins.armv7l 0.93-99.1 platform/core/api/webapi-plugins#396f5d66ffe6c026f3bf7598f3b5c074a2c7adff
wgt-backend.armv7l 0.1-26.1 platform/core/appfw/wgt-backend#ffed32d0f9f28668c0409507c5b71cc606cd8348
wgt-manifest-handlers.armv7l 1.5-6.1 platform/core/appfw/wgt-manifest-handlers#0ffd5a017c8b9cdb3899ad4fdd8cc1cf094149d4
widget_toolkit.armv7l 0.0.1-22.1 platform/core/appfw/widget-viewer#c967556372cf82a4fd3b18b8d02619b4380ec5da
wifi-direct-manager.armv7l 1.2.168-32.1 platform/core/connectivity/wifi-direct-manager#faa93abefd7caa061edadd5f3408197d7da8c9e7
wifi-direct-plugin-wpasupplicant.armv7l 1.2.168-32.1 platform/core/connectivity/wifi-direct-manager#faa93abefd7caa061edadd5f3408197d7da8c9e7
wpa_supplicant.armv7l 2.5-28.1 platform/upstream/wpa_supplicant#da9afe33a6e92b90cd99daf7ee374fe91966d0b4
wrt-service.armv7l 1.0.5-1.1 platform/framework/web/wrt-service#ad827b3ce9b411c6cbd6911b5b4d8614d11a0473
xdelta3.armv7l 3.0.9-1.7 platform/upstream/xdelta3#8f2326734da7cf176d4bb29aae6b57ba567a1f27
xdgmime.armv7l 0.0.12-12.2 platform/core/appfw/xdgmime#e47255803c134114dbea6a09b74bf344c7ff5afd
xkeyboard-config.noarch 2.13-29.1 platform/upstream/xkeyboard-config#deb12cbbb6fcfa42afb8be07e8e2bee89413f3ed
xmlsec1-openssl.armv7l 1.2.19-10.10 platform/upstream/xmlsec1#fe8ea3dba5971ab3f47090ba52d7f824c3d23545
xmlsec1.armv7l 1.2.19-10.10 platform/upstream/xmlsec1#fe8ea3dba5971ab3f47090ba52d7f824c3d23545
xz.armv7l 5.1.3-2.3 platform/upstream/xz#56a594c73196ae5834d5df55107e318e7d4f7e1f
zbar.armv7l 0.10-1.7 platform/upstream/libzbar#5494b6ccabd6b271325a4dd105f1864331245c64
zint.armv7l 2.4.3-2.8 platform/upstream/libzint#4f3e68a11484b0aaceceeba9c4c1bb42861d56b9
zip.armv7l 3.0-1.9 platform/upstream/zip#b93d573b47875ad43a8df84196f04a84772a4949
zlib.armv7l 1.2.8-1.12 platform/upstream/zlib#07c39a3fbdb0f2c8ef5d508a57921514357263aa
