Temporary header file '/tmp/oKQCC4ze45/dump1.h' with the following content will be compiled to create GCC translation unit dump:

  // add includes
  #include "/home/kayes/abi_tool/execution/wearable/abi-tool_v3.0/abi-tool/2.3.1/usr/include/badge/badge.h"
  #include "/home/kayes/abi_tool/execution/wearable/abi-tool_v3.0/abi-tool/2.3.1/usr/include/badge/badge_error.h"
  #include "/home/kayes/abi_tool/execution/wearable/abi-tool_v3.0/abi-tool/2.3.1/usr/include/badge/badge_internal.h"
  #include "/home/kayes/abi_tool/execution/wearable/abi-tool_v3.0/abi-tool/2.3.1/usr/include/badge/service/badge_setting_service.h"
  #include "/home/kayes/abi_tool/execution/wearable/abi-tool_v3.0/abi-tool/2.3.1/usr/include/badge/service/badge_db.h"

The GCC parameters:
  gcc -fdump-translation-unit -fkeep-inline-functions -c -x c++-header -fpermissive -w "/tmp/oKQCC4ze45/dump1.h"  -I/home/kayes/abi_tool/execution/wearable/abi-tool_v3.0/abi-tool/2.3.1/usr/include/badge -I/home/kayes/tizen-sdk/platforms/tizen-3.0/mobile/rootstraps/mobile-3.0-device.core/usr/include

Temporary header file '/tmp/oKQCC4ze45/dump2.h' with the following content will be compiled to create GCC translation unit dump:

  // add includes
  #include "/home/kayes/abi_tool/execution/wearable/abi-tool_v3.0/abi-tool/3.0/usr/include/badge/badge.h"
  #include "/home/kayes/abi_tool/execution/wearable/abi-tool_v3.0/abi-tool/3.0/usr/include/badge/badge_db.h"
  #include "/home/kayes/abi_tool/execution/wearable/abi-tool_v3.0/abi-tool/3.0/usr/include/badge/badge_error.h"
  #include "/home/kayes/abi_tool/execution/wearable/abi-tool_v3.0/abi-tool/3.0/usr/include/badge/badge_internal.h"
  #include "/home/kayes/abi_tool/execution/wearable/abi-tool_v3.0/abi-tool/3.0/usr/include/badge/badge_ipc.h"
  #include "/home/kayes/abi_tool/execution/wearable/abi-tool_v3.0/abi-tool/3.0/usr/include/badge/badge_setting.h"
  #include "/home/kayes/abi_tool/execution/wearable/abi-tool_v3.0/abi-tool/3.0/usr/include/badge/badge_setting_service.h"

The GCC parameters:
  gcc -fdump-translation-unit -fkeep-inline-functions -c -x c++-header -fpermissive -w "/tmp/oKQCC4ze45/dump2.h"  -I/home/kayes/abi_tool/execution/wearable/abi-tool_v3.0/abi-tool/3.0/usr/include/badge -I/home/kayes/tizen-sdk/platforms/tizen-3.0/mobile/rootstraps/mobile-3.0-device.core/usr/include -I/home/kayes/tizen-sdk/platforms/tizen-3.0/mobile/rootstraps/mobile-3.0-device.core/usr/include/glib-2.0 -I/home/kayes/tizen-sdk/platforms/tizen-3.0/mobile/rootstraps/mobile-3.0-device.core/usr/lib/glib-2.0/include

In file included from /tmp/oKQCC4ze45/dump2.h:3:0:
/home/kayes/abi_tool/execution/wearable/abi-tool_v3.0/abi-tool/3.0/usr/include/badge/badge.h:69:44: error: expected initializer before ‘TIZEN_DEPRECATED_API’
 int badge_new(const char *writable_app_id) TIZEN_DEPRECATED_API;
                                            ^

