Temporary header file '/tmp/QkFY2WMze7/dump1.h' with the following content will be compiled to create GCC translation unit dump:

  // add includes
  #include "/home/kayes/abi_tool/abi-tool-2.7w/2.3.1_w/usr/include/elementary-1/Elementary.h"
  #include "/home/kayes/abi_tool/abi-tool-2.7w/2.3.1_w/usr/include/elementary-1/elm_config.h"
  #include "/home/kayes/abi_tool/abi-tool-2.7w/2.3.1_w/usr/include/elementary-1/Elementary_Cursor.h"
  #include "/home/kayes/abi_tool/abi-tool-2.7w/2.3.1_w/usr/include/elementary-1/Elementary_GL_Helpers.h"
  #include "/home/kayes/abi_tool/abi-tool-2.7w/2.3.1_w/usr/include/elementary-1/elc_ctxpopup.h"
  #include "/home/kayes/abi_tool/abi-tool-2.7w/2.3.1_w/usr/include/elementary-1/elc_fileselector.h"
  #include "/home/kayes/abi_tool/abi-tool-2.7w/2.3.1_w/usr/include/elementary-1/elc_fileselector_button.h"
  #include "/home/kayes/abi_tool/abi-tool-2.7w/2.3.1_w/usr/include/elementary-1/elc_fileselector_entry.h"
  #include "/home/kayes/abi_tool/abi-tool-2.7w/2.3.1_w/usr/include/elementary-1/elc_hoversel.h"
  #include "/home/kayes/abi_tool/abi-tool-2.7w/2.3.1_w/usr/include/elementary-1/elc_multibuttonentry.h"
  #include "/home/kayes/abi_tool/abi-tool-2.7w/2.3.1_w/usr/include/elementary-1/elc_naviframe.h"
  #include "/home/kayes/abi_tool/abi-tool-2.7w/2.3.1_w/usr/include/elementary-1/elc_popup.h"
  #include "/home/kayes/abi_tool/abi-tool-2.7w/2.3.1_w/usr/include/elementary-1/elm_access.h"
  #include "/home/kayes/abi_tool/abi-tool-2.7w/2.3.1_w/usr/include/elementary-1/elm_actionslider.h"
  #include "/home/kayes/abi_tool/abi-tool-2.7w/2.3.1_w/usr/include/elementary-1/elm_app.h"
  #include "/home/kayes/abi_tool/abi-tool-2.7w/2.3.1_w/usr/include/elementary-1/elm_authors.h"
  #include "/home/kayes/abi_tool/abi-tool-2.7w/2.3.1_w/usr/include/elementary-1/elm_bg.h"
  #include "/home/kayes/abi_tool/abi-tool-2.7w/2.3.1_w/usr/include/elementary-1/elm_box.h"
  #include "/home/kayes/abi_tool/abi-tool-2.7w/2.3.1_w/usr/include/elementary-1/elm_bubble.h"
  #include "/home/kayes/abi_tool/abi-tool-2.7w/2.3.1_w/usr/include/elementary-1/elm_button.h"
  #include "/home/kayes/abi_tool/abi-tool-2.7w/2.3.1_w/usr/include/elementary-1/elm_cache.h"
  #include "/home/kayes/abi_tool/abi-tool-2.7w/2.3.1_w/usr/include/elementary-1/elm_calendar.h"
  #include "/home/kayes/abi_tool/abi-tool-2.7w/2.3.1_w/usr/include/elementary-1/elm_check.h"
  #include "/home/kayes/abi_tool/abi-tool-2.7w/2.3.1_w/usr/include/elementary-1/elm_clock.h"
  #include "/home/kayes/abi_tool/abi-tool-2.7w/2.3.1_w/usr/include/elementary-1/elm_cnp.h"
  #include "/home/kayes/abi_tool/abi-tool-2.7w/2.3.1_w/usr/include/elementary-1/elm_colorselector.h"
  #include "/home/kayes/abi_tool/abi-tool-2.7w/2.3.1_w/usr/include/elementary-1/elm_conform.h"
  #include "/home/kayes/abi_tool/abi-tool-2.7w/2.3.1_w/usr/include/elementary-1/elm_cursor.h"
  #include "/home/kayes/abi_tool/abi-tool-2.7w/2.3.1_w/usr/include/elementary-1/elm_datetime.h"
  #include "/home/kayes/abi_tool/abi-tool-2.7w/2.3.1_w/usr/include/elementary-1/elm_dayselector.h"
  #include "/home/kayes/abi_tool/abi-tool-2.7w/2.3.1_w/usr/include/elementary-1/elm_debug.h"
  #include "/home/kayes/abi_tool/abi-tool-2.7w/2.3.1_w/usr/include/elementary-1/elm_deprecated.h"
  #include "/home/kayes/abi_tool/abi-tool-2.7w/2.3.1_w/usr/include/elementary-1/elm_diskselector.h"
  #include "/home/kayes/abi_tool/abi-tool-2.7w/2.3.1_w/usr/include/elementary-1/elm_entry.h"
  #include "/home/kayes/abi_tool/abi-tool-2.7w/2.3.1_w/usr/include/elementary-1/elm_finger.h"
  #include "/home/kayes/abi_tool/abi-tool-2.7w/2.3.1_w/usr/include/elementary-1/elm_flip.h"
  #include "/home/kayes/abi_tool/abi-tool-2.7w/2.3.1_w/usr/include/elementary-1/elm_flipselector.h"
  #include "/home/kayes/abi_tool/abi-tool-2.7w/2.3.1_w/usr/include/elementary-1/elm_focus.h"
  #include "/home/kayes/abi_tool/abi-tool-2.7w/2.3.1_w/usr/include/elementary-1/elm_font.h"
  #include "/home/kayes/abi_tool/abi-tool-2.7w/2.3.1_w/usr/include/elementary-1/elm_frame.h"
  #include "/home/kayes/abi_tool/abi-tool-2.7w/2.3.1_w/usr/include/elementary-1/elm_gen.h"
  #include "/home/kayes/abi_tool/abi-tool-2.7w/2.3.1_w/usr/include/elementary-1/elm_general.h"
  #include "/home/kayes/abi_tool/abi-tool-2.7w/2.3.1_w/usr/include/elementary-1/elm_gengrid.h"
  #include "/home/kayes/abi_tool/abi-tool-2.7w/2.3.1_w/usr/include/elementary-1/elm_genlist.h"
  #include "/home/kayes/abi_tool/abi-tool-2.7w/2.3.1_w/usr/include/elementary-1/elm_gesture_layer.h"
  #include "/home/kayes/abi_tool/abi-tool-2.7w/2.3.1_w/usr/include/elementary-1/elm_getting_started.h"
  #include "/home/kayes/abi_tool/abi-tool-2.7w/2.3.1_w/usr/include/elementary-1/elm_glview.h"
  #include "/home/kayes/abi_tool/abi-tool-2.7w/2.3.1_w/usr/include/elementary-1/elm_grid.h"
  #include "/home/kayes/abi_tool/abi-tool-2.7w/2.3.1_w/usr/include/elementary-1/elm_hover.h"
  #include "/home/kayes/abi_tool/abi-tool-2.7w/2.3.1_w/usr/include/elementary-1/elm_icon.h"
  #include "/home/kayes/abi_tool/abi-tool-2.7w/2.3.1_w/usr/include/elementary-1/elm_image.h"
  #include "/home/kayes/abi_tool/abi-tool-2.7w/2.3.1_w/usr/include/elementary-1/elm_index.h"
  #include "/home/kayes/abi_tool/abi-tool-2.7w/2.3.1_w/usr/include/elementary-1/elm_interface_scrollable.h"
  #include "/home/kayes/abi_tool/abi-tool-2.7w/2.3.1_w/usr/include/elementary-1/elm_intro.h"
  #include "/home/kayes/abi_tool/abi-tool-2.7w/2.3.1_w/usr/include/elementary-1/elm_inwin.h"
  #include "/home/kayes/abi_tool/abi-tool-2.7w/2.3.1_w/usr/include/elementary-1/elm_label.h"
  #include "/home/kayes/abi_tool/abi-tool-2.7w/2.3.1_w/usr/include/elementary-1/elm_layout.h"
  #include "/home/kayes/abi_tool/abi-tool-2.7w/2.3.1_w/usr/include/elementary-1/elm_list.h"
  #include "/home/kayes/abi_tool/abi-tool-2.7w/2.3.1_w/usr/include/elementary-1/elm_macros.h"
  #include "/home/kayes/abi_tool/abi-tool-2.7w/2.3.1_w/usr/include/elementary-1/elm_map.h"
  #include "/home/kayes/abi_tool/abi-tool-2.7w/2.3.1_w/usr/include/elementary-1/elm_mapbuf.h"
  #include "/home/kayes/abi_tool/abi-tool-2.7w/2.3.1_w/usr/include/elementary-1/elm_menu.h"
  #include "/home/kayes/abi_tool/abi-tool-2.7w/2.3.1_w/usr/include/elementary-1/elm_mirroring.h"
  #include "/home/kayes/abi_tool/abi-tool-2.7w/2.3.1_w/usr/include/elementary-1/elm_need.h"
  #include "/home/kayes/abi_tool/abi-tool-2.7w/2.3.1_w/usr/include/elementary-1/elm_notify.h"
  #include "/home/kayes/abi_tool/abi-tool-2.7w/2.3.1_w/usr/include/elementary-1/elm_object.h"
  #include "/home/kayes/abi_tool/abi-tool-2.7w/2.3.1_w/usr/include/elementary-1/elm_object_item.h"
  #include "/home/kayes/abi_tool/abi-tool-2.7w/2.3.1_w/usr/include/elementary-1/elm_panel.h"
  #include "/home/kayes/abi_tool/abi-tool-2.7w/2.3.1_w/usr/include/elementary-1/elm_panes.h"
  #include "/home/kayes/abi_tool/abi-tool-2.7w/2.3.1_w/usr/include/elementary-1/elm_photo.h"
  #include "/home/kayes/abi_tool/abi-tool-2.7w/2.3.1_w/usr/include/elementary-1/elm_photocam.h"
  #include "/home/kayes/abi_tool/abi-tool-2.7w/2.3.1_w/usr/include/elementary-1/elm_plug.h"
  #include "/home/kayes/abi_tool/abi-tool-2.7w/2.3.1_w/usr/include/elementary-1/elm_progressbar.h"
  #include "/home/kayes/abi_tool/abi-tool-2.7w/2.3.1_w/usr/include/elementary-1/elm_radio.h"
  #include "/home/kayes/abi_tool/abi-tool-2.7w/2.3.1_w/usr/include/elementary-1/elm_route.h"
  #include "/home/kayes/abi_tool/abi-tool-2.7w/2.3.1_w/usr/include/elementary-1/elm_scale.h"
  #include "/home/kayes/abi_tool/abi-tool-2.7w/2.3.1_w/usr/include/elementary-1/elm_scroll.h"
  #include "/home/kayes/abi_tool/abi-tool-2.7w/2.3.1_w/usr/include/elementary-1/elm_scroller.h"
  #include "/home/kayes/abi_tool/abi-tool-2.7w/2.3.1_w/usr/include/elementary-1/elm_segment_control.h"
  #include "/home/kayes/abi_tool/abi-tool-2.7w/2.3.1_w/usr/include/elementary-1/elm_separator.h"
  #include "/home/kayes/abi_tool/abi-tool-2.7w/2.3.1_w/usr/include/elementary-1/elm_slider.h"
  #include "/home/kayes/abi_tool/abi-tool-2.7w/2.3.1_w/usr/include/elementary-1/elm_slideshow.h"
  #include "/home/kayes/abi_tool/abi-tool-2.7w/2.3.1_w/usr/include/elementary-1/elm_spinner.h"
  #include "/home/kayes/abi_tool/abi-tool-2.7w/2.3.1_w/usr/include/elementary-1/elm_store.h"
  #include "/home/kayes/abi_tool/abi-tool-2.7w/2.3.1_w/usr/include/elementary-1/elm_table.h"
  #include "/home/kayes/abi_tool/abi-tool-2.7w/2.3.1_w/usr/include/elementary-1/elm_theme.h"
  #include "/home/kayes/abi_tool/abi-tool-2.7w/2.3.1_w/usr/include/elementary-1/elm_thumb.h"
  #include "/home/kayes/abi_tool/abi-tool-2.7w/2.3.1_w/usr/include/elementary-1/elm_toolbar.h"
  #include "/home/kayes/abi_tool/abi-tool-2.7w/2.3.1_w/usr/include/elementary-1/elm_tooltip.h"
  #include "/home/kayes/abi_tool/abi-tool-2.7w/2.3.1_w/usr/include/elementary-1/elm_transit.h"
  #include "/home/kayes/abi_tool/abi-tool-2.7w/2.3.1_w/usr/include/elementary-1/elm_video.h"
  #include "/home/kayes/abi_tool/abi-tool-2.7w/2.3.1_w/usr/include/elementary-1/elm_web.h"
  #include "/home/kayes/abi_tool/abi-tool-2.7w/2.3.1_w/usr/include/elementary-1/elm_widget.h"
  #include "/home/kayes/abi_tool/abi-tool-2.7w/2.3.1_w/usr/include/elementary-1/elm_widget_actionslider.h"
  #include "/home/kayes/abi_tool/abi-tool-2.7w/2.3.1_w/usr/include/elementary-1/elm_widget_bg.h"
  #include "/home/kayes/abi_tool/abi-tool-2.7w/2.3.1_w/usr/include/elementary-1/elm_widget_box.h"
  #include "/home/kayes/abi_tool/abi-tool-2.7w/2.3.1_w/usr/include/elementary-1/elm_widget_bubble.h"
  #include "/home/kayes/abi_tool/abi-tool-2.7w/2.3.1_w/usr/include/elementary-1/elm_widget_button.h"
  #include "/home/kayes/abi_tool/abi-tool-2.7w/2.3.1_w/usr/include/elementary-1/elm_widget_calendar.h"
  #include "/home/kayes/abi_tool/abi-tool-2.7w/2.3.1_w/usr/include/elementary-1/elm_widget_check.h"
  #include "/home/kayes/abi_tool/abi-tool-2.7w/2.3.1_w/usr/include/elementary-1/elm_widget_clock.h"
  #include "/home/kayes/abi_tool/abi-tool-2.7w/2.3.1_w/usr/include/elementary-1/elm_widget_colorselector.h"
  #include "/home/kayes/abi_tool/abi-tool-2.7w/2.3.1_w/usr/include/elementary-1/elm_widget_conform.h"
  #include "/home/kayes/abi_tool/abi-tool-2.7w/2.3.1_w/usr/include/elementary-1/elm_widget_container.h"
  #include "/home/kayes/abi_tool/abi-tool-2.7w/2.3.1_w/usr/include/elementary-1/elm_widget_ctxpopup.h"
  #include "/home/kayes/abi_tool/abi-tool-2.7w/2.3.1_w/usr/include/elementary-1/elm_widget_datetime.h"
  #include "/home/kayes/abi_tool/abi-tool-2.7w/2.3.1_w/usr/include/elementary-1/elm_widget_dayselector.h"
  #include "/home/kayes/abi_tool/abi-tool-2.7w/2.3.1_w/usr/include/elementary-1/elm_widget_diskselector.h"
  #include "/home/kayes/abi_tool/abi-tool-2.7w/2.3.1_w/usr/include/elementary-1/elm_widget_entry.h"
  #include "/home/kayes/abi_tool/abi-tool-2.7w/2.3.1_w/usr/include/elementary-1/elm_widget_fileselector.h"
  #include "/home/kayes/abi_tool/abi-tool-2.7w/2.3.1_w/usr/include/elementary-1/elm_widget_fileselector_button.h"
  #include "/home/kayes/abi_tool/abi-tool-2.7w/2.3.1_w/usr/include/elementary-1/elm_widget_fileselector_entry.h"
  #include "/home/kayes/abi_tool/abi-tool-2.7w/2.3.1_w/usr/include/elementary-1/elm_widget_flip.h"
  #include "/home/kayes/abi_tool/abi-tool-2.7w/2.3.1_w/usr/include/elementary-1/elm_widget_flipselector.h"
  #include "/home/kayes/abi_tool/abi-tool-2.7w/2.3.1_w/usr/include/elementary-1/elm_widget_frame.h"
  #include "/home/kayes/abi_tool/abi-tool-2.7w/2.3.1_w/usr/include/elementary-1/elm_widget_gengrid.h"
  #include "/home/kayes/abi_tool/abi-tool-2.7w/2.3.1_w/usr/include/elementary-1/elm_widget_genlist.h"
  #include "/home/kayes/abi_tool/abi-tool-2.7w/2.3.1_w/usr/include/elementary-1/elm_widget_glview.h"
  #include "/home/kayes/abi_tool/abi-tool-2.7w/2.3.1_w/usr/include/elementary-1/elm_widget_grid.h"
  #include "/home/kayes/abi_tool/abi-tool-2.7w/2.3.1_w/usr/include/elementary-1/elm_widget_hover.h"
  #include "/home/kayes/abi_tool/abi-tool-2.7w/2.3.1_w/usr/include/elementary-1/elm_widget_hoversel.h"
  #include "/home/kayes/abi_tool/abi-tool-2.7w/2.3.1_w/usr/include/elementary-1/elm_widget_icon.h"
  #include "/home/kayes/abi_tool/abi-tool-2.7w/2.3.1_w/usr/include/elementary-1/elm_widget_image.h"
  #include "/home/kayes/abi_tool/abi-tool-2.7w/2.3.1_w/usr/include/elementary-1/elm_widget_index.h"
  #include "/home/kayes/abi_tool/abi-tool-2.7w/2.3.1_w/usr/include/elementary-1/elm_widget_inwin.h"
  #include "/home/kayes/abi_tool/abi-tool-2.7w/2.3.1_w/usr/include/elementary-1/elm_widget_label.h"
  #include "/home/kayes/abi_tool/abi-tool-2.7w/2.3.1_w/usr/include/elementary-1/elm_widget_layout.h"
  #include "/home/kayes/abi_tool/abi-tool-2.7w/2.3.1_w/usr/include/elementary-1/elm_widget_list.h"
  #include "/home/kayes/abi_tool/abi-tool-2.7w/2.3.1_w/usr/include/elementary-1/elm_widget_map.h"
  #include "/home/kayes/abi_tool/abi-tool-2.7w/2.3.1_w/usr/include/elementary-1/elm_widget_mapbuf.h"
  #include "/home/kayes/abi_tool/abi-tool-2.7w/2.3.1_w/usr/include/elementary-1/elm_widget_menu.h"
  #include "/home/kayes/abi_tool/abi-tool-2.7w/2.3.1_w/usr/include/elementary-1/elm_widget_multibuttonentry.h"
  #include "/home/kayes/abi_tool/abi-tool-2.7w/2.3.1_w/usr/include/elementary-1/elm_widget_naviframe.h"
  #include "/home/kayes/abi_tool/abi-tool-2.7w/2.3.1_w/usr/include/elementary-1/elm_widget_notify.h"
  #include "/home/kayes/abi_tool/abi-tool-2.7w/2.3.1_w/usr/include/elementary-1/elm_widget_panel.h"
  #include "/home/kayes/abi_tool/abi-tool-2.7w/2.3.1_w/usr/include/elementary-1/elm_widget_panes.h"
  #include "/home/kayes/abi_tool/abi-tool-2.7w/2.3.1_w/usr/include/elementary-1/elm_widget_photo.h"
  #include "/home/kayes/abi_tool/abi-tool-2.7w/2.3.1_w/usr/include/elementary-1/elm_widget_photocam.h"
  #include "/home/kayes/abi_tool/abi-tool-2.7w/2.3.1_w/usr/include/elementary-1/elm_widget_player.h"
  #include "/home/kayes/abi_tool/abi-tool-2.7w/2.3.1_w/usr/include/elementary-1/elm_widget_plug.h"
  #include "/home/kayes/abi_tool/abi-tool-2.7w/2.3.1_w/usr/include/elementary-1/elm_widget_popup.h"
  #include "/home/kayes/abi_tool/abi-tool-2.7w/2.3.1_w/usr/include/elementary-1/elm_widget_progressbar.h"
  #include "/home/kayes/abi_tool/abi-tool-2.7w/2.3.1_w/usr/include/elementary-1/elm_widget_radio.h"
  #include "/home/kayes/abi_tool/abi-tool-2.7w/2.3.1_w/usr/include/elementary-1/elm_widget_route.h"
  #include "/home/kayes/abi_tool/abi-tool-2.7w/2.3.1_w/usr/include/elementary-1/elm_widget_scroller.h"
  #include "/home/kayes/abi_tool/abi-tool-2.7w/2.3.1_w/usr/include/elementary-1/elm_widget_segment_control.h"
  #include "/home/kayes/abi_tool/abi-tool-2.7w/2.3.1_w/usr/include/elementary-1/elm_widget_separator.h"
  #include "/home/kayes/abi_tool/abi-tool-2.7w/2.3.1_w/usr/include/elementary-1/elm_widget_slider.h"
  #include "/home/kayes/abi_tool/abi-tool-2.7w/2.3.1_w/usr/include/elementary-1/elm_widget_slideshow.h"
  #include "/home/kayes/abi_tool/abi-tool-2.7w/2.3.1_w/usr/include/elementary-1/elm_widget_spinner.h"
  #include "/home/kayes/abi_tool/abi-tool-2.7w/2.3.1_w/usr/include/elementary-1/elm_widget_table.h"
  #include "/home/kayes/abi_tool/abi-tool-2.7w/2.3.1_w/usr/include/elementary-1/elm_widget_thumb.h"
  #include "/home/kayes/abi_tool/abi-tool-2.7w/2.3.1_w/usr/include/elementary-1/elm_widget_toolbar.h"
  #include "/home/kayes/abi_tool/abi-tool-2.7w/2.3.1_w/usr/include/elementary-1/elm_widget_video.h"
  #include "/home/kayes/abi_tool/abi-tool-2.7w/2.3.1_w/usr/include/elementary-1/elm_widget_web.h"
  #include "/home/kayes/abi_tool/abi-tool-2.7w/2.3.1_w/usr/include/elementary-1/elm_win.h"

The GCC parameters:
  gcc -fdump-translation-unit -fkeep-inline-functions -c -x c++-header -fpermissive -w "/tmp/QkFY2WMze7/dump1.h"  -I/home/kayes/abi_tool/abi-tool-2.7w/2.3.1_w/usr/include/elementary-1 -I/home/kayes/tizen-sdk/platforms/tizen-3.0/mobile/rootstraps/mobile-3.0-device.core/usr/include -I/home/kayes/tizen-sdk/platforms/tizen-3.0/mobile/rootstraps/mobile-3.0-device.core/usr/include/evas-1 -I/home/kayes/tizen-sdk/platforms/tizen-3.0/mobile/rootstraps/mobile-3.0-device.core/usr/include/ethumb-client-1 -I/home/kayes/tizen-sdk/platforms/tizen-3.0/mobile/rootstraps/mobile-3.0-device.core/usr/include/ethumb-1 -I/home/kayes/tizen-sdk/platforms/tizen-3.0/mobile/rootstraps/mobile-3.0-device.core/usr/include/eo-1 -I/home/kayes/tizen-sdk/platforms/tizen-3.0/mobile/rootstraps/mobile-3.0-device.core/usr/include/emile-1 -I/home/kayes/tizen-sdk/platforms/tizen-3.0/mobile/rootstraps/mobile-3.0-device.core/usr/include/elementary-1 -I/home/kayes/tizen-sdk/platforms/tizen-3.0/mobile/rootstraps/mobile-3.0-device.core/usr/include/eio-1 -I/home/kayes/tizen-sdk/platforms/tizen-3.0/mobile/rootstraps/mobile-3.0-device.core/usr/include/eina-1 -I/home/kayes/tizen-sdk/platforms/tizen-3.0/mobile/rootstraps/mobile-3.0-device.core/usr/include/efreet-1 -I/home/kayes/tizen-sdk/platforms/tizen-3.0/mobile/rootstraps/mobile-3.0-device.core/usr/include/efl-1 -I/home/kayes/tizen-sdk/platforms/tizen-3.0/mobile/rootstraps/mobile-3.0-device.core/usr/include/eet-1 -I/home/kayes/tizen-sdk/platforms/tizen-3.0/mobile/rootstraps/mobile-3.0-device.core/usr/include/edje-1 -I/home/kayes/tizen-sdk/platforms/tizen-3.0/mobile/rootstraps/mobile-3.0-device.core/usr/include/ecore-imf-1 -I/home/kayes/tizen-sdk/platforms/tizen-3.0/mobile/rootstraps/mobile-3.0-device.core/usr/include/ecore-file-1 -I/home/kayes/tizen-sdk/platforms/tizen-3.0/mobile/rootstraps/mobile-3.0-device.core/usr/include/ecore-evas-1 -I/home/kayes/tizen-sdk/platforms/tizen-3.0/mobile/rootstraps/mobile-3.0-device.core/usr/include/ecore-con-1 -I/home/kayes/tizen-sdk/platforms/tizen-3.0/mobile/rootstraps/mobile-3.0-device.core/usr/include/ecore-1 -I/home/kayes/tizen-sdk/platforms/tizen-3.0/mobile/rootstraps/mobile-3.0-device.core/usr/include/e_dbus-1 -I/home/kayes/tizen-sdk/platforms/tizen-3.0/mobile/rootstraps/mobile-3.0-device.core/usr/include/dbus-1.0 -I/home/kayes/tizen-sdk/platforms/tizen-3.0/mobile/rootstraps/mobile-3.0-device.core/usr/include/chromium-ewk -I/home/kayes/tizen-sdk/platforms/tizen-3.0/mobile/rootstraps/mobile-3.0-device.core/usr/lib/dbus-1.0/include -I/home/kayes/tizen-sdk/platforms/tizen-3.0/mobile/rootstraps/mobile-3.0-device.core/usr/include/eina-1/eina

In file included from /tmp/QkFY2WMze7/dump1.h:137:0:
/home/kayes/abi_tool/abi-tool-2.7w/2.3.1_w/usr/include/elementary-1/elm_widget_panel.h:6:21: fatal error: els_box.h: No such file or directory
 #include "els_box.h"
                     ^
compilation terminated.

