*&ERROR&* File not found :compat_reports/#summary (No such file or directory)
*&ERROR&* File not found :compat_reports/# (No such file or directory)
*&ERROR&* File not found :compat_reports/# (No such file or directory)
*&ERROR&* File not found :compat_reports/# (No such file or directory)
*&ERROR&* File not found :compat_reports/# (No such file or directory)
*&ERROR&* File not found :compat_reports/# (No such file or directory)
*&ERROR&* File not found :compat_reports/# (No such file or directory)
*&ERROR&* File not found :compat_reports/# (No such file or directory)
*&ERROR&* File not found :compat_reports/# (No such file or directory)
*&ERROR&* File not found :compat_reports/# (No such file or directory)
*&ERROR&* File not found :compat_reports/# (No such file or directory)
***********ecore***********compat_reports/libecore/2.3.1_to_3.0/compat_report.html
Page in incompatible!!!!
<a name='Binary_Removed'></a><a name='Binary_Withdrawn'></a> <a name='Type_Binary_Problems_Medium'></a>
<a name='Type_Binary_Problems_Medium'></a> <a name='Interface_Binary_Problems_Medium'></a>
<a name='Interface_Binary_Problems_Medium'></a> <a name='Type_Binary_Problems_Low'></a>
<a name='Type_Binary_Problems_Low'></a> <a name='Interface_Binary_Problems_Low'></a>
<a name='Interface_Binary_Problems_Low'></a> <a name='Constant_Binary_Problems_Low'></a>
<a name='Constant_Binary_Problems_Low'></a> to the top</a>
***********eina***********compat_reports/libeina/2.3.1_to_3.0/compat_report.html
Page in incompatible!!!!
<a name='Type_Binary_Problems_Low'></a> <a name='Interface_Binary_Problems_Low'></a>
<a name='Interface_Binary_Problems_Low'></a> to the top</a>
*&ERROR&* File not found :compat_reports/# (No such file or directory)
*&ERROR&* File not found :compat_reports/# (No such file or directory)
*&ERROR&* File not found :compat_reports/# (No such file or directory)
*&ERROR&* File not found :compat_reports/# (No such file or directory)
*&ERROR&* File not found :compat_reports/# (No such file or directory)
***********libwidget_viewer_evas***********compat_reports/libwidget_viewer_evas/2.3.1_to_3.0/compat_report.html
Page in incompatible!!!!
<a name='Binary_Removed'></a><a name='Binary_Withdrawn'></a> <a name='Constant_Binary_Problems_Low'></a>
<a name='Constant_Binary_Problems_Low'></a> to the top</a>
*&ERROR&* File not found :compat_reports/# (No such file or directory)
*&ERROR&* File not found :compat_reports/# (No such file or directory)
***********capi-media-codec***********compat_reports/libcapi-media-codec/2.3.1_to_3.0/compat_report.html
Page in incompatible!!!!
<a name='Interface_Binary_Problems_Low'></a> to the top</a>
*&ERROR&* File not found :compat_reports/# (No such file or directory)
***********capi-media-player***********compat_reports/libcapi-media-player/2.3.1_to_3.0/compat_report.html
Page in compatible!!!!
*&ERROR&* File not found :compat_reports/# (No such file or directory)
*&ERROR&* File not found :compat_reports/# (No such file or directory)
***********notification***********compat_reports/libnotification/2.3.1_to_3.0/compat_report.html
Page in incompatible!!!!
<a name='Binary_Removed'></a><a name='Binary_Withdrawn'></a> <a name='Type_Binary_Problems_Low'></a>
<a name='Type_Binary_Problems_Low'></a> <a name='Constant_Binary_Problems_Low'></a>
<a name='Constant_Binary_Problems_Low'></a> to the top</a>
***********capi-appfw-application***********compat_reports/libcapi-appfw-application/2.3.1_to_3.0/compat_report.html
Page in incompatible!!!!
<a name='Binary_Removed'></a><a name='Binary_Withdrawn'></a> <a name='Constant_Binary_Problems_Low'></a>
<a name='Constant_Binary_Problems_Low'></a> to the top</a>
*&ERROR&* File not found :compat_reports/# (No such file or directory)
***********libwidget_service***********compat_reports/libwidget_service/2.3.1_to_3.0/compat_report.html
Page in incompatible!!!!
<a name='Binary_Removed'></a><a name='Binary_Withdrawn'></a> <a name='Constant_Binary_Problems_Low'></a>
<a name='Constant_Binary_Problems_Low'></a> to the top</a>
***********libwidget_viewer_evas***********compat_reports/libwidget_viewer_evas/2.3.1_to_3.0/compat_report.html
Page in incompatible!!!!
<a name='Binary_Removed'></a><a name='Binary_Withdrawn'></a> <a name='Constant_Binary_Problems_Low'></a>
<a name='Constant_Binary_Problems_Low'></a> to the top</a>
*&ERROR&* File not found :compat_reports/# (No such file or directory)
*&ERROR&* File not found :compat_reports/# (No such file or directory)
***********notification***********compat_reports/libnotification/2.3.1_to_3.0/compat_report.html
Page in incompatible!!!!
<a name='Binary_Removed'></a><a name='Binary_Withdrawn'></a> <a name='Type_Binary_Problems_Low'></a>
<a name='Type_Binary_Problems_Low'></a> <a name='Constant_Binary_Problems_Low'></a>
<a name='Constant_Binary_Problems_Low'></a> to the top</a>
***********capi-appfw-application***********compat_reports/libcapi-appfw-application/2.3.1_to_3.0/compat_report.html
Page in incompatible!!!!
<a name='Binary_Removed'></a><a name='Binary_Withdrawn'></a> <a name='Constant_Binary_Problems_Low'></a>
<a name='Constant_Binary_Problems_Low'></a> to the top</a>
***********msg-service***********compat_reports/libmsg-service/2.3.1_to_3.0/compat_report.html
Page in incompatible!!!!
<a name='Interface_Binary_Problems_Low'></a> to the top</a>
*&ERROR&* File not found :compat_reports/# (No such file or directory)
*&ERROR&* File not found :compat_reports/# (No such file or directory)
*&ERROR&* File not found :compat_reports/# (No such file or directory)
*&ERROR&* File not found :compat_reports/# (No such file or directory)
*&ERROR&* File not found :compat_reports/# (No such file or directory)
*&ERROR&* File not found :compat_reports/# (No such file or directory)
*&ERROR&* File not found :compat_reports/# (No such file or directory)
*&ERROR&* File not found :compat_reports/# (No such file or directory)
*&ERROR&* File not found :compat_reports/# (No such file or directory)
*&ERROR&* File not found :compat_reports/# (No such file or directory)
***********ecore***********compat_reports/libecore/2.3.1_to_3.0/compat_report.html
Page in incompatible!!!!
<a name='Binary_Removed'></a><a name='Binary_Withdrawn'></a> <a name='Type_Binary_Problems_Medium'></a>
<a name='Type_Binary_Problems_Medium'></a> <a name='Interface_Binary_Problems_Medium'></a>
<a name='Interface_Binary_Problems_Medium'></a> <a name='Type_Binary_Problems_Low'></a>
<a name='Type_Binary_Problems_Low'></a> <a name='Interface_Binary_Problems_Low'></a>
<a name='Interface_Binary_Problems_Low'></a> <a name='Constant_Binary_Problems_Low'></a>
<a name='Constant_Binary_Problems_Low'></a> to the top</a>
***********eina***********compat_reports/libeina/2.3.1_to_3.0/compat_report.html
Page in incompatible!!!!
<a name='Type_Binary_Problems_Low'></a> <a name='Interface_Binary_Problems_Low'></a>
<a name='Interface_Binary_Problems_Low'></a> to the top</a>
*&ERROR&* File not found :compat_reports/# (No such file or directory)
*&ERROR&* File not found :compat_reports/# (No such file or directory)
*&ERROR&* File not found :compat_reports/# (No such file or directory)
*&ERROR&* File not found :compat_reports/# (No such file or directory)
*&ERROR&* File not found :compat_reports/# (No such file or directory)
***********libwidget_viewer_evas***********compat_reports/libwidget_viewer_evas/2.3.1_to_3.0/compat_report.html
Page in incompatible!!!!
<a name='Binary_Removed'></a><a name='Binary_Withdrawn'></a> <a name='Constant_Binary_Problems_Low'></a>
<a name='Constant_Binary_Problems_Low'></a> to the top</a>
*&ERROR&* File not found :compat_reports/# (No such file or directory)
*&ERROR&* File not found :compat_reports/# (No such file or directory)
***********capi-media-codec***********compat_reports/libcapi-media-codec/2.3.1_to_3.0/compat_report.html
Page in incompatible!!!!
<a name='Interface_Binary_Problems_Low'></a> to the top</a>
*&ERROR&* File not found :compat_reports/# (No such file or directory)
***********capi-media-player***********compat_reports/libcapi-media-player/2.3.1_to_3.0/compat_report.html
Page in compatible!!!!
*&ERROR&* File not found :compat_reports/# (No such file or directory)
*&ERROR&* File not found :compat_reports/# (No such file or directory)
***********notification***********compat_reports/libnotification/2.3.1_to_3.0/compat_report.html
Page in incompatible!!!!
<a name='Binary_Removed'></a><a name='Binary_Withdrawn'></a> <a name='Type_Binary_Problems_Low'></a>
<a name='Type_Binary_Problems_Low'></a> <a name='Constant_Binary_Problems_Low'></a>
<a name='Constant_Binary_Problems_Low'></a> to the top</a>
***********capi-appfw-application***********compat_reports/libcapi-appfw-application/2.3.1_to_3.0/compat_report.html
Page in incompatible!!!!
<a name='Binary_Removed'></a><a name='Binary_Withdrawn'></a> <a name='Constant_Binary_Problems_Low'></a>
<a name='Constant_Binary_Problems_Low'></a> to the top</a>
*&ERROR&* File not found :compat_reports/# (No such file or directory)
***********libwidget_service***********compat_reports/libwidget_service/2.3.1_to_3.0/compat_report.html
Page in incompatible!!!!
<a name='Binary_Removed'></a><a name='Binary_Withdrawn'></a> <a name='Constant_Binary_Problems_Low'></a>
<a name='Constant_Binary_Problems_Low'></a> to the top</a>
***********libwidget_viewer_evas***********compat_reports/libwidget_viewer_evas/2.3.1_to_3.0/compat_report.html
Page in incompatible!!!!
<a name='Binary_Removed'></a><a name='Binary_Withdrawn'></a> <a name='Constant_Binary_Problems_Low'></a>
<a name='Constant_Binary_Problems_Low'></a> to the top</a>
*&ERROR&* File not found :compat_reports/# (No such file or directory)
*&ERROR&* File not found :compat_reports/# (No such file or directory)
***********notification***********compat_reports/libnotification/2.3.1_to_3.0/compat_report.html
Page in incompatible!!!!
<a name='Binary_Removed'></a><a name='Binary_Withdrawn'></a> <a name='Type_Binary_Problems_Low'></a>
<a name='Type_Binary_Problems_Low'></a> <a name='Constant_Binary_Problems_Low'></a>
<a name='Constant_Binary_Problems_Low'></a> to the top</a>
***********capi-appfw-application***********compat_reports/libcapi-appfw-application/2.3.1_to_3.0/compat_report.html
Page in incompatible!!!!
<a name='Binary_Removed'></a><a name='Binary_Withdrawn'></a> <a name='Constant_Binary_Problems_Low'></a>
<a name='Constant_Binary_Problems_Low'></a> to the top</a>
***********msg-service***********compat_reports/libmsg-service/2.3.1_to_3.0/compat_report.html
Page in incompatible!!!!
<a name='Interface_Binary_Problems_Low'></a> to the top</a>
*&ERROR&* File not found :compat_reports/# (No such file or directory)
*&ERROR&* File not found :compat_reports/# (No such file or directory)
*&ERROR&* File not found :compat_reports/# (No such file or directory)
*&ERROR&* File not found :compat_reports/# (No such file or directory)
*&ERROR&* File not found :compat_reports/# (No such file or directory)
*&ERROR&* File not found :compat_reports/# (No such file or directory)
*&ERROR&* File not found :compat_reports/# (No such file or directory)
*&ERROR&* File not found :compat_reports/# (No such file or directory)
*&ERROR&* File not found :compat_reports/# (No such file or directory)
*&ERROR&* File not found :compat_reports/# (No such file or directory)
***********ecore***********compat_reports/libecore/2.3.1_to_3.0/compat_report.html
Page in incompatible!!!!
<a name='Binary_Removed'></a><a name='Binary_Withdrawn'></a> <a name='Type_Binary_Problems_Medium'></a>
<a name='Type_Binary_Problems_Medium'></a> <a name='Interface_Binary_Problems_Medium'></a>
<a name='Interface_Binary_Problems_Medium'></a> <a name='Type_Binary_Problems_Low'></a>
<a name='Type_Binary_Problems_Low'></a> <a name='Interface_Binary_Problems_Low'></a>
<a name='Interface_Binary_Problems_Low'></a> <a name='Constant_Binary_Problems_Low'></a>
<a name='Constant_Binary_Problems_Low'></a> to the top</a>
***********eina***********compat_reports/libeina/2.3.1_to_3.0/compat_report.html
Page in incompatible!!!!
<a name='Type_Binary_Problems_Low'></a> <a name='Interface_Binary_Problems_Low'></a>
<a name='Interface_Binary_Problems_Low'></a> to the top</a>
*&ERROR&* File not found :compat_reports/# (No such file or directory)
*&ERROR&* File not found :compat_reports/# (No such file or directory)
*&ERROR&* File not found :compat_reports/# (No such file or directory)
*&ERROR&* File not found :compat_reports/# (No such file or directory)
*&ERROR&* File not found :compat_reports/# (No such file or directory)
***********libwidget_viewer_evas***********compat_reports/libwidget_viewer_evas/2.3.1_to_3.0/compat_report.html
Page in incompatible!!!!
<a name='Binary_Removed'></a><a name='Binary_Withdrawn'></a> <a name='Constant_Binary_Problems_Low'></a>
<a name='Constant_Binary_Problems_Low'></a> to the top</a>
*&ERROR&* File not found :compat_reports/# (No such file or directory)
*&ERROR&* File not found :compat_reports/# (No such file or directory)
***********capi-media-codec***********compat_reports/libcapi-media-codec/2.3.1_to_3.0/compat_report.html
Page in incompatible!!!!
<a name='Interface_Binary_Problems_Low'></a> to the top</a>
*&ERROR&* File not found :compat_reports/# (No such file or directory)
***********capi-media-player***********compat_reports/libcapi-media-player/2.3.1_to_3.0/compat_report.html
Page in compatible!!!!
*&ERROR&* File not found :compat_reports/# (No such file or directory)
*&ERROR&* File not found :compat_reports/# (No such file or directory)
***********notification***********compat_reports/libnotification/2.3.1_to_3.0/compat_report.html
Page in incompatible!!!!
<a name='Binary_Removed'></a><a name='Binary_Withdrawn'></a> <a name='Type_Binary_Problems_Low'></a>
<a name='Type_Binary_Problems_Low'></a> <a name='Constant_Binary_Problems_Low'></a>
<a name='Constant_Binary_Problems_Low'></a> to the top</a>
***********capi-appfw-application***********compat_reports/libcapi-appfw-application/2.3.1_to_3.0/compat_report.html
Page in incompatible!!!!
<a name='Binary_Removed'></a><a name='Binary_Withdrawn'></a> <a name='Constant_Binary_Problems_Low'></a>
<a name='Constant_Binary_Problems_Low'></a> to the top</a>
*&ERROR&* File not found :compat_reports/# (No such file or directory)
***********libwidget_service***********compat_reports/libwidget_service/2.3.1_to_3.0/compat_report.html
Page in incompatible!!!!
<a name='Binary_Removed'></a><a name='Binary_Withdrawn'></a> <a name='Constant_Binary_Problems_Low'></a>
<a name='Constant_Binary_Problems_Low'></a> to the top</a>
***********libwidget_viewer_evas***********compat_reports/libwidget_viewer_evas/2.3.1_to_3.0/compat_report.html
Page in incompatible!!!!
<a name='Binary_Removed'></a><a name='Binary_Withdrawn'></a> <a name='Constant_Binary_Problems_Low'></a>
<a name='Constant_Binary_Problems_Low'></a> to the top</a>
*&ERROR&* File not found :compat_reports/# (No such file or directory)
*&ERROR&* File not found :compat_reports/# (No such file or directory)
***********notification***********compat_reports/libnotification/2.3.1_to_3.0/compat_report.html
Page in incompatible!!!!
<a name='Binary_Removed'></a><a name='Binary_Withdrawn'></a> <a name='Type_Binary_Problems_Low'></a>
<a name='Type_Binary_Problems_Low'></a> <a name='Constant_Binary_Problems_Low'></a>
<a name='Constant_Binary_Problems_Low'></a> to the top</a>
***********capi-appfw-application***********compat_reports/libcapi-appfw-application/2.3.1_to_3.0/compat_report.html
Page in incompatible!!!!
<a name='Binary_Removed'></a><a name='Binary_Withdrawn'></a> <a name='Constant_Binary_Problems_Low'></a>
<a name='Constant_Binary_Problems_Low'></a> to the top</a>
***********msg-service***********compat_reports/libmsg-service/2.3.1_to_3.0/compat_report.html
Page in incompatible!!!!
<a name='Interface_Binary_Problems_Low'></a> to the top</a>
*&ERROR&* File not found :compat_reports/# (No such file or directory)
*&ERROR&* File not found :compat_reports/# (No such file or directory)
*&ERROR&* File not found :compat_reports/# (No such file or directory)
*&ERROR&* File not found :compat_reports/# (No such file or directory)
*&ERROR&* File not found :compat_reports/# (No such file or directory)
*&ERROR&* File not found :compat_reports/# (No such file or directory)
*&ERROR&* File not found :compat_reports/# (No such file or directory)
*&ERROR&* File not found :compat_reports/# (No such file or directory)
*&ERROR&* File not found :compat_reports/# (No such file or directory)
*&ERROR&* File not found :compat_reports/# (No such file or directory)
***********ecore***********compat_reports/libecore/2.3.1_to_3.0/compat_report.html
Page in incompatible!!!!
<a name='Binary_Removed'></a><a name='Binary_Withdrawn'></a> <a name='Type_Binary_Problems_Medium'></a>
<a name='Type_Binary_Problems_Medium'></a> <a name='Interface_Binary_Problems_Medium'></a>
<a name='Interface_Binary_Problems_Medium'></a> <a name='Type_Binary_Problems_Low'></a>
<a name='Type_Binary_Problems_Low'></a> <a name='Interface_Binary_Problems_Low'></a>
<a name='Interface_Binary_Problems_Low'></a> <a name='Constant_Binary_Problems_Low'></a>
<a name='Constant_Binary_Problems_Low'></a> to the top</a>
***********eina***********compat_reports/libeina/2.3.1_to_3.0/compat_report.html
Page in incompatible!!!!
<a name='Type_Binary_Problems_Low'></a> <a name='Interface_Binary_Problems_Low'></a>
<a name='Interface_Binary_Problems_Low'></a> to the top</a>
*&ERROR&* File not found :compat_reports/# (No such file or directory)
*&ERROR&* File not found :compat_reports/# (No such file or directory)
*&ERROR&* File not found :compat_reports/# (No such file or directory)
*&ERROR&* File not found :compat_reports/# (No such file or directory)
*&ERROR&* File not found :compat_reports/# (No such file or directory)
***********libwidget_viewer_evas***********compat_reports/libwidget_viewer_evas/2.3.1_to_3.0/compat_report.html
Page in incompatible!!!!
<a name='Binary_Removed'></a><a name='Binary_Withdrawn'></a> <a name='Constant_Binary_Problems_Low'></a>
<a name='Constant_Binary_Problems_Low'></a> to the top</a>
*&ERROR&* File not found :compat_reports/# (No such file or directory)
*&ERROR&* File not found :compat_reports/# (No such file or directory)
***********capi-media-codec***********compat_reports/libcapi-media-codec/2.3.1_to_3.0/compat_report.html
Page in incompatible!!!!
<a name='Interface_Binary_Problems_Low'></a> to the top</a>
*&ERROR&* File not found :compat_reports/# (No such file or directory)
***********capi-media-player***********compat_reports/libcapi-media-player/2.3.1_to_3.0/compat_report.html
Page in compatible!!!!
*&ERROR&* File not found :compat_reports/# (No such file or directory)
*&ERROR&* File not found :compat_reports/# (No such file or directory)
***********notification***********compat_reports/libnotification/2.3.1_to_3.0/compat_report.html
Page in incompatible!!!!
<a name='Binary_Removed'></a><a name='Binary_Withdrawn'></a> <a name='Type_Binary_Problems_Low'></a>
<a name='Type_Binary_Problems_Low'></a> <a name='Constant_Binary_Problems_Low'></a>
<a name='Constant_Binary_Problems_Low'></a> to the top</a>
***********capi-appfw-application***********compat_reports/libcapi-appfw-application/2.3.1_to_3.0/compat_report.html
Page in incompatible!!!!
<a name='Binary_Removed'></a><a name='Binary_Withdrawn'></a> <a name='Constant_Binary_Problems_Low'></a>
<a name='Constant_Binary_Problems_Low'></a> to the top</a>
*&ERROR&* File not found :compat_reports/# (No such file or directory)
***********libwidget_service***********compat_reports/libwidget_service/2.3.1_to_3.0/compat_report.html
Page in incompatible!!!!
<a name='Binary_Removed'></a><a name='Binary_Withdrawn'></a> <a name='Constant_Binary_Problems_Low'></a>
<a name='Constant_Binary_Problems_Low'></a> to the top</a>
***********libwidget_viewer_evas***********compat_reports/libwidget_viewer_evas/2.3.1_to_3.0/compat_report.html
Page in incompatible!!!!
<a name='Binary_Removed'></a><a name='Binary_Withdrawn'></a> <a name='Constant_Binary_Problems_Low'></a>
<a name='Constant_Binary_Problems_Low'></a> to the top</a>
*&ERROR&* File not found :compat_reports/# (No such file or directory)
*&ERROR&* File not found :compat_reports/# (No such file or directory)
***********notification***********compat_reports/libnotification/2.3.1_to_3.0/compat_report.html
Page in incompatible!!!!
<a name='Binary_Removed'></a><a name='Binary_Withdrawn'></a> <a name='Type_Binary_Problems_Low'></a>
<a name='Type_Binary_Problems_Low'></a> <a name='Constant_Binary_Problems_Low'></a>
<a name='Constant_Binary_Problems_Low'></a> to the top</a>
***********capi-appfw-application***********compat_reports/libcapi-appfw-application/2.3.1_to_3.0/compat_report.html
Page in incompatible!!!!
<a name='Binary_Removed'></a><a name='Binary_Withdrawn'></a> <a name='Constant_Binary_Problems_Low'></a>
<a name='Constant_Binary_Problems_Low'></a> to the top</a>
***********msg-service***********compat_reports/libmsg-service/2.3.1_to_3.0/compat_report.html
Page in incompatible!!!!
<a name='Interface_Binary_Problems_Low'></a> to the top</a>
*&ERROR&* File not found :compat_reports/# (No such file or directory)
*&ERROR&* File not found :compat_reports/# (No such file or directory)
*&ERROR&* File not found :compat_reports/# (No such file or directory)
*&ERROR&* File not found :compat_reports/# (No such file or directory)
*&ERROR&* File not found :compat_reports/# (No such file or directory)
*&ERROR&* File not found :compat_reports/# (No such file or directory)
*&ERROR&* File not found :compat_reports/# (No such file or directory)
*&ERROR&* File not found :compat_reports/# (No such file or directory)
*&ERROR&* File not found :compat_reports/# (No such file or directory)
*&ERROR&* File not found :compat_reports/# (No such file or directory)
***********ecore***********compat_reports/libecore/2.3.1_to_3.0/compat_report.html
Page in incompatible!!!!
<a name='Binary_Removed'></a><a name='Binary_Withdrawn'></a> <a name='Type_Binary_Problems_Medium'></a>
<a name='Type_Binary_Problems_Medium'></a> <a name='Interface_Binary_Problems_Medium'></a>
<a name='Interface_Binary_Problems_Medium'></a> <a name='Type_Binary_Problems_Low'></a>
<a name='Type_Binary_Problems_Low'></a> <a name='Interface_Binary_Problems_Low'></a>
<a name='Interface_Binary_Problems_Low'></a> <a name='Constant_Binary_Problems_Low'></a>
<a name='Constant_Binary_Problems_Low'></a> to the top</a>
***********eina***********compat_reports/libeina/2.3.1_to_3.0/compat_report.html
Page in incompatible!!!!
<a name='Type_Binary_Problems_Low'></a> <a name='Interface_Binary_Problems_Low'></a>
<a name='Interface_Binary_Problems_Low'></a> to the top</a>
*&ERROR&* File not found :compat_reports/# (No such file or directory)
*&ERROR&* File not found :compat_reports/# (No such file or directory)
*&ERROR&* File not found :compat_reports/# (No such file or directory)
*&ERROR&* File not found :compat_reports/# (No such file or directory)
*&ERROR&* File not found :compat_reports/# (No such file or directory)
***********libwidget_viewer_evas***********compat_reports/libwidget_viewer_evas/2.3.1_to_3.0/compat_report.html
Page in incompatible!!!!
<a name='Binary_Removed'></a><a name='Binary_Withdrawn'></a> <a name='Constant_Binary_Problems_Low'></a>
<a name='Constant_Binary_Problems_Low'></a> to the top</a>
*&ERROR&* File not found :compat_reports/# (No such file or directory)
*&ERROR&* File not found :compat_reports/# (No such file or directory)
***********capi-media-codec***********compat_reports/libcapi-media-codec/2.3.1_to_3.0/compat_report.html
Page in incompatible!!!!
<a name='Interface_Binary_Problems_Low'></a> to the top</a>
*&ERROR&* File not found :compat_reports/# (No such file or directory)
***********capi-media-player***********compat_reports/libcapi-media-player/2.3.1_to_3.0/compat_report.html
Page in compatible!!!!
*&ERROR&* File not found :compat_reports/# (No such file or directory)
*&ERROR&* File not found :compat_reports/# (No such file or directory)
***********notification***********compat_reports/libnotification/2.3.1_to_3.0/compat_report.html
Page in incompatible!!!!
<a name='Binary_Removed'></a><a name='Binary_Withdrawn'></a> <a name='Type_Binary_Problems_Low'></a>
<a name='Type_Binary_Problems_Low'></a> <a name='Constant_Binary_Problems_Low'></a>
<a name='Constant_Binary_Problems_Low'></a> to the top</a>
***********capi-appfw-application***********compat_reports/libcapi-appfw-application/2.3.1_to_3.0/compat_report.html
Page in incompatible!!!!
<a name='Binary_Removed'></a><a name='Binary_Withdrawn'></a> <a name='Constant_Binary_Problems_Low'></a>
<a name='Constant_Binary_Problems_Low'></a> to the top</a>
*&ERROR&* File not found :compat_reports/# (No such file or directory)
***********libwidget_service***********compat_reports/libwidget_service/2.3.1_to_3.0/compat_report.html
Page in incompatible!!!!
<a name='Binary_Removed'></a><a name='Binary_Withdrawn'></a> <a name='Constant_Binary_Problems_Low'></a>
<a name='Constant_Binary_Problems_Low'></a> to the top</a>
***********libwidget_viewer_evas***********compat_reports/libwidget_viewer_evas/2.3.1_to_3.0/compat_report.html
Page in incompatible!!!!
<a name='Binary_Removed'></a><a name='Binary_Withdrawn'></a> <a name='Constant_Binary_Problems_Low'></a>
<a name='Constant_Binary_Problems_Low'></a> to the top</a>
*&ERROR&* File not found :compat_reports/# (No such file or directory)
*&ERROR&* File not found :compat_reports/# (No such file or directory)
***********notification***********compat_reports/libnotification/2.3.1_to_3.0/compat_report.html
Page in incompatible!!!!
<a name='Binary_Removed'></a><a name='Binary_Withdrawn'></a> <a name='Type_Binary_Problems_Low'></a>
<a name='Type_Binary_Problems_Low'></a> <a name='Constant_Binary_Problems_Low'></a>
<a name='Constant_Binary_Problems_Low'></a> to the top</a>
***********capi-appfw-application***********compat_reports/libcapi-appfw-application/2.3.1_to_3.0/compat_report.html
Page in incompatible!!!!
<a name='Binary_Removed'></a><a name='Binary_Withdrawn'></a> <a name='Constant_Binary_Problems_Low'></a>
<a name='Constant_Binary_Problems_Low'></a> to the top</a>
*&ERROR&* File not found :compat_reports/# (No such file or directory)
***********msg-service***********compat_reports/libmsg-service/2.3.1_to_3.0/compat_report.html
Page in incompatible!!!!
<a name='Interface_Binary_Problems_Low'></a> to the top</a>
